[2022-09-17 06:05:03,729] {taskinstance.py:1032} INFO - Dependencies all met for <TaskInstance: yellow_taxi_data_v2.local_to_gcs_task scheduled__2019-08-02T06:00:00+00:00 [queued]>
[2022-09-17 06:05:03,740] {taskinstance.py:1032} INFO - Dependencies all met for <TaskInstance: yellow_taxi_data_v2.local_to_gcs_task scheduled__2019-08-02T06:00:00+00:00 [queued]>
[2022-09-17 06:05:03,740] {taskinstance.py:1238} INFO - 
--------------------------------------------------------------------------------
[2022-09-17 06:05:03,740] {taskinstance.py:1239} INFO - Starting attempt 1 of 2
[2022-09-17 06:05:03,740] {taskinstance.py:1240} INFO - 
--------------------------------------------------------------------------------
[2022-09-17 06:05:03,754] {taskinstance.py:1259} INFO - Executing <Task(PythonOperator): local_to_gcs_task> on 2019-08-02 06:00:00+00:00
[2022-09-17 06:05:03,761] {standard_task_runner.py:52} INFO - Started process 5033 to run task
[2022-09-17 06:05:03,767] {standard_task_runner.py:76} INFO - Running: ['***', 'tasks', 'run', 'yellow_taxi_data_v2', 'local_to_gcs_task', 'scheduled__2019-08-02T06:00:00+00:00', '--job-id', '26', '--raw', '--subdir', 'DAGS_FOLDER/data_ingestion_gcs_dag.py', '--cfg-path', '/tmp/tmp2_hazl5l', '--error-file', '/tmp/tmp_437mus0']
[2022-09-17 06:05:03,768] {standard_task_runner.py:77} INFO - Job 26: Subtask local_to_gcs_task
[2022-09-17 06:05:03,839] {logging_mixin.py:109} INFO - Running <TaskInstance: yellow_taxi_data_v2.local_to_gcs_task scheduled__2019-08-02T06:00:00+00:00 [running]> on host 10d063af5ba7
[2022-09-17 06:05:03,885] {warnings.py:110} WARNING - /home/***/.local/lib/python3.7/site-packages/***/utils/context.py:152: AirflowContextDeprecationWarning: Accessing 'execution_date' from the template is deprecated and will be removed in a future version. Please use 'data_interval_start' or 'logical_date' instead.
  warnings.warn(_create_deprecation_warning(key, self._deprecation_replacements[key]))

[2022-09-17 06:05:03,908] {taskinstance.py:1426} INFO - Exporting the following env vars:
AIRFLOW_CTX_DAG_OWNER=***
AIRFLOW_CTX_DAG_ID=yellow_taxi_data_v2
AIRFLOW_CTX_TASK_ID=local_to_gcs_task
AIRFLOW_CTX_EXECUTION_DATE=2019-08-02T06:00:00+00:00
AIRFLOW_CTX_DAG_RUN_ID=scheduled__2019-08-02T06:00:00+00:00
[2022-09-17 06:05:06,914] {python.py:175} INFO - Done. Returned value was: None
[2022-09-17 06:05:06,934] {taskinstance.py:1277} INFO - Marking task as SUCCESS. dag_id=yellow_taxi_data_v2, task_id=local_to_gcs_task, execution_date=20190802T060000, start_date=20220917T060503, end_date=20220917T060506
[2022-09-17 06:05:06,996] {local_task_job.py:154} INFO - Task exited with return code 0
[2022-09-17 06:05:07,059] {local_task_job.py:264} INFO - 1 downstream tasks scheduled from follow-on schedule check
[2022-09-20 15:32:54,205] {taskinstance.py:1032} INFO - Dependencies all met for <TaskInstance: yellow_taxi_data_v2.local_to_gcs_task scheduled__2019-08-02T06:00:00+00:00 [queued]>
[2022-09-20 15:32:54,224] {taskinstance.py:1032} INFO - Dependencies all met for <TaskInstance: yellow_taxi_data_v2.local_to_gcs_task scheduled__2019-08-02T06:00:00+00:00 [queued]>
[2022-09-20 15:32:54,224] {taskinstance.py:1238} INFO - 
--------------------------------------------------------------------------------
[2022-09-20 15:32:54,224] {taskinstance.py:1239} INFO - Starting attempt 1 of 2
[2022-09-20 15:32:54,224] {taskinstance.py:1240} INFO - 
--------------------------------------------------------------------------------
[2022-09-20 15:32:54,238] {taskinstance.py:1259} INFO - Executing <Task(PythonOperator): local_to_gcs_task> on 2019-08-02 06:00:00+00:00
[2022-09-20 15:32:54,245] {standard_task_runner.py:52} INFO - Started process 574 to run task
[2022-09-20 15:32:54,251] {standard_task_runner.py:76} INFO - Running: ['***', 'tasks', 'run', 'yellow_taxi_data_v2', 'local_to_gcs_task', 'scheduled__2019-08-02T06:00:00+00:00', '--job-id', '94', '--raw', '--subdir', 'DAGS_FOLDER/data_ingestion_gcs_dag.py', '--cfg-path', '/tmp/tmpc54kf61q', '--error-file', '/tmp/tmph0g6ohua']
[2022-09-20 15:32:54,252] {standard_task_runner.py:77} INFO - Job 94: Subtask local_to_gcs_task
[2022-09-20 15:32:54,333] {logging_mixin.py:109} INFO - Running <TaskInstance: yellow_taxi_data_v2.local_to_gcs_task scheduled__2019-08-02T06:00:00+00:00 [running]> on host 788dccad41b9
[2022-09-20 15:32:54,394] {warnings.py:110} WARNING - /home/***/.local/lib/python3.7/site-packages/***/utils/context.py:152: AirflowContextDeprecationWarning: Accessing 'execution_date' from the template is deprecated and will be removed in a future version. Please use 'data_interval_start' or 'logical_date' instead.
  warnings.warn(_create_deprecation_warning(key, self._deprecation_replacements[key]))

[2022-09-20 15:32:54,433] {taskinstance.py:1426} INFO - Exporting the following env vars:
AIRFLOW_CTX_DAG_OWNER=***
AIRFLOW_CTX_DAG_ID=yellow_taxi_data_v2
AIRFLOW_CTX_TASK_ID=local_to_gcs_task
AIRFLOW_CTX_EXECUTION_DATE=2019-08-02T06:00:00+00:00
AIRFLOW_CTX_DAG_RUN_ID=scheduled__2019-08-02T06:00:00+00:00
[2022-09-20 15:32:55,532] {python.py:175} INFO - Done. Returned value was: None
[2022-09-20 15:32:55,549] {taskinstance.py:1277} INFO - Marking task as SUCCESS. dag_id=yellow_taxi_data_v2, task_id=local_to_gcs_task, execution_date=20190802T060000, start_date=20220920T153254, end_date=20220920T153255
[2022-09-20 15:32:55,596] {local_task_job.py:154} INFO - Task exited with return code 0
[2022-09-20 15:32:55,642] {local_task_job.py:264} INFO - 1 downstream tasks scheduled from follow-on schedule check
[2022-09-21 01:34:05,035] {taskinstance.py:1032} INFO - Dependencies all met for <TaskInstance: yellow_taxi_data_v2.local_to_gcs_task scheduled__2019-08-02T06:00:00+00:00 [queued]>
[2022-09-21 01:34:05,051] {taskinstance.py:1032} INFO - Dependencies all met for <TaskInstance: yellow_taxi_data_v2.local_to_gcs_task scheduled__2019-08-02T06:00:00+00:00 [queued]>
[2022-09-21 01:34:05,051] {taskinstance.py:1238} INFO - 
--------------------------------------------------------------------------------
[2022-09-21 01:34:05,051] {taskinstance.py:1239} INFO - Starting attempt 1 of 2
[2022-09-21 01:34:05,051] {taskinstance.py:1240} INFO - 
--------------------------------------------------------------------------------
[2022-09-21 01:34:05,067] {taskinstance.py:1259} INFO - Executing <Task(PythonOperator): local_to_gcs_task> on 2019-08-02 06:00:00+00:00
[2022-09-21 01:34:05,075] {standard_task_runner.py:52} INFO - Started process 27726 to run task
[2022-09-21 01:34:05,081] {standard_task_runner.py:76} INFO - Running: ['***', 'tasks', 'run', 'yellow_taxi_data_v2', 'local_to_gcs_task', 'scheduled__2019-08-02T06:00:00+00:00', '--job-id', '266', '--raw', '--subdir', 'DAGS_FOLDER/data_ingestion_gcs_dag.py', '--cfg-path', '/tmp/tmpfuidpe4a', '--error-file', '/tmp/tmpjm7qrk_3']
[2022-09-21 01:34:05,082] {standard_task_runner.py:77} INFO - Job 266: Subtask local_to_gcs_task
[2022-09-21 01:34:05,179] {logging_mixin.py:109} INFO - Running <TaskInstance: yellow_taxi_data_v2.local_to_gcs_task scheduled__2019-08-02T06:00:00+00:00 [running]> on host 788dccad41b9
[2022-09-21 01:34:05,235] {warnings.py:110} WARNING - /home/***/.local/lib/python3.7/site-packages/***/utils/context.py:152: AirflowContextDeprecationWarning: Accessing 'execution_date' from the template is deprecated and will be removed in a future version. Please use 'data_interval_start' or 'logical_date' instead.
  warnings.warn(_create_deprecation_warning(key, self._deprecation_replacements[key]))

[2022-09-21 01:34:05,265] {taskinstance.py:1426} INFO - Exporting the following env vars:
AIRFLOW_CTX_DAG_OWNER=***
AIRFLOW_CTX_DAG_ID=yellow_taxi_data_v2
AIRFLOW_CTX_TASK_ID=local_to_gcs_task
AIRFLOW_CTX_EXECUTION_DATE=2019-08-02T06:00:00+00:00
AIRFLOW_CTX_DAG_RUN_ID=scheduled__2019-08-02T06:00:00+00:00
[2022-09-21 01:34:06,117] {python.py:175} INFO - Done. Returned value was: None
[2022-09-21 01:34:06,132] {taskinstance.py:1277} INFO - Marking task as SUCCESS. dag_id=yellow_taxi_data_v2, task_id=local_to_gcs_task, execution_date=20190802T060000, start_date=20220921T013405, end_date=20220921T013406
[2022-09-21 01:34:06,184] {local_task_job.py:154} INFO - Task exited with return code 0
[2022-09-21 01:34:06,222] {local_task_job.py:264} INFO - 1 downstream tasks scheduled from follow-on schedule check
