[2022-09-17 06:04:55,125] {taskinstance.py:1032} INFO - Dependencies all met for <TaskInstance: yellow_taxi_data_v2.download_dataset_task scheduled__2019-07-02T06:00:00+00:00 [queued]>
[2022-09-17 06:04:55,140] {taskinstance.py:1032} INFO - Dependencies all met for <TaskInstance: yellow_taxi_data_v2.download_dataset_task scheduled__2019-07-02T06:00:00+00:00 [queued]>
[2022-09-17 06:04:55,140] {taskinstance.py:1238} INFO - 
--------------------------------------------------------------------------------
[2022-09-17 06:04:55,140] {taskinstance.py:1239} INFO - Starting attempt 1 of 2
[2022-09-17 06:04:55,140] {taskinstance.py:1240} INFO - 
--------------------------------------------------------------------------------
[2022-09-17 06:04:55,153] {taskinstance.py:1259} INFO - Executing <Task(BashOperator): download_dataset_task> on 2019-07-02 06:00:00+00:00
[2022-09-17 06:04:55,160] {standard_task_runner.py:52} INFO - Started process 5021 to run task
[2022-09-17 06:04:55,166] {standard_task_runner.py:76} INFO - Running: ['***', 'tasks', 'run', 'yellow_taxi_data_v2', 'download_dataset_task', 'scheduled__2019-07-02T06:00:00+00:00', '--job-id', '24', '--raw', '--subdir', 'DAGS_FOLDER/data_ingestion_gcs_dag.py', '--cfg-path', '/tmp/tmp35sdbjqx', '--error-file', '/tmp/tmppwoesupu']
[2022-09-17 06:04:55,167] {standard_task_runner.py:77} INFO - Job 24: Subtask download_dataset_task
[2022-09-17 06:04:55,243] {logging_mixin.py:109} INFO - Running <TaskInstance: yellow_taxi_data_v2.download_dataset_task scheduled__2019-07-02T06:00:00+00:00 [running]> on host 10d063af5ba7
[2022-09-17 06:04:55,294] {warnings.py:110} WARNING - /home/***/.local/lib/python3.7/site-packages/***/utils/context.py:152: AirflowContextDeprecationWarning: Accessing 'execution_date' from the template is deprecated and will be removed in a future version. Please use 'data_interval_start' or 'logical_date' instead.
  warnings.warn(_create_deprecation_warning(key, self._deprecation_replacements[key]))

[2022-09-17 06:04:55,320] {taskinstance.py:1426} INFO - Exporting the following env vars:
AIRFLOW_CTX_DAG_OWNER=***
AIRFLOW_CTX_DAG_ID=yellow_taxi_data_v2
AIRFLOW_CTX_TASK_ID=download_dataset_task
AIRFLOW_CTX_EXECUTION_DATE=2019-07-02T06:00:00+00:00
AIRFLOW_CTX_DAG_RUN_ID=scheduled__2019-07-02T06:00:00+00:00
[2022-09-17 06:04:55,321] {subprocess.py:62} INFO - Tmp dir root location: 
 /tmp
[2022-09-17 06:04:55,322] {subprocess.py:74} INFO - Running command: ['bash', '-c', 'curl -sSLf https://d37ci6vzurychx.cloudfront.net/trip-data/yellow_tripdata_2019-07.parquet > /opt/***/yellow_tripdata_2019-07.parquet']
[2022-09-17 06:04:55,339] {subprocess.py:85} INFO - Output:
[2022-09-17 06:05:02,570] {subprocess.py:93} INFO - Command exited with return code 0
[2022-09-17 06:05:02,599] {taskinstance.py:1277} INFO - Marking task as SUCCESS. dag_id=yellow_taxi_data_v2, task_id=download_dataset_task, execution_date=20190702T060000, start_date=20220917T060455, end_date=20220917T060502
[2022-09-17 06:05:02,657] {local_task_job.py:154} INFO - Task exited with return code 0
[2022-09-17 06:05:02,697] {local_task_job.py:264} INFO - 1 downstream tasks scheduled from follow-on schedule check
[2022-09-20 15:32:44,069] {taskinstance.py:1032} INFO - Dependencies all met for <TaskInstance: yellow_taxi_data_v2.download_dataset_task scheduled__2019-07-02T06:00:00+00:00 [queued]>
[2022-09-20 15:32:44,100] {taskinstance.py:1032} INFO - Dependencies all met for <TaskInstance: yellow_taxi_data_v2.download_dataset_task scheduled__2019-07-02T06:00:00+00:00 [queued]>
[2022-09-20 15:32:44,102] {taskinstance.py:1238} INFO - 
--------------------------------------------------------------------------------
[2022-09-20 15:32:44,103] {taskinstance.py:1239} INFO - Starting attempt 1 of 2
[2022-09-20 15:32:44,103] {taskinstance.py:1240} INFO - 
--------------------------------------------------------------------------------
[2022-09-20 15:32:44,150] {taskinstance.py:1259} INFO - Executing <Task(BashOperator): download_dataset_task> on 2019-07-02 06:00:00+00:00
[2022-09-20 15:32:44,165] {standard_task_runner.py:52} INFO - Started process 533 to run task
[2022-09-20 15:32:44,179] {standard_task_runner.py:76} INFO - Running: ['***', 'tasks', 'run', 'yellow_taxi_data_v2', 'download_dataset_task', 'scheduled__2019-07-02T06:00:00+00:00', '--job-id', '86', '--raw', '--subdir', 'DAGS_FOLDER/data_ingestion_gcs_dag.py', '--cfg-path', '/tmp/tmpr5opxdg5', '--error-file', '/tmp/tmph5hv3ce_']
[2022-09-20 15:32:44,181] {standard_task_runner.py:77} INFO - Job 86: Subtask download_dataset_task
[2022-09-20 15:32:44,317] {logging_mixin.py:109} INFO - Running <TaskInstance: yellow_taxi_data_v2.download_dataset_task scheduled__2019-07-02T06:00:00+00:00 [running]> on host 788dccad41b9
[2022-09-20 15:32:44,428] {warnings.py:110} WARNING - /home/***/.local/lib/python3.7/site-packages/***/utils/context.py:152: AirflowContextDeprecationWarning: Accessing 'execution_date' from the template is deprecated and will be removed in a future version. Please use 'data_interval_start' or 'logical_date' instead.
  warnings.warn(_create_deprecation_warning(key, self._deprecation_replacements[key]))

[2022-09-20 15:32:44,489] {taskinstance.py:1426} INFO - Exporting the following env vars:
AIRFLOW_CTX_DAG_OWNER=***
AIRFLOW_CTX_DAG_ID=yellow_taxi_data_v2
AIRFLOW_CTX_TASK_ID=download_dataset_task
AIRFLOW_CTX_EXECUTION_DATE=2019-07-02T06:00:00+00:00
AIRFLOW_CTX_DAG_RUN_ID=scheduled__2019-07-02T06:00:00+00:00
[2022-09-20 15:32:44,491] {subprocess.py:62} INFO - Tmp dir root location: 
 /tmp
[2022-09-20 15:32:44,492] {subprocess.py:74} INFO - Running command: ['bash', '-c', 'curl -sSLf https://d37ci6vzurychx.cloudfront.net/trip-data/yellow_tripdata_2019-07.parquet > /opt/***/yellow_tripdata_2019-07.parquet']
[2022-09-20 15:32:44,539] {subprocess.py:85} INFO - Output:
[2022-09-20 15:32:54,197] {subprocess.py:93} INFO - Command exited with return code 0
[2022-09-20 15:32:54,231] {taskinstance.py:1277} INFO - Marking task as SUCCESS. dag_id=yellow_taxi_data_v2, task_id=download_dataset_task, execution_date=20190702T060000, start_date=20220920T153244, end_date=20220920T153254
[2022-09-20 15:32:54,273] {local_task_job.py:154} INFO - Task exited with return code 0
[2022-09-20 15:32:54,332] {local_task_job.py:264} INFO - 1 downstream tasks scheduled from follow-on schedule check
[2022-09-21 01:33:35,452] {taskinstance.py:1032} INFO - Dependencies all met for <TaskInstance: yellow_taxi_data_v2.download_dataset_task scheduled__2019-07-02T06:00:00+00:00 [queued]>
[2022-09-21 01:33:35,468] {taskinstance.py:1032} INFO - Dependencies all met for <TaskInstance: yellow_taxi_data_v2.download_dataset_task scheduled__2019-07-02T06:00:00+00:00 [queued]>
[2022-09-21 01:33:35,468] {taskinstance.py:1238} INFO - 
--------------------------------------------------------------------------------
[2022-09-21 01:33:35,468] {taskinstance.py:1239} INFO - Starting attempt 1 of 2
[2022-09-21 01:33:35,468] {taskinstance.py:1240} INFO - 
--------------------------------------------------------------------------------
[2022-09-21 01:33:35,484] {taskinstance.py:1259} INFO - Executing <Task(BashOperator): download_dataset_task> on 2019-07-02 06:00:00+00:00
[2022-09-21 01:33:35,491] {standard_task_runner.py:52} INFO - Started process 27618 to run task
[2022-09-21 01:33:35,495] {standard_task_runner.py:76} INFO - Running: ['***', 'tasks', 'run', 'yellow_taxi_data_v2', 'download_dataset_task', 'scheduled__2019-07-02T06:00:00+00:00', '--job-id', '245', '--raw', '--subdir', 'DAGS_FOLDER/data_ingestion_gcs_dag.py', '--cfg-path', '/tmp/tmp8tvga93h', '--error-file', '/tmp/tmppi0nrix6']
[2022-09-21 01:33:35,496] {standard_task_runner.py:77} INFO - Job 245: Subtask download_dataset_task
[2022-09-21 01:33:35,566] {logging_mixin.py:109} INFO - Running <TaskInstance: yellow_taxi_data_v2.download_dataset_task scheduled__2019-07-02T06:00:00+00:00 [running]> on host 788dccad41b9
[2022-09-21 01:33:35,614] {warnings.py:110} WARNING - /home/***/.local/lib/python3.7/site-packages/***/utils/context.py:152: AirflowContextDeprecationWarning: Accessing 'execution_date' from the template is deprecated and will be removed in a future version. Please use 'data_interval_start' or 'logical_date' instead.
  warnings.warn(_create_deprecation_warning(key, self._deprecation_replacements[key]))

[2022-09-21 01:33:35,636] {taskinstance.py:1426} INFO - Exporting the following env vars:
AIRFLOW_CTX_DAG_OWNER=***
AIRFLOW_CTX_DAG_ID=yellow_taxi_data_v2
AIRFLOW_CTX_TASK_ID=download_dataset_task
AIRFLOW_CTX_EXECUTION_DATE=2019-07-02T06:00:00+00:00
AIRFLOW_CTX_DAG_RUN_ID=scheduled__2019-07-02T06:00:00+00:00
[2022-09-21 01:33:35,637] {subprocess.py:62} INFO - Tmp dir root location: 
 /tmp
[2022-09-21 01:33:35,638] {subprocess.py:74} INFO - Running command: ['bash', '-c', 'curl -sSLf https://d37ci6vzurychx.cloudfront.net/trip-data/yellow_tripdata_2019-07.parquet > /opt/***/yellow_tripdata_2019-07.parquet']
[2022-09-21 01:33:35,651] {subprocess.py:85} INFO - Output:
[2022-09-21 01:33:43,621] {subprocess.py:93} INFO - Command exited with return code 0
[2022-09-21 01:33:43,686] {taskinstance.py:1277} INFO - Marking task as SUCCESS. dag_id=yellow_taxi_data_v2, task_id=download_dataset_task, execution_date=20190702T060000, start_date=20220921T013335, end_date=20220921T013343
[2022-09-21 01:33:43,737] {local_task_job.py:154} INFO - Task exited with return code 0
[2022-09-21 01:33:43,804] {local_task_job.py:264} INFO - 1 downstream tasks scheduled from follow-on schedule check
