[2022-09-17 06:04:55,364] {taskinstance.py:1032} INFO - Dependencies all met for <TaskInstance: yellow_taxi_data_v2.download_dataset_task scheduled__2019-08-02T06:00:00+00:00 [queued]>
[2022-09-17 06:04:55,376] {taskinstance.py:1032} INFO - Dependencies all met for <TaskInstance: yellow_taxi_data_v2.download_dataset_task scheduled__2019-08-02T06:00:00+00:00 [queued]>
[2022-09-17 06:04:55,376] {taskinstance.py:1238} INFO - 
--------------------------------------------------------------------------------
[2022-09-17 06:04:55,376] {taskinstance.py:1239} INFO - Starting attempt 1 of 2
[2022-09-17 06:04:55,376] {taskinstance.py:1240} INFO - 
--------------------------------------------------------------------------------
[2022-09-17 06:04:55,391] {taskinstance.py:1259} INFO - Executing <Task(BashOperator): download_dataset_task> on 2019-08-02 06:00:00+00:00
[2022-09-17 06:04:55,397] {standard_task_runner.py:52} INFO - Started process 5025 to run task
[2022-09-17 06:04:55,402] {standard_task_runner.py:76} INFO - Running: ['***', 'tasks', 'run', 'yellow_taxi_data_v2', 'download_dataset_task', 'scheduled__2019-08-02T06:00:00+00:00', '--job-id', '25', '--raw', '--subdir', 'DAGS_FOLDER/data_ingestion_gcs_dag.py', '--cfg-path', '/tmp/tmp72e8e3r6', '--error-file', '/tmp/tmp2qx6rmxe']
[2022-09-17 06:04:55,403] {standard_task_runner.py:77} INFO - Job 25: Subtask download_dataset_task
[2022-09-17 06:04:55,467] {logging_mixin.py:109} INFO - Running <TaskInstance: yellow_taxi_data_v2.download_dataset_task scheduled__2019-08-02T06:00:00+00:00 [running]> on host 10d063af5ba7
[2022-09-17 06:04:55,516] {warnings.py:110} WARNING - /home/***/.local/lib/python3.7/site-packages/***/utils/context.py:152: AirflowContextDeprecationWarning: Accessing 'execution_date' from the template is deprecated and will be removed in a future version. Please use 'data_interval_start' or 'logical_date' instead.
  warnings.warn(_create_deprecation_warning(key, self._deprecation_replacements[key]))

[2022-09-17 06:04:55,559] {taskinstance.py:1426} INFO - Exporting the following env vars:
AIRFLOW_CTX_DAG_OWNER=***
AIRFLOW_CTX_DAG_ID=yellow_taxi_data_v2
AIRFLOW_CTX_TASK_ID=download_dataset_task
AIRFLOW_CTX_EXECUTION_DATE=2019-08-02T06:00:00+00:00
AIRFLOW_CTX_DAG_RUN_ID=scheduled__2019-08-02T06:00:00+00:00
[2022-09-17 06:04:55,560] {subprocess.py:62} INFO - Tmp dir root location: 
 /tmp
[2022-09-17 06:04:55,561] {subprocess.py:74} INFO - Running command: ['bash', '-c', 'curl -sSLf https://d37ci6vzurychx.cloudfront.net/trip-data/yellow_tripdata_2019-08.parquet > /opt/***/yellow_tripdata_2019-08.parquet']
[2022-09-17 06:04:55,575] {subprocess.py:85} INFO - Output:
[2022-09-17 06:05:02,597] {subprocess.py:93} INFO - Command exited with return code 0
[2022-09-17 06:05:02,630] {taskinstance.py:1277} INFO - Marking task as SUCCESS. dag_id=yellow_taxi_data_v2, task_id=download_dataset_task, execution_date=20190802T060000, start_date=20220917T060455, end_date=20220917T060502
[2022-09-17 06:05:02,658] {local_task_job.py:154} INFO - Task exited with return code 0
[2022-09-17 06:05:02,696] {local_task_job.py:264} INFO - 1 downstream tasks scheduled from follow-on schedule check
[2022-09-20 15:32:44,960] {taskinstance.py:1032} INFO - Dependencies all met for <TaskInstance: yellow_taxi_data_v2.download_dataset_task scheduled__2019-08-02T06:00:00+00:00 [queued]>
[2022-09-20 15:32:44,977] {taskinstance.py:1032} INFO - Dependencies all met for <TaskInstance: yellow_taxi_data_v2.download_dataset_task scheduled__2019-08-02T06:00:00+00:00 [queued]>
[2022-09-20 15:32:44,977] {taskinstance.py:1238} INFO - 
--------------------------------------------------------------------------------
[2022-09-20 15:32:44,977] {taskinstance.py:1239} INFO - Starting attempt 1 of 2
[2022-09-20 15:32:44,978] {taskinstance.py:1240} INFO - 
--------------------------------------------------------------------------------
[2022-09-20 15:32:44,993] {taskinstance.py:1259} INFO - Executing <Task(BashOperator): download_dataset_task> on 2019-08-02 06:00:00+00:00
[2022-09-20 15:32:45,000] {standard_task_runner.py:52} INFO - Started process 542 to run task
[2022-09-20 15:32:45,006] {standard_task_runner.py:76} INFO - Running: ['***', 'tasks', 'run', 'yellow_taxi_data_v2', 'download_dataset_task', 'scheduled__2019-08-02T06:00:00+00:00', '--job-id', '89', '--raw', '--subdir', 'DAGS_FOLDER/data_ingestion_gcs_dag.py', '--cfg-path', '/tmp/tmpe_ojsaor', '--error-file', '/tmp/tmpr0cleugu']
[2022-09-20 15:32:45,007] {standard_task_runner.py:77} INFO - Job 89: Subtask download_dataset_task
[2022-09-20 15:32:45,087] {logging_mixin.py:109} INFO - Running <TaskInstance: yellow_taxi_data_v2.download_dataset_task scheduled__2019-08-02T06:00:00+00:00 [running]> on host 788dccad41b9
[2022-09-20 15:32:45,138] {warnings.py:110} WARNING - /home/***/.local/lib/python3.7/site-packages/***/utils/context.py:152: AirflowContextDeprecationWarning: Accessing 'execution_date' from the template is deprecated and will be removed in a future version. Please use 'data_interval_start' or 'logical_date' instead.
  warnings.warn(_create_deprecation_warning(key, self._deprecation_replacements[key]))

[2022-09-20 15:32:45,163] {taskinstance.py:1426} INFO - Exporting the following env vars:
AIRFLOW_CTX_DAG_OWNER=***
AIRFLOW_CTX_DAG_ID=yellow_taxi_data_v2
AIRFLOW_CTX_TASK_ID=download_dataset_task
AIRFLOW_CTX_EXECUTION_DATE=2019-08-02T06:00:00+00:00
AIRFLOW_CTX_DAG_RUN_ID=scheduled__2019-08-02T06:00:00+00:00
[2022-09-20 15:32:45,165] {subprocess.py:62} INFO - Tmp dir root location: 
 /tmp
[2022-09-20 15:32:45,165] {subprocess.py:74} INFO - Running command: ['bash', '-c', 'curl -sSLf https://d37ci6vzurychx.cloudfront.net/trip-data/yellow_tripdata_2019-08.parquet > /opt/***/yellow_tripdata_2019-08.parquet']
[2022-09-20 15:32:45,181] {subprocess.py:85} INFO - Output:
[2022-09-20 15:32:52,344] {subprocess.py:93} INFO - Command exited with return code 0
[2022-09-20 15:32:52,389] {taskinstance.py:1277} INFO - Marking task as SUCCESS. dag_id=yellow_taxi_data_v2, task_id=download_dataset_task, execution_date=20190802T060000, start_date=20220920T153244, end_date=20220920T153252
[2022-09-20 15:32:52,444] {local_task_job.py:154} INFO - Task exited with return code 0
[2022-09-20 15:32:52,508] {local_task_job.py:264} INFO - 1 downstream tasks scheduled from follow-on schedule check
[2022-09-21 01:33:51,301] {taskinstance.py:1032} INFO - Dependencies all met for <TaskInstance: yellow_taxi_data_v2.download_dataset_task scheduled__2019-08-02T06:00:00+00:00 [queued]>
[2022-09-21 01:33:51,317] {taskinstance.py:1032} INFO - Dependencies all met for <TaskInstance: yellow_taxi_data_v2.download_dataset_task scheduled__2019-08-02T06:00:00+00:00 [queued]>
[2022-09-21 01:33:51,318] {taskinstance.py:1238} INFO - 
--------------------------------------------------------------------------------
[2022-09-21 01:33:51,318] {taskinstance.py:1239} INFO - Starting attempt 1 of 2
[2022-09-21 01:33:51,318] {taskinstance.py:1240} INFO - 
--------------------------------------------------------------------------------
[2022-09-21 01:33:51,339] {taskinstance.py:1259} INFO - Executing <Task(BashOperator): download_dataset_task> on 2019-08-02 06:00:00+00:00
[2022-09-21 01:33:51,357] {standard_task_runner.py:52} INFO - Started process 27681 to run task
[2022-09-21 01:33:51,370] {standard_task_runner.py:76} INFO - Running: ['***', 'tasks', 'run', 'yellow_taxi_data_v2', 'download_dataset_task', 'scheduled__2019-08-02T06:00:00+00:00', '--job-id', '258', '--raw', '--subdir', 'DAGS_FOLDER/data_ingestion_gcs_dag.py', '--cfg-path', '/tmp/tmpx4tl5nsv', '--error-file', '/tmp/tmpe8rjrbpi']
[2022-09-21 01:33:51,372] {standard_task_runner.py:77} INFO - Job 258: Subtask download_dataset_task
[2022-09-21 01:33:51,516] {logging_mixin.py:109} INFO - Running <TaskInstance: yellow_taxi_data_v2.download_dataset_task scheduled__2019-08-02T06:00:00+00:00 [running]> on host 788dccad41b9
[2022-09-21 01:33:51,564] {warnings.py:110} WARNING - /home/***/.local/lib/python3.7/site-packages/***/utils/context.py:152: AirflowContextDeprecationWarning: Accessing 'execution_date' from the template is deprecated and will be removed in a future version. Please use 'data_interval_start' or 'logical_date' instead.
  warnings.warn(_create_deprecation_warning(key, self._deprecation_replacements[key]))

[2022-09-21 01:33:51,589] {taskinstance.py:1426} INFO - Exporting the following env vars:
AIRFLOW_CTX_DAG_OWNER=***
AIRFLOW_CTX_DAG_ID=yellow_taxi_data_v2
AIRFLOW_CTX_TASK_ID=download_dataset_task
AIRFLOW_CTX_EXECUTION_DATE=2019-08-02T06:00:00+00:00
AIRFLOW_CTX_DAG_RUN_ID=scheduled__2019-08-02T06:00:00+00:00
[2022-09-21 01:33:51,591] {subprocess.py:62} INFO - Tmp dir root location: 
 /tmp
[2022-09-21 01:33:51,591] {subprocess.py:74} INFO - Running command: ['bash', '-c', 'curl -sSLf https://d37ci6vzurychx.cloudfront.net/trip-data/yellow_tripdata_2019-08.parquet > /opt/***/yellow_tripdata_2019-08.parquet']
[2022-09-21 01:33:51,609] {subprocess.py:85} INFO - Output:
[2022-09-21 01:34:03,157] {subprocess.py:93} INFO - Command exited with return code 0
[2022-09-21 01:34:03,192] {taskinstance.py:1277} INFO - Marking task as SUCCESS. dag_id=yellow_taxi_data_v2, task_id=download_dataset_task, execution_date=20190802T060000, start_date=20220921T013351, end_date=20220921T013403
[2022-09-21 01:34:03,237] {local_task_job.py:154} INFO - Task exited with return code 0
[2022-09-21 01:34:03,295] {local_task_job.py:264} INFO - 1 downstream tasks scheduled from follow-on schedule check
