[2022-09-17 06:04:39,656] {taskinstance.py:1032} INFO - Dependencies all met for <TaskInstance: yellow_taxi_data_v2.rm_task scheduled__2019-06-02T06:00:00+00:00 [queued]>
[2022-09-17 06:04:39,672] {taskinstance.py:1032} INFO - Dependencies all met for <TaskInstance: yellow_taxi_data_v2.rm_task scheduled__2019-06-02T06:00:00+00:00 [queued]>
[2022-09-17 06:04:39,673] {taskinstance.py:1238} INFO - 
--------------------------------------------------------------------------------
[2022-09-17 06:04:39,673] {taskinstance.py:1239} INFO - Starting attempt 1 of 2
[2022-09-17 06:04:39,673] {taskinstance.py:1240} INFO - 
--------------------------------------------------------------------------------
[2022-09-17 06:04:39,695] {taskinstance.py:1259} INFO - Executing <Task(BashOperator): rm_task> on 2019-06-02 06:00:00+00:00
[2022-09-17 06:04:39,702] {standard_task_runner.py:52} INFO - Started process 5002 to run task
[2022-09-17 06:04:39,719] {standard_task_runner.py:76} INFO - Running: ['***', 'tasks', 'run', 'yellow_taxi_data_v2', 'rm_task', 'scheduled__2019-06-02T06:00:00+00:00', '--job-id', '22', '--raw', '--subdir', 'DAGS_FOLDER/data_ingestion_gcs_dag.py', '--cfg-path', '/tmp/tmpp7ib1e66', '--error-file', '/tmp/tmp6tqksgov']
[2022-09-17 06:04:39,722] {standard_task_runner.py:77} INFO - Job 22: Subtask rm_task
[2022-09-17 06:04:39,827] {logging_mixin.py:109} INFO - Running <TaskInstance: yellow_taxi_data_v2.rm_task scheduled__2019-06-02T06:00:00+00:00 [running]> on host 10d063af5ba7
[2022-09-17 06:04:39,899] {warnings.py:110} WARNING - /home/***/.local/lib/python3.7/site-packages/***/utils/context.py:152: AirflowContextDeprecationWarning: Accessing 'execution_date' from the template is deprecated and will be removed in a future version. Please use 'data_interval_start' or 'logical_date' instead.
  warnings.warn(_create_deprecation_warning(key, self._deprecation_replacements[key]))

[2022-09-17 06:04:39,930] {taskinstance.py:1426} INFO - Exporting the following env vars:
AIRFLOW_CTX_DAG_OWNER=***
AIRFLOW_CTX_DAG_ID=yellow_taxi_data_v2
AIRFLOW_CTX_TASK_ID=rm_task
AIRFLOW_CTX_EXECUTION_DATE=2019-06-02T06:00:00+00:00
AIRFLOW_CTX_DAG_RUN_ID=scheduled__2019-06-02T06:00:00+00:00
[2022-09-17 06:04:39,932] {subprocess.py:62} INFO - Tmp dir root location: 
 /tmp
[2022-09-17 06:04:39,932] {subprocess.py:74} INFO - Running command: ['bash', '-c', 'rm /opt/***/yellow_tripdata_2019-06.parquet']
[2022-09-17 06:04:39,952] {subprocess.py:85} INFO - Output:
[2022-09-17 06:04:39,980] {subprocess.py:93} INFO - Command exited with return code 0
[2022-09-17 06:04:40,024] {taskinstance.py:1277} INFO - Marking task as SUCCESS. dag_id=yellow_taxi_data_v2, task_id=rm_task, execution_date=20190602T060000, start_date=20220917T060439, end_date=20220917T060440
[2022-09-17 06:04:40,079] {local_task_job.py:154} INFO - Task exited with return code 0
[2022-09-17 06:04:40,131] {local_task_job.py:264} INFO - 0 downstream tasks scheduled from follow-on schedule check
[2022-09-20 15:32:40,477] {taskinstance.py:1032} INFO - Dependencies all met for <TaskInstance: yellow_taxi_data_v2.rm_task scheduled__2019-06-02T06:00:00+00:00 [queued]>
[2022-09-20 15:32:40,496] {taskinstance.py:1032} INFO - Dependencies all met for <TaskInstance: yellow_taxi_data_v2.rm_task scheduled__2019-06-02T06:00:00+00:00 [queued]>
[2022-09-20 15:32:40,496] {taskinstance.py:1238} INFO - 
--------------------------------------------------------------------------------
[2022-09-20 15:32:40,497] {taskinstance.py:1239} INFO - Starting attempt 1 of 2
[2022-09-20 15:32:40,497] {taskinstance.py:1240} INFO - 
--------------------------------------------------------------------------------
[2022-09-20 15:32:40,520] {taskinstance.py:1259} INFO - Executing <Task(BashOperator): rm_task> on 2019-06-02 06:00:00+00:00
[2022-09-20 15:32:40,527] {standard_task_runner.py:52} INFO - Started process 523 to run task
[2022-09-20 15:32:40,532] {standard_task_runner.py:76} INFO - Running: ['***', 'tasks', 'run', 'yellow_taxi_data_v2', 'rm_task', 'scheduled__2019-06-02T06:00:00+00:00', '--job-id', '85', '--raw', '--subdir', 'DAGS_FOLDER/data_ingestion_gcs_dag.py', '--cfg-path', '/tmp/tmpmz1161hq', '--error-file', '/tmp/tmp1j25ymh4']
[2022-09-20 15:32:40,534] {standard_task_runner.py:77} INFO - Job 85: Subtask rm_task
[2022-09-20 15:32:40,607] {logging_mixin.py:109} INFO - Running <TaskInstance: yellow_taxi_data_v2.rm_task scheduled__2019-06-02T06:00:00+00:00 [running]> on host 788dccad41b9
[2022-09-20 15:32:40,662] {warnings.py:110} WARNING - /home/***/.local/lib/python3.7/site-packages/***/utils/context.py:152: AirflowContextDeprecationWarning: Accessing 'execution_date' from the template is deprecated and will be removed in a future version. Please use 'data_interval_start' or 'logical_date' instead.
  warnings.warn(_create_deprecation_warning(key, self._deprecation_replacements[key]))

[2022-09-20 15:32:40,688] {taskinstance.py:1426} INFO - Exporting the following env vars:
AIRFLOW_CTX_DAG_OWNER=***
AIRFLOW_CTX_DAG_ID=yellow_taxi_data_v2
AIRFLOW_CTX_TASK_ID=rm_task
AIRFLOW_CTX_EXECUTION_DATE=2019-06-02T06:00:00+00:00
AIRFLOW_CTX_DAG_RUN_ID=scheduled__2019-06-02T06:00:00+00:00
[2022-09-20 15:32:40,689] {subprocess.py:62} INFO - Tmp dir root location: 
 /tmp
[2022-09-20 15:32:40,690] {subprocess.py:74} INFO - Running command: ['bash', '-c', 'rm /opt/***/yellow_tripdata_2019-06.parquet']
[2022-09-20 15:32:40,705] {subprocess.py:85} INFO - Output:
[2022-09-20 15:32:40,727] {subprocess.py:93} INFO - Command exited with return code 0
[2022-09-20 15:32:40,760] {taskinstance.py:1277} INFO - Marking task as SUCCESS. dag_id=yellow_taxi_data_v2, task_id=rm_task, execution_date=20190602T060000, start_date=20220920T153240, end_date=20220920T153240
[2022-09-20 15:32:40,784] {local_task_job.py:154} INFO - Task exited with return code 0
[2022-09-20 15:32:40,825] {local_task_job.py:264} INFO - 0 downstream tasks scheduled from follow-on schedule check
[2022-09-21 01:33:48,556] {taskinstance.py:1032} INFO - Dependencies all met for <TaskInstance: yellow_taxi_data_v2.rm_task scheduled__2019-06-02T06:00:00+00:00 [queued]>
[2022-09-21 01:33:48,572] {taskinstance.py:1032} INFO - Dependencies all met for <TaskInstance: yellow_taxi_data_v2.rm_task scheduled__2019-06-02T06:00:00+00:00 [queued]>
[2022-09-21 01:33:48,572] {taskinstance.py:1238} INFO - 
--------------------------------------------------------------------------------
[2022-09-21 01:33:48,572] {taskinstance.py:1239} INFO - Starting attempt 1 of 2
[2022-09-21 01:33:48,572] {taskinstance.py:1240} INFO - 
--------------------------------------------------------------------------------
[2022-09-21 01:33:48,587] {taskinstance.py:1259} INFO - Executing <Task(BashOperator): rm_task> on 2019-06-02 06:00:00+00:00
[2022-09-21 01:33:48,594] {standard_task_runner.py:52} INFO - Started process 27668 to run task
[2022-09-21 01:33:48,600] {standard_task_runner.py:76} INFO - Running: ['***', 'tasks', 'run', 'yellow_taxi_data_v2', 'rm_task', 'scheduled__2019-06-02T06:00:00+00:00', '--job-id', '255', '--raw', '--subdir', 'DAGS_FOLDER/data_ingestion_gcs_dag.py', '--cfg-path', '/tmp/tmpd7qxk8uq', '--error-file', '/tmp/tmp758mi1yf']
[2022-09-21 01:33:48,602] {standard_task_runner.py:77} INFO - Job 255: Subtask rm_task
[2022-09-21 01:33:48,688] {logging_mixin.py:109} INFO - Running <TaskInstance: yellow_taxi_data_v2.rm_task scheduled__2019-06-02T06:00:00+00:00 [running]> on host 788dccad41b9
[2022-09-21 01:33:48,754] {warnings.py:110} WARNING - /home/***/.local/lib/python3.7/site-packages/***/utils/context.py:152: AirflowContextDeprecationWarning: Accessing 'execution_date' from the template is deprecated and will be removed in a future version. Please use 'data_interval_start' or 'logical_date' instead.
  warnings.warn(_create_deprecation_warning(key, self._deprecation_replacements[key]))

[2022-09-21 01:33:48,840] {taskinstance.py:1426} INFO - Exporting the following env vars:
AIRFLOW_CTX_DAG_OWNER=***
AIRFLOW_CTX_DAG_ID=yellow_taxi_data_v2
AIRFLOW_CTX_TASK_ID=rm_task
AIRFLOW_CTX_EXECUTION_DATE=2019-06-02T06:00:00+00:00
AIRFLOW_CTX_DAG_RUN_ID=scheduled__2019-06-02T06:00:00+00:00
[2022-09-21 01:33:48,841] {subprocess.py:62} INFO - Tmp dir root location: 
 /tmp
[2022-09-21 01:33:48,841] {subprocess.py:74} INFO - Running command: ['bash', '-c', 'rm /opt/***/yellow_tripdata_2019-06.parquet']
[2022-09-21 01:33:48,856] {subprocess.py:85} INFO - Output:
[2022-09-21 01:33:48,885] {subprocess.py:93} INFO - Command exited with return code 0
[2022-09-21 01:33:49,029] {taskinstance.py:1277} INFO - Marking task as SUCCESS. dag_id=yellow_taxi_data_v2, task_id=rm_task, execution_date=20190602T060000, start_date=20220921T013348, end_date=20220921T013349
[2022-09-21 01:33:49,094] {local_task_job.py:154} INFO - Task exited with return code 0
[2022-09-21 01:33:49,148] {local_task_job.py:264} INFO - 0 downstream tasks scheduled from follow-on schedule check
