[2022-09-17 07:13:20,553] {taskinstance.py:1032} INFO - Dependencies all met for <TaskInstance: green_taxi_data_v2.download_dataset_task scheduled__2019-06-02T06:00:00+00:00 [queued]>
[2022-09-17 07:13:20,573] {taskinstance.py:1032} INFO - Dependencies all met for <TaskInstance: green_taxi_data_v2.download_dataset_task scheduled__2019-06-02T06:00:00+00:00 [queued]>
[2022-09-17 07:13:20,573] {taskinstance.py:1238} INFO - 
--------------------------------------------------------------------------------
[2022-09-17 07:13:20,573] {taskinstance.py:1239} INFO - Starting attempt 1 of 2
[2022-09-17 07:13:20,573] {taskinstance.py:1240} INFO - 
--------------------------------------------------------------------------------
[2022-09-17 07:13:20,591] {taskinstance.py:1259} INFO - Executing <Task(BashOperator): download_dataset_task> on 2019-06-02 06:00:00+00:00
[2022-09-17 07:13:20,599] {standard_task_runner.py:52} INFO - Started process 309 to run task
[2022-09-17 07:13:20,606] {standard_task_runner.py:76} INFO - Running: ['***', 'tasks', 'run', 'green_taxi_data_v2', 'download_dataset_task', 'scheduled__2019-06-02T06:00:00+00:00', '--job-id', '133', '--raw', '--subdir', 'DAGS_FOLDER/data_ingestion_gcs_dag.py', '--cfg-path', '/tmp/tmpvkjr3iqn', '--error-file', '/tmp/tmpq0xcvlfw']
[2022-09-17 07:13:20,608] {standard_task_runner.py:77} INFO - Job 133: Subtask download_dataset_task
[2022-09-17 07:13:20,694] {logging_mixin.py:109} INFO - Running <TaskInstance: green_taxi_data_v2.download_dataset_task scheduled__2019-06-02T06:00:00+00:00 [running]> on host ea53df3427ed
[2022-09-17 07:13:20,771] {warnings.py:110} WARNING - /home/***/.local/lib/python3.7/site-packages/***/utils/context.py:152: AirflowContextDeprecationWarning: Accessing 'execution_date' from the template is deprecated and will be removed in a future version. Please use 'data_interval_start' or 'logical_date' instead.
  warnings.warn(_create_deprecation_warning(key, self._deprecation_replacements[key]))

[2022-09-17 07:13:20,811] {taskinstance.py:1426} INFO - Exporting the following env vars:
AIRFLOW_CTX_DAG_OWNER=***
AIRFLOW_CTX_DAG_ID=green_taxi_data_v2
AIRFLOW_CTX_TASK_ID=download_dataset_task
AIRFLOW_CTX_EXECUTION_DATE=2019-06-02T06:00:00+00:00
AIRFLOW_CTX_DAG_RUN_ID=scheduled__2019-06-02T06:00:00+00:00
[2022-09-17 07:13:20,813] {subprocess.py:62} INFO - Tmp dir root location: 
 /tmp
[2022-09-17 07:13:20,813] {subprocess.py:74} INFO - Running command: ['bash', '-c', 'curl -sSLf https://d37ci6vzurychx.cloudfront.net/trip-data/green_tripdata_2019-06.parquet > /opt/***/green_tripdata_2019-06.parquet']
[2022-09-17 07:13:20,832] {subprocess.py:85} INFO - Output:
[2022-09-17 07:13:25,050] {subprocess.py:93} INFO - Command exited with return code 0
[2022-09-17 07:13:25,086] {taskinstance.py:1277} INFO - Marking task as SUCCESS. dag_id=green_taxi_data_v2, task_id=download_dataset_task, execution_date=20190602T060000, start_date=20220917T071320, end_date=20220917T071325
[2022-09-17 07:13:25,123] {local_task_job.py:154} INFO - Task exited with return code 0
[2022-09-17 07:13:25,185] {local_task_job.py:264} INFO - 1 downstream tasks scheduled from follow-on schedule check
[2022-09-20 15:32:08,130] {taskinstance.py:1032} INFO - Dependencies all met for <TaskInstance: green_taxi_data_v2.download_dataset_task scheduled__2019-06-02T06:00:00+00:00 [queued]>
[2022-09-20 15:32:08,179] {taskinstance.py:1032} INFO - Dependencies all met for <TaskInstance: green_taxi_data_v2.download_dataset_task scheduled__2019-06-02T06:00:00+00:00 [queued]>
[2022-09-20 15:32:08,179] {taskinstance.py:1238} INFO - 
--------------------------------------------------------------------------------
[2022-09-20 15:32:08,180] {taskinstance.py:1239} INFO - Starting attempt 1 of 2
[2022-09-20 15:32:08,180] {taskinstance.py:1240} INFO - 
--------------------------------------------------------------------------------
[2022-09-20 15:32:08,201] {taskinstance.py:1259} INFO - Executing <Task(BashOperator): download_dataset_task> on 2019-06-02 06:00:00+00:00
[2022-09-20 15:32:08,221] {standard_task_runner.py:52} INFO - Started process 391 to run task
[2022-09-20 15:32:08,226] {standard_task_runner.py:76} INFO - Running: ['***', 'tasks', 'run', 'green_taxi_data_v2', 'download_dataset_task', 'scheduled__2019-06-02T06:00:00+00:00', '--job-id', '57', '--raw', '--subdir', 'DAGS_FOLDER/data_ingestion_gcs_dag.py', '--cfg-path', '/tmp/tmpl9v70o2c', '--error-file', '/tmp/tmpc4nwnzrl']
[2022-09-20 15:32:08,233] {standard_task_runner.py:77} INFO - Job 57: Subtask download_dataset_task
[2022-09-20 15:32:08,410] {logging_mixin.py:109} INFO - Running <TaskInstance: green_taxi_data_v2.download_dataset_task scheduled__2019-06-02T06:00:00+00:00 [running]> on host 788dccad41b9
[2022-09-20 15:32:08,513] {warnings.py:110} WARNING - /home/***/.local/lib/python3.7/site-packages/***/utils/context.py:152: AirflowContextDeprecationWarning: Accessing 'execution_date' from the template is deprecated and will be removed in a future version. Please use 'data_interval_start' or 'logical_date' instead.
  warnings.warn(_create_deprecation_warning(key, self._deprecation_replacements[key]))

[2022-09-20 15:32:08,562] {taskinstance.py:1426} INFO - Exporting the following env vars:
AIRFLOW_CTX_DAG_OWNER=***
AIRFLOW_CTX_DAG_ID=green_taxi_data_v2
AIRFLOW_CTX_TASK_ID=download_dataset_task
AIRFLOW_CTX_EXECUTION_DATE=2019-06-02T06:00:00+00:00
AIRFLOW_CTX_DAG_RUN_ID=scheduled__2019-06-02T06:00:00+00:00
[2022-09-20 15:32:08,566] {subprocess.py:62} INFO - Tmp dir root location: 
 /tmp
[2022-09-20 15:32:08,567] {subprocess.py:74} INFO - Running command: ['bash', '-c', 'curl -sSLf https://d37ci6vzurychx.cloudfront.net/trip-data/green_tripdata_2019-06.parquet > /opt/***/green_tripdata_2019-06.parquet']
[2022-09-20 15:32:08,609] {subprocess.py:85} INFO - Output:
[2022-09-20 15:32:12,848] {subprocess.py:93} INFO - Command exited with return code 0
[2022-09-20 15:32:13,020] {taskinstance.py:1277} INFO - Marking task as SUCCESS. dag_id=green_taxi_data_v2, task_id=download_dataset_task, execution_date=20190602T060000, start_date=20220920T153208, end_date=20220920T153213
[2022-09-20 15:32:13,086] {local_task_job.py:154} INFO - Task exited with return code 0
[2022-09-20 15:32:13,136] {local_task_job.py:264} INFO - 1 downstream tasks scheduled from follow-on schedule check
[2022-09-21 01:33:45,496] {taskinstance.py:1032} INFO - Dependencies all met for <TaskInstance: green_taxi_data_v2.download_dataset_task scheduled__2019-06-02T06:00:00+00:00 [queued]>
[2022-09-21 01:33:45,512] {taskinstance.py:1032} INFO - Dependencies all met for <TaskInstance: green_taxi_data_v2.download_dataset_task scheduled__2019-06-02T06:00:00+00:00 [queued]>
[2022-09-21 01:33:45,513] {taskinstance.py:1238} INFO - 
--------------------------------------------------------------------------------
[2022-09-21 01:33:45,513] {taskinstance.py:1239} INFO - Starting attempt 1 of 2
[2022-09-21 01:33:45,513] {taskinstance.py:1240} INFO - 
--------------------------------------------------------------------------------
[2022-09-21 01:33:45,530] {taskinstance.py:1259} INFO - Executing <Task(BashOperator): download_dataset_task> on 2019-06-02 06:00:00+00:00
[2022-09-21 01:33:45,538] {standard_task_runner.py:52} INFO - Started process 27654 to run task
[2022-09-21 01:33:45,544] {standard_task_runner.py:76} INFO - Running: ['***', 'tasks', 'run', 'green_taxi_data_v2', 'download_dataset_task', 'scheduled__2019-06-02T06:00:00+00:00', '--job-id', '251', '--raw', '--subdir', 'DAGS_FOLDER/data_ingestion_gcs_dag.py', '--cfg-path', '/tmp/tmpmrbt9_cn', '--error-file', '/tmp/tmp43wkd3gu']
[2022-09-21 01:33:45,545] {standard_task_runner.py:77} INFO - Job 251: Subtask download_dataset_task
[2022-09-21 01:33:45,645] {logging_mixin.py:109} INFO - Running <TaskInstance: green_taxi_data_v2.download_dataset_task scheduled__2019-06-02T06:00:00+00:00 [running]> on host 788dccad41b9
[2022-09-21 01:33:45,714] {warnings.py:110} WARNING - /home/***/.local/lib/python3.7/site-packages/***/utils/context.py:152: AirflowContextDeprecationWarning: Accessing 'execution_date' from the template is deprecated and will be removed in a future version. Please use 'data_interval_start' or 'logical_date' instead.
  warnings.warn(_create_deprecation_warning(key, self._deprecation_replacements[key]))

[2022-09-21 01:33:45,763] {taskinstance.py:1426} INFO - Exporting the following env vars:
AIRFLOW_CTX_DAG_OWNER=***
AIRFLOW_CTX_DAG_ID=green_taxi_data_v2
AIRFLOW_CTX_TASK_ID=download_dataset_task
AIRFLOW_CTX_EXECUTION_DATE=2019-06-02T06:00:00+00:00
AIRFLOW_CTX_DAG_RUN_ID=scheduled__2019-06-02T06:00:00+00:00
[2022-09-21 01:33:45,766] {subprocess.py:62} INFO - Tmp dir root location: 
 /tmp
[2022-09-21 01:33:45,767] {subprocess.py:74} INFO - Running command: ['bash', '-c', 'curl -sSLf https://d37ci6vzurychx.cloudfront.net/trip-data/green_tripdata_2019-06.parquet > /opt/***/green_tripdata_2019-06.parquet']
[2022-09-21 01:33:45,785] {subprocess.py:85} INFO - Output:
[2022-09-21 01:33:48,606] {subprocess.py:93} INFO - Command exited with return code 0
[2022-09-21 01:33:48,654] {taskinstance.py:1277} INFO - Marking task as SUCCESS. dag_id=green_taxi_data_v2, task_id=download_dataset_task, execution_date=20190602T060000, start_date=20220921T013345, end_date=20220921T013348
[2022-09-21 01:33:48,706] {local_task_job.py:154} INFO - Task exited with return code 0
[2022-09-21 01:33:48,782] {local_task_job.py:264} INFO - 1 downstream tasks scheduled from follow-on schedule check
