[2022-09-17 07:13:27,086] {taskinstance.py:1032} INFO - Dependencies all met for <TaskInstance: green_taxi_data_v2.local_to_gcs_task scheduled__2019-06-02T06:00:00+00:00 [queued]>
[2022-09-17 07:13:27,098] {taskinstance.py:1032} INFO - Dependencies all met for <TaskInstance: green_taxi_data_v2.local_to_gcs_task scheduled__2019-06-02T06:00:00+00:00 [queued]>
[2022-09-17 07:13:27,098] {taskinstance.py:1238} INFO - 
--------------------------------------------------------------------------------
[2022-09-17 07:13:27,098] {taskinstance.py:1239} INFO - Starting attempt 1 of 2
[2022-09-17 07:13:27,098] {taskinstance.py:1240} INFO - 
--------------------------------------------------------------------------------
[2022-09-17 07:13:27,114] {taskinstance.py:1259} INFO - Executing <Task(PythonOperator): local_to_gcs_task> on 2019-06-02 06:00:00+00:00
[2022-09-17 07:13:27,119] {standard_task_runner.py:52} INFO - Started process 331 to run task
[2022-09-17 07:13:27,124] {standard_task_runner.py:76} INFO - Running: ['***', 'tasks', 'run', 'green_taxi_data_v2', 'local_to_gcs_task', 'scheduled__2019-06-02T06:00:00+00:00', '--job-id', '136', '--raw', '--subdir', 'DAGS_FOLDER/data_ingestion_gcs_dag.py', '--cfg-path', '/tmp/tmpwictilwr', '--error-file', '/tmp/tmpxdxvb3k2']
[2022-09-17 07:13:27,125] {standard_task_runner.py:77} INFO - Job 136: Subtask local_to_gcs_task
[2022-09-17 07:13:27,197] {logging_mixin.py:109} INFO - Running <TaskInstance: green_taxi_data_v2.local_to_gcs_task scheduled__2019-06-02T06:00:00+00:00 [running]> on host ea53df3427ed
[2022-09-17 07:13:27,245] {warnings.py:110} WARNING - /home/***/.local/lib/python3.7/site-packages/***/utils/context.py:152: AirflowContextDeprecationWarning: Accessing 'execution_date' from the template is deprecated and will be removed in a future version. Please use 'data_interval_start' or 'logical_date' instead.
  warnings.warn(_create_deprecation_warning(key, self._deprecation_replacements[key]))

[2022-09-17 07:13:27,267] {taskinstance.py:1426} INFO - Exporting the following env vars:
AIRFLOW_CTX_DAG_OWNER=***
AIRFLOW_CTX_DAG_ID=green_taxi_data_v2
AIRFLOW_CTX_TASK_ID=local_to_gcs_task
AIRFLOW_CTX_EXECUTION_DATE=2019-06-02T06:00:00+00:00
AIRFLOW_CTX_DAG_RUN_ID=scheduled__2019-06-02T06:00:00+00:00
[2022-09-17 07:13:28,934] {python.py:175} INFO - Done. Returned value was: None
[2022-09-17 07:13:28,949] {taskinstance.py:1277} INFO - Marking task as SUCCESS. dag_id=green_taxi_data_v2, task_id=local_to_gcs_task, execution_date=20190602T060000, start_date=20220917T071327, end_date=20220917T071328
[2022-09-17 07:13:28,984] {local_task_job.py:154} INFO - Task exited with return code 0
[2022-09-17 07:13:29,034] {local_task_job.py:264} INFO - 1 downstream tasks scheduled from follow-on schedule check
[2022-09-20 15:32:16,127] {taskinstance.py:1032} INFO - Dependencies all met for <TaskInstance: green_taxi_data_v2.local_to_gcs_task scheduled__2019-06-02T06:00:00+00:00 [queued]>
[2022-09-20 15:32:16,173] {taskinstance.py:1032} INFO - Dependencies all met for <TaskInstance: green_taxi_data_v2.local_to_gcs_task scheduled__2019-06-02T06:00:00+00:00 [queued]>
[2022-09-20 15:32:16,173] {taskinstance.py:1238} INFO - 
--------------------------------------------------------------------------------
[2022-09-20 15:32:16,173] {taskinstance.py:1239} INFO - Starting attempt 1 of 2
[2022-09-20 15:32:16,173] {taskinstance.py:1240} INFO - 
--------------------------------------------------------------------------------
[2022-09-20 15:32:16,198] {taskinstance.py:1259} INFO - Executing <Task(PythonOperator): local_to_gcs_task> on 2019-06-02 06:00:00+00:00
[2022-09-20 15:32:16,215] {standard_task_runner.py:52} INFO - Started process 427 to run task
[2022-09-20 15:32:16,244] {standard_task_runner.py:76} INFO - Running: ['***', 'tasks', 'run', 'green_taxi_data_v2', 'local_to_gcs_task', 'scheduled__2019-06-02T06:00:00+00:00', '--job-id', '66', '--raw', '--subdir', 'DAGS_FOLDER/data_ingestion_gcs_dag.py', '--cfg-path', '/tmp/tmpqgodingb', '--error-file', '/tmp/tmpq106dnki']
[2022-09-20 15:32:16,249] {standard_task_runner.py:77} INFO - Job 66: Subtask local_to_gcs_task
[2022-09-20 15:32:16,433] {logging_mixin.py:109} INFO - Running <TaskInstance: green_taxi_data_v2.local_to_gcs_task scheduled__2019-06-02T06:00:00+00:00 [running]> on host 788dccad41b9
[2022-09-20 15:32:16,528] {warnings.py:110} WARNING - /home/***/.local/lib/python3.7/site-packages/***/utils/context.py:152: AirflowContextDeprecationWarning: Accessing 'execution_date' from the template is deprecated and will be removed in a future version. Please use 'data_interval_start' or 'logical_date' instead.
  warnings.warn(_create_deprecation_warning(key, self._deprecation_replacements[key]))

[2022-09-20 15:32:16,582] {taskinstance.py:1426} INFO - Exporting the following env vars:
AIRFLOW_CTX_DAG_OWNER=***
AIRFLOW_CTX_DAG_ID=green_taxi_data_v2
AIRFLOW_CTX_TASK_ID=local_to_gcs_task
AIRFLOW_CTX_EXECUTION_DATE=2019-06-02T06:00:00+00:00
AIRFLOW_CTX_DAG_RUN_ID=scheduled__2019-06-02T06:00:00+00:00
[2022-09-20 15:32:17,298] {python.py:175} INFO - Done. Returned value was: None
[2022-09-20 15:32:17,483] {taskinstance.py:1277} INFO - Marking task as SUCCESS. dag_id=green_taxi_data_v2, task_id=local_to_gcs_task, execution_date=20190602T060000, start_date=20220920T153216, end_date=20220920T153217
[2022-09-20 15:32:17,567] {local_task_job.py:154} INFO - Task exited with return code 0
[2022-09-20 15:32:17,633] {local_task_job.py:264} INFO - 1 downstream tasks scheduled from follow-on schedule check
[2022-09-21 01:33:50,120] {taskinstance.py:1032} INFO - Dependencies all met for <TaskInstance: green_taxi_data_v2.local_to_gcs_task scheduled__2019-06-02T06:00:00+00:00 [queued]>
[2022-09-21 01:33:50,140] {taskinstance.py:1032} INFO - Dependencies all met for <TaskInstance: green_taxi_data_v2.local_to_gcs_task scheduled__2019-06-02T06:00:00+00:00 [queued]>
[2022-09-21 01:33:50,141] {taskinstance.py:1238} INFO - 
--------------------------------------------------------------------------------
[2022-09-21 01:33:50,141] {taskinstance.py:1239} INFO - Starting attempt 1 of 2
[2022-09-21 01:33:50,141] {taskinstance.py:1240} INFO - 
--------------------------------------------------------------------------------
[2022-09-21 01:33:50,161] {taskinstance.py:1259} INFO - Executing <Task(PythonOperator): local_to_gcs_task> on 2019-06-02 06:00:00+00:00
[2022-09-21 01:33:50,170] {standard_task_runner.py:52} INFO - Started process 27676 to run task
[2022-09-21 01:33:50,180] {standard_task_runner.py:76} INFO - Running: ['***', 'tasks', 'run', 'green_taxi_data_v2', 'local_to_gcs_task', 'scheduled__2019-06-02T06:00:00+00:00', '--job-id', '256', '--raw', '--subdir', 'DAGS_FOLDER/data_ingestion_gcs_dag.py', '--cfg-path', '/tmp/tmpjld_s3d3', '--error-file', '/tmp/tmpp8khvt2k']
[2022-09-21 01:33:50,182] {standard_task_runner.py:77} INFO - Job 256: Subtask local_to_gcs_task
[2022-09-21 01:33:50,279] {logging_mixin.py:109} INFO - Running <TaskInstance: green_taxi_data_v2.local_to_gcs_task scheduled__2019-06-02T06:00:00+00:00 [running]> on host 788dccad41b9
[2022-09-21 01:33:50,340] {warnings.py:110} WARNING - /home/***/.local/lib/python3.7/site-packages/***/utils/context.py:152: AirflowContextDeprecationWarning: Accessing 'execution_date' from the template is deprecated and will be removed in a future version. Please use 'data_interval_start' or 'logical_date' instead.
  warnings.warn(_create_deprecation_warning(key, self._deprecation_replacements[key]))

[2022-09-21 01:33:50,379] {taskinstance.py:1426} INFO - Exporting the following env vars:
AIRFLOW_CTX_DAG_OWNER=***
AIRFLOW_CTX_DAG_ID=green_taxi_data_v2
AIRFLOW_CTX_TASK_ID=local_to_gcs_task
AIRFLOW_CTX_EXECUTION_DATE=2019-06-02T06:00:00+00:00
AIRFLOW_CTX_DAG_RUN_ID=scheduled__2019-06-02T06:00:00+00:00
[2022-09-21 01:33:51,163] {python.py:175} INFO - Done. Returned value was: None
[2022-09-21 01:33:51,202] {taskinstance.py:1277} INFO - Marking task as SUCCESS. dag_id=green_taxi_data_v2, task_id=local_to_gcs_task, execution_date=20190602T060000, start_date=20220921T013350, end_date=20220921T013351
[2022-09-21 01:33:51,266] {local_task_job.py:154} INFO - Task exited with return code 0
[2022-09-21 01:33:51,322] {local_task_job.py:264} INFO - 1 downstream tasks scheduled from follow-on schedule check
