[2022-09-17 07:13:08,734] {taskinstance.py:1032} INFO - Dependencies all met for <TaskInstance: green_taxi_data_v2.download_dataset_task scheduled__2019-05-02T06:00:00+00:00 [queued]>
[2022-09-17 07:13:08,745] {taskinstance.py:1032} INFO - Dependencies all met for <TaskInstance: green_taxi_data_v2.download_dataset_task scheduled__2019-05-02T06:00:00+00:00 [queued]>
[2022-09-17 07:13:08,746] {taskinstance.py:1238} INFO - 
--------------------------------------------------------------------------------
[2022-09-17 07:13:08,746] {taskinstance.py:1239} INFO - Starting attempt 1 of 2
[2022-09-17 07:13:08,746] {taskinstance.py:1240} INFO - 
--------------------------------------------------------------------------------
[2022-09-17 07:13:08,765] {taskinstance.py:1259} INFO - Executing <Task(BashOperator): download_dataset_task> on 2019-05-02 06:00:00+00:00
[2022-09-17 07:13:08,772] {standard_task_runner.py:52} INFO - Started process 287 to run task
[2022-09-17 07:13:08,779] {standard_task_runner.py:76} INFO - Running: ['***', 'tasks', 'run', 'green_taxi_data_v2', 'download_dataset_task', 'scheduled__2019-05-02T06:00:00+00:00', '--job-id', '128', '--raw', '--subdir', 'DAGS_FOLDER/data_ingestion_gcs_dag.py', '--cfg-path', '/tmp/tmpc1kybk_n', '--error-file', '/tmp/tmpw686pe5u']
[2022-09-17 07:13:08,782] {standard_task_runner.py:77} INFO - Job 128: Subtask download_dataset_task
[2022-09-17 07:13:08,903] {logging_mixin.py:109} INFO - Running <TaskInstance: green_taxi_data_v2.download_dataset_task scheduled__2019-05-02T06:00:00+00:00 [running]> on host ea53df3427ed
[2022-09-17 07:13:08,972] {warnings.py:110} WARNING - /home/***/.local/lib/python3.7/site-packages/***/utils/context.py:152: AirflowContextDeprecationWarning: Accessing 'execution_date' from the template is deprecated and will be removed in a future version. Please use 'data_interval_start' or 'logical_date' instead.
  warnings.warn(_create_deprecation_warning(key, self._deprecation_replacements[key]))

[2022-09-17 07:13:09,004] {taskinstance.py:1426} INFO - Exporting the following env vars:
AIRFLOW_CTX_DAG_OWNER=***
AIRFLOW_CTX_DAG_ID=green_taxi_data_v2
AIRFLOW_CTX_TASK_ID=download_dataset_task
AIRFLOW_CTX_EXECUTION_DATE=2019-05-02T06:00:00+00:00
AIRFLOW_CTX_DAG_RUN_ID=scheduled__2019-05-02T06:00:00+00:00
[2022-09-17 07:13:09,005] {subprocess.py:62} INFO - Tmp dir root location: 
 /tmp
[2022-09-17 07:13:09,006] {subprocess.py:74} INFO - Running command: ['bash', '-c', 'curl -sSLf https://d37ci6vzurychx.cloudfront.net/trip-data/green_tripdata_2019-05.parquet > /opt/***/green_tripdata_2019-05.parquet']
[2022-09-17 07:13:09,024] {subprocess.py:85} INFO - Output:
[2022-09-17 07:13:11,227] {subprocess.py:93} INFO - Command exited with return code 0
[2022-09-17 07:13:11,256] {taskinstance.py:1277} INFO - Marking task as SUCCESS. dag_id=green_taxi_data_v2, task_id=download_dataset_task, execution_date=20190502T060000, start_date=20220917T071308, end_date=20220917T071311
[2022-09-17 07:13:11,295] {local_task_job.py:154} INFO - Task exited with return code 0
[2022-09-17 07:13:11,339] {local_task_job.py:264} INFO - 1 downstream tasks scheduled from follow-on schedule check
[2022-09-20 15:32:07,322] {taskinstance.py:1032} INFO - Dependencies all met for <TaskInstance: green_taxi_data_v2.download_dataset_task scheduled__2019-05-02T06:00:00+00:00 [queued]>
[2022-09-20 15:32:07,361] {taskinstance.py:1032} INFO - Dependencies all met for <TaskInstance: green_taxi_data_v2.download_dataset_task scheduled__2019-05-02T06:00:00+00:00 [queued]>
[2022-09-20 15:32:07,361] {taskinstance.py:1238} INFO - 
--------------------------------------------------------------------------------
[2022-09-20 15:32:07,361] {taskinstance.py:1239} INFO - Starting attempt 1 of 2
[2022-09-20 15:32:07,361] {taskinstance.py:1240} INFO - 
--------------------------------------------------------------------------------
[2022-09-20 15:32:07,401] {taskinstance.py:1259} INFO - Executing <Task(BashOperator): download_dataset_task> on 2019-05-02 06:00:00+00:00
[2022-09-20 15:32:07,421] {standard_task_runner.py:52} INFO - Started process 387 to run task
[2022-09-20 15:32:07,443] {standard_task_runner.py:76} INFO - Running: ['***', 'tasks', 'run', 'green_taxi_data_v2', 'download_dataset_task', 'scheduled__2019-05-02T06:00:00+00:00', '--job-id', '56', '--raw', '--subdir', 'DAGS_FOLDER/data_ingestion_gcs_dag.py', '--cfg-path', '/tmp/tmpj2lj65wp', '--error-file', '/tmp/tmpihgz2xtw']
[2022-09-20 15:32:07,445] {standard_task_runner.py:77} INFO - Job 56: Subtask download_dataset_task
[2022-09-20 15:32:07,580] {logging_mixin.py:109} INFO - Running <TaskInstance: green_taxi_data_v2.download_dataset_task scheduled__2019-05-02T06:00:00+00:00 [running]> on host 788dccad41b9
[2022-09-20 15:32:07,691] {warnings.py:110} WARNING - /home/***/.local/lib/python3.7/site-packages/***/utils/context.py:152: AirflowContextDeprecationWarning: Accessing 'execution_date' from the template is deprecated and will be removed in a future version. Please use 'data_interval_start' or 'logical_date' instead.
  warnings.warn(_create_deprecation_warning(key, self._deprecation_replacements[key]))

[2022-09-20 15:32:07,736] {taskinstance.py:1426} INFO - Exporting the following env vars:
AIRFLOW_CTX_DAG_OWNER=***
AIRFLOW_CTX_DAG_ID=green_taxi_data_v2
AIRFLOW_CTX_TASK_ID=download_dataset_task
AIRFLOW_CTX_EXECUTION_DATE=2019-05-02T06:00:00+00:00
AIRFLOW_CTX_DAG_RUN_ID=scheduled__2019-05-02T06:00:00+00:00
[2022-09-20 15:32:07,737] {subprocess.py:62} INFO - Tmp dir root location: 
 /tmp
[2022-09-20 15:32:07,738] {subprocess.py:74} INFO - Running command: ['bash', '-c', 'curl -sSLf https://d37ci6vzurychx.cloudfront.net/trip-data/green_tripdata_2019-05.parquet > /opt/***/green_tripdata_2019-05.parquet']
[2022-09-20 15:32:07,773] {subprocess.py:85} INFO - Output:
[2022-09-20 15:32:10,458] {subprocess.py:93} INFO - Command exited with return code 0
[2022-09-20 15:32:10,493] {taskinstance.py:1277} INFO - Marking task as SUCCESS. dag_id=green_taxi_data_v2, task_id=download_dataset_task, execution_date=20190502T060000, start_date=20220920T153207, end_date=20220920T153210
[2022-09-20 15:32:10,546] {local_task_job.py:154} INFO - Task exited with return code 0
[2022-09-20 15:32:10,610] {local_task_job.py:264} INFO - 1 downstream tasks scheduled from follow-on schedule check
[2022-09-21 01:33:33,608] {taskinstance.py:1032} INFO - Dependencies all met for <TaskInstance: green_taxi_data_v2.download_dataset_task scheduled__2019-05-02T06:00:00+00:00 [queued]>
[2022-09-21 01:33:33,621] {taskinstance.py:1032} INFO - Dependencies all met for <TaskInstance: green_taxi_data_v2.download_dataset_task scheduled__2019-05-02T06:00:00+00:00 [queued]>
[2022-09-21 01:33:33,621] {taskinstance.py:1238} INFO - 
--------------------------------------------------------------------------------
[2022-09-21 01:33:33,622] {taskinstance.py:1239} INFO - Starting attempt 1 of 2
[2022-09-21 01:33:33,622] {taskinstance.py:1240} INFO - 
--------------------------------------------------------------------------------
[2022-09-21 01:33:33,635] {taskinstance.py:1259} INFO - Executing <Task(BashOperator): download_dataset_task> on 2019-05-02 06:00:00+00:00
[2022-09-21 01:33:33,641] {standard_task_runner.py:52} INFO - Started process 27606 to run task
[2022-09-21 01:33:33,648] {standard_task_runner.py:76} INFO - Running: ['***', 'tasks', 'run', 'green_taxi_data_v2', 'download_dataset_task', 'scheduled__2019-05-02T06:00:00+00:00', '--job-id', '243', '--raw', '--subdir', 'DAGS_FOLDER/data_ingestion_gcs_dag.py', '--cfg-path', '/tmp/tmppmfdnuv6', '--error-file', '/tmp/tmp8bm932qw']
[2022-09-21 01:33:33,649] {standard_task_runner.py:77} INFO - Job 243: Subtask download_dataset_task
[2022-09-21 01:33:33,724] {logging_mixin.py:109} INFO - Running <TaskInstance: green_taxi_data_v2.download_dataset_task scheduled__2019-05-02T06:00:00+00:00 [running]> on host 788dccad41b9
[2022-09-21 01:33:33,778] {warnings.py:110} WARNING - /home/***/.local/lib/python3.7/site-packages/***/utils/context.py:152: AirflowContextDeprecationWarning: Accessing 'execution_date' from the template is deprecated and will be removed in a future version. Please use 'data_interval_start' or 'logical_date' instead.
  warnings.warn(_create_deprecation_warning(key, self._deprecation_replacements[key]))

[2022-09-21 01:33:33,805] {taskinstance.py:1426} INFO - Exporting the following env vars:
AIRFLOW_CTX_DAG_OWNER=***
AIRFLOW_CTX_DAG_ID=green_taxi_data_v2
AIRFLOW_CTX_TASK_ID=download_dataset_task
AIRFLOW_CTX_EXECUTION_DATE=2019-05-02T06:00:00+00:00
AIRFLOW_CTX_DAG_RUN_ID=scheduled__2019-05-02T06:00:00+00:00
[2022-09-21 01:33:33,806] {subprocess.py:62} INFO - Tmp dir root location: 
 /tmp
[2022-09-21 01:33:33,807] {subprocess.py:74} INFO - Running command: ['bash', '-c', 'curl -sSLf https://d37ci6vzurychx.cloudfront.net/trip-data/green_tripdata_2019-05.parquet > /opt/***/green_tripdata_2019-05.parquet']
[2022-09-21 01:33:33,821] {subprocess.py:85} INFO - Output:
[2022-09-21 01:33:36,496] {subprocess.py:93} INFO - Command exited with return code 0
[2022-09-21 01:33:36,525] {taskinstance.py:1277} INFO - Marking task as SUCCESS. dag_id=green_taxi_data_v2, task_id=download_dataset_task, execution_date=20190502T060000, start_date=20220921T013333, end_date=20220921T013336
[2022-09-21 01:33:36,561] {local_task_job.py:154} INFO - Task exited with return code 0
[2022-09-21 01:33:36,607] {local_task_job.py:264} INFO - 1 downstream tasks scheduled from follow-on schedule check
