[2022-09-17 07:15:35,656] {taskinstance.py:1032} INFO - Dependencies all met for <TaskInstance: green_taxi_data_v2.download_dataset_task scheduled__2020-10-02T06:00:00+00:00 [queued]>
[2022-09-17 07:15:35,673] {taskinstance.py:1032} INFO - Dependencies all met for <TaskInstance: green_taxi_data_v2.download_dataset_task scheduled__2020-10-02T06:00:00+00:00 [queued]>
[2022-09-17 07:15:35,673] {taskinstance.py:1238} INFO - 
--------------------------------------------------------------------------------
[2022-09-17 07:15:35,673] {taskinstance.py:1239} INFO - Starting attempt 1 of 2
[2022-09-17 07:15:35,673] {taskinstance.py:1240} INFO - 
--------------------------------------------------------------------------------
[2022-09-17 07:15:35,693] {taskinstance.py:1259} INFO - Executing <Task(BashOperator): download_dataset_task> on 2020-10-02 06:00:00+00:00
[2022-09-17 07:15:35,706] {standard_task_runner.py:52} INFO - Started process 626 to run task
[2022-09-17 07:15:35,714] {standard_task_runner.py:76} INFO - Running: ['***', 'tasks', 'run', 'green_taxi_data_v2', 'download_dataset_task', 'scheduled__2020-10-02T06:00:00+00:00', '--job-id', '181', '--raw', '--subdir', 'DAGS_FOLDER/data_ingestion_gcs_dag.py', '--cfg-path', '/tmp/tmpn6ov0wfb', '--error-file', '/tmp/tmp_gd3a2x8']
[2022-09-17 07:15:35,715] {standard_task_runner.py:77} INFO - Job 181: Subtask download_dataset_task
[2022-09-17 07:15:35,807] {logging_mixin.py:109} INFO - Running <TaskInstance: green_taxi_data_v2.download_dataset_task scheduled__2020-10-02T06:00:00+00:00 [running]> on host ea53df3427ed
[2022-09-17 07:15:35,868] {warnings.py:110} WARNING - /home/***/.local/lib/python3.7/site-packages/***/utils/context.py:152: AirflowContextDeprecationWarning: Accessing 'execution_date' from the template is deprecated and will be removed in a future version. Please use 'data_interval_start' or 'logical_date' instead.
  warnings.warn(_create_deprecation_warning(key, self._deprecation_replacements[key]))

[2022-09-17 07:15:35,901] {taskinstance.py:1426} INFO - Exporting the following env vars:
AIRFLOW_CTX_DAG_OWNER=***
AIRFLOW_CTX_DAG_ID=green_taxi_data_v2
AIRFLOW_CTX_TASK_ID=download_dataset_task
AIRFLOW_CTX_EXECUTION_DATE=2020-10-02T06:00:00+00:00
AIRFLOW_CTX_DAG_RUN_ID=scheduled__2020-10-02T06:00:00+00:00
[2022-09-17 07:15:35,903] {subprocess.py:62} INFO - Tmp dir root location: 
 /tmp
[2022-09-17 07:15:35,903] {subprocess.py:74} INFO - Running command: ['bash', '-c', 'curl -sSLf https://d37ci6vzurychx.cloudfront.net/trip-data/green_tripdata_2020-10.parquet > /opt/***/green_tripdata_2020-10.parquet']
[2022-09-17 07:15:35,919] {subprocess.py:85} INFO - Output:
[2022-09-17 07:15:38,150] {subprocess.py:93} INFO - Command exited with return code 0
[2022-09-17 07:15:38,183] {taskinstance.py:1277} INFO - Marking task as SUCCESS. dag_id=green_taxi_data_v2, task_id=download_dataset_task, execution_date=20201002T060000, start_date=20220917T071535, end_date=20220917T071538
[2022-09-17 07:15:38,213] {local_task_job.py:154} INFO - Task exited with return code 0
[2022-09-17 07:15:38,260] {local_task_job.py:264} INFO - 1 downstream tasks scheduled from follow-on schedule check
[2022-09-20 15:35:29,740] {taskinstance.py:1032} INFO - Dependencies all met for <TaskInstance: green_taxi_data_v2.download_dataset_task scheduled__2020-10-02T06:00:00+00:00 [queued]>
[2022-09-20 15:35:29,756] {taskinstance.py:1032} INFO - Dependencies all met for <TaskInstance: green_taxi_data_v2.download_dataset_task scheduled__2020-10-02T06:00:00+00:00 [queued]>
[2022-09-20 15:35:29,757] {taskinstance.py:1238} INFO - 
--------------------------------------------------------------------------------
[2022-09-20 15:35:29,757] {taskinstance.py:1239} INFO - Starting attempt 1 of 2
[2022-09-20 15:35:29,757] {taskinstance.py:1240} INFO - 
--------------------------------------------------------------------------------
[2022-09-20 15:35:29,776] {taskinstance.py:1259} INFO - Executing <Task(BashOperator): download_dataset_task> on 2020-10-02 06:00:00+00:00
[2022-09-20 15:35:29,784] {standard_task_runner.py:52} INFO - Started process 1030 to run task
[2022-09-20 15:35:29,796] {standard_task_runner.py:76} INFO - Running: ['***', 'tasks', 'run', 'green_taxi_data_v2', 'download_dataset_task', 'scheduled__2020-10-02T06:00:00+00:00', '--job-id', '172', '--raw', '--subdir', 'DAGS_FOLDER/data_ingestion_gcs_dag.py', '--cfg-path', '/tmp/tmp48vd1x6o', '--error-file', '/tmp/tmpaxx4dmej']
[2022-09-20 15:35:29,797] {standard_task_runner.py:77} INFO - Job 172: Subtask download_dataset_task
[2022-09-20 15:35:29,891] {logging_mixin.py:109} INFO - Running <TaskInstance: green_taxi_data_v2.download_dataset_task scheduled__2020-10-02T06:00:00+00:00 [running]> on host 788dccad41b9
[2022-09-20 15:35:29,961] {warnings.py:110} WARNING - /home/***/.local/lib/python3.7/site-packages/***/utils/context.py:152: AirflowContextDeprecationWarning: Accessing 'execution_date' from the template is deprecated and will be removed in a future version. Please use 'data_interval_start' or 'logical_date' instead.
  warnings.warn(_create_deprecation_warning(key, self._deprecation_replacements[key]))

[2022-09-20 15:35:29,995] {taskinstance.py:1426} INFO - Exporting the following env vars:
AIRFLOW_CTX_DAG_OWNER=***
AIRFLOW_CTX_DAG_ID=green_taxi_data_v2
AIRFLOW_CTX_TASK_ID=download_dataset_task
AIRFLOW_CTX_EXECUTION_DATE=2020-10-02T06:00:00+00:00
AIRFLOW_CTX_DAG_RUN_ID=scheduled__2020-10-02T06:00:00+00:00
[2022-09-20 15:35:29,997] {subprocess.py:62} INFO - Tmp dir root location: 
 /tmp
[2022-09-20 15:35:29,998] {subprocess.py:74} INFO - Running command: ['bash', '-c', 'curl -sSLf https://d37ci6vzurychx.cloudfront.net/trip-data/green_tripdata_2020-10.parquet > /opt/***/green_tripdata_2020-10.parquet']
[2022-09-20 15:35:30,016] {subprocess.py:85} INFO - Output:
[2022-09-20 15:35:32,052] {subprocess.py:93} INFO - Command exited with return code 0
[2022-09-20 15:35:32,087] {taskinstance.py:1277} INFO - Marking task as SUCCESS. dag_id=green_taxi_data_v2, task_id=download_dataset_task, execution_date=20201002T060000, start_date=20220920T153529, end_date=20220920T153532
[2022-09-20 15:35:32,141] {local_task_job.py:154} INFO - Task exited with return code 0
[2022-09-20 15:35:32,195] {local_task_job.py:264} INFO - 1 downstream tasks scheduled from follow-on schedule check
[2022-09-21 01:36:49,041] {taskinstance.py:1032} INFO - Dependencies all met for <TaskInstance: green_taxi_data_v2.download_dataset_task scheduled__2020-10-02T06:00:00+00:00 [queued]>
[2022-09-21 01:36:49,053] {taskinstance.py:1032} INFO - Dependencies all met for <TaskInstance: green_taxi_data_v2.download_dataset_task scheduled__2020-10-02T06:00:00+00:00 [queued]>
[2022-09-21 01:36:49,053] {taskinstance.py:1238} INFO - 
--------------------------------------------------------------------------------
[2022-09-21 01:36:49,053] {taskinstance.py:1239} INFO - Starting attempt 1 of 2
[2022-09-21 01:36:49,054] {taskinstance.py:1240} INFO - 
--------------------------------------------------------------------------------
[2022-09-21 01:36:49,085] {taskinstance.py:1259} INFO - Executing <Task(BashOperator): download_dataset_task> on 2020-10-02 06:00:00+00:00
[2022-09-21 01:36:49,092] {standard_task_runner.py:52} INFO - Started process 28224 to run task
[2022-09-21 01:36:49,100] {standard_task_runner.py:76} INFO - Running: ['***', 'tasks', 'run', 'green_taxi_data_v2', 'download_dataset_task', 'scheduled__2020-10-02T06:00:00+00:00', '--job-id', '354', '--raw', '--subdir', 'DAGS_FOLDER/data_ingestion_gcs_dag.py', '--cfg-path', '/tmp/tmpqhkxuz2r', '--error-file', '/tmp/tmppr3i2rt5']
[2022-09-21 01:36:49,102] {standard_task_runner.py:77} INFO - Job 354: Subtask download_dataset_task
[2022-09-21 01:36:49,185] {logging_mixin.py:109} INFO - Running <TaskInstance: green_taxi_data_v2.download_dataset_task scheduled__2020-10-02T06:00:00+00:00 [running]> on host 788dccad41b9
[2022-09-21 01:36:49,248] {warnings.py:110} WARNING - /home/***/.local/lib/python3.7/site-packages/***/utils/context.py:152: AirflowContextDeprecationWarning: Accessing 'execution_date' from the template is deprecated and will be removed in a future version. Please use 'data_interval_start' or 'logical_date' instead.
  warnings.warn(_create_deprecation_warning(key, self._deprecation_replacements[key]))

[2022-09-21 01:36:49,274] {taskinstance.py:1426} INFO - Exporting the following env vars:
AIRFLOW_CTX_DAG_OWNER=***
AIRFLOW_CTX_DAG_ID=green_taxi_data_v2
AIRFLOW_CTX_TASK_ID=download_dataset_task
AIRFLOW_CTX_EXECUTION_DATE=2020-10-02T06:00:00+00:00
AIRFLOW_CTX_DAG_RUN_ID=scheduled__2020-10-02T06:00:00+00:00
[2022-09-21 01:36:49,275] {subprocess.py:62} INFO - Tmp dir root location: 
 /tmp
[2022-09-21 01:36:49,276] {subprocess.py:74} INFO - Running command: ['bash', '-c', 'curl -sSLf https://d37ci6vzurychx.cloudfront.net/trip-data/green_tripdata_2020-10.parquet > /opt/***/green_tripdata_2020-10.parquet']
[2022-09-21 01:36:49,293] {subprocess.py:85} INFO - Output:
[2022-09-21 01:36:50,971] {subprocess.py:93} INFO - Command exited with return code 0
[2022-09-21 01:36:51,004] {taskinstance.py:1277} INFO - Marking task as SUCCESS. dag_id=green_taxi_data_v2, task_id=download_dataset_task, execution_date=20201002T060000, start_date=20220921T013649, end_date=20220921T013651
[2022-09-21 01:36:51,043] {local_task_job.py:154} INFO - Task exited with return code 0
[2022-09-21 01:36:51,092] {local_task_job.py:264} INFO - 1 downstream tasks scheduled from follow-on schedule check
