[2022-09-17 07:15:17,723] {taskinstance.py:1032} INFO - Dependencies all met for <TaskInstance: green_taxi_data_v2.local_to_gcs_task scheduled__2020-09-02T06:00:00+00:00 [queued]>
[2022-09-17 07:15:17,738] {taskinstance.py:1032} INFO - Dependencies all met for <TaskInstance: green_taxi_data_v2.local_to_gcs_task scheduled__2020-09-02T06:00:00+00:00 [queued]>
[2022-09-17 07:15:17,738] {taskinstance.py:1238} INFO - 
--------------------------------------------------------------------------------
[2022-09-17 07:15:17,738] {taskinstance.py:1239} INFO - Starting attempt 1 of 2
[2022-09-17 07:15:17,738] {taskinstance.py:1240} INFO - 
--------------------------------------------------------------------------------
[2022-09-17 07:15:17,752] {taskinstance.py:1259} INFO - Executing <Task(PythonOperator): local_to_gcs_task> on 2020-09-02 06:00:00+00:00
[2022-09-17 07:15:17,759] {standard_task_runner.py:52} INFO - Started process 594 to run task
[2022-09-17 07:15:17,770] {standard_task_runner.py:76} INFO - Running: ['***', 'tasks', 'run', 'green_taxi_data_v2', 'local_to_gcs_task', 'scheduled__2020-09-02T06:00:00+00:00', '--job-id', '177', '--raw', '--subdir', 'DAGS_FOLDER/data_ingestion_gcs_dag.py', '--cfg-path', '/tmp/tmpgqjyht4z', '--error-file', '/tmp/tmp78gh7ja2']
[2022-09-17 07:15:17,771] {standard_task_runner.py:77} INFO - Job 177: Subtask local_to_gcs_task
[2022-09-17 07:15:17,868] {logging_mixin.py:109} INFO - Running <TaskInstance: green_taxi_data_v2.local_to_gcs_task scheduled__2020-09-02T06:00:00+00:00 [running]> on host ea53df3427ed
[2022-09-17 07:15:17,943] {warnings.py:110} WARNING - /home/***/.local/lib/python3.7/site-packages/***/utils/context.py:152: AirflowContextDeprecationWarning: Accessing 'execution_date' from the template is deprecated and will be removed in a future version. Please use 'data_interval_start' or 'logical_date' instead.
  warnings.warn(_create_deprecation_warning(key, self._deprecation_replacements[key]))

[2022-09-17 07:15:17,975] {taskinstance.py:1426} INFO - Exporting the following env vars:
AIRFLOW_CTX_DAG_OWNER=***
AIRFLOW_CTX_DAG_ID=green_taxi_data_v2
AIRFLOW_CTX_TASK_ID=local_to_gcs_task
AIRFLOW_CTX_EXECUTION_DATE=2020-09-02T06:00:00+00:00
AIRFLOW_CTX_DAG_RUN_ID=scheduled__2020-09-02T06:00:00+00:00
[2022-09-17 07:15:19,040] {python.py:175} INFO - Done. Returned value was: None
[2022-09-17 07:15:19,057] {taskinstance.py:1277} INFO - Marking task as SUCCESS. dag_id=green_taxi_data_v2, task_id=local_to_gcs_task, execution_date=20200902T060000, start_date=20220917T071517, end_date=20220917T071519
[2022-09-17 07:15:19,102] {local_task_job.py:154} INFO - Task exited with return code 0
[2022-09-17 07:15:19,153] {local_task_job.py:264} INFO - 1 downstream tasks scheduled from follow-on schedule check
[2022-09-20 15:35:13,627] {taskinstance.py:1032} INFO - Dependencies all met for <TaskInstance: green_taxi_data_v2.local_to_gcs_task scheduled__2020-09-02T06:00:00+00:00 [queued]>
[2022-09-20 15:35:13,651] {taskinstance.py:1032} INFO - Dependencies all met for <TaskInstance: green_taxi_data_v2.local_to_gcs_task scheduled__2020-09-02T06:00:00+00:00 [queued]>
[2022-09-20 15:35:13,651] {taskinstance.py:1238} INFO - 
--------------------------------------------------------------------------------
[2022-09-20 15:35:13,652] {taskinstance.py:1239} INFO - Starting attempt 1 of 2
[2022-09-20 15:35:13,652] {taskinstance.py:1240} INFO - 
--------------------------------------------------------------------------------
[2022-09-20 15:35:13,684] {taskinstance.py:1259} INFO - Executing <Task(PythonOperator): local_to_gcs_task> on 2020-09-02 06:00:00+00:00
[2022-09-20 15:35:13,697] {standard_task_runner.py:52} INFO - Started process 978 to run task
[2022-09-20 15:35:13,705] {standard_task_runner.py:76} INFO - Running: ['***', 'tasks', 'run', 'green_taxi_data_v2', 'local_to_gcs_task', 'scheduled__2020-09-02T06:00:00+00:00', '--job-id', '162', '--raw', '--subdir', 'DAGS_FOLDER/data_ingestion_gcs_dag.py', '--cfg-path', '/tmp/tmp6wppjvzv', '--error-file', '/tmp/tmplbn_lyw6']
[2022-09-20 15:35:13,707] {standard_task_runner.py:77} INFO - Job 162: Subtask local_to_gcs_task
[2022-09-20 15:35:13,811] {logging_mixin.py:109} INFO - Running <TaskInstance: green_taxi_data_v2.local_to_gcs_task scheduled__2020-09-02T06:00:00+00:00 [running]> on host 788dccad41b9
[2022-09-20 15:35:13,893] {warnings.py:110} WARNING - /home/***/.local/lib/python3.7/site-packages/***/utils/context.py:152: AirflowContextDeprecationWarning: Accessing 'execution_date' from the template is deprecated and will be removed in a future version. Please use 'data_interval_start' or 'logical_date' instead.
  warnings.warn(_create_deprecation_warning(key, self._deprecation_replacements[key]))

[2022-09-20 15:35:13,930] {taskinstance.py:1426} INFO - Exporting the following env vars:
AIRFLOW_CTX_DAG_OWNER=***
AIRFLOW_CTX_DAG_ID=green_taxi_data_v2
AIRFLOW_CTX_TASK_ID=local_to_gcs_task
AIRFLOW_CTX_EXECUTION_DATE=2020-09-02T06:00:00+00:00
AIRFLOW_CTX_DAG_RUN_ID=scheduled__2020-09-02T06:00:00+00:00
[2022-09-20 15:35:14,201] {python.py:175} INFO - Done. Returned value was: None
[2022-09-20 15:35:14,222] {taskinstance.py:1277} INFO - Marking task as SUCCESS. dag_id=green_taxi_data_v2, task_id=local_to_gcs_task, execution_date=20200902T060000, start_date=20220920T153513, end_date=20220920T153514
[2022-09-20 15:35:14,291] {local_task_job.py:154} INFO - Task exited with return code 0
[2022-09-20 15:35:14,380] {local_task_job.py:264} INFO - 1 downstream tasks scheduled from follow-on schedule check
[2022-09-21 01:36:44,935] {taskinstance.py:1032} INFO - Dependencies all met for <TaskInstance: green_taxi_data_v2.local_to_gcs_task scheduled__2020-09-02T06:00:00+00:00 [queued]>
[2022-09-21 01:36:44,947] {taskinstance.py:1032} INFO - Dependencies all met for <TaskInstance: green_taxi_data_v2.local_to_gcs_task scheduled__2020-09-02T06:00:00+00:00 [queued]>
[2022-09-21 01:36:44,948] {taskinstance.py:1238} INFO - 
--------------------------------------------------------------------------------
[2022-09-21 01:36:44,948] {taskinstance.py:1239} INFO - Starting attempt 1 of 2
[2022-09-21 01:36:44,948] {taskinstance.py:1240} INFO - 
--------------------------------------------------------------------------------
[2022-09-21 01:36:44,964] {taskinstance.py:1259} INFO - Executing <Task(PythonOperator): local_to_gcs_task> on 2020-09-02 06:00:00+00:00
[2022-09-21 01:36:44,973] {standard_task_runner.py:52} INFO - Started process 28208 to run task
[2022-09-21 01:36:44,978] {standard_task_runner.py:76} INFO - Running: ['***', 'tasks', 'run', 'green_taxi_data_v2', 'local_to_gcs_task', 'scheduled__2020-09-02T06:00:00+00:00', '--job-id', '349', '--raw', '--subdir', 'DAGS_FOLDER/data_ingestion_gcs_dag.py', '--cfg-path', '/tmp/tmp72mubaru', '--error-file', '/tmp/tmpjnmze5mv']
[2022-09-21 01:36:44,980] {standard_task_runner.py:77} INFO - Job 349: Subtask local_to_gcs_task
[2022-09-21 01:36:45,067] {logging_mixin.py:109} INFO - Running <TaskInstance: green_taxi_data_v2.local_to_gcs_task scheduled__2020-09-02T06:00:00+00:00 [running]> on host 788dccad41b9
[2022-09-21 01:36:45,132] {warnings.py:110} WARNING - /home/***/.local/lib/python3.7/site-packages/***/utils/context.py:152: AirflowContextDeprecationWarning: Accessing 'execution_date' from the template is deprecated and will be removed in a future version. Please use 'data_interval_start' or 'logical_date' instead.
  warnings.warn(_create_deprecation_warning(key, self._deprecation_replacements[key]))

[2022-09-21 01:36:45,162] {taskinstance.py:1426} INFO - Exporting the following env vars:
AIRFLOW_CTX_DAG_OWNER=***
AIRFLOW_CTX_DAG_ID=green_taxi_data_v2
AIRFLOW_CTX_TASK_ID=local_to_gcs_task
AIRFLOW_CTX_EXECUTION_DATE=2020-09-02T06:00:00+00:00
AIRFLOW_CTX_DAG_RUN_ID=scheduled__2020-09-02T06:00:00+00:00
[2022-09-21 01:36:45,414] {python.py:175} INFO - Done. Returned value was: None
[2022-09-21 01:36:45,431] {taskinstance.py:1277} INFO - Marking task as SUCCESS. dag_id=green_taxi_data_v2, task_id=local_to_gcs_task, execution_date=20200902T060000, start_date=20220921T013644, end_date=20220921T013645
[2022-09-21 01:36:45,471] {local_task_job.py:154} INFO - Task exited with return code 0
[2022-09-21 01:36:45,525] {local_task_job.py:264} INFO - 1 downstream tasks scheduled from follow-on schedule check
