[2022-09-17 06:06:01,903] {taskinstance.py:1032} INFO - Dependencies all met for <TaskInstance: yellow_taxi_data_v2.rm_task scheduled__2019-11-02T06:00:00+00:00 [queued]>
[2022-09-17 06:06:01,914] {taskinstance.py:1032} INFO - Dependencies all met for <TaskInstance: yellow_taxi_data_v2.rm_task scheduled__2019-11-02T06:00:00+00:00 [queued]>
[2022-09-17 06:06:01,914] {taskinstance.py:1238} INFO - 
--------------------------------------------------------------------------------
[2022-09-17 06:06:01,914] {taskinstance.py:1239} INFO - Starting attempt 1 of 2
[2022-09-17 06:06:01,914] {taskinstance.py:1240} INFO - 
--------------------------------------------------------------------------------
[2022-09-17 06:06:01,927] {taskinstance.py:1259} INFO - Executing <Task(BashOperator): rm_task> on 2019-11-02 06:00:00+00:00
[2022-09-17 06:06:01,933] {standard_task_runner.py:52} INFO - Started process 5142 to run task
[2022-09-17 06:06:01,938] {standard_task_runner.py:76} INFO - Running: ['***', 'tasks', 'run', 'yellow_taxi_data_v2', 'rm_task', 'scheduled__2019-11-02T06:00:00+00:00', '--job-id', '41', '--raw', '--subdir', 'DAGS_FOLDER/data_ingestion_gcs_dag.py', '--cfg-path', '/tmp/tmpwm45m3g7', '--error-file', '/tmp/tmpfanqa03g']
[2022-09-17 06:06:01,939] {standard_task_runner.py:77} INFO - Job 41: Subtask rm_task
[2022-09-17 06:06:02,006] {logging_mixin.py:109} INFO - Running <TaskInstance: yellow_taxi_data_v2.rm_task scheduled__2019-11-02T06:00:00+00:00 [running]> on host 10d063af5ba7
[2022-09-17 06:06:02,053] {warnings.py:110} WARNING - /home/***/.local/lib/python3.7/site-packages/***/utils/context.py:152: AirflowContextDeprecationWarning: Accessing 'execution_date' from the template is deprecated and will be removed in a future version. Please use 'data_interval_start' or 'logical_date' instead.
  warnings.warn(_create_deprecation_warning(key, self._deprecation_replacements[key]))

[2022-09-17 06:06:02,077] {taskinstance.py:1426} INFO - Exporting the following env vars:
AIRFLOW_CTX_DAG_OWNER=***
AIRFLOW_CTX_DAG_ID=yellow_taxi_data_v2
AIRFLOW_CTX_TASK_ID=rm_task
AIRFLOW_CTX_EXECUTION_DATE=2019-11-02T06:00:00+00:00
AIRFLOW_CTX_DAG_RUN_ID=scheduled__2019-11-02T06:00:00+00:00
[2022-09-17 06:06:02,078] {subprocess.py:62} INFO - Tmp dir root location: 
 /tmp
[2022-09-17 06:06:02,078] {subprocess.py:74} INFO - Running command: ['bash', '-c', 'rm /opt/***/yellow_tripdata_2019-11.parquet']
[2022-09-17 06:06:02,096] {subprocess.py:85} INFO - Output:
[2022-09-17 06:06:02,126] {subprocess.py:93} INFO - Command exited with return code 0
[2022-09-17 06:06:02,158] {taskinstance.py:1277} INFO - Marking task as SUCCESS. dag_id=yellow_taxi_data_v2, task_id=rm_task, execution_date=20191102T060000, start_date=20220917T060601, end_date=20220917T060602
[2022-09-17 06:06:02,190] {local_task_job.py:154} INFO - Task exited with return code 0
[2022-09-17 06:06:02,258] {local_task_job.py:264} INFO - 0 downstream tasks scheduled from follow-on schedule check
[2022-09-20 15:33:37,208] {taskinstance.py:1032} INFO - Dependencies all met for <TaskInstance: yellow_taxi_data_v2.rm_task scheduled__2019-11-02T06:00:00+00:00 [queued]>
[2022-09-20 15:33:37,225] {taskinstance.py:1032} INFO - Dependencies all met for <TaskInstance: yellow_taxi_data_v2.rm_task scheduled__2019-11-02T06:00:00+00:00 [queued]>
[2022-09-20 15:33:37,226] {taskinstance.py:1238} INFO - 
--------------------------------------------------------------------------------
[2022-09-20 15:33:37,226] {taskinstance.py:1239} INFO - Starting attempt 1 of 2
[2022-09-20 15:33:37,226] {taskinstance.py:1240} INFO - 
--------------------------------------------------------------------------------
[2022-09-20 15:33:37,246] {taskinstance.py:1259} INFO - Executing <Task(BashOperator): rm_task> on 2019-11-02 06:00:00+00:00
[2022-09-20 15:33:37,254] {standard_task_runner.py:52} INFO - Started process 692 to run task
[2022-09-20 15:33:37,260] {standard_task_runner.py:76} INFO - Running: ['***', 'tasks', 'run', 'yellow_taxi_data_v2', 'rm_task', 'scheduled__2019-11-02T06:00:00+00:00', '--job-id', '114', '--raw', '--subdir', 'DAGS_FOLDER/data_ingestion_gcs_dag.py', '--cfg-path', '/tmp/tmp3c74exiq', '--error-file', '/tmp/tmp47xc_3j5']
[2022-09-20 15:33:37,261] {standard_task_runner.py:77} INFO - Job 114: Subtask rm_task
[2022-09-20 15:33:37,347] {logging_mixin.py:109} INFO - Running <TaskInstance: yellow_taxi_data_v2.rm_task scheduled__2019-11-02T06:00:00+00:00 [running]> on host 788dccad41b9
[2022-09-20 15:33:37,415] {warnings.py:110} WARNING - /home/***/.local/lib/python3.7/site-packages/***/utils/context.py:152: AirflowContextDeprecationWarning: Accessing 'execution_date' from the template is deprecated and will be removed in a future version. Please use 'data_interval_start' or 'logical_date' instead.
  warnings.warn(_create_deprecation_warning(key, self._deprecation_replacements[key]))

[2022-09-20 15:33:37,441] {taskinstance.py:1426} INFO - Exporting the following env vars:
AIRFLOW_CTX_DAG_OWNER=***
AIRFLOW_CTX_DAG_ID=yellow_taxi_data_v2
AIRFLOW_CTX_TASK_ID=rm_task
AIRFLOW_CTX_EXECUTION_DATE=2019-11-02T06:00:00+00:00
AIRFLOW_CTX_DAG_RUN_ID=scheduled__2019-11-02T06:00:00+00:00
[2022-09-20 15:33:37,443] {subprocess.py:62} INFO - Tmp dir root location: 
 /tmp
[2022-09-20 15:33:37,443] {subprocess.py:74} INFO - Running command: ['bash', '-c', 'rm /opt/***/yellow_tripdata_2019-11.parquet']
[2022-09-20 15:33:37,461] {subprocess.py:85} INFO - Output:
[2022-09-20 15:33:37,496] {subprocess.py:93} INFO - Command exited with return code 0
[2022-09-20 15:33:37,585] {taskinstance.py:1277} INFO - Marking task as SUCCESS. dag_id=yellow_taxi_data_v2, task_id=rm_task, execution_date=20191102T060000, start_date=20220920T153337, end_date=20220920T153337
[2022-09-20 15:33:37,634] {local_task_job.py:154} INFO - Task exited with return code 0
[2022-09-20 15:33:37,678] {local_task_job.py:264} INFO - 0 downstream tasks scheduled from follow-on schedule check
[2022-09-21 01:34:28,123] {taskinstance.py:1032} INFO - Dependencies all met for <TaskInstance: yellow_taxi_data_v2.rm_task scheduled__2019-11-02T06:00:00+00:00 [queued]>
[2022-09-21 01:34:28,136] {taskinstance.py:1032} INFO - Dependencies all met for <TaskInstance: yellow_taxi_data_v2.rm_task scheduled__2019-11-02T06:00:00+00:00 [queued]>
[2022-09-21 01:34:28,136] {taskinstance.py:1238} INFO - 
--------------------------------------------------------------------------------
[2022-09-21 01:34:28,136] {taskinstance.py:1239} INFO - Starting attempt 1 of 2
[2022-09-21 01:34:28,136] {taskinstance.py:1240} INFO - 
--------------------------------------------------------------------------------
[2022-09-21 01:34:28,149] {taskinstance.py:1259} INFO - Executing <Task(BashOperator): rm_task> on 2019-11-02 06:00:00+00:00
[2022-09-21 01:34:28,156] {standard_task_runner.py:52} INFO - Started process 27791 to run task
[2022-09-21 01:34:28,162] {standard_task_runner.py:76} INFO - Running: ['***', 'tasks', 'run', 'yellow_taxi_data_v2', 'rm_task', 'scheduled__2019-11-02T06:00:00+00:00', '--job-id', '277', '--raw', '--subdir', 'DAGS_FOLDER/data_ingestion_gcs_dag.py', '--cfg-path', '/tmp/tmpnddbo5mz', '--error-file', '/tmp/tmpo4qywt5i']
[2022-09-21 01:34:28,163] {standard_task_runner.py:77} INFO - Job 277: Subtask rm_task
[2022-09-21 01:34:28,257] {logging_mixin.py:109} INFO - Running <TaskInstance: yellow_taxi_data_v2.rm_task scheduled__2019-11-02T06:00:00+00:00 [running]> on host 788dccad41b9
[2022-09-21 01:34:28,326] {warnings.py:110} WARNING - /home/***/.local/lib/python3.7/site-packages/***/utils/context.py:152: AirflowContextDeprecationWarning: Accessing 'execution_date' from the template is deprecated and will be removed in a future version. Please use 'data_interval_start' or 'logical_date' instead.
  warnings.warn(_create_deprecation_warning(key, self._deprecation_replacements[key]))

[2022-09-21 01:34:28,358] {taskinstance.py:1426} INFO - Exporting the following env vars:
AIRFLOW_CTX_DAG_OWNER=***
AIRFLOW_CTX_DAG_ID=yellow_taxi_data_v2
AIRFLOW_CTX_TASK_ID=rm_task
AIRFLOW_CTX_EXECUTION_DATE=2019-11-02T06:00:00+00:00
AIRFLOW_CTX_DAG_RUN_ID=scheduled__2019-11-02T06:00:00+00:00
[2022-09-21 01:34:28,359] {subprocess.py:62} INFO - Tmp dir root location: 
 /tmp
[2022-09-21 01:34:28,360] {subprocess.py:74} INFO - Running command: ['bash', '-c', 'rm /opt/***/yellow_tripdata_2019-11.parquet']
[2022-09-21 01:34:28,376] {subprocess.py:85} INFO - Output:
[2022-09-21 01:34:28,407] {subprocess.py:93} INFO - Command exited with return code 0
[2022-09-21 01:34:28,479] {taskinstance.py:1277} INFO - Marking task as SUCCESS. dag_id=yellow_taxi_data_v2, task_id=rm_task, execution_date=20191102T060000, start_date=20220921T013428, end_date=20220921T013428
[2022-09-21 01:34:28,537] {local_task_job.py:154} INFO - Task exited with return code 0
[2022-09-21 01:34:28,575] {local_task_job.py:264} INFO - 0 downstream tasks scheduled from follow-on schedule check
