[2022-09-17 07:13:34,918] {taskinstance.py:1032} INFO - Dependencies all met for <TaskInstance: green_taxi_data_v2.download_dataset_task scheduled__2019-09-02T06:00:00+00:00 [queued]>
[2022-09-17 07:13:34,934] {taskinstance.py:1032} INFO - Dependencies all met for <TaskInstance: green_taxi_data_v2.download_dataset_task scheduled__2019-09-02T06:00:00+00:00 [queued]>
[2022-09-17 07:13:34,935] {taskinstance.py:1238} INFO - 
--------------------------------------------------------------------------------
[2022-09-17 07:13:34,935] {taskinstance.py:1239} INFO - Starting attempt 1 of 2
[2022-09-17 07:13:34,935] {taskinstance.py:1240} INFO - 
--------------------------------------------------------------------------------
[2022-09-17 07:13:34,964] {taskinstance.py:1259} INFO - Executing <Task(BashOperator): download_dataset_task> on 2019-09-02 06:00:00+00:00
[2022-09-17 07:13:34,981] {standard_task_runner.py:52} INFO - Started process 353 to run task
[2022-09-17 07:13:34,992] {standard_task_runner.py:76} INFO - Running: ['***', 'tasks', 'run', 'green_taxi_data_v2', 'download_dataset_task', 'scheduled__2019-09-02T06:00:00+00:00', '--job-id', '140', '--raw', '--subdir', 'DAGS_FOLDER/data_ingestion_gcs_dag.py', '--cfg-path', '/tmp/tmp7ergp_ly', '--error-file', '/tmp/tmpvepk7g0d']
[2022-09-17 07:13:34,993] {standard_task_runner.py:77} INFO - Job 140: Subtask download_dataset_task
[2022-09-17 07:13:35,066] {logging_mixin.py:109} INFO - Running <TaskInstance: green_taxi_data_v2.download_dataset_task scheduled__2019-09-02T06:00:00+00:00 [running]> on host ea53df3427ed
[2022-09-17 07:13:35,114] {warnings.py:110} WARNING - /home/***/.local/lib/python3.7/site-packages/***/utils/context.py:152: AirflowContextDeprecationWarning: Accessing 'execution_date' from the template is deprecated and will be removed in a future version. Please use 'data_interval_start' or 'logical_date' instead.
  warnings.warn(_create_deprecation_warning(key, self._deprecation_replacements[key]))

[2022-09-17 07:13:35,149] {taskinstance.py:1426} INFO - Exporting the following env vars:
AIRFLOW_CTX_DAG_OWNER=***
AIRFLOW_CTX_DAG_ID=green_taxi_data_v2
AIRFLOW_CTX_TASK_ID=download_dataset_task
AIRFLOW_CTX_EXECUTION_DATE=2019-09-02T06:00:00+00:00
AIRFLOW_CTX_DAG_RUN_ID=scheduled__2019-09-02T06:00:00+00:00
[2022-09-17 07:13:35,150] {subprocess.py:62} INFO - Tmp dir root location: 
 /tmp
[2022-09-17 07:13:35,151] {subprocess.py:74} INFO - Running command: ['bash', '-c', 'curl -sSLf https://d37ci6vzurychx.cloudfront.net/trip-data/green_tripdata_2019-09.parquet > /opt/***/green_tripdata_2019-09.parquet']
[2022-09-17 07:13:35,172] {subprocess.py:85} INFO - Output:
[2022-09-17 07:13:37,733] {subprocess.py:93} INFO - Command exited with return code 0
[2022-09-17 07:13:37,767] {taskinstance.py:1277} INFO - Marking task as SUCCESS. dag_id=green_taxi_data_v2, task_id=download_dataset_task, execution_date=20190902T060000, start_date=20220917T071334, end_date=20220917T071337
[2022-09-17 07:13:37,810] {local_task_job.py:154} INFO - Task exited with return code 0
[2022-09-17 07:13:37,858] {local_task_job.py:264} INFO - 1 downstream tasks scheduled from follow-on schedule check
[2022-09-20 15:32:32,331] {taskinstance.py:1032} INFO - Dependencies all met for <TaskInstance: green_taxi_data_v2.download_dataset_task scheduled__2019-09-02T06:00:00+00:00 [queued]>
[2022-09-20 15:32:32,343] {taskinstance.py:1032} INFO - Dependencies all met for <TaskInstance: green_taxi_data_v2.download_dataset_task scheduled__2019-09-02T06:00:00+00:00 [queued]>
[2022-09-20 15:32:32,343] {taskinstance.py:1238} INFO - 
--------------------------------------------------------------------------------
[2022-09-20 15:32:32,343] {taskinstance.py:1239} INFO - Starting attempt 1 of 2
[2022-09-20 15:32:32,344] {taskinstance.py:1240} INFO - 
--------------------------------------------------------------------------------
[2022-09-20 15:32:32,357] {taskinstance.py:1259} INFO - Executing <Task(BashOperator): download_dataset_task> on 2019-09-02 06:00:00+00:00
[2022-09-20 15:32:32,364] {standard_task_runner.py:52} INFO - Started process 491 to run task
[2022-09-20 15:32:32,370] {standard_task_runner.py:76} INFO - Running: ['***', 'tasks', 'run', 'green_taxi_data_v2', 'download_dataset_task', 'scheduled__2019-09-02T06:00:00+00:00', '--job-id', '79', '--raw', '--subdir', 'DAGS_FOLDER/data_ingestion_gcs_dag.py', '--cfg-path', '/tmp/tmpqths25wh', '--error-file', '/tmp/tmp35mnl6qg']
[2022-09-20 15:32:32,371] {standard_task_runner.py:77} INFO - Job 79: Subtask download_dataset_task
[2022-09-20 15:32:32,448] {logging_mixin.py:109} INFO - Running <TaskInstance: green_taxi_data_v2.download_dataset_task scheduled__2019-09-02T06:00:00+00:00 [running]> on host 788dccad41b9
[2022-09-20 15:32:32,500] {warnings.py:110} WARNING - /home/***/.local/lib/python3.7/site-packages/***/utils/context.py:152: AirflowContextDeprecationWarning: Accessing 'execution_date' from the template is deprecated and will be removed in a future version. Please use 'data_interval_start' or 'logical_date' instead.
  warnings.warn(_create_deprecation_warning(key, self._deprecation_replacements[key]))

[2022-09-20 15:32:32,526] {taskinstance.py:1426} INFO - Exporting the following env vars:
AIRFLOW_CTX_DAG_OWNER=***
AIRFLOW_CTX_DAG_ID=green_taxi_data_v2
AIRFLOW_CTX_TASK_ID=download_dataset_task
AIRFLOW_CTX_EXECUTION_DATE=2019-09-02T06:00:00+00:00
AIRFLOW_CTX_DAG_RUN_ID=scheduled__2019-09-02T06:00:00+00:00
[2022-09-20 15:32:32,528] {subprocess.py:62} INFO - Tmp dir root location: 
 /tmp
[2022-09-20 15:32:32,529] {subprocess.py:74} INFO - Running command: ['bash', '-c', 'curl -sSLf https://d37ci6vzurychx.cloudfront.net/trip-data/green_tripdata_2019-09.parquet > /opt/***/green_tripdata_2019-09.parquet']
[2022-09-20 15:32:32,544] {subprocess.py:85} INFO - Output:
[2022-09-20 15:32:35,664] {subprocess.py:93} INFO - Command exited with return code 0
[2022-09-20 15:32:35,720] {taskinstance.py:1277} INFO - Marking task as SUCCESS. dag_id=green_taxi_data_v2, task_id=download_dataset_task, execution_date=20190902T060000, start_date=20220920T153232, end_date=20220920T153235
[2022-09-20 15:32:35,797] {local_task_job.py:154} INFO - Task exited with return code 0
[2022-09-20 15:32:36,055] {local_task_job.py:264} INFO - 0 downstream tasks scheduled from follow-on schedule check
[2022-09-21 01:34:04,990] {taskinstance.py:1032} INFO - Dependencies all met for <TaskInstance: green_taxi_data_v2.download_dataset_task scheduled__2019-09-02T06:00:00+00:00 [queued]>
[2022-09-21 01:34:05,006] {taskinstance.py:1032} INFO - Dependencies all met for <TaskInstance: green_taxi_data_v2.download_dataset_task scheduled__2019-09-02T06:00:00+00:00 [queued]>
[2022-09-21 01:34:05,006] {taskinstance.py:1238} INFO - 
--------------------------------------------------------------------------------
[2022-09-21 01:34:05,007] {taskinstance.py:1239} INFO - Starting attempt 1 of 2
[2022-09-21 01:34:05,007] {taskinstance.py:1240} INFO - 
--------------------------------------------------------------------------------
[2022-09-21 01:34:05,025] {taskinstance.py:1259} INFO - Executing <Task(BashOperator): download_dataset_task> on 2019-09-02 06:00:00+00:00
[2022-09-21 01:34:05,032] {standard_task_runner.py:52} INFO - Started process 27725 to run task
[2022-09-21 01:34:05,039] {standard_task_runner.py:76} INFO - Running: ['***', 'tasks', 'run', 'green_taxi_data_v2', 'download_dataset_task', 'scheduled__2019-09-02T06:00:00+00:00', '--job-id', '265', '--raw', '--subdir', 'DAGS_FOLDER/data_ingestion_gcs_dag.py', '--cfg-path', '/tmp/tmpjw0lm3cn', '--error-file', '/tmp/tmp56qtola4']
[2022-09-21 01:34:05,040] {standard_task_runner.py:77} INFO - Job 265: Subtask download_dataset_task
[2022-09-21 01:34:05,132] {logging_mixin.py:109} INFO - Running <TaskInstance: green_taxi_data_v2.download_dataset_task scheduled__2019-09-02T06:00:00+00:00 [running]> on host 788dccad41b9
[2022-09-21 01:34:05,188] {warnings.py:110} WARNING - /home/***/.local/lib/python3.7/site-packages/***/utils/context.py:152: AirflowContextDeprecationWarning: Accessing 'execution_date' from the template is deprecated and will be removed in a future version. Please use 'data_interval_start' or 'logical_date' instead.
  warnings.warn(_create_deprecation_warning(key, self._deprecation_replacements[key]))

[2022-09-21 01:34:05,214] {taskinstance.py:1426} INFO - Exporting the following env vars:
AIRFLOW_CTX_DAG_OWNER=***
AIRFLOW_CTX_DAG_ID=green_taxi_data_v2
AIRFLOW_CTX_TASK_ID=download_dataset_task
AIRFLOW_CTX_EXECUTION_DATE=2019-09-02T06:00:00+00:00
AIRFLOW_CTX_DAG_RUN_ID=scheduled__2019-09-02T06:00:00+00:00
[2022-09-21 01:34:05,215] {subprocess.py:62} INFO - Tmp dir root location: 
 /tmp
[2022-09-21 01:34:05,216] {subprocess.py:74} INFO - Running command: ['bash', '-c', 'curl -sSLf https://d37ci6vzurychx.cloudfront.net/trip-data/green_tripdata_2019-09.parquet > /opt/***/green_tripdata_2019-09.parquet']
[2022-09-21 01:34:05,232] {subprocess.py:85} INFO - Output:
[2022-09-21 01:34:08,038] {subprocess.py:93} INFO - Command exited with return code 0
[2022-09-21 01:34:08,105] {taskinstance.py:1277} INFO - Marking task as SUCCESS. dag_id=green_taxi_data_v2, task_id=download_dataset_task, execution_date=20190902T060000, start_date=20220921T013404, end_date=20220921T013408
[2022-09-21 01:34:08,177] {local_task_job.py:154} INFO - Task exited with return code 0
[2022-09-21 01:34:08,294] {local_task_job.py:264} INFO - 1 downstream tasks scheduled from follow-on schedule check
