[2022-09-17 06:05:37,387] {taskinstance.py:1032} INFO - Dependencies all met for <TaskInstance: yellow_taxi_data_v2.local_to_gcs_task scheduled__2019-09-02T06:00:00+00:00 [queued]>
[2022-09-17 06:05:37,399] {taskinstance.py:1032} INFO - Dependencies all met for <TaskInstance: yellow_taxi_data_v2.local_to_gcs_task scheduled__2019-09-02T06:00:00+00:00 [queued]>
[2022-09-17 06:05:37,399] {taskinstance.py:1238} INFO - 
--------------------------------------------------------------------------------
[2022-09-17 06:05:37,399] {taskinstance.py:1239} INFO - Starting attempt 1 of 2
[2022-09-17 06:05:37,399] {taskinstance.py:1240} INFO - 
--------------------------------------------------------------------------------
[2022-09-17 06:05:37,411] {taskinstance.py:1259} INFO - Executing <Task(PythonOperator): local_to_gcs_task> on 2019-09-02 06:00:00+00:00
[2022-09-17 06:05:37,416] {standard_task_runner.py:52} INFO - Started process 5090 to run task
[2022-09-17 06:05:37,421] {standard_task_runner.py:76} INFO - Running: ['***', 'tasks', 'run', 'yellow_taxi_data_v2', 'local_to_gcs_task', 'scheduled__2019-09-02T06:00:00+00:00', '--job-id', '33', '--raw', '--subdir', 'DAGS_FOLDER/data_ingestion_gcs_dag.py', '--cfg-path', '/tmp/tmpod8tm4o6', '--error-file', '/tmp/tmp2wqprg38']
[2022-09-17 06:05:37,422] {standard_task_runner.py:77} INFO - Job 33: Subtask local_to_gcs_task
[2022-09-17 06:05:37,490] {logging_mixin.py:109} INFO - Running <TaskInstance: yellow_taxi_data_v2.local_to_gcs_task scheduled__2019-09-02T06:00:00+00:00 [running]> on host 10d063af5ba7
[2022-09-17 06:05:37,538] {warnings.py:110} WARNING - /home/***/.local/lib/python3.7/site-packages/***/utils/context.py:152: AirflowContextDeprecationWarning: Accessing 'execution_date' from the template is deprecated and will be removed in a future version. Please use 'data_interval_start' or 'logical_date' instead.
  warnings.warn(_create_deprecation_warning(key, self._deprecation_replacements[key]))

[2022-09-17 06:05:37,563] {taskinstance.py:1426} INFO - Exporting the following env vars:
AIRFLOW_CTX_DAG_OWNER=***
AIRFLOW_CTX_DAG_ID=yellow_taxi_data_v2
AIRFLOW_CTX_TASK_ID=local_to_gcs_task
AIRFLOW_CTX_EXECUTION_DATE=2019-09-02T06:00:00+00:00
AIRFLOW_CTX_DAG_RUN_ID=scheduled__2019-09-02T06:00:00+00:00
[2022-09-17 06:05:40,495] {python.py:175} INFO - Done. Returned value was: None
[2022-09-17 06:05:40,528] {taskinstance.py:1277} INFO - Marking task as SUCCESS. dag_id=yellow_taxi_data_v2, task_id=local_to_gcs_task, execution_date=20190902T060000, start_date=20220917T060537, end_date=20220917T060540
[2022-09-17 06:05:40,564] {local_task_job.py:154} INFO - Task exited with return code 0
[2022-09-17 06:05:40,610] {local_task_job.py:264} INFO - 1 downstream tasks scheduled from follow-on schedule check
[2022-09-20 15:33:13,285] {taskinstance.py:1032} INFO - Dependencies all met for <TaskInstance: yellow_taxi_data_v2.local_to_gcs_task scheduled__2019-09-02T06:00:00+00:00 [queued]>
[2022-09-20 15:33:13,299] {taskinstance.py:1032} INFO - Dependencies all met for <TaskInstance: yellow_taxi_data_v2.local_to_gcs_task scheduled__2019-09-02T06:00:00+00:00 [queued]>
[2022-09-20 15:33:13,299] {taskinstance.py:1238} INFO - 
--------------------------------------------------------------------------------
[2022-09-20 15:33:13,300] {taskinstance.py:1239} INFO - Starting attempt 1 of 2
[2022-09-20 15:33:13,300] {taskinstance.py:1240} INFO - 
--------------------------------------------------------------------------------
[2022-09-20 15:33:13,316] {taskinstance.py:1259} INFO - Executing <Task(PythonOperator): local_to_gcs_task> on 2019-09-02 06:00:00+00:00
[2022-09-20 15:33:13,324] {standard_task_runner.py:52} INFO - Started process 610 to run task
[2022-09-20 15:33:13,329] {standard_task_runner.py:76} INFO - Running: ['***', 'tasks', 'run', 'yellow_taxi_data_v2', 'local_to_gcs_task', 'scheduled__2019-09-02T06:00:00+00:00', '--job-id', '100', '--raw', '--subdir', 'DAGS_FOLDER/data_ingestion_gcs_dag.py', '--cfg-path', '/tmp/tmpyz6p05z9', '--error-file', '/tmp/tmpxbiuhlf9']
[2022-09-20 15:33:13,330] {standard_task_runner.py:77} INFO - Job 100: Subtask local_to_gcs_task
[2022-09-20 15:33:13,404] {logging_mixin.py:109} INFO - Running <TaskInstance: yellow_taxi_data_v2.local_to_gcs_task scheduled__2019-09-02T06:00:00+00:00 [running]> on host 788dccad41b9
[2022-09-20 15:33:13,456] {warnings.py:110} WARNING - /home/***/.local/lib/python3.7/site-packages/***/utils/context.py:152: AirflowContextDeprecationWarning: Accessing 'execution_date' from the template is deprecated and will be removed in a future version. Please use 'data_interval_start' or 'logical_date' instead.
  warnings.warn(_create_deprecation_warning(key, self._deprecation_replacements[key]))

[2022-09-20 15:33:13,481] {taskinstance.py:1426} INFO - Exporting the following env vars:
AIRFLOW_CTX_DAG_OWNER=***
AIRFLOW_CTX_DAG_ID=yellow_taxi_data_v2
AIRFLOW_CTX_TASK_ID=local_to_gcs_task
AIRFLOW_CTX_EXECUTION_DATE=2019-09-02T06:00:00+00:00
AIRFLOW_CTX_DAG_RUN_ID=scheduled__2019-09-02T06:00:00+00:00
[2022-09-20 15:33:14,379] {python.py:175} INFO - Done. Returned value was: None
[2022-09-20 15:33:14,393] {taskinstance.py:1277} INFO - Marking task as SUCCESS. dag_id=yellow_taxi_data_v2, task_id=local_to_gcs_task, execution_date=20190902T060000, start_date=20220920T153313, end_date=20220920T153314
[2022-09-20 15:33:14,430] {local_task_job.py:154} INFO - Task exited with return code 0
[2022-09-20 15:33:14,471] {local_task_job.py:264} INFO - 1 downstream tasks scheduled from follow-on schedule check
[2022-09-21 01:34:01,520] {taskinstance.py:1032} INFO - Dependencies all met for <TaskInstance: yellow_taxi_data_v2.local_to_gcs_task scheduled__2019-09-02T06:00:00+00:00 [queued]>
[2022-09-21 01:34:01,533] {taskinstance.py:1032} INFO - Dependencies all met for <TaskInstance: yellow_taxi_data_v2.local_to_gcs_task scheduled__2019-09-02T06:00:00+00:00 [queued]>
[2022-09-21 01:34:01,534] {taskinstance.py:1238} INFO - 
--------------------------------------------------------------------------------
[2022-09-21 01:34:01,534] {taskinstance.py:1239} INFO - Starting attempt 1 of 2
[2022-09-21 01:34:01,534] {taskinstance.py:1240} INFO - 
--------------------------------------------------------------------------------
[2022-09-21 01:34:01,547] {taskinstance.py:1259} INFO - Executing <Task(PythonOperator): local_to_gcs_task> on 2019-09-02 06:00:00+00:00
[2022-09-21 01:34:01,554] {standard_task_runner.py:52} INFO - Started process 27710 to run task
[2022-09-21 01:34:01,558] {standard_task_runner.py:76} INFO - Running: ['***', 'tasks', 'run', 'yellow_taxi_data_v2', 'local_to_gcs_task', 'scheduled__2019-09-02T06:00:00+00:00', '--job-id', '262', '--raw', '--subdir', 'DAGS_FOLDER/data_ingestion_gcs_dag.py', '--cfg-path', '/tmp/tmpp__vf92v', '--error-file', '/tmp/tmpbnuak3fu']
[2022-09-21 01:34:01,560] {standard_task_runner.py:77} INFO - Job 262: Subtask local_to_gcs_task
[2022-09-21 01:34:01,625] {logging_mixin.py:109} INFO - Running <TaskInstance: yellow_taxi_data_v2.local_to_gcs_task scheduled__2019-09-02T06:00:00+00:00 [running]> on host 788dccad41b9
[2022-09-21 01:34:01,673] {warnings.py:110} WARNING - /home/***/.local/lib/python3.7/site-packages/***/utils/context.py:152: AirflowContextDeprecationWarning: Accessing 'execution_date' from the template is deprecated and will be removed in a future version. Please use 'data_interval_start' or 'logical_date' instead.
  warnings.warn(_create_deprecation_warning(key, self._deprecation_replacements[key]))

[2022-09-21 01:34:01,705] {taskinstance.py:1426} INFO - Exporting the following env vars:
AIRFLOW_CTX_DAG_OWNER=***
AIRFLOW_CTX_DAG_ID=yellow_taxi_data_v2
AIRFLOW_CTX_TASK_ID=local_to_gcs_task
AIRFLOW_CTX_EXECUTION_DATE=2019-09-02T06:00:00+00:00
AIRFLOW_CTX_DAG_RUN_ID=scheduled__2019-09-02T06:00:00+00:00
[2022-09-21 01:34:02,610] {python.py:175} INFO - Done. Returned value was: None
[2022-09-21 01:34:02,624] {taskinstance.py:1277} INFO - Marking task as SUCCESS. dag_id=yellow_taxi_data_v2, task_id=local_to_gcs_task, execution_date=20190902T060000, start_date=20220921T013401, end_date=20220921T013402
[2022-09-21 01:34:02,655] {local_task_job.py:154} INFO - Task exited with return code 0
[2022-09-21 01:34:02,700] {local_task_job.py:264} INFO - 1 downstream tasks scheduled from follow-on schedule check
