[2022-09-17 06:04:39,478] {taskinstance.py:1032} INFO - Dependencies all met for <TaskInstance: yellow_taxi_data_v2.rm_task scheduled__2019-05-02T06:00:00+00:00 [queued]>
[2022-09-17 06:04:39,495] {taskinstance.py:1032} INFO - Dependencies all met for <TaskInstance: yellow_taxi_data_v2.rm_task scheduled__2019-05-02T06:00:00+00:00 [queued]>
[2022-09-17 06:04:39,497] {taskinstance.py:1238} INFO - 
--------------------------------------------------------------------------------
[2022-09-17 06:04:39,497] {taskinstance.py:1239} INFO - Starting attempt 1 of 2
[2022-09-17 06:04:39,498] {taskinstance.py:1240} INFO - 
--------------------------------------------------------------------------------
[2022-09-17 06:04:39,522] {taskinstance.py:1259} INFO - Executing <Task(BashOperator): rm_task> on 2019-05-02 06:00:00+00:00
[2022-09-17 06:04:39,529] {standard_task_runner.py:52} INFO - Started process 5000 to run task
[2022-09-17 06:04:39,540] {standard_task_runner.py:76} INFO - Running: ['***', 'tasks', 'run', 'yellow_taxi_data_v2', 'rm_task', 'scheduled__2019-05-02T06:00:00+00:00', '--job-id', '21', '--raw', '--subdir', 'DAGS_FOLDER/data_ingestion_gcs_dag.py', '--cfg-path', '/tmp/tmph_1hzhkq', '--error-file', '/tmp/tmpwlu6r1cb']
[2022-09-17 06:04:39,542] {standard_task_runner.py:77} INFO - Job 21: Subtask rm_task
[2022-09-17 06:04:39,670] {logging_mixin.py:109} INFO - Running <TaskInstance: yellow_taxi_data_v2.rm_task scheduled__2019-05-02T06:00:00+00:00 [running]> on host 10d063af5ba7
[2022-09-17 06:04:39,766] {warnings.py:110} WARNING - /home/***/.local/lib/python3.7/site-packages/***/utils/context.py:152: AirflowContextDeprecationWarning: Accessing 'execution_date' from the template is deprecated and will be removed in a future version. Please use 'data_interval_start' or 'logical_date' instead.
  warnings.warn(_create_deprecation_warning(key, self._deprecation_replacements[key]))

[2022-09-17 06:04:39,809] {taskinstance.py:1426} INFO - Exporting the following env vars:
AIRFLOW_CTX_DAG_OWNER=***
AIRFLOW_CTX_DAG_ID=yellow_taxi_data_v2
AIRFLOW_CTX_TASK_ID=rm_task
AIRFLOW_CTX_EXECUTION_DATE=2019-05-02T06:00:00+00:00
AIRFLOW_CTX_DAG_RUN_ID=scheduled__2019-05-02T06:00:00+00:00
[2022-09-17 06:04:39,811] {subprocess.py:62} INFO - Tmp dir root location: 
 /tmp
[2022-09-17 06:04:39,812] {subprocess.py:74} INFO - Running command: ['bash', '-c', 'rm /opt/***/yellow_tripdata_2019-05.parquet']
[2022-09-17 06:04:39,842] {subprocess.py:85} INFO - Output:
[2022-09-17 06:04:39,893] {subprocess.py:93} INFO - Command exited with return code 0
[2022-09-17 06:04:39,938] {taskinstance.py:1277} INFO - Marking task as SUCCESS. dag_id=yellow_taxi_data_v2, task_id=rm_task, execution_date=20190502T060000, start_date=20220917T060439, end_date=20220917T060439
[2022-09-17 06:04:39,993] {local_task_job.py:154} INFO - Task exited with return code 0
[2022-09-17 06:04:40,047] {local_task_job.py:264} INFO - 0 downstream tasks scheduled from follow-on schedule check
[2022-09-20 15:32:21,572] {taskinstance.py:1032} INFO - Dependencies all met for <TaskInstance: yellow_taxi_data_v2.rm_task scheduled__2019-05-02T06:00:00+00:00 [queued]>
[2022-09-20 15:32:21,618] {taskinstance.py:1032} INFO - Dependencies all met for <TaskInstance: yellow_taxi_data_v2.rm_task scheduled__2019-05-02T06:00:00+00:00 [queued]>
[2022-09-20 15:32:21,618] {taskinstance.py:1238} INFO - 
--------------------------------------------------------------------------------
[2022-09-20 15:32:21,619] {taskinstance.py:1239} INFO - Starting attempt 1 of 2
[2022-09-20 15:32:21,619] {taskinstance.py:1240} INFO - 
--------------------------------------------------------------------------------
[2022-09-20 15:32:21,660] {taskinstance.py:1259} INFO - Executing <Task(BashOperator): rm_task> on 2019-05-02 06:00:00+00:00
[2022-09-20 15:32:21,671] {standard_task_runner.py:52} INFO - Started process 457 to run task
[2022-09-20 15:32:21,696] {standard_task_runner.py:76} INFO - Running: ['***', 'tasks', 'run', 'yellow_taxi_data_v2', 'rm_task', 'scheduled__2019-05-02T06:00:00+00:00', '--job-id', '71', '--raw', '--subdir', 'DAGS_FOLDER/data_ingestion_gcs_dag.py', '--cfg-path', '/tmp/tmpyzmie0we', '--error-file', '/tmp/tmpf2d0hjh7']
[2022-09-20 15:32:21,715] {standard_task_runner.py:77} INFO - Job 71: Subtask rm_task
[2022-09-20 15:32:21,901] {logging_mixin.py:109} INFO - Running <TaskInstance: yellow_taxi_data_v2.rm_task scheduled__2019-05-02T06:00:00+00:00 [running]> on host 788dccad41b9
[2022-09-20 15:32:22,028] {warnings.py:110} WARNING - /home/***/.local/lib/python3.7/site-packages/***/utils/context.py:152: AirflowContextDeprecationWarning: Accessing 'execution_date' from the template is deprecated and will be removed in a future version. Please use 'data_interval_start' or 'logical_date' instead.
  warnings.warn(_create_deprecation_warning(key, self._deprecation_replacements[key]))

[2022-09-20 15:32:22,069] {taskinstance.py:1426} INFO - Exporting the following env vars:
AIRFLOW_CTX_DAG_OWNER=***
AIRFLOW_CTX_DAG_ID=yellow_taxi_data_v2
AIRFLOW_CTX_TASK_ID=rm_task
AIRFLOW_CTX_EXECUTION_DATE=2019-05-02T06:00:00+00:00
AIRFLOW_CTX_DAG_RUN_ID=scheduled__2019-05-02T06:00:00+00:00
[2022-09-20 15:32:22,073] {subprocess.py:62} INFO - Tmp dir root location: 
 /tmp
[2022-09-20 15:32:22,074] {subprocess.py:74} INFO - Running command: ['bash', '-c', 'rm /opt/***/yellow_tripdata_2019-05.parquet']
[2022-09-20 15:32:22,144] {subprocess.py:85} INFO - Output:
[2022-09-20 15:32:22,231] {subprocess.py:93} INFO - Command exited with return code 0
[2022-09-20 15:32:22,278] {taskinstance.py:1277} INFO - Marking task as SUCCESS. dag_id=yellow_taxi_data_v2, task_id=rm_task, execution_date=20190502T060000, start_date=20220920T153221, end_date=20220920T153222
[2022-09-20 15:32:22,357] {local_task_job.py:154} INFO - Task exited with return code 0
[2022-09-20 15:32:22,422] {local_task_job.py:264} INFO - 0 downstream tasks scheduled from follow-on schedule check
[2022-09-21 01:33:33,351] {taskinstance.py:1032} INFO - Dependencies all met for <TaskInstance: yellow_taxi_data_v2.rm_task scheduled__2019-05-02T06:00:00+00:00 [queued]>
[2022-09-21 01:33:33,370] {taskinstance.py:1032} INFO - Dependencies all met for <TaskInstance: yellow_taxi_data_v2.rm_task scheduled__2019-05-02T06:00:00+00:00 [queued]>
[2022-09-21 01:33:33,370] {taskinstance.py:1238} INFO - 
--------------------------------------------------------------------------------
[2022-09-21 01:33:33,370] {taskinstance.py:1239} INFO - Starting attempt 1 of 2
[2022-09-21 01:33:33,370] {taskinstance.py:1240} INFO - 
--------------------------------------------------------------------------------
[2022-09-21 01:33:33,387] {taskinstance.py:1259} INFO - Executing <Task(BashOperator): rm_task> on 2019-05-02 06:00:00+00:00
[2022-09-21 01:33:33,394] {standard_task_runner.py:52} INFO - Started process 27601 to run task
[2022-09-21 01:33:33,400] {standard_task_runner.py:76} INFO - Running: ['***', 'tasks', 'run', 'yellow_taxi_data_v2', 'rm_task', 'scheduled__2019-05-02T06:00:00+00:00', '--job-id', '242', '--raw', '--subdir', 'DAGS_FOLDER/data_ingestion_gcs_dag.py', '--cfg-path', '/tmp/tmpgxwp7fft', '--error-file', '/tmp/tmpz78_6d8r']
[2022-09-21 01:33:33,402] {standard_task_runner.py:77} INFO - Job 242: Subtask rm_task
[2022-09-21 01:33:33,524] {logging_mixin.py:109} INFO - Running <TaskInstance: yellow_taxi_data_v2.rm_task scheduled__2019-05-02T06:00:00+00:00 [running]> on host 788dccad41b9
[2022-09-21 01:33:33,576] {warnings.py:110} WARNING - /home/***/.local/lib/python3.7/site-packages/***/utils/context.py:152: AirflowContextDeprecationWarning: Accessing 'execution_date' from the template is deprecated and will be removed in a future version. Please use 'data_interval_start' or 'logical_date' instead.
  warnings.warn(_create_deprecation_warning(key, self._deprecation_replacements[key]))

[2022-09-21 01:33:33,602] {taskinstance.py:1426} INFO - Exporting the following env vars:
AIRFLOW_CTX_DAG_OWNER=***
AIRFLOW_CTX_DAG_ID=yellow_taxi_data_v2
AIRFLOW_CTX_TASK_ID=rm_task
AIRFLOW_CTX_EXECUTION_DATE=2019-05-02T06:00:00+00:00
AIRFLOW_CTX_DAG_RUN_ID=scheduled__2019-05-02T06:00:00+00:00
[2022-09-21 01:33:33,604] {subprocess.py:62} INFO - Tmp dir root location: 
 /tmp
[2022-09-21 01:33:33,604] {subprocess.py:74} INFO - Running command: ['bash', '-c', 'rm /opt/***/yellow_tripdata_2019-05.parquet']
[2022-09-21 01:33:33,621] {subprocess.py:85} INFO - Output:
[2022-09-21 01:33:33,644] {subprocess.py:93} INFO - Command exited with return code 0
[2022-09-21 01:33:33,678] {taskinstance.py:1277} INFO - Marking task as SUCCESS. dag_id=yellow_taxi_data_v2, task_id=rm_task, execution_date=20190502T060000, start_date=20220921T013333, end_date=20220921T013333
[2022-09-21 01:33:33,707] {local_task_job.py:154} INFO - Task exited with return code 0
[2022-09-21 01:33:33,745] {local_task_job.py:264} INFO - 0 downstream tasks scheduled from follow-on schedule check
