[2022-09-17 06:05:55,449] {taskinstance.py:1032} INFO - Dependencies all met for <TaskInstance: yellow_taxi_data_v2.local_to_gcs_task scheduled__2019-12-02T06:00:00+00:00 [queued]>
[2022-09-17 06:05:55,462] {taskinstance.py:1032} INFO - Dependencies all met for <TaskInstance: yellow_taxi_data_v2.local_to_gcs_task scheduled__2019-12-02T06:00:00+00:00 [queued]>
[2022-09-17 06:05:55,462] {taskinstance.py:1238} INFO - 
--------------------------------------------------------------------------------
[2022-09-17 06:05:55,462] {taskinstance.py:1239} INFO - Starting attempt 1 of 2
[2022-09-17 06:05:55,462] {taskinstance.py:1240} INFO - 
--------------------------------------------------------------------------------
[2022-09-17 06:05:55,479] {taskinstance.py:1259} INFO - Executing <Task(PythonOperator): local_to_gcs_task> on 2019-12-02 06:00:00+00:00
[2022-09-17 06:05:55,487] {standard_task_runner.py:52} INFO - Started process 5123 to run task
[2022-09-17 06:05:55,492] {standard_task_runner.py:76} INFO - Running: ['***', 'tasks', 'run', 'yellow_taxi_data_v2', 'local_to_gcs_task', 'scheduled__2019-12-02T06:00:00+00:00', '--job-id', '38', '--raw', '--subdir', 'DAGS_FOLDER/data_ingestion_gcs_dag.py', '--cfg-path', '/tmp/tmp_rhfqviy', '--error-file', '/tmp/tmp3z0s3r8f']
[2022-09-17 06:05:55,494] {standard_task_runner.py:77} INFO - Job 38: Subtask local_to_gcs_task
[2022-09-17 06:05:55,586] {logging_mixin.py:109} INFO - Running <TaskInstance: yellow_taxi_data_v2.local_to_gcs_task scheduled__2019-12-02T06:00:00+00:00 [running]> on host 10d063af5ba7
[2022-09-17 06:05:55,651] {warnings.py:110} WARNING - /home/***/.local/lib/python3.7/site-packages/***/utils/context.py:152: AirflowContextDeprecationWarning: Accessing 'execution_date' from the template is deprecated and will be removed in a future version. Please use 'data_interval_start' or 'logical_date' instead.
  warnings.warn(_create_deprecation_warning(key, self._deprecation_replacements[key]))

[2022-09-17 06:05:55,678] {taskinstance.py:1426} INFO - Exporting the following env vars:
AIRFLOW_CTX_DAG_OWNER=***
AIRFLOW_CTX_DAG_ID=yellow_taxi_data_v2
AIRFLOW_CTX_TASK_ID=local_to_gcs_task
AIRFLOW_CTX_EXECUTION_DATE=2019-12-02T06:00:00+00:00
AIRFLOW_CTX_DAG_RUN_ID=scheduled__2019-12-02T06:00:00+00:00
[2022-09-17 06:05:58,707] {python.py:175} INFO - Done. Returned value was: None
[2022-09-17 06:05:58,722] {taskinstance.py:1277} INFO - Marking task as SUCCESS. dag_id=yellow_taxi_data_v2, task_id=local_to_gcs_task, execution_date=20191202T060000, start_date=20220917T060555, end_date=20220917T060558
[2022-09-17 06:05:58,765] {local_task_job.py:154} INFO - Task exited with return code 0
[2022-09-17 06:05:58,809] {local_task_job.py:264} INFO - 1 downstream tasks scheduled from follow-on schedule check
[2022-09-20 15:33:33,911] {taskinstance.py:1032} INFO - Dependencies all met for <TaskInstance: yellow_taxi_data_v2.local_to_gcs_task scheduled__2019-12-02T06:00:00+00:00 [queued]>
[2022-09-20 15:33:33,929] {taskinstance.py:1032} INFO - Dependencies all met for <TaskInstance: yellow_taxi_data_v2.local_to_gcs_task scheduled__2019-12-02T06:00:00+00:00 [queued]>
[2022-09-20 15:33:33,929] {taskinstance.py:1238} INFO - 
--------------------------------------------------------------------------------
[2022-09-20 15:33:33,930] {taskinstance.py:1239} INFO - Starting attempt 1 of 2
[2022-09-20 15:33:33,930] {taskinstance.py:1240} INFO - 
--------------------------------------------------------------------------------
[2022-09-20 15:33:33,949] {taskinstance.py:1259} INFO - Executing <Task(PythonOperator): local_to_gcs_task> on 2019-12-02 06:00:00+00:00
[2022-09-20 15:33:33,957] {standard_task_runner.py:52} INFO - Started process 687 to run task
[2022-09-20 15:33:33,964] {standard_task_runner.py:76} INFO - Running: ['***', 'tasks', 'run', 'yellow_taxi_data_v2', 'local_to_gcs_task', 'scheduled__2019-12-02T06:00:00+00:00', '--job-id', '113', '--raw', '--subdir', 'DAGS_FOLDER/data_ingestion_gcs_dag.py', '--cfg-path', '/tmp/tmpd00u6b23', '--error-file', '/tmp/tmpwrc90zhv']
[2022-09-20 15:33:33,965] {standard_task_runner.py:77} INFO - Job 113: Subtask local_to_gcs_task
[2022-09-20 15:33:34,040] {logging_mixin.py:109} INFO - Running <TaskInstance: yellow_taxi_data_v2.local_to_gcs_task scheduled__2019-12-02T06:00:00+00:00 [running]> on host 788dccad41b9
[2022-09-20 15:33:34,103] {warnings.py:110} WARNING - /home/***/.local/lib/python3.7/site-packages/***/utils/context.py:152: AirflowContextDeprecationWarning: Accessing 'execution_date' from the template is deprecated and will be removed in a future version. Please use 'data_interval_start' or 'logical_date' instead.
  warnings.warn(_create_deprecation_warning(key, self._deprecation_replacements[key]))

[2022-09-20 15:33:34,141] {taskinstance.py:1426} INFO - Exporting the following env vars:
AIRFLOW_CTX_DAG_OWNER=***
AIRFLOW_CTX_DAG_ID=yellow_taxi_data_v2
AIRFLOW_CTX_TASK_ID=local_to_gcs_task
AIRFLOW_CTX_EXECUTION_DATE=2019-12-02T06:00:00+00:00
AIRFLOW_CTX_DAG_RUN_ID=scheduled__2019-12-02T06:00:00+00:00
[2022-09-20 15:33:35,117] {python.py:175} INFO - Done. Returned value was: None
[2022-09-20 15:33:35,131] {taskinstance.py:1277} INFO - Marking task as SUCCESS. dag_id=yellow_taxi_data_v2, task_id=local_to_gcs_task, execution_date=20191202T060000, start_date=20220920T153333, end_date=20220920T153335
[2022-09-20 15:33:35,182] {local_task_job.py:154} INFO - Task exited with return code 0
[2022-09-20 15:33:35,245] {local_task_job.py:264} INFO - 1 downstream tasks scheduled from follow-on schedule check
[2022-09-21 01:34:47,410] {taskinstance.py:1032} INFO - Dependencies all met for <TaskInstance: yellow_taxi_data_v2.local_to_gcs_task scheduled__2019-12-02T06:00:00+00:00 [queued]>
[2022-09-21 01:34:47,423] {taskinstance.py:1032} INFO - Dependencies all met for <TaskInstance: yellow_taxi_data_v2.local_to_gcs_task scheduled__2019-12-02T06:00:00+00:00 [queued]>
[2022-09-21 01:34:47,423] {taskinstance.py:1238} INFO - 
--------------------------------------------------------------------------------
[2022-09-21 01:34:47,423] {taskinstance.py:1239} INFO - Starting attempt 1 of 2
[2022-09-21 01:34:47,423] {taskinstance.py:1240} INFO - 
--------------------------------------------------------------------------------
[2022-09-21 01:34:47,435] {taskinstance.py:1259} INFO - Executing <Task(PythonOperator): local_to_gcs_task> on 2019-12-02 06:00:00+00:00
[2022-09-21 01:34:47,443] {standard_task_runner.py:52} INFO - Started process 27846 to run task
[2022-09-21 01:34:47,447] {standard_task_runner.py:76} INFO - Running: ['***', 'tasks', 'run', 'yellow_taxi_data_v2', 'local_to_gcs_task', 'scheduled__2019-12-02T06:00:00+00:00', '--job-id', '287', '--raw', '--subdir', 'DAGS_FOLDER/data_ingestion_gcs_dag.py', '--cfg-path', '/tmp/tmpax1wvxsx', '--error-file', '/tmp/tmpxopdmhgp']
[2022-09-21 01:34:47,448] {standard_task_runner.py:77} INFO - Job 287: Subtask local_to_gcs_task
[2022-09-21 01:34:47,533] {logging_mixin.py:109} INFO - Running <TaskInstance: yellow_taxi_data_v2.local_to_gcs_task scheduled__2019-12-02T06:00:00+00:00 [running]> on host 788dccad41b9
[2022-09-21 01:34:47,595] {warnings.py:110} WARNING - /home/***/.local/lib/python3.7/site-packages/***/utils/context.py:152: AirflowContextDeprecationWarning: Accessing 'execution_date' from the template is deprecated and will be removed in a future version. Please use 'data_interval_start' or 'logical_date' instead.
  warnings.warn(_create_deprecation_warning(key, self._deprecation_replacements[key]))

[2022-09-21 01:34:47,632] {taskinstance.py:1426} INFO - Exporting the following env vars:
AIRFLOW_CTX_DAG_OWNER=***
AIRFLOW_CTX_DAG_ID=yellow_taxi_data_v2
AIRFLOW_CTX_TASK_ID=local_to_gcs_task
AIRFLOW_CTX_EXECUTION_DATE=2019-12-02T06:00:00+00:00
AIRFLOW_CTX_DAG_RUN_ID=scheduled__2019-12-02T06:00:00+00:00
[2022-09-21 01:34:48,524] {python.py:175} INFO - Done. Returned value was: None
[2022-09-21 01:34:48,538] {taskinstance.py:1277} INFO - Marking task as SUCCESS. dag_id=yellow_taxi_data_v2, task_id=local_to_gcs_task, execution_date=20191202T060000, start_date=20220921T013447, end_date=20220921T013448
[2022-09-21 01:34:48,584] {local_task_job.py:154} INFO - Task exited with return code 0
[2022-09-21 01:34:48,628] {local_task_job.py:264} INFO - 1 downstream tasks scheduled from follow-on schedule check
