[2022-09-17 06:08:05,982] {taskinstance.py:1032} INFO - Dependencies all met for <TaskInstance: yellow_taxi_data_v2.local_to_gcs_task scheduled__2020-11-02T06:00:00+00:00 [queued]>
[2022-09-17 06:08:05,999] {taskinstance.py:1032} INFO - Dependencies all met for <TaskInstance: yellow_taxi_data_v2.local_to_gcs_task scheduled__2020-11-02T06:00:00+00:00 [queued]>
[2022-09-17 06:08:05,999] {taskinstance.py:1238} INFO - 
--------------------------------------------------------------------------------
[2022-09-17 06:08:05,999] {taskinstance.py:1239} INFO - Starting attempt 1 of 2
[2022-09-17 06:08:05,999] {taskinstance.py:1240} INFO - 
--------------------------------------------------------------------------------
[2022-09-17 06:08:06,015] {taskinstance.py:1259} INFO - Executing <Task(PythonOperator): local_to_gcs_task> on 2020-11-02 06:00:00+00:00
[2022-09-17 06:08:06,022] {standard_task_runner.py:52} INFO - Started process 5378 to run task
[2022-09-17 06:08:06,027] {standard_task_runner.py:76} INFO - Running: ['***', 'tasks', 'run', 'yellow_taxi_data_v2', 'local_to_gcs_task', 'scheduled__2020-11-02T06:00:00+00:00', '--job-id', '75', '--raw', '--subdir', 'DAGS_FOLDER/data_ingestion_gcs_dag.py', '--cfg-path', '/tmp/tmpx88bkxax', '--error-file', '/tmp/tmp34j7bimb']
[2022-09-17 06:08:06,028] {standard_task_runner.py:77} INFO - Job 75: Subtask local_to_gcs_task
[2022-09-17 06:08:06,098] {logging_mixin.py:109} INFO - Running <TaskInstance: yellow_taxi_data_v2.local_to_gcs_task scheduled__2020-11-02T06:00:00+00:00 [running]> on host 10d063af5ba7
[2022-09-17 06:08:06,150] {warnings.py:110} WARNING - /home/***/.local/lib/python3.7/site-packages/***/utils/context.py:152: AirflowContextDeprecationWarning: Accessing 'execution_date' from the template is deprecated and will be removed in a future version. Please use 'data_interval_start' or 'logical_date' instead.
  warnings.warn(_create_deprecation_warning(key, self._deprecation_replacements[key]))

[2022-09-17 06:08:06,174] {taskinstance.py:1426} INFO - Exporting the following env vars:
AIRFLOW_CTX_DAG_OWNER=***
AIRFLOW_CTX_DAG_ID=yellow_taxi_data_v2
AIRFLOW_CTX_TASK_ID=local_to_gcs_task
AIRFLOW_CTX_EXECUTION_DATE=2020-11-02T06:00:00+00:00
AIRFLOW_CTX_DAG_RUN_ID=scheduled__2020-11-02T06:00:00+00:00
[2022-09-17 06:08:08,076] {python.py:175} INFO - Done. Returned value was: None
[2022-09-17 06:08:08,111] {taskinstance.py:1277} INFO - Marking task as SUCCESS. dag_id=yellow_taxi_data_v2, task_id=local_to_gcs_task, execution_date=20201102T060000, start_date=20220917T060805, end_date=20220917T060808
[2022-09-17 06:08:08,169] {local_task_job.py:154} INFO - Task exited with return code 0
[2022-09-17 06:08:08,209] {local_task_job.py:264} INFO - 1 downstream tasks scheduled from follow-on schedule check
[2022-09-20 15:35:29,772] {taskinstance.py:1032} INFO - Dependencies all met for <TaskInstance: yellow_taxi_data_v2.local_to_gcs_task scheduled__2020-11-02T06:00:00+00:00 [queued]>
[2022-09-20 15:35:29,789] {taskinstance.py:1032} INFO - Dependencies all met for <TaskInstance: yellow_taxi_data_v2.local_to_gcs_task scheduled__2020-11-02T06:00:00+00:00 [queued]>
[2022-09-20 15:35:29,789] {taskinstance.py:1238} INFO - 
--------------------------------------------------------------------------------
[2022-09-20 15:35:29,790] {taskinstance.py:1239} INFO - Starting attempt 1 of 2
[2022-09-20 15:35:29,790] {taskinstance.py:1240} INFO - 
--------------------------------------------------------------------------------
[2022-09-20 15:35:29,807] {taskinstance.py:1259} INFO - Executing <Task(PythonOperator): local_to_gcs_task> on 2020-11-02 06:00:00+00:00
[2022-09-20 15:35:29,816] {standard_task_runner.py:52} INFO - Started process 1031 to run task
[2022-09-20 15:35:29,828] {standard_task_runner.py:76} INFO - Running: ['***', 'tasks', 'run', 'yellow_taxi_data_v2', 'local_to_gcs_task', 'scheduled__2020-11-02T06:00:00+00:00', '--job-id', '173', '--raw', '--subdir', 'DAGS_FOLDER/data_ingestion_gcs_dag.py', '--cfg-path', '/tmp/tmpdgq6n4q5', '--error-file', '/tmp/tmpapx0z540']
[2022-09-20 15:35:29,830] {standard_task_runner.py:77} INFO - Job 173: Subtask local_to_gcs_task
[2022-09-20 15:35:29,925] {logging_mixin.py:109} INFO - Running <TaskInstance: yellow_taxi_data_v2.local_to_gcs_task scheduled__2020-11-02T06:00:00+00:00 [running]> on host 788dccad41b9
[2022-09-20 15:35:29,997] {warnings.py:110} WARNING - /home/***/.local/lib/python3.7/site-packages/***/utils/context.py:152: AirflowContextDeprecationWarning: Accessing 'execution_date' from the template is deprecated and will be removed in a future version. Please use 'data_interval_start' or 'logical_date' instead.
  warnings.warn(_create_deprecation_warning(key, self._deprecation_replacements[key]))

[2022-09-20 15:35:30,032] {taskinstance.py:1426} INFO - Exporting the following env vars:
AIRFLOW_CTX_DAG_OWNER=***
AIRFLOW_CTX_DAG_ID=yellow_taxi_data_v2
AIRFLOW_CTX_TASK_ID=local_to_gcs_task
AIRFLOW_CTX_EXECUTION_DATE=2020-11-02T06:00:00+00:00
AIRFLOW_CTX_DAG_RUN_ID=scheduled__2020-11-02T06:00:00+00:00
[2022-09-20 15:35:30,670] {python.py:175} INFO - Done. Returned value was: None
[2022-09-20 15:35:30,860] {taskinstance.py:1277} INFO - Marking task as SUCCESS. dag_id=yellow_taxi_data_v2, task_id=local_to_gcs_task, execution_date=20201102T060000, start_date=20220920T153529, end_date=20220920T153530
[2022-09-20 15:35:30,922] {local_task_job.py:154} INFO - Task exited with return code 0
[2022-09-20 15:35:30,974] {local_task_job.py:264} INFO - 1 downstream tasks scheduled from follow-on schedule check
[2022-09-21 01:36:10,524] {taskinstance.py:1032} INFO - Dependencies all met for <TaskInstance: yellow_taxi_data_v2.local_to_gcs_task scheduled__2020-11-02T06:00:00+00:00 [queued]>
[2022-09-21 01:36:10,557] {taskinstance.py:1032} INFO - Dependencies all met for <TaskInstance: yellow_taxi_data_v2.local_to_gcs_task scheduled__2020-11-02T06:00:00+00:00 [queued]>
[2022-09-21 01:36:10,557] {taskinstance.py:1238} INFO - 
--------------------------------------------------------------------------------
[2022-09-21 01:36:10,557] {taskinstance.py:1239} INFO - Starting attempt 1 of 2
[2022-09-21 01:36:10,558] {taskinstance.py:1240} INFO - 
--------------------------------------------------------------------------------
[2022-09-21 01:36:10,612] {taskinstance.py:1259} INFO - Executing <Task(PythonOperator): local_to_gcs_task> on 2020-11-02 06:00:00+00:00
[2022-09-21 01:36:10,637] {standard_task_runner.py:52} INFO - Started process 28095 to run task
[2022-09-21 01:36:10,645] {standard_task_runner.py:76} INFO - Running: ['***', 'tasks', 'run', 'yellow_taxi_data_v2', 'local_to_gcs_task', 'scheduled__2020-11-02T06:00:00+00:00', '--job-id', '329', '--raw', '--subdir', 'DAGS_FOLDER/data_ingestion_gcs_dag.py', '--cfg-path', '/tmp/tmpd7vqb_bp', '--error-file', '/tmp/tmpd9snmbl8']
[2022-09-21 01:36:10,646] {standard_task_runner.py:77} INFO - Job 329: Subtask local_to_gcs_task
[2022-09-21 01:36:10,801] {logging_mixin.py:109} INFO - Running <TaskInstance: yellow_taxi_data_v2.local_to_gcs_task scheduled__2020-11-02T06:00:00+00:00 [running]> on host 788dccad41b9
[2022-09-21 01:36:10,906] {warnings.py:110} WARNING - /home/***/.local/lib/python3.7/site-packages/***/utils/context.py:152: AirflowContextDeprecationWarning: Accessing 'execution_date' from the template is deprecated and will be removed in a future version. Please use 'data_interval_start' or 'logical_date' instead.
  warnings.warn(_create_deprecation_warning(key, self._deprecation_replacements[key]))

[2022-09-21 01:36:10,974] {taskinstance.py:1426} INFO - Exporting the following env vars:
AIRFLOW_CTX_DAG_OWNER=***
AIRFLOW_CTX_DAG_ID=yellow_taxi_data_v2
AIRFLOW_CTX_TASK_ID=local_to_gcs_task
AIRFLOW_CTX_EXECUTION_DATE=2020-11-02T06:00:00+00:00
AIRFLOW_CTX_DAG_RUN_ID=scheduled__2020-11-02T06:00:00+00:00
[2022-09-21 01:36:11,669] {python.py:175} INFO - Done. Returned value was: None
[2022-09-21 01:36:11,692] {taskinstance.py:1277} INFO - Marking task as SUCCESS. dag_id=yellow_taxi_data_v2, task_id=local_to_gcs_task, execution_date=20201102T060000, start_date=20220921T013610, end_date=20220921T013611
[2022-09-21 01:36:11,764] {local_task_job.py:154} INFO - Task exited with return code 0
[2022-09-21 01:36:11,827] {local_task_job.py:264} INFO - 1 downstream tasks scheduled from follow-on schedule check
