[2022-09-17 06:06:00,582] {taskinstance.py:1032} INFO - Dependencies all met for <TaskInstance: yellow_taxi_data_v2.rm_task scheduled__2019-12-02T06:00:00+00:00 [queued]>
[2022-09-17 06:06:00,594] {taskinstance.py:1032} INFO - Dependencies all met for <TaskInstance: yellow_taxi_data_v2.rm_task scheduled__2019-12-02T06:00:00+00:00 [queued]>
[2022-09-17 06:06:00,594] {taskinstance.py:1238} INFO - 
--------------------------------------------------------------------------------
[2022-09-17 06:06:00,594] {taskinstance.py:1239} INFO - Starting attempt 1 of 2
[2022-09-17 06:06:00,594] {taskinstance.py:1240} INFO - 
--------------------------------------------------------------------------------
[2022-09-17 06:06:00,606] {taskinstance.py:1259} INFO - Executing <Task(BashOperator): rm_task> on 2019-12-02 06:00:00+00:00
[2022-09-17 06:06:00,612] {standard_task_runner.py:52} INFO - Started process 5138 to run task
[2022-09-17 06:06:00,618] {standard_task_runner.py:76} INFO - Running: ['***', 'tasks', 'run', 'yellow_taxi_data_v2', 'rm_task', 'scheduled__2019-12-02T06:00:00+00:00', '--job-id', '40', '--raw', '--subdir', 'DAGS_FOLDER/data_ingestion_gcs_dag.py', '--cfg-path', '/tmp/tmpeswc4z2g', '--error-file', '/tmp/tmphi2_4q2o']
[2022-09-17 06:06:00,619] {standard_task_runner.py:77} INFO - Job 40: Subtask rm_task
[2022-09-17 06:06:00,693] {logging_mixin.py:109} INFO - Running <TaskInstance: yellow_taxi_data_v2.rm_task scheduled__2019-12-02T06:00:00+00:00 [running]> on host 10d063af5ba7
[2022-09-17 06:06:00,754] {warnings.py:110} WARNING - /home/***/.local/lib/python3.7/site-packages/***/utils/context.py:152: AirflowContextDeprecationWarning: Accessing 'execution_date' from the template is deprecated and will be removed in a future version. Please use 'data_interval_start' or 'logical_date' instead.
  warnings.warn(_create_deprecation_warning(key, self._deprecation_replacements[key]))

[2022-09-17 06:06:00,780] {taskinstance.py:1426} INFO - Exporting the following env vars:
AIRFLOW_CTX_DAG_OWNER=***
AIRFLOW_CTX_DAG_ID=yellow_taxi_data_v2
AIRFLOW_CTX_TASK_ID=rm_task
AIRFLOW_CTX_EXECUTION_DATE=2019-12-02T06:00:00+00:00
AIRFLOW_CTX_DAG_RUN_ID=scheduled__2019-12-02T06:00:00+00:00
[2022-09-17 06:06:00,781] {subprocess.py:62} INFO - Tmp dir root location: 
 /tmp
[2022-09-17 06:06:00,781] {subprocess.py:74} INFO - Running command: ['bash', '-c', 'rm /opt/***/yellow_tripdata_2019-12.parquet']
[2022-09-17 06:06:00,795] {subprocess.py:85} INFO - Output:
[2022-09-17 06:06:00,815] {subprocess.py:93} INFO - Command exited with return code 0
[2022-09-17 06:06:00,845] {taskinstance.py:1277} INFO - Marking task as SUCCESS. dag_id=yellow_taxi_data_v2, task_id=rm_task, execution_date=20191202T060000, start_date=20220917T060600, end_date=20220917T060600
[2022-09-17 06:06:00,870] {local_task_job.py:154} INFO - Task exited with return code 0
[2022-09-17 06:06:00,920] {local_task_job.py:264} INFO - 0 downstream tasks scheduled from follow-on schedule check
[2022-09-20 15:33:37,241] {taskinstance.py:1032} INFO - Dependencies all met for <TaskInstance: yellow_taxi_data_v2.rm_task scheduled__2019-12-02T06:00:00+00:00 [queued]>
[2022-09-20 15:33:37,257] {taskinstance.py:1032} INFO - Dependencies all met for <TaskInstance: yellow_taxi_data_v2.rm_task scheduled__2019-12-02T06:00:00+00:00 [queued]>
[2022-09-20 15:33:37,257] {taskinstance.py:1238} INFO - 
--------------------------------------------------------------------------------
[2022-09-20 15:33:37,257] {taskinstance.py:1239} INFO - Starting attempt 1 of 2
[2022-09-20 15:33:37,257] {taskinstance.py:1240} INFO - 
--------------------------------------------------------------------------------
[2022-09-20 15:33:37,273] {taskinstance.py:1259} INFO - Executing <Task(BashOperator): rm_task> on 2019-12-02 06:00:00+00:00
[2022-09-20 15:33:37,284] {standard_task_runner.py:52} INFO - Started process 693 to run task
[2022-09-20 15:33:37,293] {standard_task_runner.py:76} INFO - Running: ['***', 'tasks', 'run', 'yellow_taxi_data_v2', 'rm_task', 'scheduled__2019-12-02T06:00:00+00:00', '--job-id', '115', '--raw', '--subdir', 'DAGS_FOLDER/data_ingestion_gcs_dag.py', '--cfg-path', '/tmp/tmpn2x0d5dd', '--error-file', '/tmp/tmplrdxx5q7']
[2022-09-20 15:33:37,294] {standard_task_runner.py:77} INFO - Job 115: Subtask rm_task
[2022-09-20 15:33:37,395] {logging_mixin.py:109} INFO - Running <TaskInstance: yellow_taxi_data_v2.rm_task scheduled__2019-12-02T06:00:00+00:00 [running]> on host 788dccad41b9
[2022-09-20 15:33:37,461] {warnings.py:110} WARNING - /home/***/.local/lib/python3.7/site-packages/***/utils/context.py:152: AirflowContextDeprecationWarning: Accessing 'execution_date' from the template is deprecated and will be removed in a future version. Please use 'data_interval_start' or 'logical_date' instead.
  warnings.warn(_create_deprecation_warning(key, self._deprecation_replacements[key]))

[2022-09-20 15:33:37,500] {taskinstance.py:1426} INFO - Exporting the following env vars:
AIRFLOW_CTX_DAG_OWNER=***
AIRFLOW_CTX_DAG_ID=yellow_taxi_data_v2
AIRFLOW_CTX_TASK_ID=rm_task
AIRFLOW_CTX_EXECUTION_DATE=2019-12-02T06:00:00+00:00
AIRFLOW_CTX_DAG_RUN_ID=scheduled__2019-12-02T06:00:00+00:00
[2022-09-20 15:33:37,501] {subprocess.py:62} INFO - Tmp dir root location: 
 /tmp
[2022-09-20 15:33:37,502] {subprocess.py:74} INFO - Running command: ['bash', '-c', 'rm /opt/***/yellow_tripdata_2019-12.parquet']
[2022-09-20 15:33:37,521] {subprocess.py:85} INFO - Output:
[2022-09-20 15:33:37,554] {subprocess.py:93} INFO - Command exited with return code 0
[2022-09-20 15:33:37,596] {taskinstance.py:1277} INFO - Marking task as SUCCESS. dag_id=yellow_taxi_data_v2, task_id=rm_task, execution_date=20191202T060000, start_date=20220920T153337, end_date=20220920T153337
[2022-09-20 15:33:37,624] {local_task_job.py:154} INFO - Task exited with return code 0
[2022-09-20 15:33:37,671] {local_task_job.py:264} INFO - 0 downstream tasks scheduled from follow-on schedule check
[2022-09-21 01:34:49,931] {taskinstance.py:1032} INFO - Dependencies all met for <TaskInstance: yellow_taxi_data_v2.rm_task scheduled__2019-12-02T06:00:00+00:00 [queued]>
[2022-09-21 01:34:49,948] {taskinstance.py:1032} INFO - Dependencies all met for <TaskInstance: yellow_taxi_data_v2.rm_task scheduled__2019-12-02T06:00:00+00:00 [queued]>
[2022-09-21 01:34:49,948] {taskinstance.py:1238} INFO - 
--------------------------------------------------------------------------------
[2022-09-21 01:34:49,948] {taskinstance.py:1239} INFO - Starting attempt 1 of 2
[2022-09-21 01:34:49,948] {taskinstance.py:1240} INFO - 
--------------------------------------------------------------------------------
[2022-09-21 01:34:49,961] {taskinstance.py:1259} INFO - Executing <Task(BashOperator): rm_task> on 2019-12-02 06:00:00+00:00
[2022-09-21 01:34:49,968] {standard_task_runner.py:52} INFO - Started process 27852 to run task
[2022-09-21 01:34:49,975] {standard_task_runner.py:76} INFO - Running: ['***', 'tasks', 'run', 'yellow_taxi_data_v2', 'rm_task', 'scheduled__2019-12-02T06:00:00+00:00', '--job-id', '289', '--raw', '--subdir', 'DAGS_FOLDER/data_ingestion_gcs_dag.py', '--cfg-path', '/tmp/tmp_a6in8tl', '--error-file', '/tmp/tmp6x0cxzq2']
[2022-09-21 01:34:49,977] {standard_task_runner.py:77} INFO - Job 289: Subtask rm_task
[2022-09-21 01:34:50,120] {logging_mixin.py:109} INFO - Running <TaskInstance: yellow_taxi_data_v2.rm_task scheduled__2019-12-02T06:00:00+00:00 [running]> on host 788dccad41b9
[2022-09-21 01:34:50,220] {warnings.py:110} WARNING - /home/***/.local/lib/python3.7/site-packages/***/utils/context.py:152: AirflowContextDeprecationWarning: Accessing 'execution_date' from the template is deprecated and will be removed in a future version. Please use 'data_interval_start' or 'logical_date' instead.
  warnings.warn(_create_deprecation_warning(key, self._deprecation_replacements[key]))

[2022-09-21 01:34:50,283] {taskinstance.py:1426} INFO - Exporting the following env vars:
AIRFLOW_CTX_DAG_OWNER=***
AIRFLOW_CTX_DAG_ID=yellow_taxi_data_v2
AIRFLOW_CTX_TASK_ID=rm_task
AIRFLOW_CTX_EXECUTION_DATE=2019-12-02T06:00:00+00:00
AIRFLOW_CTX_DAG_RUN_ID=scheduled__2019-12-02T06:00:00+00:00
[2022-09-21 01:34:50,285] {subprocess.py:62} INFO - Tmp dir root location: 
 /tmp
[2022-09-21 01:34:50,285] {subprocess.py:74} INFO - Running command: ['bash', '-c', 'rm /opt/***/yellow_tripdata_2019-12.parquet']
[2022-09-21 01:34:50,307] {subprocess.py:85} INFO - Output:
[2022-09-21 01:34:50,347] {subprocess.py:93} INFO - Command exited with return code 0
[2022-09-21 01:34:50,408] {taskinstance.py:1277} INFO - Marking task as SUCCESS. dag_id=yellow_taxi_data_v2, task_id=rm_task, execution_date=20191202T060000, start_date=20220921T013449, end_date=20220921T013450
[2022-09-21 01:34:50,477] {local_task_job.py:154} INFO - Task exited with return code 0
[2022-09-21 01:34:50,530] {local_task_job.py:264} INFO - 0 downstream tasks scheduled from follow-on schedule check
