[2022-09-17 06:06:14,494] {taskinstance.py:1032} INFO - Dependencies all met for <TaskInstance: yellow_taxi_data_v2.local_to_gcs_task scheduled__2020-02-02T06:00:00+00:00 [queued]>
[2022-09-17 06:06:14,509] {taskinstance.py:1032} INFO - Dependencies all met for <TaskInstance: yellow_taxi_data_v2.local_to_gcs_task scheduled__2020-02-02T06:00:00+00:00 [queued]>
[2022-09-17 06:06:14,509] {taskinstance.py:1238} INFO - 
--------------------------------------------------------------------------------
[2022-09-17 06:06:14,509] {taskinstance.py:1239} INFO - Starting attempt 1 of 2
[2022-09-17 06:06:14,509] {taskinstance.py:1240} INFO - 
--------------------------------------------------------------------------------
[2022-09-17 06:06:14,522] {taskinstance.py:1259} INFO - Executing <Task(PythonOperator): local_to_gcs_task> on 2020-02-02 06:00:00+00:00
[2022-09-17 06:06:14,528] {standard_task_runner.py:52} INFO - Started process 5168 to run task
[2022-09-17 06:06:14,535] {standard_task_runner.py:76} INFO - Running: ['***', 'tasks', 'run', 'yellow_taxi_data_v2', 'local_to_gcs_task', 'scheduled__2020-02-02T06:00:00+00:00', '--job-id', '44', '--raw', '--subdir', 'DAGS_FOLDER/data_ingestion_gcs_dag.py', '--cfg-path', '/tmp/tmp8rxgoqph', '--error-file', '/tmp/tmp11pleal1']
[2022-09-17 06:06:14,536] {standard_task_runner.py:77} INFO - Job 44: Subtask local_to_gcs_task
[2022-09-17 06:06:14,615] {logging_mixin.py:109} INFO - Running <TaskInstance: yellow_taxi_data_v2.local_to_gcs_task scheduled__2020-02-02T06:00:00+00:00 [running]> on host 10d063af5ba7
[2022-09-17 06:06:14,672] {warnings.py:110} WARNING - /home/***/.local/lib/python3.7/site-packages/***/utils/context.py:152: AirflowContextDeprecationWarning: Accessing 'execution_date' from the template is deprecated and will be removed in a future version. Please use 'data_interval_start' or 'logical_date' instead.
  warnings.warn(_create_deprecation_warning(key, self._deprecation_replacements[key]))

[2022-09-17 06:06:14,698] {taskinstance.py:1426} INFO - Exporting the following env vars:
AIRFLOW_CTX_DAG_OWNER=***
AIRFLOW_CTX_DAG_ID=yellow_taxi_data_v2
AIRFLOW_CTX_TASK_ID=local_to_gcs_task
AIRFLOW_CTX_EXECUTION_DATE=2020-02-02T06:00:00+00:00
AIRFLOW_CTX_DAG_RUN_ID=scheduled__2020-02-02T06:00:00+00:00
[2022-09-17 06:06:17,755] {python.py:175} INFO - Done. Returned value was: None
[2022-09-17 06:06:17,774] {taskinstance.py:1277} INFO - Marking task as SUCCESS. dag_id=yellow_taxi_data_v2, task_id=local_to_gcs_task, execution_date=20200202T060000, start_date=20220917T060614, end_date=20220917T060617
[2022-09-17 06:06:17,839] {local_task_job.py:154} INFO - Task exited with return code 0
[2022-09-17 06:06:17,888] {local_task_job.py:264} INFO - 1 downstream tasks scheduled from follow-on schedule check
[2022-09-20 15:34:05,427] {taskinstance.py:1032} INFO - Dependencies all met for <TaskInstance: yellow_taxi_data_v2.local_to_gcs_task scheduled__2020-02-02T06:00:00+00:00 [queued]>
[2022-09-20 15:34:05,441] {taskinstance.py:1032} INFO - Dependencies all met for <TaskInstance: yellow_taxi_data_v2.local_to_gcs_task scheduled__2020-02-02T06:00:00+00:00 [queued]>
[2022-09-20 15:34:05,441] {taskinstance.py:1238} INFO - 
--------------------------------------------------------------------------------
[2022-09-20 15:34:05,441] {taskinstance.py:1239} INFO - Starting attempt 1 of 2
[2022-09-20 15:34:05,441] {taskinstance.py:1240} INFO - 
--------------------------------------------------------------------------------
[2022-09-20 15:34:05,457] {taskinstance.py:1259} INFO - Executing <Task(PythonOperator): local_to_gcs_task> on 2020-02-02 06:00:00+00:00
[2022-09-20 15:34:05,464] {standard_task_runner.py:52} INFO - Started process 760 to run task
[2022-09-20 15:34:05,470] {standard_task_runner.py:76} INFO - Running: ['***', 'tasks', 'run', 'yellow_taxi_data_v2', 'local_to_gcs_task', 'scheduled__2020-02-02T06:00:00+00:00', '--job-id', '125', '--raw', '--subdir', 'DAGS_FOLDER/data_ingestion_gcs_dag.py', '--cfg-path', '/tmp/tmpybve12jl', '--error-file', '/tmp/tmp7giv9c8o']
[2022-09-20 15:34:05,471] {standard_task_runner.py:77} INFO - Job 125: Subtask local_to_gcs_task
[2022-09-20 15:34:05,547] {logging_mixin.py:109} INFO - Running <TaskInstance: yellow_taxi_data_v2.local_to_gcs_task scheduled__2020-02-02T06:00:00+00:00 [running]> on host 788dccad41b9
[2022-09-20 15:34:05,595] {warnings.py:110} WARNING - /home/***/.local/lib/python3.7/site-packages/***/utils/context.py:152: AirflowContextDeprecationWarning: Accessing 'execution_date' from the template is deprecated and will be removed in a future version. Please use 'data_interval_start' or 'logical_date' instead.
  warnings.warn(_create_deprecation_warning(key, self._deprecation_replacements[key]))

[2022-09-20 15:34:05,621] {taskinstance.py:1426} INFO - Exporting the following env vars:
AIRFLOW_CTX_DAG_OWNER=***
AIRFLOW_CTX_DAG_ID=yellow_taxi_data_v2
AIRFLOW_CTX_TASK_ID=local_to_gcs_task
AIRFLOW_CTX_EXECUTION_DATE=2020-02-02T06:00:00+00:00
AIRFLOW_CTX_DAG_RUN_ID=scheduled__2020-02-02T06:00:00+00:00
[2022-09-20 15:34:06,653] {python.py:175} INFO - Done. Returned value was: None
[2022-09-20 15:34:06,671] {taskinstance.py:1277} INFO - Marking task as SUCCESS. dag_id=yellow_taxi_data_v2, task_id=local_to_gcs_task, execution_date=20200202T060000, start_date=20220920T153405, end_date=20220920T153406
[2022-09-20 15:34:06,734] {local_task_job.py:154} INFO - Task exited with return code 0
[2022-09-20 15:34:06,776] {local_task_job.py:264} INFO - 1 downstream tasks scheduled from follow-on schedule check
[2022-09-21 01:35:18,080] {taskinstance.py:1032} INFO - Dependencies all met for <TaskInstance: yellow_taxi_data_v2.local_to_gcs_task scheduled__2020-02-02T06:00:00+00:00 [queued]>
[2022-09-21 01:35:18,096] {taskinstance.py:1032} INFO - Dependencies all met for <TaskInstance: yellow_taxi_data_v2.local_to_gcs_task scheduled__2020-02-02T06:00:00+00:00 [queued]>
[2022-09-21 01:35:18,097] {taskinstance.py:1238} INFO - 
--------------------------------------------------------------------------------
[2022-09-21 01:35:18,097] {taskinstance.py:1239} INFO - Starting attempt 1 of 2
[2022-09-21 01:35:18,097] {taskinstance.py:1240} INFO - 
--------------------------------------------------------------------------------
[2022-09-21 01:35:18,116] {taskinstance.py:1259} INFO - Executing <Task(PythonOperator): local_to_gcs_task> on 2020-02-02 06:00:00+00:00
[2022-09-21 01:35:18,124] {standard_task_runner.py:52} INFO - Started process 27922 to run task
[2022-09-21 01:35:18,128] {standard_task_runner.py:76} INFO - Running: ['***', 'tasks', 'run', 'yellow_taxi_data_v2', 'local_to_gcs_task', 'scheduled__2020-02-02T06:00:00+00:00', '--job-id', '301', '--raw', '--subdir', 'DAGS_FOLDER/data_ingestion_gcs_dag.py', '--cfg-path', '/tmp/tmprpaqi550', '--error-file', '/tmp/tmpwkeo4mt2']
[2022-09-21 01:35:18,129] {standard_task_runner.py:77} INFO - Job 301: Subtask local_to_gcs_task
[2022-09-21 01:35:18,199] {logging_mixin.py:109} INFO - Running <TaskInstance: yellow_taxi_data_v2.local_to_gcs_task scheduled__2020-02-02T06:00:00+00:00 [running]> on host 788dccad41b9
[2022-09-21 01:35:18,246] {warnings.py:110} WARNING - /home/***/.local/lib/python3.7/site-packages/***/utils/context.py:152: AirflowContextDeprecationWarning: Accessing 'execution_date' from the template is deprecated and will be removed in a future version. Please use 'data_interval_start' or 'logical_date' instead.
  warnings.warn(_create_deprecation_warning(key, self._deprecation_replacements[key]))

[2022-09-21 01:35:18,271] {taskinstance.py:1426} INFO - Exporting the following env vars:
AIRFLOW_CTX_DAG_OWNER=***
AIRFLOW_CTX_DAG_ID=yellow_taxi_data_v2
AIRFLOW_CTX_TASK_ID=local_to_gcs_task
AIRFLOW_CTX_EXECUTION_DATE=2020-02-02T06:00:00+00:00
AIRFLOW_CTX_DAG_RUN_ID=scheduled__2020-02-02T06:00:00+00:00
[2022-09-21 01:35:19,159] {python.py:175} INFO - Done. Returned value was: None
[2022-09-21 01:35:19,173] {taskinstance.py:1277} INFO - Marking task as SUCCESS. dag_id=yellow_taxi_data_v2, task_id=local_to_gcs_task, execution_date=20200202T060000, start_date=20220921T013518, end_date=20220921T013519
[2022-09-21 01:35:19,228] {local_task_job.py:154} INFO - Task exited with return code 0
[2022-09-21 01:35:19,266] {local_task_job.py:264} INFO - 1 downstream tasks scheduled from follow-on schedule check
