[2022-09-17 06:07:35,805] {taskinstance.py:1032} INFO - Dependencies all met for <TaskInstance: yellow_taxi_data_v2.local_to_gcs_task scheduled__2020-09-02T06:00:00+00:00 [queued]>
[2022-09-17 06:07:35,820] {taskinstance.py:1032} INFO - Dependencies all met for <TaskInstance: yellow_taxi_data_v2.local_to_gcs_task scheduled__2020-09-02T06:00:00+00:00 [queued]>
[2022-09-17 06:07:35,820] {taskinstance.py:1238} INFO - 
--------------------------------------------------------------------------------
[2022-09-17 06:07:35,820] {taskinstance.py:1239} INFO - Starting attempt 1 of 2
[2022-09-17 06:07:35,820] {taskinstance.py:1240} INFO - 
--------------------------------------------------------------------------------
[2022-09-17 06:07:35,834] {taskinstance.py:1259} INFO - Executing <Task(PythonOperator): local_to_gcs_task> on 2020-09-02 06:00:00+00:00
[2022-09-17 06:07:35,841] {standard_task_runner.py:52} INFO - Started process 5331 to run task
[2022-09-17 06:07:35,847] {standard_task_runner.py:76} INFO - Running: ['***', 'tasks', 'run', 'yellow_taxi_data_v2', 'local_to_gcs_task', 'scheduled__2020-09-02T06:00:00+00:00', '--job-id', '68', '--raw', '--subdir', 'DAGS_FOLDER/data_ingestion_gcs_dag.py', '--cfg-path', '/tmp/tmpnt12a9jq', '--error-file', '/tmp/tmp0iuruau1']
[2022-09-17 06:07:35,848] {standard_task_runner.py:77} INFO - Job 68: Subtask local_to_gcs_task
[2022-09-17 06:07:35,923] {logging_mixin.py:109} INFO - Running <TaskInstance: yellow_taxi_data_v2.local_to_gcs_task scheduled__2020-09-02T06:00:00+00:00 [running]> on host 10d063af5ba7
[2022-09-17 06:07:35,976] {warnings.py:110} WARNING - /home/***/.local/lib/python3.7/site-packages/***/utils/context.py:152: AirflowContextDeprecationWarning: Accessing 'execution_date' from the template is deprecated and will be removed in a future version. Please use 'data_interval_start' or 'logical_date' instead.
  warnings.warn(_create_deprecation_warning(key, self._deprecation_replacements[key]))

[2022-09-17 06:07:36,001] {taskinstance.py:1426} INFO - Exporting the following env vars:
AIRFLOW_CTX_DAG_OWNER=***
AIRFLOW_CTX_DAG_ID=yellow_taxi_data_v2
AIRFLOW_CTX_TASK_ID=local_to_gcs_task
AIRFLOW_CTX_EXECUTION_DATE=2020-09-02T06:00:00+00:00
AIRFLOW_CTX_DAG_RUN_ID=scheduled__2020-09-02T06:00:00+00:00
[2022-09-17 06:07:37,869] {python.py:175} INFO - Done. Returned value was: None
[2022-09-17 06:07:37,901] {taskinstance.py:1277} INFO - Marking task as SUCCESS. dag_id=yellow_taxi_data_v2, task_id=local_to_gcs_task, execution_date=20200902T060000, start_date=20220917T060735, end_date=20220917T060737
[2022-09-17 06:07:37,949] {local_task_job.py:154} INFO - Task exited with return code 0
[2022-09-17 06:07:37,991] {local_task_job.py:264} INFO - 1 downstream tasks scheduled from follow-on schedule check
[2022-09-20 15:35:16,589] {taskinstance.py:1032} INFO - Dependencies all met for <TaskInstance: yellow_taxi_data_v2.local_to_gcs_task scheduled__2020-09-02T06:00:00+00:00 [queued]>
[2022-09-20 15:35:16,613] {taskinstance.py:1032} INFO - Dependencies all met for <TaskInstance: yellow_taxi_data_v2.local_to_gcs_task scheduled__2020-09-02T06:00:00+00:00 [queued]>
[2022-09-20 15:35:16,613] {taskinstance.py:1238} INFO - 
--------------------------------------------------------------------------------
[2022-09-20 15:35:16,614] {taskinstance.py:1239} INFO - Starting attempt 1 of 2
[2022-09-20 15:35:16,614] {taskinstance.py:1240} INFO - 
--------------------------------------------------------------------------------
[2022-09-20 15:35:16,638] {taskinstance.py:1259} INFO - Executing <Task(PythonOperator): local_to_gcs_task> on 2020-09-02 06:00:00+00:00
[2022-09-20 15:35:16,648] {standard_task_runner.py:52} INFO - Started process 988 to run task
[2022-09-20 15:35:16,667] {standard_task_runner.py:76} INFO - Running: ['***', 'tasks', 'run', 'yellow_taxi_data_v2', 'local_to_gcs_task', 'scheduled__2020-09-02T06:00:00+00:00', '--job-id', '166', '--raw', '--subdir', 'DAGS_FOLDER/data_ingestion_gcs_dag.py', '--cfg-path', '/tmp/tmp1x_yz_lk', '--error-file', '/tmp/tmpc1ff98ln']
[2022-09-20 15:35:16,669] {standard_task_runner.py:77} INFO - Job 166: Subtask local_to_gcs_task
[2022-09-20 15:35:16,821] {logging_mixin.py:109} INFO - Running <TaskInstance: yellow_taxi_data_v2.local_to_gcs_task scheduled__2020-09-02T06:00:00+00:00 [running]> on host 788dccad41b9
[2022-09-20 15:35:16,930] {warnings.py:110} WARNING - /home/***/.local/lib/python3.7/site-packages/***/utils/context.py:152: AirflowContextDeprecationWarning: Accessing 'execution_date' from the template is deprecated and will be removed in a future version. Please use 'data_interval_start' or 'logical_date' instead.
  warnings.warn(_create_deprecation_warning(key, self._deprecation_replacements[key]))

[2022-09-20 15:35:16,961] {taskinstance.py:1426} INFO - Exporting the following env vars:
AIRFLOW_CTX_DAG_OWNER=***
AIRFLOW_CTX_DAG_ID=yellow_taxi_data_v2
AIRFLOW_CTX_TASK_ID=local_to_gcs_task
AIRFLOW_CTX_EXECUTION_DATE=2020-09-02T06:00:00+00:00
AIRFLOW_CTX_DAG_RUN_ID=scheduled__2020-09-02T06:00:00+00:00
[2022-09-20 15:35:17,768] {python.py:175} INFO - Done. Returned value was: None
[2022-09-20 15:35:17,786] {taskinstance.py:1277} INFO - Marking task as SUCCESS. dag_id=yellow_taxi_data_v2, task_id=local_to_gcs_task, execution_date=20200902T060000, start_date=20220920T153516, end_date=20220920T153517
[2022-09-20 15:35:17,839] {local_task_job.py:154} INFO - Task exited with return code 0
[2022-09-20 15:35:17,877] {local_task_job.py:264} INFO - 1 downstream tasks scheduled from follow-on schedule check
[2022-09-21 01:35:57,425] {taskinstance.py:1032} INFO - Dependencies all met for <TaskInstance: yellow_taxi_data_v2.local_to_gcs_task scheduled__2020-09-02T06:00:00+00:00 [queued]>
[2022-09-21 01:35:57,444] {taskinstance.py:1032} INFO - Dependencies all met for <TaskInstance: yellow_taxi_data_v2.local_to_gcs_task scheduled__2020-09-02T06:00:00+00:00 [queued]>
[2022-09-21 01:35:57,444] {taskinstance.py:1238} INFO - 
--------------------------------------------------------------------------------
[2022-09-21 01:35:57,445] {taskinstance.py:1239} INFO - Starting attempt 1 of 2
[2022-09-21 01:35:57,445] {taskinstance.py:1240} INFO - 
--------------------------------------------------------------------------------
[2022-09-21 01:35:57,464] {taskinstance.py:1259} INFO - Executing <Task(PythonOperator): local_to_gcs_task> on 2020-09-02 06:00:00+00:00
[2022-09-21 01:35:57,474] {standard_task_runner.py:52} INFO - Started process 28058 to run task
[2022-09-21 01:35:57,487] {standard_task_runner.py:76} INFO - Running: ['***', 'tasks', 'run', 'yellow_taxi_data_v2', 'local_to_gcs_task', 'scheduled__2020-09-02T06:00:00+00:00', '--job-id', '324', '--raw', '--subdir', 'DAGS_FOLDER/data_ingestion_gcs_dag.py', '--cfg-path', '/tmp/tmpnqi92t41', '--error-file', '/tmp/tmpu6_wgtne']
[2022-09-21 01:35:57,488] {standard_task_runner.py:77} INFO - Job 324: Subtask local_to_gcs_task
[2022-09-21 01:35:57,586] {logging_mixin.py:109} INFO - Running <TaskInstance: yellow_taxi_data_v2.local_to_gcs_task scheduled__2020-09-02T06:00:00+00:00 [running]> on host 788dccad41b9
[2022-09-21 01:35:57,657] {warnings.py:110} WARNING - /home/***/.local/lib/python3.7/site-packages/***/utils/context.py:152: AirflowContextDeprecationWarning: Accessing 'execution_date' from the template is deprecated and will be removed in a future version. Please use 'data_interval_start' or 'logical_date' instead.
  warnings.warn(_create_deprecation_warning(key, self._deprecation_replacements[key]))

[2022-09-21 01:35:57,691] {taskinstance.py:1426} INFO - Exporting the following env vars:
AIRFLOW_CTX_DAG_OWNER=***
AIRFLOW_CTX_DAG_ID=yellow_taxi_data_v2
AIRFLOW_CTX_TASK_ID=local_to_gcs_task
AIRFLOW_CTX_EXECUTION_DATE=2020-09-02T06:00:00+00:00
AIRFLOW_CTX_DAG_RUN_ID=scheduled__2020-09-02T06:00:00+00:00
[2022-09-21 01:35:58,326] {python.py:175} INFO - Done. Returned value was: None
[2022-09-21 01:35:58,341] {taskinstance.py:1277} INFO - Marking task as SUCCESS. dag_id=yellow_taxi_data_v2, task_id=local_to_gcs_task, execution_date=20200902T060000, start_date=20220921T013557, end_date=20220921T013558
[2022-09-21 01:35:58,387] {local_task_job.py:154} INFO - Task exited with return code 0
[2022-09-21 01:35:58,426] {local_task_job.py:264} INFO - 1 downstream tasks scheduled from follow-on schedule check
