[2022-09-17 06:06:47,754] {taskinstance.py:1032} INFO - Dependencies all met for <TaskInstance: yellow_taxi_data_v2.download_dataset_task scheduled__2020-08-02T06:00:00+00:00 [queued]>
[2022-09-17 06:06:47,769] {taskinstance.py:1032} INFO - Dependencies all met for <TaskInstance: yellow_taxi_data_v2.download_dataset_task scheduled__2020-08-02T06:00:00+00:00 [queued]>
[2022-09-17 06:06:47,769] {taskinstance.py:1238} INFO - 
--------------------------------------------------------------------------------
[2022-09-17 06:06:47,769] {taskinstance.py:1239} INFO - Starting attempt 1 of 2
[2022-09-17 06:06:47,769] {taskinstance.py:1240} INFO - 
--------------------------------------------------------------------------------
[2022-09-17 06:06:47,782] {taskinstance.py:1259} INFO - Executing <Task(BashOperator): download_dataset_task> on 2020-08-02 06:00:00+00:00
[2022-09-17 06:06:47,788] {standard_task_runner.py:52} INFO - Started process 5259 to run task
[2022-09-17 06:06:47,795] {standard_task_runner.py:76} INFO - Running: ['***', 'tasks', 'run', 'yellow_taxi_data_v2', 'download_dataset_task', 'scheduled__2020-08-02T06:00:00+00:00', '--job-id', '61', '--raw', '--subdir', 'DAGS_FOLDER/data_ingestion_gcs_dag.py', '--cfg-path', '/tmp/tmpcvfvp3o3', '--error-file', '/tmp/tmpcktvhya0']
[2022-09-17 06:06:47,796] {standard_task_runner.py:77} INFO - Job 61: Subtask download_dataset_task
[2022-09-17 06:06:47,886] {logging_mixin.py:109} INFO - Running <TaskInstance: yellow_taxi_data_v2.download_dataset_task scheduled__2020-08-02T06:00:00+00:00 [running]> on host 10d063af5ba7
[2022-09-17 06:06:47,945] {warnings.py:110} WARNING - /home/***/.local/lib/python3.7/site-packages/***/utils/context.py:152: AirflowContextDeprecationWarning: Accessing 'execution_date' from the template is deprecated and will be removed in a future version. Please use 'data_interval_start' or 'logical_date' instead.
  warnings.warn(_create_deprecation_warning(key, self._deprecation_replacements[key]))

[2022-09-17 06:06:47,970] {taskinstance.py:1426} INFO - Exporting the following env vars:
AIRFLOW_CTX_DAG_OWNER=***
AIRFLOW_CTX_DAG_ID=yellow_taxi_data_v2
AIRFLOW_CTX_TASK_ID=download_dataset_task
AIRFLOW_CTX_EXECUTION_DATE=2020-08-02T06:00:00+00:00
AIRFLOW_CTX_DAG_RUN_ID=scheduled__2020-08-02T06:00:00+00:00
[2022-09-17 06:06:47,971] {subprocess.py:62} INFO - Tmp dir root location: 
 /tmp
[2022-09-17 06:06:47,971] {subprocess.py:74} INFO - Running command: ['bash', '-c', 'curl -sSLf https://d37ci6vzurychx.cloudfront.net/trip-data/yellow_tripdata_2020-08.parquet > /opt/***/yellow_tripdata_2020-08.parquet']
[2022-09-17 06:06:47,987] {subprocess.py:85} INFO - Output:
[2022-09-17 06:06:50,683] {subprocess.py:93} INFO - Command exited with return code 0
[2022-09-17 06:06:50,711] {taskinstance.py:1277} INFO - Marking task as SUCCESS. dag_id=yellow_taxi_data_v2, task_id=download_dataset_task, execution_date=20200802T060000, start_date=20220917T060647, end_date=20220917T060650
[2022-09-17 06:06:50,740] {local_task_job.py:154} INFO - Task exited with return code 0
[2022-09-17 06:06:50,780] {local_task_job.py:264} INFO - 1 downstream tasks scheduled from follow-on schedule check
[2022-09-20 15:34:58,302] {taskinstance.py:1032} INFO - Dependencies all met for <TaskInstance: yellow_taxi_data_v2.download_dataset_task scheduled__2020-08-02T06:00:00+00:00 [queued]>
[2022-09-20 15:34:58,315] {taskinstance.py:1032} INFO - Dependencies all met for <TaskInstance: yellow_taxi_data_v2.download_dataset_task scheduled__2020-08-02T06:00:00+00:00 [queued]>
[2022-09-20 15:34:58,315] {taskinstance.py:1238} INFO - 
--------------------------------------------------------------------------------
[2022-09-20 15:34:58,315] {taskinstance.py:1239} INFO - Starting attempt 1 of 2
[2022-09-20 15:34:58,315] {taskinstance.py:1240} INFO - 
--------------------------------------------------------------------------------
[2022-09-20 15:34:58,331] {taskinstance.py:1259} INFO - Executing <Task(BashOperator): download_dataset_task> on 2020-08-02 06:00:00+00:00
[2022-09-20 15:34:58,340] {standard_task_runner.py:52} INFO - Started process 902 to run task
[2022-09-20 15:34:58,346] {standard_task_runner.py:76} INFO - Running: ['***', 'tasks', 'run', 'yellow_taxi_data_v2', 'download_dataset_task', 'scheduled__2020-08-02T06:00:00+00:00', '--job-id', '148', '--raw', '--subdir', 'DAGS_FOLDER/data_ingestion_gcs_dag.py', '--cfg-path', '/tmp/tmpg2r4sqzx', '--error-file', '/tmp/tmpt3bq1_dy']
[2022-09-20 15:34:58,347] {standard_task_runner.py:77} INFO - Job 148: Subtask download_dataset_task
[2022-09-20 15:34:58,430] {logging_mixin.py:109} INFO - Running <TaskInstance: yellow_taxi_data_v2.download_dataset_task scheduled__2020-08-02T06:00:00+00:00 [running]> on host 788dccad41b9
[2022-09-20 15:34:58,485] {warnings.py:110} WARNING - /home/***/.local/lib/python3.7/site-packages/***/utils/context.py:152: AirflowContextDeprecationWarning: Accessing 'execution_date' from the template is deprecated and will be removed in a future version. Please use 'data_interval_start' or 'logical_date' instead.
  warnings.warn(_create_deprecation_warning(key, self._deprecation_replacements[key]))

[2022-09-20 15:34:58,513] {taskinstance.py:1426} INFO - Exporting the following env vars:
AIRFLOW_CTX_DAG_OWNER=***
AIRFLOW_CTX_DAG_ID=yellow_taxi_data_v2
AIRFLOW_CTX_TASK_ID=download_dataset_task
AIRFLOW_CTX_EXECUTION_DATE=2020-08-02T06:00:00+00:00
AIRFLOW_CTX_DAG_RUN_ID=scheduled__2020-08-02T06:00:00+00:00
[2022-09-20 15:34:58,515] {subprocess.py:62} INFO - Tmp dir root location: 
 /tmp
[2022-09-20 15:34:58,516] {subprocess.py:74} INFO - Running command: ['bash', '-c', 'curl -sSLf https://d37ci6vzurychx.cloudfront.net/trip-data/yellow_tripdata_2020-08.parquet > /opt/***/yellow_tripdata_2020-08.parquet']
[2022-09-20 15:34:58,533] {subprocess.py:85} INFO - Output:
[2022-09-20 15:35:03,170] {subprocess.py:93} INFO - Command exited with return code 0
[2022-09-20 15:35:03,225] {taskinstance.py:1277} INFO - Marking task as SUCCESS. dag_id=yellow_taxi_data_v2, task_id=download_dataset_task, execution_date=20200802T060000, start_date=20220920T153458, end_date=20220920T153503
[2022-09-20 15:35:03,274] {local_task_job.py:154} INFO - Task exited with return code 0
[2022-09-20 15:35:03,341] {local_task_job.py:264} INFO - 1 downstream tasks scheduled from follow-on schedule check
[2022-09-21 01:35:50,400] {taskinstance.py:1032} INFO - Dependencies all met for <TaskInstance: yellow_taxi_data_v2.download_dataset_task scheduled__2020-08-02T06:00:00+00:00 [queued]>
[2022-09-21 01:35:50,416] {taskinstance.py:1032} INFO - Dependencies all met for <TaskInstance: yellow_taxi_data_v2.download_dataset_task scheduled__2020-08-02T06:00:00+00:00 [queued]>
[2022-09-21 01:35:50,417] {taskinstance.py:1238} INFO - 
--------------------------------------------------------------------------------
[2022-09-21 01:35:50,417] {taskinstance.py:1239} INFO - Starting attempt 1 of 2
[2022-09-21 01:35:50,417] {taskinstance.py:1240} INFO - 
--------------------------------------------------------------------------------
[2022-09-21 01:35:50,435] {taskinstance.py:1259} INFO - Executing <Task(BashOperator): download_dataset_task> on 2020-08-02 06:00:00+00:00
[2022-09-21 01:35:50,443] {standard_task_runner.py:52} INFO - Started process 28043 to run task
[2022-09-21 01:35:50,448] {standard_task_runner.py:76} INFO - Running: ['***', 'tasks', 'run', 'yellow_taxi_data_v2', 'download_dataset_task', 'scheduled__2020-08-02T06:00:00+00:00', '--job-id', '321', '--raw', '--subdir', 'DAGS_FOLDER/data_ingestion_gcs_dag.py', '--cfg-path', '/tmp/tmp30g1lzjh', '--error-file', '/tmp/tmp0_y_7oo4']
[2022-09-21 01:35:50,449] {standard_task_runner.py:77} INFO - Job 321: Subtask download_dataset_task
[2022-09-21 01:35:50,517] {logging_mixin.py:109} INFO - Running <TaskInstance: yellow_taxi_data_v2.download_dataset_task scheduled__2020-08-02T06:00:00+00:00 [running]> on host 788dccad41b9
[2022-09-21 01:35:50,575] {warnings.py:110} WARNING - /home/***/.local/lib/python3.7/site-packages/***/utils/context.py:152: AirflowContextDeprecationWarning: Accessing 'execution_date' from the template is deprecated and will be removed in a future version. Please use 'data_interval_start' or 'logical_date' instead.
  warnings.warn(_create_deprecation_warning(key, self._deprecation_replacements[key]))

[2022-09-21 01:35:50,596] {taskinstance.py:1426} INFO - Exporting the following env vars:
AIRFLOW_CTX_DAG_OWNER=***
AIRFLOW_CTX_DAG_ID=yellow_taxi_data_v2
AIRFLOW_CTX_TASK_ID=download_dataset_task
AIRFLOW_CTX_EXECUTION_DATE=2020-08-02T06:00:00+00:00
AIRFLOW_CTX_DAG_RUN_ID=scheduled__2020-08-02T06:00:00+00:00
[2022-09-21 01:35:50,597] {subprocess.py:62} INFO - Tmp dir root location: 
 /tmp
[2022-09-21 01:35:50,598] {subprocess.py:74} INFO - Running command: ['bash', '-c', 'curl -sSLf https://d37ci6vzurychx.cloudfront.net/trip-data/yellow_tripdata_2020-08.parquet > /opt/***/yellow_tripdata_2020-08.parquet']
[2022-09-21 01:35:50,613] {subprocess.py:85} INFO - Output:
[2022-09-21 01:35:53,269] {subprocess.py:93} INFO - Command exited with return code 0
[2022-09-21 01:35:53,300] {taskinstance.py:1277} INFO - Marking task as SUCCESS. dag_id=yellow_taxi_data_v2, task_id=download_dataset_task, execution_date=20200802T060000, start_date=20220921T013550, end_date=20220921T013553
[2022-09-21 01:35:53,352] {local_task_job.py:154} INFO - Task exited with return code 0
[2022-09-21 01:35:53,400] {local_task_job.py:264} INFO - 1 downstream tasks scheduled from follow-on schedule check
