[2022-09-21 01:54:21,835] {taskinstance.py:1032} INFO - Dependencies all met for <TaskInstance: gcs_2_bq_dag_copy.move_files_gcs_task scheduled__2022-09-20T00:00:00+00:00 [queued]>
[2022-09-21 01:54:21,851] {taskinstance.py:1032} INFO - Dependencies all met for <TaskInstance: gcs_2_bq_dag_copy.move_files_gcs_task scheduled__2022-09-20T00:00:00+00:00 [queued]>
[2022-09-21 01:54:21,851] {taskinstance.py:1238} INFO - 
--------------------------------------------------------------------------------
[2022-09-21 01:54:21,852] {taskinstance.py:1239} INFO - Starting attempt 2 of 3
[2022-09-21 01:54:21,852] {taskinstance.py:1240} INFO - 
--------------------------------------------------------------------------------
[2022-09-21 01:54:21,869] {taskinstance.py:1259} INFO - Executing <Task(GCSToGCSOperator): move_files_gcs_task> on 2022-09-20 00:00:00+00:00
[2022-09-21 01:54:21,877] {standard_task_runner.py:52} INFO - Started process 29069 to run task
[2022-09-21 01:54:21,881] {standard_task_runner.py:76} INFO - Running: ['***', 'tasks', 'run', 'gcs_2_bq_dag_copy', 'move_files_gcs_task', 'scheduled__2022-09-20T00:00:00+00:00', '--job-id', '372', '--raw', '--subdir', 'DAGS_FOLDER/gcs_to_bq_dag copy.py', '--cfg-path', '/tmp/tmpa83d43ym', '--error-file', '/tmp/tmpwzj7wdyc']
[2022-09-21 01:54:21,882] {standard_task_runner.py:77} INFO - Job 372: Subtask move_files_gcs_task
[2022-09-21 01:54:21,944] {logging_mixin.py:109} INFO - Running <TaskInstance: gcs_2_bq_dag_copy.move_files_gcs_task scheduled__2022-09-20T00:00:00+00:00 [running]> on host 788dccad41b9
[2022-09-21 01:54:22,004] {taskinstance.py:1426} INFO - Exporting the following env vars:
AIRFLOW_CTX_DAG_OWNER=***
AIRFLOW_CTX_DAG_ID=gcs_2_bq_dag_copy
AIRFLOW_CTX_TASK_ID=move_files_gcs_task
AIRFLOW_CTX_EXECUTION_DATE=2022-09-20T00:00:00+00:00
AIRFLOW_CTX_DAG_RUN_ID=scheduled__2022-09-20T00:00:00+00:00
[2022-09-21 01:54:22,006] {crypto.py:82} WARNING - empty cryptography key - values will not be stored encrypted.
[2022-09-21 01:54:22,007] {gcs_to_gcs.py:346} INFO - Delimiter ignored because wildcard is in prefix
[2022-09-21 01:54:22,232] {taskinstance.py:1277} INFO - Marking task as SUCCESS. dag_id=gcs_2_bq_dag_copy, task_id=move_files_gcs_task, execution_date=20220920T000000, start_date=20220921T015421, end_date=20220921T015422
[2022-09-21 01:54:22,254] {local_task_job.py:154} INFO - Task exited with return code 0
[2022-09-21 01:54:22,296] {local_task_job.py:264} INFO - 1 downstream tasks scheduled from follow-on schedule check
