[2022-09-21 00:00:02,735] {taskinstance.py:1032} INFO - Dependencies all met for <TaskInstance: gcs_2_bq_dag.move_yellow_tripdata_files_task scheduled__2022-09-20T00:00:00+00:00 [queued]>
[2022-09-21 00:00:02,752] {taskinstance.py:1032} INFO - Dependencies all met for <TaskInstance: gcs_2_bq_dag.move_yellow_tripdata_files_task scheduled__2022-09-20T00:00:00+00:00 [queued]>
[2022-09-21 00:00:02,753] {taskinstance.py:1238} INFO - 
--------------------------------------------------------------------------------
[2022-09-21 00:00:02,753] {taskinstance.py:1239} INFO - Starting attempt 1 of 2
[2022-09-21 00:00:02,753] {taskinstance.py:1240} INFO - 
--------------------------------------------------------------------------------
[2022-09-21 00:00:02,774] {taskinstance.py:1259} INFO - Executing <Task(GCSToGCSOperator): move_yellow_tripdata_files_task> on 2022-09-20 00:00:00+00:00
[2022-09-21 00:00:02,782] {standard_task_runner.py:52} INFO - Started process 23319 to run task
[2022-09-21 00:00:02,788] {standard_task_runner.py:76} INFO - Running: ['***', 'tasks', 'run', 'gcs_2_bq_dag', 'move_yellow_tripdata_files_task', 'scheduled__2022-09-20T00:00:00+00:00', '--job-id', '195', '--raw', '--subdir', 'DAGS_FOLDER/gcs_to_bq_dag.py', '--cfg-path', '/tmp/tmpj6az17ez', '--error-file', '/tmp/tmpqcd9d26a']
[2022-09-21 00:00:02,789] {standard_task_runner.py:77} INFO - Job 195: Subtask move_yellow_tripdata_files_task
[2022-09-21 00:00:02,901] {logging_mixin.py:109} INFO - Running <TaskInstance: gcs_2_bq_dag.move_yellow_tripdata_files_task scheduled__2022-09-20T00:00:00+00:00 [running]> on host 788dccad41b9
[2022-09-21 00:00:03,027] {taskinstance.py:1426} INFO - Exporting the following env vars:
AIRFLOW_CTX_DAG_OWNER=***
AIRFLOW_CTX_DAG_ID=gcs_2_bq_dag
AIRFLOW_CTX_TASK_ID=move_yellow_tripdata_files_task
AIRFLOW_CTX_EXECUTION_DATE=2022-09-20T00:00:00+00:00
AIRFLOW_CTX_DAG_RUN_ID=scheduled__2022-09-20T00:00:00+00:00
[2022-09-21 00:00:03,029] {crypto.py:82} WARNING - empty cryptography key - values will not be stored encrypted.
[2022-09-21 00:00:03,030] {gcs_to_gcs.py:346} INFO - Delimiter ignored because wildcard is in prefix
[2022-09-21 00:00:03,317] {taskinstance.py:1277} INFO - Marking task as SUCCESS. dag_id=gcs_2_bq_dag, task_id=move_yellow_tripdata_files_task, execution_date=20220920T000000, start_date=20220921T000002, end_date=20220921T000003
[2022-09-21 00:00:03,373] {local_task_job.py:154} INFO - Task exited with return code 0
[2022-09-21 00:00:03,429] {local_task_job.py:264} INFO - 1 downstream tasks scheduled from follow-on schedule check
[2022-09-21 01:37:16,379] {taskinstance.py:1032} INFO - Dependencies all met for <TaskInstance: gcs_2_bq_dag.move_yellow_tripdata_files_task scheduled__2022-09-20T00:00:00+00:00 [queued]>
[2022-09-21 01:37:16,392] {taskinstance.py:1032} INFO - Dependencies all met for <TaskInstance: gcs_2_bq_dag.move_yellow_tripdata_files_task scheduled__2022-09-20T00:00:00+00:00 [queued]>
[2022-09-21 01:37:16,393] {taskinstance.py:1238} INFO - 
--------------------------------------------------------------------------------
[2022-09-21 01:37:16,393] {taskinstance.py:1239} INFO - Starting attempt 1 of 2
[2022-09-21 01:37:16,393] {taskinstance.py:1240} INFO - 
--------------------------------------------------------------------------------
[2022-09-21 01:37:16,412] {taskinstance.py:1259} INFO - Executing <Task(GCSToGCSOperator): move_yellow_tripdata_files_task> on 2022-09-20 00:00:00+00:00
[2022-09-21 01:37:16,421] {standard_task_runner.py:52} INFO - Started process 28283 to run task
[2022-09-21 01:37:16,428] {standard_task_runner.py:76} INFO - Running: ['***', 'tasks', 'run', 'gcs_2_bq_dag', 'move_yellow_tripdata_files_task', 'scheduled__2022-09-20T00:00:00+00:00', '--job-id', '364', '--raw', '--subdir', 'DAGS_FOLDER/gcs_to_bq_dag.py', '--cfg-path', '/tmp/tmpbpixi9gp', '--error-file', '/tmp/tmp0bz3apio']
[2022-09-21 01:37:16,429] {standard_task_runner.py:77} INFO - Job 364: Subtask move_yellow_tripdata_files_task
[2022-09-21 01:37:16,497] {logging_mixin.py:109} INFO - Running <TaskInstance: gcs_2_bq_dag.move_yellow_tripdata_files_task scheduled__2022-09-20T00:00:00+00:00 [running]> on host 788dccad41b9
[2022-09-21 01:37:16,580] {taskinstance.py:1426} INFO - Exporting the following env vars:
AIRFLOW_CTX_DAG_OWNER=***
AIRFLOW_CTX_DAG_ID=gcs_2_bq_dag
AIRFLOW_CTX_TASK_ID=move_yellow_tripdata_files_task
AIRFLOW_CTX_EXECUTION_DATE=2022-09-20T00:00:00+00:00
AIRFLOW_CTX_DAG_RUN_ID=scheduled__2022-09-20T00:00:00+00:00
[2022-09-21 01:37:16,582] {crypto.py:82} WARNING - empty cryptography key - values will not be stored encrypted.
[2022-09-21 01:37:16,583] {gcs_to_gcs.py:346} INFO - Delimiter ignored because wildcard is in prefix
[2022-09-21 01:37:16,786] {gcs_to_gcs.py:431} INFO - Executing copy of gs://tez-bucket/raw/yellow_tripdata/2019/yellow_tripdata_2019-10.parquet to gs://tez-bucket/yellow/yellow_tripdata/2019/yellow_tripdata_2019-10.parquet
[2022-09-21 01:37:16,821] {gcs.py:251} INFO - Total Bytes: 106293373 | Bytes Written: 106293373
[2022-09-21 01:37:16,821] {gcs.py:264} INFO - Object raw/yellow_tripdata/2019/yellow_tripdata_2019-10.parquet in bucket tez-bucket rewritten to object yellow/yellow_tripdata/2019/yellow_tripdata_2019-10.parquet in bucket tez-bucket
[2022-09-21 01:37:16,845] {gcs.py:645} INFO - Blob raw/yellow_tripdata/2019/yellow_tripdata_2019-10.parquet deleted.
[2022-09-21 01:37:16,845] {gcs_to_gcs.py:431} INFO - Executing copy of gs://tez-bucket/raw/yellow_tripdata/2020/yellow_tripdata_2020-06.parquet to gs://tez-bucket/yellow/yellow_tripdata/2020/yellow_tripdata_2020-06.parquet
[2022-09-21 01:37:16,879] {gcs.py:251} INFO - Total Bytes: 9505358 | Bytes Written: 9505358
[2022-09-21 01:37:16,879] {gcs.py:264} INFO - Object raw/yellow_tripdata/2020/yellow_tripdata_2020-06.parquet in bucket tez-bucket rewritten to object yellow/yellow_tripdata/2020/yellow_tripdata_2020-06.parquet in bucket tez-bucket
[2022-09-21 01:37:16,905] {gcs.py:645} INFO - Blob raw/yellow_tripdata/2020/yellow_tripdata_2020-06.parquet deleted.
[2022-09-21 01:37:16,905] {gcs_to_gcs.py:431} INFO - Executing copy of gs://tez-bucket/raw/yellow_tripdata/2019/yellow_tripdata_2019-03.parquet to gs://tez-bucket/yellow/yellow_tripdata/2019/yellow_tripdata_2019-03.parquet
[2022-09-21 01:37:16,941] {gcs.py:251} INFO - Total Bytes: 116017372 | Bytes Written: 116017372
[2022-09-21 01:37:16,941] {gcs.py:264} INFO - Object raw/yellow_tripdata/2019/yellow_tripdata_2019-03.parquet in bucket tez-bucket rewritten to object yellow/yellow_tripdata/2019/yellow_tripdata_2019-03.parquet in bucket tez-bucket
[2022-09-21 01:37:16,966] {gcs.py:645} INFO - Blob raw/yellow_tripdata/2019/yellow_tripdata_2019-03.parquet deleted.
[2022-09-21 01:37:16,966] {gcs_to_gcs.py:431} INFO - Executing copy of gs://tez-bucket/raw/yellow_tripdata/2019/yellow_tripdata_2019-01.parquet to gs://tez-bucket/yellow/yellow_tripdata/2019/yellow_tripdata_2019-01.parquet
[2022-09-21 01:37:17,007] {gcs.py:251} INFO - Total Bytes: 110439634 | Bytes Written: 110439634
[2022-09-21 01:37:17,007] {gcs.py:264} INFO - Object raw/yellow_tripdata/2019/yellow_tripdata_2019-01.parquet in bucket tez-bucket rewritten to object yellow/yellow_tripdata/2019/yellow_tripdata_2019-01.parquet in bucket tez-bucket
[2022-09-21 01:37:17,033] {gcs.py:645} INFO - Blob raw/yellow_tripdata/2019/yellow_tripdata_2019-01.parquet deleted.
[2022-09-21 01:37:17,034] {gcs_to_gcs.py:431} INFO - Executing copy of gs://tez-bucket/raw/yellow_tripdata/2020/yellow_tripdata_2020-08.parquet to gs://tez-bucket/yellow/yellow_tripdata/2020/yellow_tripdata_2020-08.parquet
[2022-09-21 01:37:17,074] {gcs.py:251} INFO - Total Bytes: 16601463 | Bytes Written: 16601463
[2022-09-21 01:37:17,075] {gcs.py:264} INFO - Object raw/yellow_tripdata/2020/yellow_tripdata_2020-08.parquet in bucket tez-bucket rewritten to object yellow/yellow_tripdata/2020/yellow_tripdata_2020-08.parquet in bucket tez-bucket
[2022-09-21 01:37:17,103] {gcs.py:645} INFO - Blob raw/yellow_tripdata/2020/yellow_tripdata_2020-08.parquet deleted.
[2022-09-21 01:37:17,103] {gcs_to_gcs.py:431} INFO - Executing copy of gs://tez-bucket/raw/yellow_tripdata/2019/yellow_tripdata_2019-12.parquet to gs://tez-bucket/yellow/yellow_tripdata/2019/yellow_tripdata_2019-12.parquet
[2022-09-21 01:37:17,138] {gcs.py:251} INFO - Total Bytes: 101044777 | Bytes Written: 101044777
[2022-09-21 01:37:17,138] {gcs.py:264} INFO - Object raw/yellow_tripdata/2019/yellow_tripdata_2019-12.parquet in bucket tez-bucket rewritten to object yellow/yellow_tripdata/2019/yellow_tripdata_2019-12.parquet in bucket tez-bucket
[2022-09-21 01:37:17,162] {gcs.py:645} INFO - Blob raw/yellow_tripdata/2019/yellow_tripdata_2019-12.parquet deleted.
[2022-09-21 01:37:17,162] {gcs_to_gcs.py:431} INFO - Executing copy of gs://tez-bucket/raw/yellow_tripdata/2020/yellow_tripdata_2020-09.parquet to gs://tez-bucket/yellow/yellow_tripdata/2020/yellow_tripdata_2020-09.parquet
[2022-09-21 01:37:17,195] {gcs.py:251} INFO - Total Bytes: 21381938 | Bytes Written: 21381938
[2022-09-21 01:37:17,195] {gcs.py:264} INFO - Object raw/yellow_tripdata/2020/yellow_tripdata_2020-09.parquet in bucket tez-bucket rewritten to object yellow/yellow_tripdata/2020/yellow_tripdata_2020-09.parquet in bucket tez-bucket
[2022-09-21 01:37:17,218] {gcs.py:645} INFO - Blob raw/yellow_tripdata/2020/yellow_tripdata_2020-09.parquet deleted.
[2022-09-21 01:37:17,218] {gcs_to_gcs.py:431} INFO - Executing copy of gs://tez-bucket/raw/yellow_tripdata/2020/yellow_tripdata_2020-01.parquet to gs://tez-bucket/yellow/yellow_tripdata/2020/yellow_tripdata_2020-01.parquet
[2022-09-21 01:37:17,257] {gcs.py:251} INFO - Total Bytes: 93562858 | Bytes Written: 93562858
[2022-09-21 01:37:17,257] {gcs.py:264} INFO - Object raw/yellow_tripdata/2020/yellow_tripdata_2020-01.parquet in bucket tez-bucket rewritten to object yellow/yellow_tripdata/2020/yellow_tripdata_2020-01.parquet in bucket tez-bucket
[2022-09-21 01:37:17,281] {gcs.py:645} INFO - Blob raw/yellow_tripdata/2020/yellow_tripdata_2020-01.parquet deleted.
[2022-09-21 01:37:17,282] {gcs_to_gcs.py:431} INFO - Executing copy of gs://tez-bucket/raw/yellow_tripdata/2020/yellow_tripdata_2020-10.parquet to gs://tez-bucket/yellow/yellow_tripdata/2020/yellow_tripdata_2020-10.parquet
[2022-09-21 01:37:17,316] {gcs.py:251} INFO - Total Bytes: 26306876 | Bytes Written: 26306876
[2022-09-21 01:37:17,316] {gcs.py:264} INFO - Object raw/yellow_tripdata/2020/yellow_tripdata_2020-10.parquet in bucket tez-bucket rewritten to object yellow/yellow_tripdata/2020/yellow_tripdata_2020-10.parquet in bucket tez-bucket
[2022-09-21 01:37:17,340] {gcs.py:645} INFO - Blob raw/yellow_tripdata/2020/yellow_tripdata_2020-10.parquet deleted.
[2022-09-21 01:37:17,341] {gcs_to_gcs.py:431} INFO - Executing copy of gs://tez-bucket/raw/yellow_tripdata/2019/yellow_tripdata_2019-06.parquet to gs://tez-bucket/yellow/yellow_tripdata/2019/yellow_tripdata_2019-06.parquet
[2022-09-21 01:37:17,379] {gcs.py:251} INFO - Total Bytes: 102903344 | Bytes Written: 102903344
[2022-09-21 01:37:17,379] {gcs.py:264} INFO - Object raw/yellow_tripdata/2019/yellow_tripdata_2019-06.parquet in bucket tez-bucket rewritten to object yellow/yellow_tripdata/2019/yellow_tripdata_2019-06.parquet in bucket tez-bucket
[2022-09-21 01:37:17,403] {gcs.py:645} INFO - Blob raw/yellow_tripdata/2019/yellow_tripdata_2019-06.parquet deleted.
[2022-09-21 01:37:17,404] {gcs_to_gcs.py:431} INFO - Executing copy of gs://tez-bucket/raw/yellow_tripdata/2019/yellow_tripdata_2019-05.parquet to gs://tez-bucket/yellow/yellow_tripdata/2019/yellow_tripdata_2019-05.parquet
[2022-09-21 01:37:17,438] {gcs.py:251} INFO - Total Bytes: 111478943 | Bytes Written: 111478943
[2022-09-21 01:37:17,438] {gcs.py:264} INFO - Object raw/yellow_tripdata/2019/yellow_tripdata_2019-05.parquet in bucket tez-bucket rewritten to object yellow/yellow_tripdata/2019/yellow_tripdata_2019-05.parquet in bucket tez-bucket
[2022-09-21 01:37:17,460] {gcs.py:645} INFO - Blob raw/yellow_tripdata/2019/yellow_tripdata_2019-05.parquet deleted.
[2022-09-21 01:37:17,461] {gcs_to_gcs.py:431} INFO - Executing copy of gs://tez-bucket/raw/yellow_tripdata/2020/yellow_tripdata_2020-04.parquet to gs://tez-bucket/yellow/yellow_tripdata/2020/yellow_tripdata_2020-04.parquet
[2022-09-21 01:37:17,493] {gcs.py:251} INFO - Total Bytes: 4442620 | Bytes Written: 4442620
[2022-09-21 01:37:17,494] {gcs.py:264} INFO - Object raw/yellow_tripdata/2020/yellow_tripdata_2020-04.parquet in bucket tez-bucket rewritten to object yellow/yellow_tripdata/2020/yellow_tripdata_2020-04.parquet in bucket tez-bucket
[2022-09-21 01:37:17,516] {gcs.py:645} INFO - Blob raw/yellow_tripdata/2020/yellow_tripdata_2020-04.parquet deleted.
[2022-09-21 01:37:17,516] {gcs_to_gcs.py:431} INFO - Executing copy of gs://tez-bucket/raw/yellow_tripdata/2020/yellow_tripdata_2020-07.parquet to gs://tez-bucket/yellow/yellow_tripdata/2020/yellow_tripdata_2020-07.parquet
[2022-09-21 01:37:17,556] {gcs.py:251} INFO - Total Bytes: 13387778 | Bytes Written: 13387778
[2022-09-21 01:37:17,556] {gcs.py:264} INFO - Object raw/yellow_tripdata/2020/yellow_tripdata_2020-07.parquet in bucket tez-bucket rewritten to object yellow/yellow_tripdata/2020/yellow_tripdata_2020-07.parquet in bucket tez-bucket
[2022-09-21 01:37:17,579] {gcs.py:645} INFO - Blob raw/yellow_tripdata/2020/yellow_tripdata_2020-07.parquet deleted.
[2022-09-21 01:37:17,579] {gcs_to_gcs.py:431} INFO - Executing copy of gs://tez-bucket/raw/yellow_tripdata/2020/yellow_tripdata_2020-05.parquet to gs://tez-bucket/yellow/yellow_tripdata/2020/yellow_tripdata_2020-05.parquet
[2022-09-21 01:37:17,620] {gcs.py:251} INFO - Total Bytes: 6229864 | Bytes Written: 6229864
[2022-09-21 01:37:17,621] {gcs.py:264} INFO - Object raw/yellow_tripdata/2020/yellow_tripdata_2020-05.parquet in bucket tez-bucket rewritten to object yellow/yellow_tripdata/2020/yellow_tripdata_2020-05.parquet in bucket tez-bucket
[2022-09-21 01:37:17,646] {gcs.py:645} INFO - Blob raw/yellow_tripdata/2020/yellow_tripdata_2020-05.parquet deleted.
[2022-09-21 01:37:17,646] {gcs_to_gcs.py:431} INFO - Executing copy of gs://tez-bucket/raw/yellow_tripdata/2020/yellow_tripdata_2020-11.parquet to gs://tez-bucket/yellow/yellow_tripdata/2020/yellow_tripdata_2020-11.parquet
[2022-09-21 01:37:17,678] {gcs.py:251} INFO - Total Bytes: 23583368 | Bytes Written: 23583368
[2022-09-21 01:37:17,678] {gcs.py:264} INFO - Object raw/yellow_tripdata/2020/yellow_tripdata_2020-11.parquet in bucket tez-bucket rewritten to object yellow/yellow_tripdata/2020/yellow_tripdata_2020-11.parquet in bucket tez-bucket
[2022-09-21 01:37:17,701] {gcs.py:645} INFO - Blob raw/yellow_tripdata/2020/yellow_tripdata_2020-11.parquet deleted.
[2022-09-21 01:37:17,701] {gcs_to_gcs.py:431} INFO - Executing copy of gs://tez-bucket/raw/yellow_tripdata/2020/yellow_tripdata_2020-03.parquet to gs://tez-bucket/yellow/yellow_tripdata/2020/yellow_tripdata_2020-03.parquet
[2022-09-21 01:37:17,731] {gcs.py:251} INFO - Total Bytes: 44442590 | Bytes Written: 44442590
[2022-09-21 01:37:17,731] {gcs.py:264} INFO - Object raw/yellow_tripdata/2020/yellow_tripdata_2020-03.parquet in bucket tez-bucket rewritten to object yellow/yellow_tripdata/2020/yellow_tripdata_2020-03.parquet in bucket tez-bucket
[2022-09-21 01:37:17,753] {gcs.py:645} INFO - Blob raw/yellow_tripdata/2020/yellow_tripdata_2020-03.parquet deleted.
[2022-09-21 01:37:17,753] {gcs_to_gcs.py:431} INFO - Executing copy of gs://tez-bucket/raw/yellow_tripdata/2020/yellow_tripdata_2020-02.parquet to gs://tez-bucket/yellow/yellow_tripdata/2020/yellow_tripdata_2020-02.parquet
[2022-09-21 01:37:17,788] {gcs.py:251} INFO - Total Bytes: 92134881 | Bytes Written: 92134881
[2022-09-21 01:37:17,788] {gcs.py:264} INFO - Object raw/yellow_tripdata/2020/yellow_tripdata_2020-02.parquet in bucket tez-bucket rewritten to object yellow/yellow_tripdata/2020/yellow_tripdata_2020-02.parquet in bucket tez-bucket
[2022-09-21 01:37:17,813] {gcs.py:645} INFO - Blob raw/yellow_tripdata/2020/yellow_tripdata_2020-02.parquet deleted.
[2022-09-21 01:37:17,813] {gcs_to_gcs.py:431} INFO - Executing copy of gs://tez-bucket/raw/yellow_tripdata/2019/yellow_tripdata_2019-07.parquet to gs://tez-bucket/yellow/yellow_tripdata/2019/yellow_tripdata_2019-07.parquet
[2022-09-21 01:37:17,852] {gcs.py:251} INFO - Total Bytes: 93877343 | Bytes Written: 93877343
[2022-09-21 01:37:17,852] {gcs.py:264} INFO - Object raw/yellow_tripdata/2019/yellow_tripdata_2019-07.parquet in bucket tez-bucket rewritten to object yellow/yellow_tripdata/2019/yellow_tripdata_2019-07.parquet in bucket tez-bucket
[2022-09-21 01:37:17,874] {gcs.py:645} INFO - Blob raw/yellow_tripdata/2019/yellow_tripdata_2019-07.parquet deleted.
[2022-09-21 01:37:17,874] {gcs_to_gcs.py:431} INFO - Executing copy of gs://tez-bucket/raw/yellow_tripdata/2020/yellow_tripdata_2020-12.parquet to gs://tez-bucket/yellow/yellow_tripdata/2020/yellow_tripdata_2020-12.parquet
[2022-09-21 01:37:17,907] {gcs.py:251} INFO - Total Bytes: 23020036 | Bytes Written: 23020036
[2022-09-21 01:37:17,907] {gcs.py:264} INFO - Object raw/yellow_tripdata/2020/yellow_tripdata_2020-12.parquet in bucket tez-bucket rewritten to object yellow/yellow_tripdata/2020/yellow_tripdata_2020-12.parquet in bucket tez-bucket
[2022-09-21 01:37:17,929] {gcs.py:645} INFO - Blob raw/yellow_tripdata/2020/yellow_tripdata_2020-12.parquet deleted.
[2022-09-21 01:37:17,929] {gcs_to_gcs.py:431} INFO - Executing copy of gs://tez-bucket/raw/yellow_tripdata/2019/yellow_tripdata_2019-11.parquet to gs://tez-bucket/yellow/yellow_tripdata/2019/yellow_tripdata_2019-11.parquet
[2022-09-21 01:37:17,963] {gcs.py:251} INFO - Total Bytes: 100872983 | Bytes Written: 100872983
[2022-09-21 01:37:17,963] {gcs.py:264} INFO - Object raw/yellow_tripdata/2019/yellow_tripdata_2019-11.parquet in bucket tez-bucket rewritten to object yellow/yellow_tripdata/2019/yellow_tripdata_2019-11.parquet in bucket tez-bucket
[2022-09-21 01:37:17,988] {gcs.py:645} INFO - Blob raw/yellow_tripdata/2019/yellow_tripdata_2019-11.parquet deleted.
[2022-09-21 01:37:17,989] {gcs_to_gcs.py:431} INFO - Executing copy of gs://tez-bucket/raw/yellow_tripdata/2019/yellow_tripdata_2019-04.parquet to gs://tez-bucket/yellow/yellow_tripdata/2019/yellow_tripdata_2019-04.parquet
[2022-09-21 01:37:18,029] {gcs.py:251} INFO - Total Bytes: 110139137 | Bytes Written: 110139137
[2022-09-21 01:37:18,029] {gcs.py:264} INFO - Object raw/yellow_tripdata/2019/yellow_tripdata_2019-04.parquet in bucket tez-bucket rewritten to object yellow/yellow_tripdata/2019/yellow_tripdata_2019-04.parquet in bucket tez-bucket
[2022-09-21 01:37:18,053] {gcs.py:645} INFO - Blob raw/yellow_tripdata/2019/yellow_tripdata_2019-04.parquet deleted.
[2022-09-21 01:37:18,053] {gcs_to_gcs.py:431} INFO - Executing copy of gs://tez-bucket/raw/yellow_tripdata/2019/yellow_tripdata_2019-08.parquet to gs://tez-bucket/yellow/yellow_tripdata/2019/yellow_tripdata_2019-08.parquet
[2022-09-21 01:37:18,088] {gcs.py:251} INFO - Total Bytes: 89999675 | Bytes Written: 89999675
[2022-09-21 01:37:18,089] {gcs.py:264} INFO - Object raw/yellow_tripdata/2019/yellow_tripdata_2019-08.parquet in bucket tez-bucket rewritten to object yellow/yellow_tripdata/2019/yellow_tripdata_2019-08.parquet in bucket tez-bucket
[2022-09-21 01:37:18,111] {gcs.py:645} INFO - Blob raw/yellow_tripdata/2019/yellow_tripdata_2019-08.parquet deleted.
[2022-09-21 01:37:18,112] {gcs_to_gcs.py:431} INFO - Executing copy of gs://tez-bucket/raw/yellow_tripdata/2019/yellow_tripdata_2019-09.parquet to gs://tez-bucket/yellow/yellow_tripdata/2019/yellow_tripdata_2019-09.parquet
[2022-09-21 01:37:18,169] {gcs.py:251} INFO - Total Bytes: 97110325 | Bytes Written: 97110325
[2022-09-21 01:37:18,169] {gcs.py:264} INFO - Object raw/yellow_tripdata/2019/yellow_tripdata_2019-09.parquet in bucket tez-bucket rewritten to object yellow/yellow_tripdata/2019/yellow_tripdata_2019-09.parquet in bucket tez-bucket
[2022-09-21 01:37:18,191] {gcs.py:645} INFO - Blob raw/yellow_tripdata/2019/yellow_tripdata_2019-09.parquet deleted.
[2022-09-21 01:37:18,191] {gcs_to_gcs.py:431} INFO - Executing copy of gs://tez-bucket/raw/yellow_tripdata/2019/yellow_tripdata_2019-02.parquet to gs://tez-bucket/yellow/yellow_tripdata/2019/yellow_tripdata_2019-02.parquet
[2022-09-21 01:37:18,220] {gcs.py:251} INFO - Total Bytes: 103356025 | Bytes Written: 103356025
[2022-09-21 01:37:18,220] {gcs.py:264} INFO - Object raw/yellow_tripdata/2019/yellow_tripdata_2019-02.parquet in bucket tez-bucket rewritten to object yellow/yellow_tripdata/2019/yellow_tripdata_2019-02.parquet in bucket tez-bucket
[2022-09-21 01:37:18,245] {gcs.py:645} INFO - Blob raw/yellow_tripdata/2019/yellow_tripdata_2019-02.parquet deleted.
[2022-09-21 01:37:18,261] {taskinstance.py:1277} INFO - Marking task as SUCCESS. dag_id=gcs_2_bq_dag, task_id=move_yellow_tripdata_files_task, execution_date=20220920T000000, start_date=20220921T013716, end_date=20220921T013718
[2022-09-21 01:37:18,287] {local_task_job.py:154} INFO - Task exited with return code 0
[2022-09-21 01:37:18,337] {local_task_job.py:264} INFO - 1 downstream tasks scheduled from follow-on schedule check
