[2022-09-21 02:45:48,584] {taskinstance.py:1032} INFO - Dependencies all met for <TaskInstance: gcs_2_bq_dag.move_yellow_tripdata_files_task scheduled__2022-09-20T00:00:00+00:00 [queued]>
[2022-09-21 02:45:48,604] {taskinstance.py:1032} INFO - Dependencies all met for <TaskInstance: gcs_2_bq_dag.move_yellow_tripdata_files_task scheduled__2022-09-20T00:00:00+00:00 [queued]>
[2022-09-21 02:45:48,604] {taskinstance.py:1238} INFO - 
--------------------------------------------------------------------------------
[2022-09-21 02:45:48,604] {taskinstance.py:1239} INFO - Starting attempt 2 of 3
[2022-09-21 02:45:48,604] {taskinstance.py:1240} INFO - 
--------------------------------------------------------------------------------
[2022-09-21 02:45:48,623] {taskinstance.py:1259} INFO - Executing <Task(GCSToGCSOperator): move_yellow_tripdata_files_task> on 2022-09-20 00:00:00+00:00
[2022-09-21 02:45:48,634] {standard_task_runner.py:52} INFO - Started process 31347 to run task
[2022-09-21 02:45:48,648] {standard_task_runner.py:76} INFO - Running: ['***', 'tasks', 'run', 'gcs_2_bq_dag', 'move_yellow_tripdata_files_task', 'scheduled__2022-09-20T00:00:00+00:00', '--job-id', '380', '--raw', '--subdir', 'DAGS_FOLDER/gcs_to_bq_dag.py', '--cfg-path', '/tmp/tmpckzxt73z', '--error-file', '/tmp/tmpr36dz269']
[2022-09-21 02:45:48,650] {standard_task_runner.py:77} INFO - Job 380: Subtask move_yellow_tripdata_files_task
[2022-09-21 02:45:48,739] {logging_mixin.py:109} INFO - Running <TaskInstance: gcs_2_bq_dag.move_yellow_tripdata_files_task scheduled__2022-09-20T00:00:00+00:00 [running]> on host 788dccad41b9
[2022-09-21 02:45:48,829] {taskinstance.py:1426} INFO - Exporting the following env vars:
AIRFLOW_CTX_DAG_OWNER=***
AIRFLOW_CTX_DAG_ID=gcs_2_bq_dag
AIRFLOW_CTX_TASK_ID=move_yellow_tripdata_files_task
AIRFLOW_CTX_EXECUTION_DATE=2022-09-20T00:00:00+00:00
AIRFLOW_CTX_DAG_RUN_ID=scheduled__2022-09-20T00:00:00+00:00
[2022-09-21 02:45:48,831] {crypto.py:82} WARNING - empty cryptography key - values will not be stored encrypted.
[2022-09-21 02:45:48,832] {gcs_to_gcs.py:346} INFO - Delimiter ignored because wildcard is in prefix
[2022-09-21 02:45:49,085] {taskinstance.py:1277} INFO - Marking task as SUCCESS. dag_id=gcs_2_bq_dag, task_id=move_yellow_tripdata_files_task, execution_date=20220920T000000, start_date=20220921T024548, end_date=20220921T024549
[2022-09-21 02:45:49,141] {local_task_job.py:154} INFO - Task exited with return code 0
[2022-09-21 02:45:49,190] {local_task_job.py:264} INFO - 1 downstream tasks scheduled from follow-on schedule check
