[2022-09-21 01:26:50,072] {taskinstance.py:1032} INFO - Dependencies all met for <TaskInstance: gcs_2_bq_dag.bq_yellow_tripdata_external_table_task scheduled__2022-09-19T00:00:00+00:00 [queued]>
[2022-09-21 01:26:50,083] {taskinstance.py:1032} INFO - Dependencies all met for <TaskInstance: gcs_2_bq_dag.bq_yellow_tripdata_external_table_task scheduled__2022-09-19T00:00:00+00:00 [queued]>
[2022-09-21 01:26:50,083] {taskinstance.py:1238} INFO - 
--------------------------------------------------------------------------------
[2022-09-21 01:26:50,083] {taskinstance.py:1239} INFO - Starting attempt 3 of 4
[2022-09-21 01:26:50,083] {taskinstance.py:1240} INFO - 
--------------------------------------------------------------------------------
[2022-09-21 01:26:50,095] {taskinstance.py:1259} INFO - Executing <Task(BigQueryCreateExternalTableOperator): bq_yellow_tripdata_external_table_task> on 2022-09-19 00:00:00+00:00
[2022-09-21 01:26:50,101] {standard_task_runner.py:52} INFO - Started process 27183 to run task
[2022-09-21 01:26:50,106] {standard_task_runner.py:76} INFO - Running: ['***', 'tasks', 'run', 'gcs_2_bq_dag', 'bq_yellow_tripdata_external_table_task', 'scheduled__2022-09-19T00:00:00+00:00', '--job-id', '211', '--raw', '--subdir', 'DAGS_FOLDER/gcs_to_bq_dag.py', '--cfg-path', '/tmp/tmp6ef2sfot', '--error-file', '/tmp/tmpk78t3xmh']
[2022-09-21 01:26:50,107] {standard_task_runner.py:77} INFO - Job 211: Subtask bq_yellow_tripdata_external_table_task
[2022-09-21 01:26:50,174] {logging_mixin.py:109} INFO - Running <TaskInstance: gcs_2_bq_dag.bq_yellow_tripdata_external_table_task scheduled__2022-09-19T00:00:00+00:00 [running]> on host 788dccad41b9
[2022-09-21 01:26:50,261] {taskinstance.py:1426} INFO - Exporting the following env vars:
AIRFLOW_CTX_DAG_OWNER=***
AIRFLOW_CTX_DAG_ID=gcs_2_bq_dag
AIRFLOW_CTX_TASK_ID=bq_yellow_tripdata_external_table_task
AIRFLOW_CTX_EXECUTION_DATE=2022-09-19T00:00:00+00:00
AIRFLOW_CTX_DAG_RUN_ID=scheduled__2022-09-19T00:00:00+00:00
[2022-09-21 01:26:50,263] {crypto.py:82} WARNING - empty cryptography key - values will not be stored encrypted.
[2022-09-21 01:26:51,099] {taskinstance.py:1277} INFO - Marking task as SUCCESS. dag_id=gcs_2_bq_dag, task_id=bq_yellow_tripdata_external_table_task, execution_date=20220919T000000, start_date=20220921T012650, end_date=20220921T012651
[2022-09-21 01:26:51,162] {local_task_job.py:154} INFO - Task exited with return code 0
[2022-09-21 01:26:51,216] {local_task_job.py:264} INFO - 1 downstream tasks scheduled from follow-on schedule check
