[2022-09-17 06:06:44,515] {taskinstance.py:1032} INFO - Dependencies all met for <TaskInstance: yellow_taxi_data_v2.rm_task scheduled__2020-06-02T06:00:00+00:00 [queued]>
[2022-09-17 06:06:44,529] {taskinstance.py:1032} INFO - Dependencies all met for <TaskInstance: yellow_taxi_data_v2.rm_task scheduled__2020-06-02T06:00:00+00:00 [queued]>
[2022-09-17 06:06:44,529] {taskinstance.py:1238} INFO - 
--------------------------------------------------------------------------------
[2022-09-17 06:06:44,530] {taskinstance.py:1239} INFO - Starting attempt 1 of 2
[2022-09-17 06:06:44,530] {taskinstance.py:1240} INFO - 
--------------------------------------------------------------------------------
[2022-09-17 06:06:44,544] {taskinstance.py:1259} INFO - Executing <Task(BashOperator): rm_task> on 2020-06-02 06:00:00+00:00
[2022-09-17 06:06:44,550] {standard_task_runner.py:52} INFO - Started process 5248 to run task
[2022-09-17 06:06:44,556] {standard_task_runner.py:76} INFO - Running: ['***', 'tasks', 'run', 'yellow_taxi_data_v2', 'rm_task', 'scheduled__2020-06-02T06:00:00+00:00', '--job-id', '59', '--raw', '--subdir', 'DAGS_FOLDER/data_ingestion_gcs_dag.py', '--cfg-path', '/tmp/tmpzpm45urz', '--error-file', '/tmp/tmp0_ce72uh']
[2022-09-17 06:06:44,557] {standard_task_runner.py:77} INFO - Job 59: Subtask rm_task
[2022-09-17 06:06:44,629] {logging_mixin.py:109} INFO - Running <TaskInstance: yellow_taxi_data_v2.rm_task scheduled__2020-06-02T06:00:00+00:00 [running]> on host 10d063af5ba7
[2022-09-17 06:06:44,679] {warnings.py:110} WARNING - /home/***/.local/lib/python3.7/site-packages/***/utils/context.py:152: AirflowContextDeprecationWarning: Accessing 'execution_date' from the template is deprecated and will be removed in a future version. Please use 'data_interval_start' or 'logical_date' instead.
  warnings.warn(_create_deprecation_warning(key, self._deprecation_replacements[key]))

[2022-09-17 06:06:44,702] {taskinstance.py:1426} INFO - Exporting the following env vars:
AIRFLOW_CTX_DAG_OWNER=***
AIRFLOW_CTX_DAG_ID=yellow_taxi_data_v2
AIRFLOW_CTX_TASK_ID=rm_task
AIRFLOW_CTX_EXECUTION_DATE=2020-06-02T06:00:00+00:00
AIRFLOW_CTX_DAG_RUN_ID=scheduled__2020-06-02T06:00:00+00:00
[2022-09-17 06:06:44,704] {subprocess.py:62} INFO - Tmp dir root location: 
 /tmp
[2022-09-17 06:06:44,704] {subprocess.py:74} INFO - Running command: ['bash', '-c', 'rm /opt/***/yellow_tripdata_2020-06.parquet']
[2022-09-17 06:06:44,719] {subprocess.py:85} INFO - Output:
[2022-09-17 06:06:44,725] {subprocess.py:93} INFO - Command exited with return code 0
[2022-09-17 06:06:44,753] {taskinstance.py:1277} INFO - Marking task as SUCCESS. dag_id=yellow_taxi_data_v2, task_id=rm_task, execution_date=20200602T060000, start_date=20220917T060644, end_date=20220917T060644
[2022-09-17 06:06:44,808] {local_task_job.py:154} INFO - Task exited with return code 0
[2022-09-17 06:06:44,857] {local_task_job.py:264} INFO - 0 downstream tasks scheduled from follow-on schedule check
[2022-09-20 15:34:35,684] {taskinstance.py:1032} INFO - Dependencies all met for <TaskInstance: yellow_taxi_data_v2.rm_task scheduled__2020-06-02T06:00:00+00:00 [queued]>
[2022-09-20 15:34:35,721] {taskinstance.py:1032} INFO - Dependencies all met for <TaskInstance: yellow_taxi_data_v2.rm_task scheduled__2020-06-02T06:00:00+00:00 [queued]>
[2022-09-20 15:34:35,727] {taskinstance.py:1238} INFO - 
--------------------------------------------------------------------------------
[2022-09-20 15:34:35,727] {taskinstance.py:1239} INFO - Starting attempt 1 of 2
[2022-09-20 15:34:35,728] {taskinstance.py:1240} INFO - 
--------------------------------------------------------------------------------
[2022-09-20 15:34:35,776] {taskinstance.py:1259} INFO - Executing <Task(BashOperator): rm_task> on 2020-06-02 06:00:00+00:00
[2022-09-20 15:34:35,786] {standard_task_runner.py:52} INFO - Started process 861 to run task
[2022-09-20 15:34:35,800] {standard_task_runner.py:76} INFO - Running: ['***', 'tasks', 'run', 'yellow_taxi_data_v2', 'rm_task', 'scheduled__2020-06-02T06:00:00+00:00', '--job-id', '145', '--raw', '--subdir', 'DAGS_FOLDER/data_ingestion_gcs_dag.py', '--cfg-path', '/tmp/tmpljw4rp7z', '--error-file', '/tmp/tmphb59pre1']
[2022-09-20 15:34:35,803] {standard_task_runner.py:77} INFO - Job 145: Subtask rm_task
[2022-09-20 15:34:35,929] {logging_mixin.py:109} INFO - Running <TaskInstance: yellow_taxi_data_v2.rm_task scheduled__2020-06-02T06:00:00+00:00 [running]> on host 788dccad41b9
[2022-09-20 15:34:36,018] {warnings.py:110} WARNING - /home/***/.local/lib/python3.7/site-packages/***/utils/context.py:152: AirflowContextDeprecationWarning: Accessing 'execution_date' from the template is deprecated and will be removed in a future version. Please use 'data_interval_start' or 'logical_date' instead.
  warnings.warn(_create_deprecation_warning(key, self._deprecation_replacements[key]))

[2022-09-20 15:34:36,064] {taskinstance.py:1426} INFO - Exporting the following env vars:
AIRFLOW_CTX_DAG_OWNER=***
AIRFLOW_CTX_DAG_ID=yellow_taxi_data_v2
AIRFLOW_CTX_TASK_ID=rm_task
AIRFLOW_CTX_EXECUTION_DATE=2020-06-02T06:00:00+00:00
AIRFLOW_CTX_DAG_RUN_ID=scheduled__2020-06-02T06:00:00+00:00
[2022-09-20 15:34:36,068] {subprocess.py:62} INFO - Tmp dir root location: 
 /tmp
[2022-09-20 15:34:36,068] {subprocess.py:74} INFO - Running command: ['bash', '-c', 'rm /opt/***/yellow_tripdata_2020-06.parquet']
[2022-09-20 15:34:36,090] {subprocess.py:85} INFO - Output:
[2022-09-20 15:34:36,103] {subprocess.py:93} INFO - Command exited with return code 0
[2022-09-20 15:34:36,162] {taskinstance.py:1277} INFO - Marking task as SUCCESS. dag_id=yellow_taxi_data_v2, task_id=rm_task, execution_date=20200602T060000, start_date=20220920T153435, end_date=20220920T153436
[2022-09-20 15:34:36,229] {local_task_job.py:154} INFO - Task exited with return code 0
[2022-09-20 15:34:36,269] {local_task_job.py:264} INFO - 0 downstream tasks scheduled from follow-on schedule check
[2022-09-21 01:35:45,843] {taskinstance.py:1032} INFO - Dependencies all met for <TaskInstance: yellow_taxi_data_v2.rm_task scheduled__2020-06-02T06:00:00+00:00 [queued]>
[2022-09-21 01:35:45,878] {taskinstance.py:1032} INFO - Dependencies all met for <TaskInstance: yellow_taxi_data_v2.rm_task scheduled__2020-06-02T06:00:00+00:00 [queued]>
[2022-09-21 01:35:45,878] {taskinstance.py:1238} INFO - 
--------------------------------------------------------------------------------
[2022-09-21 01:35:45,878] {taskinstance.py:1239} INFO - Starting attempt 1 of 2
[2022-09-21 01:35:45,878] {taskinstance.py:1240} INFO - 
--------------------------------------------------------------------------------
[2022-09-21 01:35:45,898] {taskinstance.py:1259} INFO - Executing <Task(BashOperator): rm_task> on 2020-06-02 06:00:00+00:00
[2022-09-21 01:35:45,906] {standard_task_runner.py:52} INFO - Started process 28018 to run task
[2022-09-21 01:35:45,933] {standard_task_runner.py:76} INFO - Running: ['***', 'tasks', 'run', 'yellow_taxi_data_v2', 'rm_task', 'scheduled__2020-06-02T06:00:00+00:00', '--job-id', '318', '--raw', '--subdir', 'DAGS_FOLDER/data_ingestion_gcs_dag.py', '--cfg-path', '/tmp/tmpv_is9urw', '--error-file', '/tmp/tmpsp8adrsk']
[2022-09-21 01:35:45,939] {standard_task_runner.py:77} INFO - Job 318: Subtask rm_task
[2022-09-21 01:35:46,107] {logging_mixin.py:109} INFO - Running <TaskInstance: yellow_taxi_data_v2.rm_task scheduled__2020-06-02T06:00:00+00:00 [running]> on host 788dccad41b9
[2022-09-21 01:35:46,225] {warnings.py:110} WARNING - /home/***/.local/lib/python3.7/site-packages/***/utils/context.py:152: AirflowContextDeprecationWarning: Accessing 'execution_date' from the template is deprecated and will be removed in a future version. Please use 'data_interval_start' or 'logical_date' instead.
  warnings.warn(_create_deprecation_warning(key, self._deprecation_replacements[key]))

[2022-09-21 01:35:46,257] {taskinstance.py:1426} INFO - Exporting the following env vars:
AIRFLOW_CTX_DAG_OWNER=***
AIRFLOW_CTX_DAG_ID=yellow_taxi_data_v2
AIRFLOW_CTX_TASK_ID=rm_task
AIRFLOW_CTX_EXECUTION_DATE=2020-06-02T06:00:00+00:00
AIRFLOW_CTX_DAG_RUN_ID=scheduled__2020-06-02T06:00:00+00:00
[2022-09-21 01:35:46,259] {subprocess.py:62} INFO - Tmp dir root location: 
 /tmp
[2022-09-21 01:35:46,259] {subprocess.py:74} INFO - Running command: ['bash', '-c', 'rm /opt/***/yellow_tripdata_2020-06.parquet']
[2022-09-21 01:35:46,277] {subprocess.py:85} INFO - Output:
[2022-09-21 01:35:46,286] {subprocess.py:93} INFO - Command exited with return code 0
[2022-09-21 01:35:46,409] {taskinstance.py:1277} INFO - Marking task as SUCCESS. dag_id=yellow_taxi_data_v2, task_id=rm_task, execution_date=20200602T060000, start_date=20220921T013545, end_date=20220921T013546
[2022-09-21 01:35:46,462] {local_task_job.py:154} INFO - Task exited with return code 0
[2022-09-21 01:35:46,534] {local_task_job.py:264} INFO - 0 downstream tasks scheduled from follow-on schedule check
