[2022-09-17 06:52:44,136] {taskinstance.py:1032} INFO - Dependencies all met for <TaskInstance: fhv_data_v2.download_dataset_task scheduled__2019-12-02T06:00:00+00:00 [queued]>
[2022-09-17 06:52:44,150] {taskinstance.py:1032} INFO - Dependencies all met for <TaskInstance: fhv_data_v2.download_dataset_task scheduled__2019-12-02T06:00:00+00:00 [queued]>
[2022-09-17 06:52:44,150] {taskinstance.py:1238} INFO - 
--------------------------------------------------------------------------------
[2022-09-17 06:52:44,150] {taskinstance.py:1239} INFO - Starting attempt 1 of 2
[2022-09-17 06:52:44,150] {taskinstance.py:1240} INFO - 
--------------------------------------------------------------------------------
[2022-09-17 06:52:44,165] {taskinstance.py:1259} INFO - Executing <Task(BashOperator): download_dataset_task> on 2019-12-02 06:00:00+00:00
[2022-09-17 06:52:44,171] {standard_task_runner.py:52} INFO - Started process 7495 to run task
[2022-09-17 06:52:44,181] {standard_task_runner.py:76} INFO - Running: ['***', 'tasks', 'run', 'fhv_data_v2', 'download_dataset_task', 'scheduled__2019-12-02T06:00:00+00:00', '--job-id', '110', '--raw', '--subdir', 'DAGS_FOLDER/data_ingestion_gcs_dag.py', '--cfg-path', '/tmp/tmp5v1pmd_a', '--error-file', '/tmp/tmpbyicn3ls']
[2022-09-17 06:52:44,182] {standard_task_runner.py:77} INFO - Job 110: Subtask download_dataset_task
[2022-09-17 06:52:44,257] {logging_mixin.py:109} INFO - Running <TaskInstance: fhv_data_v2.download_dataset_task scheduled__2019-12-02T06:00:00+00:00 [running]> on host 10d063af5ba7
[2022-09-17 06:52:44,302] {warnings.py:110} WARNING - /home/***/.local/lib/python3.7/site-packages/***/utils/context.py:152: AirflowContextDeprecationWarning: Accessing 'execution_date' from the template is deprecated and will be removed in a future version. Please use 'data_interval_start' or 'logical_date' instead.
  warnings.warn(_create_deprecation_warning(key, self._deprecation_replacements[key]))

[2022-09-17 06:52:44,331] {taskinstance.py:1426} INFO - Exporting the following env vars:
AIRFLOW_CTX_DAG_OWNER=***
AIRFLOW_CTX_DAG_ID=fhv_data_v2
AIRFLOW_CTX_TASK_ID=download_dataset_task
AIRFLOW_CTX_EXECUTION_DATE=2019-12-02T06:00:00+00:00
AIRFLOW_CTX_DAG_RUN_ID=scheduled__2019-12-02T06:00:00+00:00
[2022-09-17 06:52:44,332] {subprocess.py:62} INFO - Tmp dir root location: 
 /tmp
[2022-09-17 06:52:44,333] {subprocess.py:74} INFO - Running command: ['bash', '-c', 'curl -sSLf https://d37ci6vzurychx.cloudfront.net/trip-data/fhv_tripdata_2019-12.parquet > /opt/***/fhv_tripdata_2019-12.parquet']
[2022-09-17 06:52:44,351] {subprocess.py:85} INFO - Output:
[2022-09-17 06:52:47,141] {subprocess.py:93} INFO - Command exited with return code 0
[2022-09-17 06:52:47,170] {taskinstance.py:1277} INFO - Marking task as SUCCESS. dag_id=fhv_data_v2, task_id=download_dataset_task, execution_date=20191202T060000, start_date=20220917T065244, end_date=20220917T065247
[2022-09-17 06:52:47,204] {local_task_job.py:154} INFO - Task exited with return code 0
[2022-09-17 06:52:47,251] {local_task_job.py:264} INFO - 1 downstream tasks scheduled from follow-on schedule check
[2022-09-20 15:32:12,782] {taskinstance.py:1032} INFO - Dependencies all met for <TaskInstance: fhv_data_v2.download_dataset_task scheduled__2019-12-02T06:00:00+00:00 [queued]>
[2022-09-20 15:32:12,797] {taskinstance.py:1032} INFO - Dependencies all met for <TaskInstance: fhv_data_v2.download_dataset_task scheduled__2019-12-02T06:00:00+00:00 [queued]>
[2022-09-20 15:32:12,797] {taskinstance.py:1238} INFO - 
--------------------------------------------------------------------------------
[2022-09-20 15:32:12,797] {taskinstance.py:1239} INFO - Starting attempt 1 of 2
[2022-09-20 15:32:12,798] {taskinstance.py:1240} INFO - 
--------------------------------------------------------------------------------
[2022-09-20 15:32:12,825] {taskinstance.py:1259} INFO - Executing <Task(BashOperator): download_dataset_task> on 2019-12-02 06:00:00+00:00
[2022-09-20 15:32:12,833] {standard_task_runner.py:52} INFO - Started process 413 to run task
[2022-09-20 15:32:12,843] {standard_task_runner.py:76} INFO - Running: ['***', 'tasks', 'run', 'fhv_data_v2', 'download_dataset_task', 'scheduled__2019-12-02T06:00:00+00:00', '--job-id', '63', '--raw', '--subdir', 'DAGS_FOLDER/data_ingestion_gcs_dag.py', '--cfg-path', '/tmp/tmpzszmfc7p', '--error-file', '/tmp/tmpqwtz7g24']
[2022-09-20 15:32:12,848] {standard_task_runner.py:77} INFO - Job 63: Subtask download_dataset_task
[2022-09-20 15:32:12,949] {logging_mixin.py:109} INFO - Running <TaskInstance: fhv_data_v2.download_dataset_task scheduled__2019-12-02T06:00:00+00:00 [running]> on host 788dccad41b9
[2022-09-20 15:32:13,015] {warnings.py:110} WARNING - /home/***/.local/lib/python3.7/site-packages/***/utils/context.py:152: AirflowContextDeprecationWarning: Accessing 'execution_date' from the template is deprecated and will be removed in a future version. Please use 'data_interval_start' or 'logical_date' instead.
  warnings.warn(_create_deprecation_warning(key, self._deprecation_replacements[key]))

[2022-09-20 15:32:13,057] {taskinstance.py:1426} INFO - Exporting the following env vars:
AIRFLOW_CTX_DAG_OWNER=***
AIRFLOW_CTX_DAG_ID=fhv_data_v2
AIRFLOW_CTX_TASK_ID=download_dataset_task
AIRFLOW_CTX_EXECUTION_DATE=2019-12-02T06:00:00+00:00
AIRFLOW_CTX_DAG_RUN_ID=scheduled__2019-12-02T06:00:00+00:00
[2022-09-20 15:32:13,059] {subprocess.py:62} INFO - Tmp dir root location: 
 /tmp
[2022-09-20 15:32:13,060] {subprocess.py:74} INFO - Running command: ['bash', '-c', 'curl -sSLf https://d37ci6vzurychx.cloudfront.net/trip-data/fhv_tripdata_2019-12.parquet > /opt/***/fhv_tripdata_2019-12.parquet']
[2022-09-20 15:32:13,080] {subprocess.py:85} INFO - Output:
[2022-09-20 15:32:16,484] {subprocess.py:93} INFO - Command exited with return code 0
[2022-09-20 15:32:16,543] {taskinstance.py:1277} INFO - Marking task as SUCCESS. dag_id=fhv_data_v2, task_id=download_dataset_task, execution_date=20191202T060000, start_date=20220920T153212, end_date=20220920T153216
[2022-09-20 15:32:16,607] {local_task_job.py:154} INFO - Task exited with return code 0
[2022-09-20 15:32:16,700] {local_task_job.py:264} INFO - 1 downstream tasks scheduled from follow-on schedule check
