[2022-09-17 07:13:39,569] {taskinstance.py:1032} INFO - Dependencies all met for <TaskInstance: green_taxi_data_v2.local_to_gcs_task scheduled__2019-09-02T06:00:00+00:00 [queued]>
[2022-09-17 07:13:39,581] {taskinstance.py:1032} INFO - Dependencies all met for <TaskInstance: green_taxi_data_v2.local_to_gcs_task scheduled__2019-09-02T06:00:00+00:00 [queued]>
[2022-09-17 07:13:39,581] {taskinstance.py:1238} INFO - 
--------------------------------------------------------------------------------
[2022-09-17 07:13:39,581] {taskinstance.py:1239} INFO - Starting attempt 1 of 2
[2022-09-17 07:13:39,582] {taskinstance.py:1240} INFO - 
--------------------------------------------------------------------------------
[2022-09-17 07:13:39,594] {taskinstance.py:1259} INFO - Executing <Task(PythonOperator): local_to_gcs_task> on 2019-09-02 06:00:00+00:00
[2022-09-17 07:13:39,600] {standard_task_runner.py:52} INFO - Started process 364 to run task
[2022-09-17 07:13:39,605] {standard_task_runner.py:76} INFO - Running: ['***', 'tasks', 'run', 'green_taxi_data_v2', 'local_to_gcs_task', 'scheduled__2019-09-02T06:00:00+00:00', '--job-id', '141', '--raw', '--subdir', 'DAGS_FOLDER/data_ingestion_gcs_dag.py', '--cfg-path', '/tmp/tmp70uffw1_', '--error-file', '/tmp/tmpeds0diu6']
[2022-09-17 07:13:39,606] {standard_task_runner.py:77} INFO - Job 141: Subtask local_to_gcs_task
[2022-09-17 07:13:39,673] {logging_mixin.py:109} INFO - Running <TaskInstance: green_taxi_data_v2.local_to_gcs_task scheduled__2019-09-02T06:00:00+00:00 [running]> on host ea53df3427ed
[2022-09-17 07:13:39,719] {warnings.py:110} WARNING - /home/***/.local/lib/python3.7/site-packages/***/utils/context.py:152: AirflowContextDeprecationWarning: Accessing 'execution_date' from the template is deprecated and will be removed in a future version. Please use 'data_interval_start' or 'logical_date' instead.
  warnings.warn(_create_deprecation_warning(key, self._deprecation_replacements[key]))

[2022-09-17 07:13:39,743] {taskinstance.py:1426} INFO - Exporting the following env vars:
AIRFLOW_CTX_DAG_OWNER=***
AIRFLOW_CTX_DAG_ID=green_taxi_data_v2
AIRFLOW_CTX_TASK_ID=local_to_gcs_task
AIRFLOW_CTX_EXECUTION_DATE=2019-09-02T06:00:00+00:00
AIRFLOW_CTX_DAG_RUN_ID=scheduled__2019-09-02T06:00:00+00:00
[2022-09-17 07:13:41,016] {python.py:175} INFO - Done. Returned value was: None
[2022-09-17 07:13:41,032] {taskinstance.py:1277} INFO - Marking task as SUCCESS. dag_id=green_taxi_data_v2, task_id=local_to_gcs_task, execution_date=20190902T060000, start_date=20220917T071339, end_date=20220917T071341
[2022-09-17 07:13:41,062] {local_task_job.py:154} INFO - Task exited with return code 0
[2022-09-17 07:13:41,106] {local_task_job.py:264} INFO - 1 downstream tasks scheduled from follow-on schedule check
[2022-09-20 15:32:37,774] {taskinstance.py:1032} INFO - Dependencies all met for <TaskInstance: green_taxi_data_v2.local_to_gcs_task scheduled__2019-09-02T06:00:00+00:00 [queued]>
[2022-09-20 15:32:37,787] {taskinstance.py:1032} INFO - Dependencies all met for <TaskInstance: green_taxi_data_v2.local_to_gcs_task scheduled__2019-09-02T06:00:00+00:00 [queued]>
[2022-09-20 15:32:37,788] {taskinstance.py:1238} INFO - 
--------------------------------------------------------------------------------
[2022-09-20 15:32:37,788] {taskinstance.py:1239} INFO - Starting attempt 1 of 2
[2022-09-20 15:32:37,788] {taskinstance.py:1240} INFO - 
--------------------------------------------------------------------------------
[2022-09-20 15:32:37,801] {taskinstance.py:1259} INFO - Executing <Task(PythonOperator): local_to_gcs_task> on 2019-09-02 06:00:00+00:00
[2022-09-20 15:32:37,809] {standard_task_runner.py:52} INFO - Started process 512 to run task
[2022-09-20 15:32:37,814] {standard_task_runner.py:76} INFO - Running: ['***', 'tasks', 'run', 'green_taxi_data_v2', 'local_to_gcs_task', 'scheduled__2019-09-02T06:00:00+00:00', '--job-id', '82', '--raw', '--subdir', 'DAGS_FOLDER/data_ingestion_gcs_dag.py', '--cfg-path', '/tmp/tmp_bbvhe30', '--error-file', '/tmp/tmp4bisw07t']
[2022-09-20 15:32:37,816] {standard_task_runner.py:77} INFO - Job 82: Subtask local_to_gcs_task
[2022-09-20 15:32:37,890] {logging_mixin.py:109} INFO - Running <TaskInstance: green_taxi_data_v2.local_to_gcs_task scheduled__2019-09-02T06:00:00+00:00 [running]> on host 788dccad41b9
[2022-09-20 15:32:37,953] {warnings.py:110} WARNING - /home/***/.local/lib/python3.7/site-packages/***/utils/context.py:152: AirflowContextDeprecationWarning: Accessing 'execution_date' from the template is deprecated and will be removed in a future version. Please use 'data_interval_start' or 'logical_date' instead.
  warnings.warn(_create_deprecation_warning(key, self._deprecation_replacements[key]))

[2022-09-20 15:32:37,990] {taskinstance.py:1426} INFO - Exporting the following env vars:
AIRFLOW_CTX_DAG_OWNER=***
AIRFLOW_CTX_DAG_ID=green_taxi_data_v2
AIRFLOW_CTX_TASK_ID=local_to_gcs_task
AIRFLOW_CTX_EXECUTION_DATE=2019-09-02T06:00:00+00:00
AIRFLOW_CTX_DAG_RUN_ID=scheduled__2019-09-02T06:00:00+00:00
[2022-09-20 15:32:38,351] {python.py:175} INFO - Done. Returned value was: None
[2022-09-20 15:32:38,374] {taskinstance.py:1277} INFO - Marking task as SUCCESS. dag_id=green_taxi_data_v2, task_id=local_to_gcs_task, execution_date=20190902T060000, start_date=20220920T153237, end_date=20220920T153238
[2022-09-20 15:32:38,428] {local_task_job.py:154} INFO - Task exited with return code 0
[2022-09-20 15:32:38,501] {local_task_job.py:264} INFO - 1 downstream tasks scheduled from follow-on schedule check
[2022-09-21 01:34:11,116] {taskinstance.py:1032} INFO - Dependencies all met for <TaskInstance: green_taxi_data_v2.local_to_gcs_task scheduled__2019-09-02T06:00:00+00:00 [queued]>
[2022-09-21 01:34:11,173] {taskinstance.py:1032} INFO - Dependencies all met for <TaskInstance: green_taxi_data_v2.local_to_gcs_task scheduled__2019-09-02T06:00:00+00:00 [queued]>
[2022-09-21 01:34:11,173] {taskinstance.py:1238} INFO - 
--------------------------------------------------------------------------------
[2022-09-21 01:34:11,173] {taskinstance.py:1239} INFO - Starting attempt 1 of 2
[2022-09-21 01:34:11,174] {taskinstance.py:1240} INFO - 
--------------------------------------------------------------------------------
[2022-09-21 01:34:11,213] {taskinstance.py:1259} INFO - Executing <Task(PythonOperator): local_to_gcs_task> on 2019-09-02 06:00:00+00:00
[2022-09-21 01:34:11,234] {standard_task_runner.py:52} INFO - Started process 27748 to run task
[2022-09-21 01:34:11,247] {standard_task_runner.py:76} INFO - Running: ['***', 'tasks', 'run', 'green_taxi_data_v2', 'local_to_gcs_task', 'scheduled__2019-09-02T06:00:00+00:00', '--job-id', '269', '--raw', '--subdir', 'DAGS_FOLDER/data_ingestion_gcs_dag.py', '--cfg-path', '/tmp/tmpb5y32z9i', '--error-file', '/tmp/tmp0bl_9ill']
[2022-09-21 01:34:11,257] {standard_task_runner.py:77} INFO - Job 269: Subtask local_to_gcs_task
[2022-09-21 01:34:11,379] {logging_mixin.py:109} INFO - Running <TaskInstance: green_taxi_data_v2.local_to_gcs_task scheduled__2019-09-02T06:00:00+00:00 [running]> on host 788dccad41b9
[2022-09-21 01:34:11,466] {warnings.py:110} WARNING - /home/***/.local/lib/python3.7/site-packages/***/utils/context.py:152: AirflowContextDeprecationWarning: Accessing 'execution_date' from the template is deprecated and will be removed in a future version. Please use 'data_interval_start' or 'logical_date' instead.
  warnings.warn(_create_deprecation_warning(key, self._deprecation_replacements[key]))

[2022-09-21 01:34:11,511] {taskinstance.py:1426} INFO - Exporting the following env vars:
AIRFLOW_CTX_DAG_OWNER=***
AIRFLOW_CTX_DAG_ID=green_taxi_data_v2
AIRFLOW_CTX_TASK_ID=local_to_gcs_task
AIRFLOW_CTX_EXECUTION_DATE=2019-09-02T06:00:00+00:00
AIRFLOW_CTX_DAG_RUN_ID=scheduled__2019-09-02T06:00:00+00:00
[2022-09-21 01:34:11,842] {python.py:175} INFO - Done. Returned value was: None
[2022-09-21 01:34:11,863] {taskinstance.py:1277} INFO - Marking task as SUCCESS. dag_id=green_taxi_data_v2, task_id=local_to_gcs_task, execution_date=20190902T060000, start_date=20220921T013411, end_date=20220921T013411
[2022-09-21 01:34:11,925] {local_task_job.py:154} INFO - Task exited with return code 0
[2022-09-21 01:34:11,964] {local_task_job.py:264} INFO - 1 downstream tasks scheduled from follow-on schedule check
