[2022-09-20 14:59:40,336] {taskinstance.py:1032} INFO - Dependencies all met for <TaskInstance: gcs_2_bq_dag.move_green_tripdata_files_task scheduled__2022-09-19T00:00:00+00:00 [queued]>
[2022-09-20 14:59:40,353] {taskinstance.py:1032} INFO - Dependencies all met for <TaskInstance: gcs_2_bq_dag.move_green_tripdata_files_task scheduled__2022-09-19T00:00:00+00:00 [queued]>
[2022-09-20 14:59:40,353] {taskinstance.py:1238} INFO - 
--------------------------------------------------------------------------------
[2022-09-20 14:59:40,353] {taskinstance.py:1239} INFO - Starting attempt 1 of 2
[2022-09-20 14:59:40,353] {taskinstance.py:1240} INFO - 
--------------------------------------------------------------------------------
[2022-09-20 14:59:40,380] {taskinstance.py:1259} INFO - Executing <Task(GCSToGCSOperator): move_green_tripdata_files_task> on 2022-09-19 00:00:00+00:00
[2022-09-20 14:59:40,397] {standard_task_runner.py:52} INFO - Started process 94 to run task
[2022-09-20 14:59:40,410] {standard_task_runner.py:76} INFO - Running: ['***', 'tasks', 'run', 'gcs_2_bq_dag', 'move_green_tripdata_files_task', 'scheduled__2022-09-19T00:00:00+00:00', '--job-id', '6', '--raw', '--subdir', 'DAGS_FOLDER/gcs_to_bq_dag.py', '--cfg-path', '/tmp/tmpr2j8_1a0', '--error-file', '/tmp/tmp4vncr8zp']
[2022-09-20 14:59:40,412] {standard_task_runner.py:77} INFO - Job 6: Subtask move_green_tripdata_files_task
[2022-09-20 14:59:40,522] {logging_mixin.py:109} INFO - Running <TaskInstance: gcs_2_bq_dag.move_green_tripdata_files_task scheduled__2022-09-19T00:00:00+00:00 [running]> on host 0a2e8243e3d8
[2022-09-20 14:59:40,635] {taskinstance.py:1426} INFO - Exporting the following env vars:
AIRFLOW_CTX_DAG_OWNER=***
AIRFLOW_CTX_DAG_ID=gcs_2_bq_dag
AIRFLOW_CTX_TASK_ID=move_green_tripdata_files_task
AIRFLOW_CTX_EXECUTION_DATE=2022-09-19T00:00:00+00:00
AIRFLOW_CTX_DAG_RUN_ID=scheduled__2022-09-19T00:00:00+00:00
[2022-09-20 14:59:40,637] {crypto.py:82} WARNING - empty cryptography key - values will not be stored encrypted.
[2022-09-20 14:59:40,638] {gcs_to_gcs.py:346} INFO - Delimiter ignored because wildcard is in prefix
[2022-09-20 14:59:40,971] {taskinstance.py:1277} INFO - Marking task as SUCCESS. dag_id=gcs_2_bq_dag, task_id=move_green_tripdata_files_task, execution_date=20220919T000000, start_date=20220920T145940, end_date=20220920T145940
[2022-09-20 14:59:41,033] {local_task_job.py:154} INFO - Task exited with return code 0
[2022-09-20 14:59:41,173] {local_task_job.py:264} INFO - 0 downstream tasks scheduled from follow-on schedule check
[2022-09-20 15:46:01,469] {taskinstance.py:1032} INFO - Dependencies all met for <TaskInstance: gcs_2_bq_dag.move_green_tripdata_files_task scheduled__2022-09-19T00:00:00+00:00 [queued]>
[2022-09-20 15:46:01,481] {taskinstance.py:1032} INFO - Dependencies all met for <TaskInstance: gcs_2_bq_dag.move_green_tripdata_files_task scheduled__2022-09-19T00:00:00+00:00 [queued]>
[2022-09-20 15:46:01,481] {taskinstance.py:1238} INFO - 
--------------------------------------------------------------------------------
[2022-09-20 15:46:01,481] {taskinstance.py:1239} INFO - Starting attempt 1 of 2
[2022-09-20 15:46:01,481] {taskinstance.py:1240} INFO - 
--------------------------------------------------------------------------------
[2022-09-20 15:46:01,493] {taskinstance.py:1259} INFO - Executing <Task(GCSToGCSOperator): move_green_tripdata_files_task> on 2022-09-19 00:00:00+00:00
[2022-09-20 15:46:01,500] {standard_task_runner.py:52} INFO - Started process 1539 to run task
[2022-09-20 15:46:01,507] {standard_task_runner.py:76} INFO - Running: ['***', 'tasks', 'run', 'gcs_2_bq_dag', 'move_green_tripdata_files_task', 'scheduled__2022-09-19T00:00:00+00:00', '--job-id', '187', '--raw', '--subdir', 'DAGS_FOLDER/gcs_to_bq_dag.py', '--cfg-path', '/tmp/tmp_rmlzuj9', '--error-file', '/tmp/tmpf_kyct6g']
[2022-09-20 15:46:01,508] {standard_task_runner.py:77} INFO - Job 187: Subtask move_green_tripdata_files_task
[2022-09-20 15:46:01,590] {logging_mixin.py:109} INFO - Running <TaskInstance: gcs_2_bq_dag.move_green_tripdata_files_task scheduled__2022-09-19T00:00:00+00:00 [running]> on host 788dccad41b9
[2022-09-20 15:46:01,684] {taskinstance.py:1426} INFO - Exporting the following env vars:
AIRFLOW_CTX_DAG_OWNER=***
AIRFLOW_CTX_DAG_ID=gcs_2_bq_dag
AIRFLOW_CTX_TASK_ID=move_green_tripdata_files_task
AIRFLOW_CTX_EXECUTION_DATE=2022-09-19T00:00:00+00:00
AIRFLOW_CTX_DAG_RUN_ID=scheduled__2022-09-19T00:00:00+00:00
[2022-09-20 15:46:01,686] {crypto.py:82} WARNING - empty cryptography key - values will not be stored encrypted.
[2022-09-20 15:46:01,687] {gcs_to_gcs.py:346} INFO - Delimiter ignored because wildcard is in prefix
[2022-09-20 15:46:01,927] {gcs_to_gcs.py:431} INFO - Executing copy of gs://tez-bucket/raw/green_tripdata/2020/green_tripdata_2020-01.parquet to gs://tez-bucket/green/green_tripdata/2020/green_tripdata_2020-01.parquet
[2022-09-20 15:46:01,977] {gcs.py:251} INFO - Total Bytes: 7183298 | Bytes Written: 7183298
[2022-09-20 15:46:01,977] {gcs.py:264} INFO - Object raw/green_tripdata/2020/green_tripdata_2020-01.parquet in bucket tez-bucket rewritten to object green/green_tripdata/2020/green_tripdata_2020-01.parquet in bucket tez-bucket
[2022-09-20 15:46:02,003] {gcs.py:645} INFO - Blob raw/green_tripdata/2020/green_tripdata_2020-01.parquet deleted.
[2022-09-20 15:46:02,003] {gcs_to_gcs.py:431} INFO - Executing copy of gs://tez-bucket/raw/green_tripdata/2020/green_tripdata_2020-07.parquet to gs://tez-bucket/green/green_tripdata/2020/green_tripdata_2020-07.parquet
[2022-09-20 15:46:02,049] {gcs.py:251} INFO - Total Bytes: 1308197 | Bytes Written: 1308197
[2022-09-20 15:46:02,049] {gcs.py:264} INFO - Object raw/green_tripdata/2020/green_tripdata_2020-07.parquet in bucket tez-bucket rewritten to object green/green_tripdata/2020/green_tripdata_2020-07.parquet in bucket tez-bucket
[2022-09-20 15:46:02,089] {gcs.py:645} INFO - Blob raw/green_tripdata/2020/green_tripdata_2020-07.parquet deleted.
[2022-09-20 15:46:02,090] {gcs_to_gcs.py:431} INFO - Executing copy of gs://tez-bucket/raw/green_tripdata/2020/green_tripdata_2020-12.parquet to gs://tez-bucket/green/green_tripdata/2020/green_tripdata_2020-12.parquet
[2022-09-20 15:46:02,139] {gcs.py:251} INFO - Total Bytes: 1458436 | Bytes Written: 1458436
[2022-09-20 15:46:02,140] {gcs.py:264} INFO - Object raw/green_tripdata/2020/green_tripdata_2020-12.parquet in bucket tez-bucket rewritten to object green/green_tripdata/2020/green_tripdata_2020-12.parquet in bucket tez-bucket
[2022-09-20 15:46:02,177] {gcs.py:645} INFO - Blob raw/green_tripdata/2020/green_tripdata_2020-12.parquet deleted.
[2022-09-20 15:46:02,178] {gcs_to_gcs.py:431} INFO - Executing copy of gs://tez-bucket/raw/green_tripdata/2019/green_tripdata_2019-10.parquet to gs://tez-bucket/green/green_tripdata/2019/green_tripdata_2019-10.parquet
[2022-09-20 15:46:02,220] {gcs.py:251} INFO - Total Bytes: 7864969 | Bytes Written: 7864969
[2022-09-20 15:46:02,220] {gcs.py:264} INFO - Object raw/green_tripdata/2019/green_tripdata_2019-10.parquet in bucket tez-bucket rewritten to object green/green_tripdata/2019/green_tripdata_2019-10.parquet in bucket tez-bucket
[2022-09-20 15:46:02,251] {gcs.py:645} INFO - Blob raw/green_tripdata/2019/green_tripdata_2019-10.parquet deleted.
[2022-09-20 15:46:02,251] {gcs_to_gcs.py:431} INFO - Executing copy of gs://tez-bucket/raw/green_tripdata/2019/green_tripdata_2019-03.parquet to gs://tez-bucket/green/green_tripdata/2019/green_tripdata_2019-03.parquet
[2022-09-20 15:46:02,291] {gcs.py:251} INFO - Total Bytes: 10760872 | Bytes Written: 10760872
[2022-09-20 15:46:02,291] {gcs.py:264} INFO - Object raw/green_tripdata/2019/green_tripdata_2019-03.parquet in bucket tez-bucket rewritten to object green/green_tripdata/2019/green_tripdata_2019-03.parquet in bucket tez-bucket
[2022-09-20 15:46:02,315] {gcs.py:645} INFO - Blob raw/green_tripdata/2019/green_tripdata_2019-03.parquet deleted.
[2022-09-20 15:46:02,315] {gcs_to_gcs.py:431} INFO - Executing copy of gs://tez-bucket/raw/green_tripdata/2019/green_tripdata_2019-12.parquet to gs://tez-bucket/green/green_tripdata/2019/green_tripdata_2019-12.parquet
[2022-09-20 15:46:02,351] {gcs.py:251} INFO - Total Bytes: 7523110 | Bytes Written: 7523110
[2022-09-20 15:46:02,352] {gcs.py:264} INFO - Object raw/green_tripdata/2019/green_tripdata_2019-12.parquet in bucket tez-bucket rewritten to object green/green_tripdata/2019/green_tripdata_2019-12.parquet in bucket tez-bucket
[2022-09-20 15:46:02,380] {gcs.py:645} INFO - Blob raw/green_tripdata/2019/green_tripdata_2019-12.parquet deleted.
[2022-09-20 15:46:02,380] {gcs_to_gcs.py:431} INFO - Executing copy of gs://tez-bucket/raw/green_tripdata/2020/green_tripdata_2020-04.parquet to gs://tez-bucket/green/green_tripdata/2020/green_tripdata_2020-04.parquet
[2022-09-20 15:46:02,425] {gcs.py:251} INFO - Total Bytes: 713573 | Bytes Written: 713573
[2022-09-20 15:46:02,426] {gcs.py:264} INFO - Object raw/green_tripdata/2020/green_tripdata_2020-04.parquet in bucket tez-bucket rewritten to object green/green_tripdata/2020/green_tripdata_2020-04.parquet in bucket tez-bucket
[2022-09-20 15:46:02,449] {gcs.py:645} INFO - Blob raw/green_tripdata/2020/green_tripdata_2020-04.parquet deleted.
[2022-09-20 15:46:02,450] {gcs_to_gcs.py:431} INFO - Executing copy of gs://tez-bucket/raw/green_tripdata/2020/green_tripdata_2020-02.parquet to gs://tez-bucket/green/green_tripdata/2020/green_tripdata_2020-02.parquet
[2022-09-20 15:46:02,490] {gcs.py:251} INFO - Total Bytes: 6649395 | Bytes Written: 6649395
[2022-09-20 15:46:02,490] {gcs.py:264} INFO - Object raw/green_tripdata/2020/green_tripdata_2020-02.parquet in bucket tez-bucket rewritten to object green/green_tripdata/2020/green_tripdata_2020-02.parquet in bucket tez-bucket
[2022-09-20 15:46:02,524] {gcs.py:645} INFO - Blob raw/green_tripdata/2020/green_tripdata_2020-02.parquet deleted.
[2022-09-20 15:46:02,524] {gcs_to_gcs.py:431} INFO - Executing copy of gs://tez-bucket/raw/green_tripdata/2020/green_tripdata_2020-09.parquet to gs://tez-bucket/green/green_tripdata/2020/green_tripdata_2020-09.parquet
[2022-09-20 15:46:02,567] {gcs.py:251} INFO - Total Bytes: 1586731 | Bytes Written: 1586731
[2022-09-20 15:46:02,568] {gcs.py:264} INFO - Object raw/green_tripdata/2020/green_tripdata_2020-09.parquet in bucket tez-bucket rewritten to object green/green_tripdata/2020/green_tripdata_2020-09.parquet in bucket tez-bucket
[2022-09-20 15:46:02,598] {gcs.py:645} INFO - Blob raw/green_tripdata/2020/green_tripdata_2020-09.parquet deleted.
[2022-09-20 15:46:02,599] {gcs_to_gcs.py:431} INFO - Executing copy of gs://tez-bucket/raw/green_tripdata/2019/green_tripdata_2019-04.parquet to gs://tez-bucket/green/green_tripdata/2019/green_tripdata_2019-04.parquet
[2022-09-20 15:46:02,638] {gcs.py:251} INFO - Total Bytes: 9412998 | Bytes Written: 9412998
[2022-09-20 15:46:02,638] {gcs.py:264} INFO - Object raw/green_tripdata/2019/green_tripdata_2019-04.parquet in bucket tez-bucket rewritten to object green/green_tripdata/2019/green_tripdata_2019-04.parquet in bucket tez-bucket
[2022-09-20 15:46:02,664] {gcs.py:645} INFO - Blob raw/green_tripdata/2019/green_tripdata_2019-04.parquet deleted.
[2022-09-20 15:46:02,665] {gcs_to_gcs.py:431} INFO - Executing copy of gs://tez-bucket/raw/green_tripdata/2020/green_tripdata_2020-06.parquet to gs://tez-bucket/green/green_tripdata/2020/green_tripdata_2020-06.parquet
[2022-09-20 15:46:02,699] {gcs.py:251} INFO - Total Bytes: 1205174 | Bytes Written: 1205174
[2022-09-20 15:46:02,700] {gcs.py:264} INFO - Object raw/green_tripdata/2020/green_tripdata_2020-06.parquet in bucket tez-bucket rewritten to object green/green_tripdata/2020/green_tripdata_2020-06.parquet in bucket tez-bucket
[2022-09-20 15:46:02,728] {gcs.py:645} INFO - Blob raw/green_tripdata/2020/green_tripdata_2020-06.parquet deleted.
[2022-09-20 15:46:02,728] {gcs_to_gcs.py:431} INFO - Executing copy of gs://tez-bucket/raw/green_tripdata/2019/green_tripdata_2019-08.parquet to gs://tez-bucket/green/green_tripdata/2019/green_tripdata_2019-08.parquet
[2022-09-20 15:46:02,759] {gcs.py:251} INFO - Total Bytes: 7554849 | Bytes Written: 7554849
[2022-09-20 15:46:02,759] {gcs.py:264} INFO - Object raw/green_tripdata/2019/green_tripdata_2019-08.parquet in bucket tez-bucket rewritten to object green/green_tripdata/2019/green_tripdata_2019-08.parquet in bucket tez-bucket
[2022-09-20 15:46:02,788] {gcs.py:645} INFO - Blob raw/green_tripdata/2019/green_tripdata_2019-08.parquet deleted.
[2022-09-20 15:46:02,788] {gcs_to_gcs.py:431} INFO - Executing copy of gs://tez-bucket/raw/green_tripdata/2020/green_tripdata_2020-11.parquet to gs://tez-bucket/green/green_tripdata/2020/green_tripdata_2020-11.parquet
[2022-09-20 15:46:02,824] {gcs.py:251} INFO - Total Bytes: 1616478 | Bytes Written: 1616478
[2022-09-20 15:46:02,824] {gcs.py:264} INFO - Object raw/green_tripdata/2020/green_tripdata_2020-11.parquet in bucket tez-bucket rewritten to object green/green_tripdata/2020/green_tripdata_2020-11.parquet in bucket tez-bucket
[2022-09-20 15:46:02,854] {gcs.py:645} INFO - Blob raw/green_tripdata/2020/green_tripdata_2020-11.parquet deleted.
[2022-09-20 15:46:02,854] {gcs_to_gcs.py:431} INFO - Executing copy of gs://tez-bucket/raw/green_tripdata/2019/green_tripdata_2019-07.parquet to gs://tez-bucket/green/green_tripdata/2019/green_tripdata_2019-07.parquet
[2022-09-20 15:46:02,900] {gcs.py:251} INFO - Total Bytes: 7921122 | Bytes Written: 7921122
[2022-09-20 15:46:02,900] {gcs.py:264} INFO - Object raw/green_tripdata/2019/green_tripdata_2019-07.parquet in bucket tez-bucket rewritten to object green/green_tripdata/2019/green_tripdata_2019-07.parquet in bucket tez-bucket
[2022-09-20 15:46:02,933] {gcs.py:645} INFO - Blob raw/green_tripdata/2019/green_tripdata_2019-07.parquet deleted.
[2022-09-20 15:46:02,936] {gcs_to_gcs.py:431} INFO - Executing copy of gs://tez-bucket/raw/green_tripdata/2019/green_tripdata_2019-11.parquet to gs://tez-bucket/green/green_tripdata/2019/green_tripdata_2019-11.parquet
[2022-09-20 15:46:02,975] {gcs.py:251} INFO - Total Bytes: 7584466 | Bytes Written: 7584466
[2022-09-20 15:46:02,976] {gcs.py:264} INFO - Object raw/green_tripdata/2019/green_tripdata_2019-11.parquet in bucket tez-bucket rewritten to object green/green_tripdata/2019/green_tripdata_2019-11.parquet in bucket tez-bucket
[2022-09-20 15:46:03,004] {gcs.py:645} INFO - Blob raw/green_tripdata/2019/green_tripdata_2019-11.parquet deleted.
[2022-09-20 15:46:03,004] {gcs_to_gcs.py:431} INFO - Executing copy of gs://tez-bucket/raw/green_tripdata/2019/green_tripdata_2019-01.parquet to gs://tez-bucket/green/green_tripdata/2019/green_tripdata_2019-01.parquet
[2022-09-20 15:46:03,048] {gcs.py:251} INFO - Total Bytes: 11071980 | Bytes Written: 11071980
[2022-09-20 15:46:03,048] {gcs.py:264} INFO - Object raw/green_tripdata/2019/green_tripdata_2019-01.parquet in bucket tez-bucket rewritten to object green/green_tripdata/2019/green_tripdata_2019-01.parquet in bucket tez-bucket
[2022-09-20 15:46:03,077] {gcs.py:645} INFO - Blob raw/green_tripdata/2019/green_tripdata_2019-01.parquet deleted.
[2022-09-20 15:46:03,078] {gcs_to_gcs.py:431} INFO - Executing copy of gs://tez-bucket/raw/green_tripdata/2019/green_tripdata_2019-05.parquet to gs://tez-bucket/green/green_tripdata/2019/green_tripdata_2019-05.parquet
[2022-09-20 15:46:03,120] {gcs.py:251} INFO - Total Bytes: 9050672 | Bytes Written: 9050672
[2022-09-20 15:46:03,121] {gcs.py:264} INFO - Object raw/green_tripdata/2019/green_tripdata_2019-05.parquet in bucket tez-bucket rewritten to object green/green_tripdata/2019/green_tripdata_2019-05.parquet in bucket tez-bucket
[2022-09-20 15:46:03,144] {gcs.py:645} INFO - Blob raw/green_tripdata/2019/green_tripdata_2019-05.parquet deleted.
[2022-09-20 15:46:03,144] {gcs_to_gcs.py:431} INFO - Executing copy of gs://tez-bucket/raw/green_tripdata/2020/green_tripdata_2020-05.parquet to gs://tez-bucket/green/green_tripdata/2020/green_tripdata_2020-05.parquet
[2022-09-20 15:46:03,185] {gcs.py:251} INFO - Total Bytes: 1082586 | Bytes Written: 1082586
[2022-09-20 15:46:03,186] {gcs.py:264} INFO - Object raw/green_tripdata/2020/green_tripdata_2020-05.parquet in bucket tez-bucket rewritten to object green/green_tripdata/2020/green_tripdata_2020-05.parquet in bucket tez-bucket
[2022-09-20 15:46:03,210] {gcs.py:645} INFO - Blob raw/green_tripdata/2020/green_tripdata_2020-05.parquet deleted.
[2022-09-20 15:46:03,210] {gcs_to_gcs.py:431} INFO - Executing copy of gs://tez-bucket/raw/green_tripdata/2020/green_tripdata_2020-08.parquet to gs://tez-bucket/green/green_tripdata/2020/green_tripdata_2020-08.parquet
[2022-09-20 15:46:03,250] {gcs.py:251} INFO - Total Bytes: 1503105 | Bytes Written: 1503105
[2022-09-20 15:46:03,251] {gcs.py:264} INFO - Object raw/green_tripdata/2020/green_tripdata_2020-08.parquet in bucket tez-bucket rewritten to object green/green_tripdata/2020/green_tripdata_2020-08.parquet in bucket tez-bucket
[2022-09-20 15:46:03,272] {gcs.py:645} INFO - Blob raw/green_tripdata/2020/green_tripdata_2020-08.parquet deleted.
[2022-09-20 15:46:03,273] {gcs_to_gcs.py:431} INFO - Executing copy of gs://tez-bucket/raw/green_tripdata/2019/green_tripdata_2019-06.parquet to gs://tez-bucket/green/green_tripdata/2019/green_tripdata_2019-06.parquet
[2022-09-20 15:46:03,308] {gcs.py:251} INFO - Total Bytes: 8548670 | Bytes Written: 8548670
[2022-09-20 15:46:03,308] {gcs.py:264} INFO - Object raw/green_tripdata/2019/green_tripdata_2019-06.parquet in bucket tez-bucket rewritten to object green/green_tripdata/2019/green_tripdata_2019-06.parquet in bucket tez-bucket
[2022-09-20 15:46:03,337] {gcs.py:645} INFO - Blob raw/green_tripdata/2019/green_tripdata_2019-06.parquet deleted.
[2022-09-20 15:46:03,337] {gcs_to_gcs.py:431} INFO - Executing copy of gs://tez-bucket/raw/green_tripdata/2019/green_tripdata_2019-02.parquet to gs://tez-bucket/green/green_tripdata/2019/green_tripdata_2019-02.parquet
[2022-09-20 15:46:03,373] {gcs.py:251} INFO - Total Bytes: 10316792 | Bytes Written: 10316792
[2022-09-20 15:46:03,373] {gcs.py:264} INFO - Object raw/green_tripdata/2019/green_tripdata_2019-02.parquet in bucket tez-bucket rewritten to object green/green_tripdata/2019/green_tripdata_2019-02.parquet in bucket tez-bucket
[2022-09-20 15:46:03,400] {gcs.py:645} INFO - Blob raw/green_tripdata/2019/green_tripdata_2019-02.parquet deleted.
[2022-09-20 15:46:03,400] {gcs_to_gcs.py:431} INFO - Executing copy of gs://tez-bucket/raw/green_tripdata/2019/green_tripdata_2019-09.parquet to gs://tez-bucket/green/green_tripdata/2019/green_tripdata_2019-09.parquet
[2022-09-20 15:46:03,437] {gcs.py:251} INFO - Total Bytes: 7692006 | Bytes Written: 7692006
[2022-09-20 15:46:03,438] {gcs.py:264} INFO - Object raw/green_tripdata/2019/green_tripdata_2019-09.parquet in bucket tez-bucket rewritten to object green/green_tripdata/2019/green_tripdata_2019-09.parquet in bucket tez-bucket
[2022-09-20 15:46:03,462] {gcs.py:645} INFO - Blob raw/green_tripdata/2019/green_tripdata_2019-09.parquet deleted.
[2022-09-20 15:46:03,463] {gcs_to_gcs.py:431} INFO - Executing copy of gs://tez-bucket/raw/green_tripdata/2020/green_tripdata_2020-03.parquet to gs://tez-bucket/green/green_tripdata/2020/green_tripdata_2020-03.parquet
[2022-09-20 15:46:03,496] {gcs.py:251} INFO - Total Bytes: 4019591 | Bytes Written: 4019591
[2022-09-20 15:46:03,496] {gcs.py:264} INFO - Object raw/green_tripdata/2020/green_tripdata_2020-03.parquet in bucket tez-bucket rewritten to object green/green_tripdata/2020/green_tripdata_2020-03.parquet in bucket tez-bucket
[2022-09-20 15:46:03,520] {gcs.py:645} INFO - Blob raw/green_tripdata/2020/green_tripdata_2020-03.parquet deleted.
[2022-09-20 15:46:03,521] {gcs_to_gcs.py:431} INFO - Executing copy of gs://tez-bucket/raw/green_tripdata/2020/green_tripdata_2020-10.parquet to gs://tez-bucket/green/green_tripdata/2020/green_tripdata_2020-10.parquet
[2022-09-20 15:46:03,556] {gcs.py:251} INFO - Total Bytes: 1731109 | Bytes Written: 1731109
[2022-09-20 15:46:03,556] {gcs.py:264} INFO - Object raw/green_tripdata/2020/green_tripdata_2020-10.parquet in bucket tez-bucket rewritten to object green/green_tripdata/2020/green_tripdata_2020-10.parquet in bucket tez-bucket
[2022-09-20 15:46:03,581] {gcs.py:645} INFO - Blob raw/green_tripdata/2020/green_tripdata_2020-10.parquet deleted.
[2022-09-20 15:46:03,597] {taskinstance.py:1277} INFO - Marking task as SUCCESS. dag_id=gcs_2_bq_dag, task_id=move_green_tripdata_files_task, execution_date=20220919T000000, start_date=20220920T154601, end_date=20220920T154603
[2022-09-20 15:46:03,645] {local_task_job.py:154} INFO - Task exited with return code 0
[2022-09-20 15:46:03,711] {local_task_job.py:264} INFO - 1 downstream tasks scheduled from follow-on schedule check
