[2022-09-17 06:06:30,140] {taskinstance.py:1032} INFO - Dependencies all met for <TaskInstance: yellow_taxi_data_v2.local_to_gcs_task scheduled__2020-03-02T06:00:00+00:00 [queued]>
[2022-09-17 06:06:30,151] {taskinstance.py:1032} INFO - Dependencies all met for <TaskInstance: yellow_taxi_data_v2.local_to_gcs_task scheduled__2020-03-02T06:00:00+00:00 [queued]>
[2022-09-17 06:06:30,152] {taskinstance.py:1238} INFO - 
--------------------------------------------------------------------------------
[2022-09-17 06:06:30,152] {taskinstance.py:1239} INFO - Starting attempt 1 of 2
[2022-09-17 06:06:30,152] {taskinstance.py:1240} INFO - 
--------------------------------------------------------------------------------
[2022-09-17 06:06:30,166] {taskinstance.py:1259} INFO - Executing <Task(PythonOperator): local_to_gcs_task> on 2020-03-02 06:00:00+00:00
[2022-09-17 06:06:30,172] {standard_task_runner.py:52} INFO - Started process 5206 to run task
[2022-09-17 06:06:30,177] {standard_task_runner.py:76} INFO - Running: ['***', 'tasks', 'run', 'yellow_taxi_data_v2', 'local_to_gcs_task', 'scheduled__2020-03-02T06:00:00+00:00', '--job-id', '51', '--raw', '--subdir', 'DAGS_FOLDER/data_ingestion_gcs_dag.py', '--cfg-path', '/tmp/tmpbxka8ofl', '--error-file', '/tmp/tmpip6qx64p']
[2022-09-17 06:06:30,179] {standard_task_runner.py:77} INFO - Job 51: Subtask local_to_gcs_task
[2022-09-17 06:06:30,249] {logging_mixin.py:109} INFO - Running <TaskInstance: yellow_taxi_data_v2.local_to_gcs_task scheduled__2020-03-02T06:00:00+00:00 [running]> on host 10d063af5ba7
[2022-09-17 06:06:30,295] {warnings.py:110} WARNING - /home/***/.local/lib/python3.7/site-packages/***/utils/context.py:152: AirflowContextDeprecationWarning: Accessing 'execution_date' from the template is deprecated and will be removed in a future version. Please use 'data_interval_start' or 'logical_date' instead.
  warnings.warn(_create_deprecation_warning(key, self._deprecation_replacements[key]))

[2022-09-17 06:06:30,318] {taskinstance.py:1426} INFO - Exporting the following env vars:
AIRFLOW_CTX_DAG_OWNER=***
AIRFLOW_CTX_DAG_ID=yellow_taxi_data_v2
AIRFLOW_CTX_TASK_ID=local_to_gcs_task
AIRFLOW_CTX_EXECUTION_DATE=2020-03-02T06:00:00+00:00
AIRFLOW_CTX_DAG_RUN_ID=scheduled__2020-03-02T06:00:00+00:00
[2022-09-17 06:06:32,442] {python.py:175} INFO - Done. Returned value was: None
[2022-09-17 06:06:32,455] {taskinstance.py:1277} INFO - Marking task as SUCCESS. dag_id=yellow_taxi_data_v2, task_id=local_to_gcs_task, execution_date=20200302T060000, start_date=20220917T060630, end_date=20220917T060632
[2022-09-17 06:06:32,477] {local_task_job.py:154} INFO - Task exited with return code 0
[2022-09-17 06:06:32,517] {local_task_job.py:264} INFO - 1 downstream tasks scheduled from follow-on schedule check
[2022-09-20 15:34:18,762] {taskinstance.py:1032} INFO - Dependencies all met for <TaskInstance: yellow_taxi_data_v2.local_to_gcs_task scheduled__2020-03-02T06:00:00+00:00 [queued]>
[2022-09-20 15:34:18,776] {taskinstance.py:1032} INFO - Dependencies all met for <TaskInstance: yellow_taxi_data_v2.local_to_gcs_task scheduled__2020-03-02T06:00:00+00:00 [queued]>
[2022-09-20 15:34:18,776] {taskinstance.py:1238} INFO - 
--------------------------------------------------------------------------------
[2022-09-20 15:34:18,776] {taskinstance.py:1239} INFO - Starting attempt 1 of 2
[2022-09-20 15:34:18,776] {taskinstance.py:1240} INFO - 
--------------------------------------------------------------------------------
[2022-09-20 15:34:18,789] {taskinstance.py:1259} INFO - Executing <Task(PythonOperator): local_to_gcs_task> on 2020-03-02 06:00:00+00:00
[2022-09-20 15:34:18,797] {standard_task_runner.py:52} INFO - Started process 798 to run task
[2022-09-20 15:34:18,802] {standard_task_runner.py:76} INFO - Running: ['***', 'tasks', 'run', 'yellow_taxi_data_v2', 'local_to_gcs_task', 'scheduled__2020-03-02T06:00:00+00:00', '--job-id', '131', '--raw', '--subdir', 'DAGS_FOLDER/data_ingestion_gcs_dag.py', '--cfg-path', '/tmp/tmpjkzj_z9u', '--error-file', '/tmp/tmphqu17zz0']
[2022-09-20 15:34:18,804] {standard_task_runner.py:77} INFO - Job 131: Subtask local_to_gcs_task
[2022-09-20 15:34:18,874] {logging_mixin.py:109} INFO - Running <TaskInstance: yellow_taxi_data_v2.local_to_gcs_task scheduled__2020-03-02T06:00:00+00:00 [running]> on host 788dccad41b9
[2022-09-20 15:34:18,924] {warnings.py:110} WARNING - /home/***/.local/lib/python3.7/site-packages/***/utils/context.py:152: AirflowContextDeprecationWarning: Accessing 'execution_date' from the template is deprecated and will be removed in a future version. Please use 'data_interval_start' or 'logical_date' instead.
  warnings.warn(_create_deprecation_warning(key, self._deprecation_replacements[key]))

[2022-09-20 15:34:18,954] {taskinstance.py:1426} INFO - Exporting the following env vars:
AIRFLOW_CTX_DAG_OWNER=***
AIRFLOW_CTX_DAG_ID=yellow_taxi_data_v2
AIRFLOW_CTX_TASK_ID=local_to_gcs_task
AIRFLOW_CTX_EXECUTION_DATE=2020-03-02T06:00:00+00:00
AIRFLOW_CTX_DAG_RUN_ID=scheduled__2020-03-02T06:00:00+00:00
[2022-09-20 15:34:19,671] {python.py:175} INFO - Done. Returned value was: None
[2022-09-20 15:34:19,686] {taskinstance.py:1277} INFO - Marking task as SUCCESS. dag_id=yellow_taxi_data_v2, task_id=local_to_gcs_task, execution_date=20200302T060000, start_date=20220920T153418, end_date=20220920T153419
[2022-09-20 15:34:19,741] {local_task_job.py:154} INFO - Task exited with return code 0
[2022-09-20 15:34:19,808] {local_task_job.py:264} INFO - 1 downstream tasks scheduled from follow-on schedule check
[2022-09-21 01:35:14,037] {taskinstance.py:1032} INFO - Dependencies all met for <TaskInstance: yellow_taxi_data_v2.local_to_gcs_task scheduled__2020-03-02T06:00:00+00:00 [queued]>
[2022-09-21 01:35:14,051] {taskinstance.py:1032} INFO - Dependencies all met for <TaskInstance: yellow_taxi_data_v2.local_to_gcs_task scheduled__2020-03-02T06:00:00+00:00 [queued]>
[2022-09-21 01:35:14,051] {taskinstance.py:1238} INFO - 
--------------------------------------------------------------------------------
[2022-09-21 01:35:14,051] {taskinstance.py:1239} INFO - Starting attempt 1 of 2
[2022-09-21 01:35:14,051] {taskinstance.py:1240} INFO - 
--------------------------------------------------------------------------------
[2022-09-21 01:35:14,067] {taskinstance.py:1259} INFO - Executing <Task(PythonOperator): local_to_gcs_task> on 2020-03-02 06:00:00+00:00
[2022-09-21 01:35:14,074] {standard_task_runner.py:52} INFO - Started process 27913 to run task
[2022-09-21 01:35:14,080] {standard_task_runner.py:76} INFO - Running: ['***', 'tasks', 'run', 'yellow_taxi_data_v2', 'local_to_gcs_task', 'scheduled__2020-03-02T06:00:00+00:00', '--job-id', '299', '--raw', '--subdir', 'DAGS_FOLDER/data_ingestion_gcs_dag.py', '--cfg-path', '/tmp/tmpb5thpt9o', '--error-file', '/tmp/tmp_msin2gg']
[2022-09-21 01:35:14,081] {standard_task_runner.py:77} INFO - Job 299: Subtask local_to_gcs_task
[2022-09-21 01:35:14,173] {logging_mixin.py:109} INFO - Running <TaskInstance: yellow_taxi_data_v2.local_to_gcs_task scheduled__2020-03-02T06:00:00+00:00 [running]> on host 788dccad41b9
[2022-09-21 01:35:14,227] {warnings.py:110} WARNING - /home/***/.local/lib/python3.7/site-packages/***/utils/context.py:152: AirflowContextDeprecationWarning: Accessing 'execution_date' from the template is deprecated and will be removed in a future version. Please use 'data_interval_start' or 'logical_date' instead.
  warnings.warn(_create_deprecation_warning(key, self._deprecation_replacements[key]))

[2022-09-21 01:35:14,251] {taskinstance.py:1426} INFO - Exporting the following env vars:
AIRFLOW_CTX_DAG_OWNER=***
AIRFLOW_CTX_DAG_ID=yellow_taxi_data_v2
AIRFLOW_CTX_TASK_ID=local_to_gcs_task
AIRFLOW_CTX_EXECUTION_DATE=2020-03-02T06:00:00+00:00
AIRFLOW_CTX_DAG_RUN_ID=scheduled__2020-03-02T06:00:00+00:00
[2022-09-21 01:35:14,977] {python.py:175} INFO - Done. Returned value was: None
[2022-09-21 01:35:14,992] {taskinstance.py:1277} INFO - Marking task as SUCCESS. dag_id=yellow_taxi_data_v2, task_id=local_to_gcs_task, execution_date=20200302T060000, start_date=20220921T013514, end_date=20220921T013514
[2022-09-21 01:35:15,019] {local_task_job.py:154} INFO - Task exited with return code 0
[2022-09-21 01:35:15,060] {local_task_job.py:264} INFO - 1 downstream tasks scheduled from follow-on schedule check
