[2022-09-17 06:05:45,830] {taskinstance.py:1032} INFO - Dependencies all met for <TaskInstance: yellow_taxi_data_v2.download_dataset_task scheduled__2019-12-02T06:00:00+00:00 [queued]>
[2022-09-17 06:05:45,843] {taskinstance.py:1032} INFO - Dependencies all met for <TaskInstance: yellow_taxi_data_v2.download_dataset_task scheduled__2019-12-02T06:00:00+00:00 [queued]>
[2022-09-17 06:05:45,843] {taskinstance.py:1238} INFO - 
--------------------------------------------------------------------------------
[2022-09-17 06:05:45,843] {taskinstance.py:1239} INFO - Starting attempt 1 of 2
[2022-09-17 06:05:45,843] {taskinstance.py:1240} INFO - 
--------------------------------------------------------------------------------
[2022-09-17 06:05:45,856] {taskinstance.py:1259} INFO - Executing <Task(BashOperator): download_dataset_task> on 2019-12-02 06:00:00+00:00
[2022-09-17 06:05:45,863] {standard_task_runner.py:52} INFO - Started process 5117 to run task
[2022-09-17 06:05:45,869] {standard_task_runner.py:76} INFO - Running: ['***', 'tasks', 'run', 'yellow_taxi_data_v2', 'download_dataset_task', 'scheduled__2019-12-02T06:00:00+00:00', '--job-id', '37', '--raw', '--subdir', 'DAGS_FOLDER/data_ingestion_gcs_dag.py', '--cfg-path', '/tmp/tmpablxyaq7', '--error-file', '/tmp/tmpzsi4_0m1']
[2022-09-17 06:05:45,870] {standard_task_runner.py:77} INFO - Job 37: Subtask download_dataset_task
[2022-09-17 06:05:45,949] {logging_mixin.py:109} INFO - Running <TaskInstance: yellow_taxi_data_v2.download_dataset_task scheduled__2019-12-02T06:00:00+00:00 [running]> on host 10d063af5ba7
[2022-09-17 06:05:46,003] {warnings.py:110} WARNING - /home/***/.local/lib/python3.7/site-packages/***/utils/context.py:152: AirflowContextDeprecationWarning: Accessing 'execution_date' from the template is deprecated and will be removed in a future version. Please use 'data_interval_start' or 'logical_date' instead.
  warnings.warn(_create_deprecation_warning(key, self._deprecation_replacements[key]))

[2022-09-17 06:05:46,031] {taskinstance.py:1426} INFO - Exporting the following env vars:
AIRFLOW_CTX_DAG_OWNER=***
AIRFLOW_CTX_DAG_ID=yellow_taxi_data_v2
AIRFLOW_CTX_TASK_ID=download_dataset_task
AIRFLOW_CTX_EXECUTION_DATE=2019-12-02T06:00:00+00:00
AIRFLOW_CTX_DAG_RUN_ID=scheduled__2019-12-02T06:00:00+00:00
[2022-09-17 06:05:46,032] {subprocess.py:62} INFO - Tmp dir root location: 
 /tmp
[2022-09-17 06:05:46,033] {subprocess.py:74} INFO - Running command: ['bash', '-c', 'curl -sSLf https://d37ci6vzurychx.cloudfront.net/trip-data/yellow_tripdata_2019-12.parquet > /opt/***/yellow_tripdata_2019-12.parquet']
[2022-09-17 06:05:46,051] {subprocess.py:85} INFO - Output:
[2022-09-17 06:05:53,722] {subprocess.py:93} INFO - Command exited with return code 0
[2022-09-17 06:05:53,751] {taskinstance.py:1277} INFO - Marking task as SUCCESS. dag_id=yellow_taxi_data_v2, task_id=download_dataset_task, execution_date=20191202T060000, start_date=20220917T060545, end_date=20220917T060553
[2022-09-17 06:05:53,804] {local_task_job.py:154} INFO - Task exited with return code 0
[2022-09-17 06:05:53,845] {local_task_job.py:264} INFO - 1 downstream tasks scheduled from follow-on schedule check
[2022-09-20 15:33:24,016] {taskinstance.py:1032} INFO - Dependencies all met for <TaskInstance: yellow_taxi_data_v2.download_dataset_task scheduled__2019-12-02T06:00:00+00:00 [queued]>
[2022-09-20 15:33:24,032] {taskinstance.py:1032} INFO - Dependencies all met for <TaskInstance: yellow_taxi_data_v2.download_dataset_task scheduled__2019-12-02T06:00:00+00:00 [queued]>
[2022-09-20 15:33:24,032] {taskinstance.py:1238} INFO - 
--------------------------------------------------------------------------------
[2022-09-20 15:33:24,033] {taskinstance.py:1239} INFO - Starting attempt 1 of 2
[2022-09-20 15:33:24,033] {taskinstance.py:1240} INFO - 
--------------------------------------------------------------------------------
[2022-09-20 15:33:24,053] {taskinstance.py:1259} INFO - Executing <Task(BashOperator): download_dataset_task> on 2019-12-02 06:00:00+00:00
[2022-09-20 15:33:24,061] {standard_task_runner.py:52} INFO - Started process 645 to run task
[2022-09-20 15:33:24,070] {standard_task_runner.py:76} INFO - Running: ['***', 'tasks', 'run', 'yellow_taxi_data_v2', 'download_dataset_task', 'scheduled__2019-12-02T06:00:00+00:00', '--job-id', '106', '--raw', '--subdir', 'DAGS_FOLDER/data_ingestion_gcs_dag.py', '--cfg-path', '/tmp/tmp54dlmii2', '--error-file', '/tmp/tmps27jpi7m']
[2022-09-20 15:33:24,072] {standard_task_runner.py:77} INFO - Job 106: Subtask download_dataset_task
[2022-09-20 15:33:24,187] {logging_mixin.py:109} INFO - Running <TaskInstance: yellow_taxi_data_v2.download_dataset_task scheduled__2019-12-02T06:00:00+00:00 [running]> on host 788dccad41b9
[2022-09-20 15:33:24,276] {warnings.py:110} WARNING - /home/***/.local/lib/python3.7/site-packages/***/utils/context.py:152: AirflowContextDeprecationWarning: Accessing 'execution_date' from the template is deprecated and will be removed in a future version. Please use 'data_interval_start' or 'logical_date' instead.
  warnings.warn(_create_deprecation_warning(key, self._deprecation_replacements[key]))

[2022-09-20 15:33:24,310] {taskinstance.py:1426} INFO - Exporting the following env vars:
AIRFLOW_CTX_DAG_OWNER=***
AIRFLOW_CTX_DAG_ID=yellow_taxi_data_v2
AIRFLOW_CTX_TASK_ID=download_dataset_task
AIRFLOW_CTX_EXECUTION_DATE=2019-12-02T06:00:00+00:00
AIRFLOW_CTX_DAG_RUN_ID=scheduled__2019-12-02T06:00:00+00:00
[2022-09-20 15:33:24,312] {subprocess.py:62} INFO - Tmp dir root location: 
 /tmp
[2022-09-20 15:33:24,313] {subprocess.py:74} INFO - Running command: ['bash', '-c', 'curl -sSLf https://d37ci6vzurychx.cloudfront.net/trip-data/yellow_tripdata_2019-12.parquet > /opt/***/yellow_tripdata_2019-12.parquet']
[2022-09-20 15:33:24,333] {subprocess.py:85} INFO - Output:
[2022-09-20 15:33:32,397] {subprocess.py:93} INFO - Command exited with return code 0
[2022-09-20 15:33:32,499] {taskinstance.py:1277} INFO - Marking task as SUCCESS. dag_id=yellow_taxi_data_v2, task_id=download_dataset_task, execution_date=20191202T060000, start_date=20220920T153324, end_date=20220920T153332
[2022-09-20 15:33:32,536] {local_task_job.py:154} INFO - Task exited with return code 0
[2022-09-20 15:33:32,601] {local_task_job.py:264} INFO - 1 downstream tasks scheduled from follow-on schedule check
[2022-09-21 01:34:36,740] {taskinstance.py:1032} INFO - Dependencies all met for <TaskInstance: yellow_taxi_data_v2.download_dataset_task scheduled__2019-12-02T06:00:00+00:00 [queued]>
[2022-09-21 01:34:36,765] {taskinstance.py:1032} INFO - Dependencies all met for <TaskInstance: yellow_taxi_data_v2.download_dataset_task scheduled__2019-12-02T06:00:00+00:00 [queued]>
[2022-09-21 01:34:36,766] {taskinstance.py:1238} INFO - 
--------------------------------------------------------------------------------
[2022-09-21 01:34:36,766] {taskinstance.py:1239} INFO - Starting attempt 1 of 2
[2022-09-21 01:34:36,766] {taskinstance.py:1240} INFO - 
--------------------------------------------------------------------------------
[2022-09-21 01:34:36,801] {taskinstance.py:1259} INFO - Executing <Task(BashOperator): download_dataset_task> on 2019-12-02 06:00:00+00:00
[2022-09-21 01:34:36,809] {standard_task_runner.py:52} INFO - Started process 27804 to run task
[2022-09-21 01:34:36,827] {standard_task_runner.py:76} INFO - Running: ['***', 'tasks', 'run', 'yellow_taxi_data_v2', 'download_dataset_task', 'scheduled__2019-12-02T06:00:00+00:00', '--job-id', '280', '--raw', '--subdir', 'DAGS_FOLDER/data_ingestion_gcs_dag.py', '--cfg-path', '/tmp/tmpyqfxjjqm', '--error-file', '/tmp/tmphzj67o93']
[2022-09-21 01:34:36,831] {standard_task_runner.py:77} INFO - Job 280: Subtask download_dataset_task
[2022-09-21 01:34:36,996] {logging_mixin.py:109} INFO - Running <TaskInstance: yellow_taxi_data_v2.download_dataset_task scheduled__2019-12-02T06:00:00+00:00 [running]> on host 788dccad41b9
[2022-09-21 01:34:37,124] {warnings.py:110} WARNING - /home/***/.local/lib/python3.7/site-packages/***/utils/context.py:152: AirflowContextDeprecationWarning: Accessing 'execution_date' from the template is deprecated and will be removed in a future version. Please use 'data_interval_start' or 'logical_date' instead.
  warnings.warn(_create_deprecation_warning(key, self._deprecation_replacements[key]))

[2022-09-21 01:34:37,202] {taskinstance.py:1426} INFO - Exporting the following env vars:
AIRFLOW_CTX_DAG_OWNER=***
AIRFLOW_CTX_DAG_ID=yellow_taxi_data_v2
AIRFLOW_CTX_TASK_ID=download_dataset_task
AIRFLOW_CTX_EXECUTION_DATE=2019-12-02T06:00:00+00:00
AIRFLOW_CTX_DAG_RUN_ID=scheduled__2019-12-02T06:00:00+00:00
[2022-09-21 01:34:37,203] {subprocess.py:62} INFO - Tmp dir root location: 
 /tmp
[2022-09-21 01:34:37,204] {subprocess.py:74} INFO - Running command: ['bash', '-c', 'curl -sSLf https://d37ci6vzurychx.cloudfront.net/trip-data/yellow_tripdata_2019-12.parquet > /opt/***/yellow_tripdata_2019-12.parquet']
[2022-09-21 01:34:37,236] {subprocess.py:85} INFO - Output:
[2022-09-21 01:34:45,550] {subprocess.py:93} INFO - Command exited with return code 0
[2022-09-21 01:34:45,580] {taskinstance.py:1277} INFO - Marking task as SUCCESS. dag_id=yellow_taxi_data_v2, task_id=download_dataset_task, execution_date=20191202T060000, start_date=20220921T013436, end_date=20220921T013445
[2022-09-21 01:34:45,625] {local_task_job.py:154} INFO - Task exited with return code 0
[2022-09-21 01:34:45,668] {local_task_job.py:264} INFO - 1 downstream tasks scheduled from follow-on schedule check
