[2022-09-17 06:05:45,500] {taskinstance.py:1032} INFO - Dependencies all met for <TaskInstance: yellow_taxi_data_v2.download_dataset_task scheduled__2019-11-02T06:00:00+00:00 [queued]>
[2022-09-17 06:05:45,510] {taskinstance.py:1032} INFO - Dependencies all met for <TaskInstance: yellow_taxi_data_v2.download_dataset_task scheduled__2019-11-02T06:00:00+00:00 [queued]>
[2022-09-17 06:05:45,510] {taskinstance.py:1238} INFO - 
--------------------------------------------------------------------------------
[2022-09-17 06:05:45,510] {taskinstance.py:1239} INFO - Starting attempt 1 of 2
[2022-09-17 06:05:45,511] {taskinstance.py:1240} INFO - 
--------------------------------------------------------------------------------
[2022-09-17 06:05:45,531] {taskinstance.py:1259} INFO - Executing <Task(BashOperator): download_dataset_task> on 2019-11-02 06:00:00+00:00
[2022-09-17 06:05:45,538] {standard_task_runner.py:52} INFO - Started process 5113 to run task
[2022-09-17 06:05:45,552] {standard_task_runner.py:76} INFO - Running: ['***', 'tasks', 'run', 'yellow_taxi_data_v2', 'download_dataset_task', 'scheduled__2019-11-02T06:00:00+00:00', '--job-id', '36', '--raw', '--subdir', 'DAGS_FOLDER/data_ingestion_gcs_dag.py', '--cfg-path', '/tmp/tmpm_u2_qb4', '--error-file', '/tmp/tmptc2ph2ph']
[2022-09-17 06:05:45,553] {standard_task_runner.py:77} INFO - Job 36: Subtask download_dataset_task
[2022-09-17 06:05:45,646] {logging_mixin.py:109} INFO - Running <TaskInstance: yellow_taxi_data_v2.download_dataset_task scheduled__2019-11-02T06:00:00+00:00 [running]> on host 10d063af5ba7
[2022-09-17 06:05:45,711] {warnings.py:110} WARNING - /home/***/.local/lib/python3.7/site-packages/***/utils/context.py:152: AirflowContextDeprecationWarning: Accessing 'execution_date' from the template is deprecated and will be removed in a future version. Please use 'data_interval_start' or 'logical_date' instead.
  warnings.warn(_create_deprecation_warning(key, self._deprecation_replacements[key]))

[2022-09-17 06:05:45,741] {taskinstance.py:1426} INFO - Exporting the following env vars:
AIRFLOW_CTX_DAG_OWNER=***
AIRFLOW_CTX_DAG_ID=yellow_taxi_data_v2
AIRFLOW_CTX_TASK_ID=download_dataset_task
AIRFLOW_CTX_EXECUTION_DATE=2019-11-02T06:00:00+00:00
AIRFLOW_CTX_DAG_RUN_ID=scheduled__2019-11-02T06:00:00+00:00
[2022-09-17 06:05:45,742] {subprocess.py:62} INFO - Tmp dir root location: 
 /tmp
[2022-09-17 06:05:45,743] {subprocess.py:74} INFO - Running command: ['bash', '-c', 'curl -sSLf https://d37ci6vzurychx.cloudfront.net/trip-data/yellow_tripdata_2019-11.parquet > /opt/***/yellow_tripdata_2019-11.parquet']
[2022-09-17 06:05:45,761] {subprocess.py:85} INFO - Output:
[2022-09-17 06:05:55,455] {subprocess.py:93} INFO - Command exited with return code 0
[2022-09-17 06:05:55,493] {taskinstance.py:1277} INFO - Marking task as SUCCESS. dag_id=yellow_taxi_data_v2, task_id=download_dataset_task, execution_date=20191102T060000, start_date=20220917T060545, end_date=20220917T060555
[2022-09-17 06:05:55,540] {local_task_job.py:154} INFO - Task exited with return code 0
[2022-09-17 06:05:55,584] {local_task_job.py:264} INFO - 1 downstream tasks scheduled from follow-on schedule check
[2022-09-20 15:33:23,253] {taskinstance.py:1032} INFO - Dependencies all met for <TaskInstance: yellow_taxi_data_v2.download_dataset_task scheduled__2019-11-02T06:00:00+00:00 [queued]>
[2022-09-20 15:33:23,278] {taskinstance.py:1032} INFO - Dependencies all met for <TaskInstance: yellow_taxi_data_v2.download_dataset_task scheduled__2019-11-02T06:00:00+00:00 [queued]>
[2022-09-20 15:33:23,278] {taskinstance.py:1238} INFO - 
--------------------------------------------------------------------------------
[2022-09-20 15:33:23,278] {taskinstance.py:1239} INFO - Starting attempt 1 of 2
[2022-09-20 15:33:23,278] {taskinstance.py:1240} INFO - 
--------------------------------------------------------------------------------
[2022-09-20 15:33:23,312] {taskinstance.py:1259} INFO - Executing <Task(BashOperator): download_dataset_task> on 2019-11-02 06:00:00+00:00
[2022-09-20 15:33:23,320] {standard_task_runner.py:52} INFO - Started process 640 to run task
[2022-09-20 15:33:23,339] {standard_task_runner.py:76} INFO - Running: ['***', 'tasks', 'run', 'yellow_taxi_data_v2', 'download_dataset_task', 'scheduled__2019-11-02T06:00:00+00:00', '--job-id', '104', '--raw', '--subdir', 'DAGS_FOLDER/data_ingestion_gcs_dag.py', '--cfg-path', '/tmp/tmpl5rcyjad', '--error-file', '/tmp/tmp6tzc5t_q']
[2022-09-20 15:33:23,341] {standard_task_runner.py:77} INFO - Job 104: Subtask download_dataset_task
[2022-09-20 15:33:23,481] {logging_mixin.py:109} INFO - Running <TaskInstance: yellow_taxi_data_v2.download_dataset_task scheduled__2019-11-02T06:00:00+00:00 [running]> on host 788dccad41b9
[2022-09-20 15:33:23,586] {warnings.py:110} WARNING - /home/***/.local/lib/python3.7/site-packages/***/utils/context.py:152: AirflowContextDeprecationWarning: Accessing 'execution_date' from the template is deprecated and will be removed in a future version. Please use 'data_interval_start' or 'logical_date' instead.
  warnings.warn(_create_deprecation_warning(key, self._deprecation_replacements[key]))

[2022-09-20 15:33:23,630] {taskinstance.py:1426} INFO - Exporting the following env vars:
AIRFLOW_CTX_DAG_OWNER=***
AIRFLOW_CTX_DAG_ID=yellow_taxi_data_v2
AIRFLOW_CTX_TASK_ID=download_dataset_task
AIRFLOW_CTX_EXECUTION_DATE=2019-11-02T06:00:00+00:00
AIRFLOW_CTX_DAG_RUN_ID=scheduled__2019-11-02T06:00:00+00:00
[2022-09-20 15:33:23,631] {subprocess.py:62} INFO - Tmp dir root location: 
 /tmp
[2022-09-20 15:33:23,632] {subprocess.py:74} INFO - Running command: ['bash', '-c', 'curl -sSLf https://d37ci6vzurychx.cloudfront.net/trip-data/yellow_tripdata_2019-11.parquet > /opt/***/yellow_tripdata_2019-11.parquet']
[2022-09-20 15:33:23,677] {subprocess.py:85} INFO - Output:
[2022-09-20 15:33:31,772] {subprocess.py:93} INFO - Command exited with return code 0
[2022-09-20 15:33:31,814] {taskinstance.py:1277} INFO - Marking task as SUCCESS. dag_id=yellow_taxi_data_v2, task_id=download_dataset_task, execution_date=20191102T060000, start_date=20220920T153323, end_date=20220920T153331
[2022-09-20 15:33:31,852] {local_task_job.py:154} INFO - Task exited with return code 0
[2022-09-20 15:33:31,910] {local_task_job.py:264} INFO - 1 downstream tasks scheduled from follow-on schedule check
[2022-09-21 01:34:14,021] {taskinstance.py:1032} INFO - Dependencies all met for <TaskInstance: yellow_taxi_data_v2.download_dataset_task scheduled__2019-11-02T06:00:00+00:00 [queued]>
[2022-09-21 01:34:14,036] {taskinstance.py:1032} INFO - Dependencies all met for <TaskInstance: yellow_taxi_data_v2.download_dataset_task scheduled__2019-11-02T06:00:00+00:00 [queued]>
[2022-09-21 01:34:14,036] {taskinstance.py:1238} INFO - 
--------------------------------------------------------------------------------
[2022-09-21 01:34:14,037] {taskinstance.py:1239} INFO - Starting attempt 1 of 2
[2022-09-21 01:34:14,037] {taskinstance.py:1240} INFO - 
--------------------------------------------------------------------------------
[2022-09-21 01:34:14,055] {taskinstance.py:1259} INFO - Executing <Task(BashOperator): download_dataset_task> on 2019-11-02 06:00:00+00:00
[2022-09-21 01:34:14,062] {standard_task_runner.py:52} INFO - Started process 27765 to run task
[2022-09-21 01:34:14,068] {standard_task_runner.py:76} INFO - Running: ['***', 'tasks', 'run', 'yellow_taxi_data_v2', 'download_dataset_task', 'scheduled__2019-11-02T06:00:00+00:00', '--job-id', '273', '--raw', '--subdir', 'DAGS_FOLDER/data_ingestion_gcs_dag.py', '--cfg-path', '/tmp/tmp0d7rl4n6', '--error-file', '/tmp/tmp7mj4jtjm']
[2022-09-21 01:34:14,069] {standard_task_runner.py:77} INFO - Job 273: Subtask download_dataset_task
[2022-09-21 01:34:14,148] {logging_mixin.py:109} INFO - Running <TaskInstance: yellow_taxi_data_v2.download_dataset_task scheduled__2019-11-02T06:00:00+00:00 [running]> on host 788dccad41b9
[2022-09-21 01:34:14,199] {warnings.py:110} WARNING - /home/***/.local/lib/python3.7/site-packages/***/utils/context.py:152: AirflowContextDeprecationWarning: Accessing 'execution_date' from the template is deprecated and will be removed in a future version. Please use 'data_interval_start' or 'logical_date' instead.
  warnings.warn(_create_deprecation_warning(key, self._deprecation_replacements[key]))

[2022-09-21 01:34:14,220] {taskinstance.py:1426} INFO - Exporting the following env vars:
AIRFLOW_CTX_DAG_OWNER=***
AIRFLOW_CTX_DAG_ID=yellow_taxi_data_v2
AIRFLOW_CTX_TASK_ID=download_dataset_task
AIRFLOW_CTX_EXECUTION_DATE=2019-11-02T06:00:00+00:00
AIRFLOW_CTX_DAG_RUN_ID=scheduled__2019-11-02T06:00:00+00:00
[2022-09-21 01:34:14,222] {subprocess.py:62} INFO - Tmp dir root location: 
 /tmp
[2022-09-21 01:34:14,223] {subprocess.py:74} INFO - Running command: ['bash', '-c', 'curl -sSLf https://d37ci6vzurychx.cloudfront.net/trip-data/yellow_tripdata_2019-11.parquet > /opt/***/yellow_tripdata_2019-11.parquet']
[2022-09-21 01:34:14,237] {subprocess.py:85} INFO - Output:
[2022-09-21 01:34:22,576] {subprocess.py:93} INFO - Command exited with return code 0
[2022-09-21 01:34:22,842] {taskinstance.py:1277} INFO - Marking task as SUCCESS. dag_id=yellow_taxi_data_v2, task_id=download_dataset_task, execution_date=20191102T060000, start_date=20220921T013414, end_date=20220921T013422
[2022-09-21 01:34:22,934] {local_task_job.py:154} INFO - Task exited with return code 0
[2022-09-21 01:34:23,069] {local_task_job.py:264} INFO - 1 downstream tasks scheduled from follow-on schedule check
