[2022-09-17 06:08:01,117] {taskinstance.py:1032} INFO - Dependencies all met for <TaskInstance: yellow_taxi_data_v2.download_dataset_task scheduled__2020-11-02T06:00:00+00:00 [queued]>
[2022-09-17 06:08:01,135] {taskinstance.py:1032} INFO - Dependencies all met for <TaskInstance: yellow_taxi_data_v2.download_dataset_task scheduled__2020-11-02T06:00:00+00:00 [queued]>
[2022-09-17 06:08:01,135] {taskinstance.py:1238} INFO - 
--------------------------------------------------------------------------------
[2022-09-17 06:08:01,135] {taskinstance.py:1239} INFO - Starting attempt 1 of 2
[2022-09-17 06:08:01,135] {taskinstance.py:1240} INFO - 
--------------------------------------------------------------------------------
[2022-09-17 06:08:01,152] {taskinstance.py:1259} INFO - Executing <Task(BashOperator): download_dataset_task> on 2020-11-02 06:00:00+00:00
[2022-09-17 06:08:01,159] {standard_task_runner.py:52} INFO - Started process 5365 to run task
[2022-09-17 06:08:01,166] {standard_task_runner.py:76} INFO - Running: ['***', 'tasks', 'run', 'yellow_taxi_data_v2', 'download_dataset_task', 'scheduled__2020-11-02T06:00:00+00:00', '--job-id', '72', '--raw', '--subdir', 'DAGS_FOLDER/data_ingestion_gcs_dag.py', '--cfg-path', '/tmp/tmpt_2ilj2g', '--error-file', '/tmp/tmp_2iunrzy']
[2022-09-17 06:08:01,168] {standard_task_runner.py:77} INFO - Job 72: Subtask download_dataset_task
[2022-09-17 06:08:01,257] {logging_mixin.py:109} INFO - Running <TaskInstance: yellow_taxi_data_v2.download_dataset_task scheduled__2020-11-02T06:00:00+00:00 [running]> on host 10d063af5ba7
[2022-09-17 06:08:01,317] {warnings.py:110} WARNING - /home/***/.local/lib/python3.7/site-packages/***/utils/context.py:152: AirflowContextDeprecationWarning: Accessing 'execution_date' from the template is deprecated and will be removed in a future version. Please use 'data_interval_start' or 'logical_date' instead.
  warnings.warn(_create_deprecation_warning(key, self._deprecation_replacements[key]))

[2022-09-17 06:08:01,344] {taskinstance.py:1426} INFO - Exporting the following env vars:
AIRFLOW_CTX_DAG_OWNER=***
AIRFLOW_CTX_DAG_ID=yellow_taxi_data_v2
AIRFLOW_CTX_TASK_ID=download_dataset_task
AIRFLOW_CTX_EXECUTION_DATE=2020-11-02T06:00:00+00:00
AIRFLOW_CTX_DAG_RUN_ID=scheduled__2020-11-02T06:00:00+00:00
[2022-09-17 06:08:01,345] {subprocess.py:62} INFO - Tmp dir root location: 
 /tmp
[2022-09-17 06:08:01,346] {subprocess.py:74} INFO - Running command: ['bash', '-c', 'curl -sSLf https://d37ci6vzurychx.cloudfront.net/trip-data/yellow_tripdata_2020-11.parquet > /opt/***/yellow_tripdata_2020-11.parquet']
[2022-09-17 06:08:01,362] {subprocess.py:85} INFO - Output:
[2022-09-17 06:08:04,411] {subprocess.py:93} INFO - Command exited with return code 0
[2022-09-17 06:08:04,446] {taskinstance.py:1277} INFO - Marking task as SUCCESS. dag_id=yellow_taxi_data_v2, task_id=download_dataset_task, execution_date=20201102T060000, start_date=20220917T060801, end_date=20220917T060804
[2022-09-17 06:08:04,472] {local_task_job.py:154} INFO - Task exited with return code 0
[2022-09-17 06:08:04,521] {local_task_job.py:264} INFO - 1 downstream tasks scheduled from follow-on schedule check
[2022-09-20 15:35:23,596] {taskinstance.py:1032} INFO - Dependencies all met for <TaskInstance: yellow_taxi_data_v2.download_dataset_task scheduled__2020-11-02T06:00:00+00:00 [queued]>
[2022-09-20 15:35:23,612] {taskinstance.py:1032} INFO - Dependencies all met for <TaskInstance: yellow_taxi_data_v2.download_dataset_task scheduled__2020-11-02T06:00:00+00:00 [queued]>
[2022-09-20 15:35:23,612] {taskinstance.py:1238} INFO - 
--------------------------------------------------------------------------------
[2022-09-20 15:35:23,612] {taskinstance.py:1239} INFO - Starting attempt 1 of 2
[2022-09-20 15:35:23,612] {taskinstance.py:1240} INFO - 
--------------------------------------------------------------------------------
[2022-09-20 15:35:23,625] {taskinstance.py:1259} INFO - Executing <Task(BashOperator): download_dataset_task> on 2020-11-02 06:00:00+00:00
[2022-09-20 15:35:23,633] {standard_task_runner.py:52} INFO - Started process 1006 to run task
[2022-09-20 15:35:23,639] {standard_task_runner.py:76} INFO - Running: ['***', 'tasks', 'run', 'yellow_taxi_data_v2', 'download_dataset_task', 'scheduled__2020-11-02T06:00:00+00:00', '--job-id', '170', '--raw', '--subdir', 'DAGS_FOLDER/data_ingestion_gcs_dag.py', '--cfg-path', '/tmp/tmp7d3kgjmy', '--error-file', '/tmp/tmppswkefpi']
[2022-09-20 15:35:23,640] {standard_task_runner.py:77} INFO - Job 170: Subtask download_dataset_task
[2022-09-20 15:35:23,736] {logging_mixin.py:109} INFO - Running <TaskInstance: yellow_taxi_data_v2.download_dataset_task scheduled__2020-11-02T06:00:00+00:00 [running]> on host 788dccad41b9
[2022-09-20 15:35:23,792] {warnings.py:110} WARNING - /home/***/.local/lib/python3.7/site-packages/***/utils/context.py:152: AirflowContextDeprecationWarning: Accessing 'execution_date' from the template is deprecated and will be removed in a future version. Please use 'data_interval_start' or 'logical_date' instead.
  warnings.warn(_create_deprecation_warning(key, self._deprecation_replacements[key]))

[2022-09-20 15:35:23,819] {taskinstance.py:1426} INFO - Exporting the following env vars:
AIRFLOW_CTX_DAG_OWNER=***
AIRFLOW_CTX_DAG_ID=yellow_taxi_data_v2
AIRFLOW_CTX_TASK_ID=download_dataset_task
AIRFLOW_CTX_EXECUTION_DATE=2020-11-02T06:00:00+00:00
AIRFLOW_CTX_DAG_RUN_ID=scheduled__2020-11-02T06:00:00+00:00
[2022-09-20 15:35:23,820] {subprocess.py:62} INFO - Tmp dir root location: 
 /tmp
[2022-09-20 15:35:23,820] {subprocess.py:74} INFO - Running command: ['bash', '-c', 'curl -sSLf https://d37ci6vzurychx.cloudfront.net/trip-data/yellow_tripdata_2020-11.parquet > /opt/***/yellow_tripdata_2020-11.parquet']
[2022-09-20 15:35:23,836] {subprocess.py:85} INFO - Output:
[2022-09-20 15:35:26,916] {subprocess.py:93} INFO - Command exited with return code 0
[2022-09-20 15:35:26,954] {taskinstance.py:1277} INFO - Marking task as SUCCESS. dag_id=yellow_taxi_data_v2, task_id=download_dataset_task, execution_date=20201102T060000, start_date=20220920T153523, end_date=20220920T153526
[2022-09-20 15:35:26,989] {local_task_job.py:154} INFO - Task exited with return code 0
[2022-09-20 15:35:27,039] {local_task_job.py:264} INFO - 1 downstream tasks scheduled from follow-on schedule check
[2022-09-21 01:36:03,454] {taskinstance.py:1032} INFO - Dependencies all met for <TaskInstance: yellow_taxi_data_v2.download_dataset_task scheduled__2020-11-02T06:00:00+00:00 [queued]>
[2022-09-21 01:36:03,466] {taskinstance.py:1032} INFO - Dependencies all met for <TaskInstance: yellow_taxi_data_v2.download_dataset_task scheduled__2020-11-02T06:00:00+00:00 [queued]>
[2022-09-21 01:36:03,466] {taskinstance.py:1238} INFO - 
--------------------------------------------------------------------------------
[2022-09-21 01:36:03,466] {taskinstance.py:1239} INFO - Starting attempt 1 of 2
[2022-09-21 01:36:03,466] {taskinstance.py:1240} INFO - 
--------------------------------------------------------------------------------
[2022-09-21 01:36:03,480] {taskinstance.py:1259} INFO - Executing <Task(BashOperator): download_dataset_task> on 2020-11-02 06:00:00+00:00
[2022-09-21 01:36:03,486] {standard_task_runner.py:52} INFO - Started process 28083 to run task
[2022-09-21 01:36:03,491] {standard_task_runner.py:76} INFO - Running: ['***', 'tasks', 'run', 'yellow_taxi_data_v2', 'download_dataset_task', 'scheduled__2020-11-02T06:00:00+00:00', '--job-id', '328', '--raw', '--subdir', 'DAGS_FOLDER/data_ingestion_gcs_dag.py', '--cfg-path', '/tmp/tmpapyrqd7q', '--error-file', '/tmp/tmpa_tl61zm']
[2022-09-21 01:36:03,492] {standard_task_runner.py:77} INFO - Job 328: Subtask download_dataset_task
[2022-09-21 01:36:03,560] {logging_mixin.py:109} INFO - Running <TaskInstance: yellow_taxi_data_v2.download_dataset_task scheduled__2020-11-02T06:00:00+00:00 [running]> on host 788dccad41b9
[2022-09-21 01:36:03,607] {warnings.py:110} WARNING - /home/***/.local/lib/python3.7/site-packages/***/utils/context.py:152: AirflowContextDeprecationWarning: Accessing 'execution_date' from the template is deprecated and will be removed in a future version. Please use 'data_interval_start' or 'logical_date' instead.
  warnings.warn(_create_deprecation_warning(key, self._deprecation_replacements[key]))

[2022-09-21 01:36:03,628] {taskinstance.py:1426} INFO - Exporting the following env vars:
AIRFLOW_CTX_DAG_OWNER=***
AIRFLOW_CTX_DAG_ID=yellow_taxi_data_v2
AIRFLOW_CTX_TASK_ID=download_dataset_task
AIRFLOW_CTX_EXECUTION_DATE=2020-11-02T06:00:00+00:00
AIRFLOW_CTX_DAG_RUN_ID=scheduled__2020-11-02T06:00:00+00:00
[2022-09-21 01:36:03,630] {subprocess.py:62} INFO - Tmp dir root location: 
 /tmp
[2022-09-21 01:36:03,631] {subprocess.py:74} INFO - Running command: ['bash', '-c', 'curl -sSLf https://d37ci6vzurychx.cloudfront.net/trip-data/yellow_tripdata_2020-11.parquet > /opt/***/yellow_tripdata_2020-11.parquet']
[2022-09-21 01:36:03,645] {subprocess.py:85} INFO - Output:
[2022-09-21 01:36:08,285] {subprocess.py:93} INFO - Command exited with return code 0
[2022-09-21 01:36:08,322] {taskinstance.py:1277} INFO - Marking task as SUCCESS. dag_id=yellow_taxi_data_v2, task_id=download_dataset_task, execution_date=20201102T060000, start_date=20220921T013603, end_date=20220921T013608
[2022-09-21 01:36:08,365] {local_task_job.py:154} INFO - Task exited with return code 0
[2022-09-21 01:36:08,422] {local_task_job.py:264} INFO - 1 downstream tasks scheduled from follow-on schedule check
