[2022-09-17 06:05:26,168] {taskinstance.py:1032} INFO - Dependencies all met for <TaskInstance: yellow_taxi_data_v2.download_dataset_task scheduled__2019-09-02T06:00:00+00:00 [queued]>
[2022-09-17 06:05:26,186] {taskinstance.py:1032} INFO - Dependencies all met for <TaskInstance: yellow_taxi_data_v2.download_dataset_task scheduled__2019-09-02T06:00:00+00:00 [queued]>
[2022-09-17 06:05:26,186] {taskinstance.py:1238} INFO - 
--------------------------------------------------------------------------------
[2022-09-17 06:05:26,186] {taskinstance.py:1239} INFO - Starting attempt 1 of 2
[2022-09-17 06:05:26,186] {taskinstance.py:1240} INFO - 
--------------------------------------------------------------------------------
[2022-09-17 06:05:26,206] {taskinstance.py:1259} INFO - Executing <Task(BashOperator): download_dataset_task> on 2019-09-02 06:00:00+00:00
[2022-09-17 06:05:26,220] {standard_task_runner.py:52} INFO - Started process 5067 to run task
[2022-09-17 06:05:26,227] {standard_task_runner.py:76} INFO - Running: ['***', 'tasks', 'run', 'yellow_taxi_data_v2', 'download_dataset_task', 'scheduled__2019-09-02T06:00:00+00:00', '--job-id', '30', '--raw', '--subdir', 'DAGS_FOLDER/data_ingestion_gcs_dag.py', '--cfg-path', '/tmp/tmpdtc51979', '--error-file', '/tmp/tmpo4hktih7']
[2022-09-17 06:05:26,229] {standard_task_runner.py:77} INFO - Job 30: Subtask download_dataset_task
[2022-09-17 06:05:26,312] {logging_mixin.py:109} INFO - Running <TaskInstance: yellow_taxi_data_v2.download_dataset_task scheduled__2019-09-02T06:00:00+00:00 [running]> on host 10d063af5ba7
[2022-09-17 06:05:26,369] {warnings.py:110} WARNING - /home/***/.local/lib/python3.7/site-packages/***/utils/context.py:152: AirflowContextDeprecationWarning: Accessing 'execution_date' from the template is deprecated and will be removed in a future version. Please use 'data_interval_start' or 'logical_date' instead.
  warnings.warn(_create_deprecation_warning(key, self._deprecation_replacements[key]))

[2022-09-17 06:05:26,394] {taskinstance.py:1426} INFO - Exporting the following env vars:
AIRFLOW_CTX_DAG_OWNER=***
AIRFLOW_CTX_DAG_ID=yellow_taxi_data_v2
AIRFLOW_CTX_TASK_ID=download_dataset_task
AIRFLOW_CTX_EXECUTION_DATE=2019-09-02T06:00:00+00:00
AIRFLOW_CTX_DAG_RUN_ID=scheduled__2019-09-02T06:00:00+00:00
[2022-09-17 06:05:26,396] {subprocess.py:62} INFO - Tmp dir root location: 
 /tmp
[2022-09-17 06:05:26,396] {subprocess.py:74} INFO - Running command: ['bash', '-c', 'curl -sSLf https://d37ci6vzurychx.cloudfront.net/trip-data/yellow_tripdata_2019-09.parquet > /opt/***/yellow_tripdata_2019-09.parquet']
[2022-09-17 06:05:26,414] {subprocess.py:85} INFO - Output:
[2022-09-17 06:05:35,743] {subprocess.py:93} INFO - Command exited with return code 0
[2022-09-17 06:05:35,774] {taskinstance.py:1277} INFO - Marking task as SUCCESS. dag_id=yellow_taxi_data_v2, task_id=download_dataset_task, execution_date=20190902T060000, start_date=20220917T060526, end_date=20220917T060535
[2022-09-17 06:05:35,828] {local_task_job.py:154} INFO - Task exited with return code 0
[2022-09-17 06:05:35,871] {local_task_job.py:264} INFO - 1 downstream tasks scheduled from follow-on schedule check
[2022-09-20 15:33:03,169] {taskinstance.py:1032} INFO - Dependencies all met for <TaskInstance: yellow_taxi_data_v2.download_dataset_task scheduled__2019-09-02T06:00:00+00:00 [queued]>
[2022-09-20 15:33:03,180] {taskinstance.py:1032} INFO - Dependencies all met for <TaskInstance: yellow_taxi_data_v2.download_dataset_task scheduled__2019-09-02T06:00:00+00:00 [queued]>
[2022-09-20 15:33:03,181] {taskinstance.py:1238} INFO - 
--------------------------------------------------------------------------------
[2022-09-20 15:33:03,181] {taskinstance.py:1239} INFO - Starting attempt 1 of 2
[2022-09-20 15:33:03,181] {taskinstance.py:1240} INFO - 
--------------------------------------------------------------------------------
[2022-09-20 15:33:03,201] {taskinstance.py:1259} INFO - Executing <Task(BashOperator): download_dataset_task> on 2019-09-02 06:00:00+00:00
[2022-09-20 15:33:03,209] {standard_task_runner.py:52} INFO - Started process 590 to run task
[2022-09-20 15:33:03,220] {standard_task_runner.py:76} INFO - Running: ['***', 'tasks', 'run', 'yellow_taxi_data_v2', 'download_dataset_task', 'scheduled__2019-09-02T06:00:00+00:00', '--job-id', '98', '--raw', '--subdir', 'DAGS_FOLDER/data_ingestion_gcs_dag.py', '--cfg-path', '/tmp/tmpirrnyg7s', '--error-file', '/tmp/tmpnxlqlffc']
[2022-09-20 15:33:03,222] {standard_task_runner.py:77} INFO - Job 98: Subtask download_dataset_task
[2022-09-20 15:33:03,311] {logging_mixin.py:109} INFO - Running <TaskInstance: yellow_taxi_data_v2.download_dataset_task scheduled__2019-09-02T06:00:00+00:00 [running]> on host 788dccad41b9
[2022-09-20 15:33:03,369] {warnings.py:110} WARNING - /home/***/.local/lib/python3.7/site-packages/***/utils/context.py:152: AirflowContextDeprecationWarning: Accessing 'execution_date' from the template is deprecated and will be removed in a future version. Please use 'data_interval_start' or 'logical_date' instead.
  warnings.warn(_create_deprecation_warning(key, self._deprecation_replacements[key]))

[2022-09-20 15:33:03,400] {taskinstance.py:1426} INFO - Exporting the following env vars:
AIRFLOW_CTX_DAG_OWNER=***
AIRFLOW_CTX_DAG_ID=yellow_taxi_data_v2
AIRFLOW_CTX_TASK_ID=download_dataset_task
AIRFLOW_CTX_EXECUTION_DATE=2019-09-02T06:00:00+00:00
AIRFLOW_CTX_DAG_RUN_ID=scheduled__2019-09-02T06:00:00+00:00
[2022-09-20 15:33:03,402] {subprocess.py:62} INFO - Tmp dir root location: 
 /tmp
[2022-09-20 15:33:03,403] {subprocess.py:74} INFO - Running command: ['bash', '-c', 'curl -sSLf https://d37ci6vzurychx.cloudfront.net/trip-data/yellow_tripdata_2019-09.parquet > /opt/***/yellow_tripdata_2019-09.parquet']
[2022-09-20 15:33:03,420] {subprocess.py:85} INFO - Output:
[2022-09-20 15:33:11,947] {subprocess.py:93} INFO - Command exited with return code 0
[2022-09-20 15:33:11,978] {taskinstance.py:1277} INFO - Marking task as SUCCESS. dag_id=yellow_taxi_data_v2, task_id=download_dataset_task, execution_date=20190902T060000, start_date=20220920T153303, end_date=20220920T153311
[2022-09-20 15:33:12,004] {local_task_job.py:154} INFO - Task exited with return code 0
[2022-09-20 15:33:12,045] {local_task_job.py:264} INFO - 1 downstream tasks scheduled from follow-on schedule check
[2022-09-21 01:33:51,604] {taskinstance.py:1032} INFO - Dependencies all met for <TaskInstance: yellow_taxi_data_v2.download_dataset_task scheduled__2019-09-02T06:00:00+00:00 [queued]>
[2022-09-21 01:33:51,617] {taskinstance.py:1032} INFO - Dependencies all met for <TaskInstance: yellow_taxi_data_v2.download_dataset_task scheduled__2019-09-02T06:00:00+00:00 [queued]>
[2022-09-21 01:33:51,617] {taskinstance.py:1238} INFO - 
--------------------------------------------------------------------------------
[2022-09-21 01:33:51,617] {taskinstance.py:1239} INFO - Starting attempt 1 of 2
[2022-09-21 01:33:51,617] {taskinstance.py:1240} INFO - 
--------------------------------------------------------------------------------
[2022-09-21 01:33:51,630] {taskinstance.py:1259} INFO - Executing <Task(BashOperator): download_dataset_task> on 2019-09-02 06:00:00+00:00
[2022-09-21 01:33:51,637] {standard_task_runner.py:52} INFO - Started process 27685 to run task
[2022-09-21 01:33:51,643] {standard_task_runner.py:76} INFO - Running: ['***', 'tasks', 'run', 'yellow_taxi_data_v2', 'download_dataset_task', 'scheduled__2019-09-02T06:00:00+00:00', '--job-id', '259', '--raw', '--subdir', 'DAGS_FOLDER/data_ingestion_gcs_dag.py', '--cfg-path', '/tmp/tmp8dhybhwe', '--error-file', '/tmp/tmprf2p7qin']
[2022-09-21 01:33:51,644] {standard_task_runner.py:77} INFO - Job 259: Subtask download_dataset_task
[2022-09-21 01:33:51,714] {logging_mixin.py:109} INFO - Running <TaskInstance: yellow_taxi_data_v2.download_dataset_task scheduled__2019-09-02T06:00:00+00:00 [running]> on host 788dccad41b9
[2022-09-21 01:33:51,764] {warnings.py:110} WARNING - /home/***/.local/lib/python3.7/site-packages/***/utils/context.py:152: AirflowContextDeprecationWarning: Accessing 'execution_date' from the template is deprecated and will be removed in a future version. Please use 'data_interval_start' or 'logical_date' instead.
  warnings.warn(_create_deprecation_warning(key, self._deprecation_replacements[key]))

[2022-09-21 01:33:51,786] {taskinstance.py:1426} INFO - Exporting the following env vars:
AIRFLOW_CTX_DAG_OWNER=***
AIRFLOW_CTX_DAG_ID=yellow_taxi_data_v2
AIRFLOW_CTX_TASK_ID=download_dataset_task
AIRFLOW_CTX_EXECUTION_DATE=2019-09-02T06:00:00+00:00
AIRFLOW_CTX_DAG_RUN_ID=scheduled__2019-09-02T06:00:00+00:00
[2022-09-21 01:33:51,787] {subprocess.py:62} INFO - Tmp dir root location: 
 /tmp
[2022-09-21 01:33:51,788] {subprocess.py:74} INFO - Running command: ['bash', '-c', 'curl -sSLf https://d37ci6vzurychx.cloudfront.net/trip-data/yellow_tripdata_2019-09.parquet > /opt/***/yellow_tripdata_2019-09.parquet']
[2022-09-21 01:33:51,805] {subprocess.py:85} INFO - Output:
[2022-09-21 01:34:00,290] {subprocess.py:93} INFO - Command exited with return code 0
[2022-09-21 01:34:00,323] {taskinstance.py:1277} INFO - Marking task as SUCCESS. dag_id=yellow_taxi_data_v2, task_id=download_dataset_task, execution_date=20190902T060000, start_date=20220921T013351, end_date=20220921T013400
[2022-09-21 01:34:00,351] {local_task_job.py:154} INFO - Task exited with return code 0
[2022-09-21 01:34:00,392] {local_task_job.py:264} INFO - 1 downstream tasks scheduled from follow-on schedule check
