[2022-09-17 07:13:54,048] {taskinstance.py:1032} INFO - Dependencies all met for <TaskInstance: green_taxi_data_v2.rm_task scheduled__2019-10-02T06:00:00+00:00 [queued]>
[2022-09-17 07:13:54,059] {taskinstance.py:1032} INFO - Dependencies all met for <TaskInstance: green_taxi_data_v2.rm_task scheduled__2019-10-02T06:00:00+00:00 [queued]>
[2022-09-17 07:13:54,059] {taskinstance.py:1238} INFO - 
--------------------------------------------------------------------------------
[2022-09-17 07:13:54,059] {taskinstance.py:1239} INFO - Starting attempt 1 of 2
[2022-09-17 07:13:54,059] {taskinstance.py:1240} INFO - 
--------------------------------------------------------------------------------
[2022-09-17 07:13:54,072] {taskinstance.py:1259} INFO - Executing <Task(BashOperator): rm_task> on 2019-10-02 06:00:00+00:00
[2022-09-17 07:13:54,078] {standard_task_runner.py:52} INFO - Started process 406 to run task
[2022-09-17 07:13:54,082] {standard_task_runner.py:76} INFO - Running: ['***', 'tasks', 'run', 'green_taxi_data_v2', 'rm_task', 'scheduled__2019-10-02T06:00:00+00:00', '--job-id', '149', '--raw', '--subdir', 'DAGS_FOLDER/data_ingestion_gcs_dag.py', '--cfg-path', '/tmp/tmparhq1s0y', '--error-file', '/tmp/tmpvdab7bup']
[2022-09-17 07:13:54,083] {standard_task_runner.py:77} INFO - Job 149: Subtask rm_task
[2022-09-17 07:13:54,153] {logging_mixin.py:109} INFO - Running <TaskInstance: green_taxi_data_v2.rm_task scheduled__2019-10-02T06:00:00+00:00 [running]> on host ea53df3427ed
[2022-09-17 07:13:54,200] {warnings.py:110} WARNING - /home/***/.local/lib/python3.7/site-packages/***/utils/context.py:152: AirflowContextDeprecationWarning: Accessing 'execution_date' from the template is deprecated and will be removed in a future version. Please use 'data_interval_start' or 'logical_date' instead.
  warnings.warn(_create_deprecation_warning(key, self._deprecation_replacements[key]))

[2022-09-17 07:13:54,223] {taskinstance.py:1426} INFO - Exporting the following env vars:
AIRFLOW_CTX_DAG_OWNER=***
AIRFLOW_CTX_DAG_ID=green_taxi_data_v2
AIRFLOW_CTX_TASK_ID=rm_task
AIRFLOW_CTX_EXECUTION_DATE=2019-10-02T06:00:00+00:00
AIRFLOW_CTX_DAG_RUN_ID=scheduled__2019-10-02T06:00:00+00:00
[2022-09-17 07:13:54,225] {subprocess.py:62} INFO - Tmp dir root location: 
 /tmp
[2022-09-17 07:13:54,225] {subprocess.py:74} INFO - Running command: ['bash', '-c', 'rm /opt/***/green_tripdata_2019-10.parquet']
[2022-09-17 07:13:54,240] {subprocess.py:85} INFO - Output:
[2022-09-17 07:13:54,245] {subprocess.py:93} INFO - Command exited with return code 0
[2022-09-17 07:13:54,278] {taskinstance.py:1277} INFO - Marking task as SUCCESS. dag_id=green_taxi_data_v2, task_id=rm_task, execution_date=20191002T060000, start_date=20220917T071354, end_date=20220917T071354
[2022-09-17 07:13:54,335] {local_task_job.py:154} INFO - Task exited with return code 0
[2022-09-17 07:13:54,372] {local_task_job.py:264} INFO - 0 downstream tasks scheduled from follow-on schedule check
[2022-09-20 15:32:52,715] {taskinstance.py:1032} INFO - Dependencies all met for <TaskInstance: green_taxi_data_v2.rm_task scheduled__2019-10-02T06:00:00+00:00 [queued]>
[2022-09-20 15:32:52,731] {taskinstance.py:1032} INFO - Dependencies all met for <TaskInstance: green_taxi_data_v2.rm_task scheduled__2019-10-02T06:00:00+00:00 [queued]>
[2022-09-20 15:32:52,731] {taskinstance.py:1238} INFO - 
--------------------------------------------------------------------------------
[2022-09-20 15:32:52,731] {taskinstance.py:1239} INFO - Starting attempt 1 of 2
[2022-09-20 15:32:52,731] {taskinstance.py:1240} INFO - 
--------------------------------------------------------------------------------
[2022-09-20 15:32:52,751] {taskinstance.py:1259} INFO - Executing <Task(BashOperator): rm_task> on 2019-10-02 06:00:00+00:00
[2022-09-20 15:32:52,759] {standard_task_runner.py:52} INFO - Started process 568 to run task
[2022-09-20 15:32:52,769] {standard_task_runner.py:76} INFO - Running: ['***', 'tasks', 'run', 'green_taxi_data_v2', 'rm_task', 'scheduled__2019-10-02T06:00:00+00:00', '--job-id', '92', '--raw', '--subdir', 'DAGS_FOLDER/data_ingestion_gcs_dag.py', '--cfg-path', '/tmp/tmpq0woa8kx', '--error-file', '/tmp/tmp6zjag6_5']
[2022-09-20 15:32:52,770] {standard_task_runner.py:77} INFO - Job 92: Subtask rm_task
[2022-09-20 15:32:52,853] {logging_mixin.py:109} INFO - Running <TaskInstance: green_taxi_data_v2.rm_task scheduled__2019-10-02T06:00:00+00:00 [running]> on host 788dccad41b9
[2022-09-20 15:32:52,909] {warnings.py:110} WARNING - /home/***/.local/lib/python3.7/site-packages/***/utils/context.py:152: AirflowContextDeprecationWarning: Accessing 'execution_date' from the template is deprecated and will be removed in a future version. Please use 'data_interval_start' or 'logical_date' instead.
  warnings.warn(_create_deprecation_warning(key, self._deprecation_replacements[key]))

[2022-09-20 15:32:52,945] {taskinstance.py:1426} INFO - Exporting the following env vars:
AIRFLOW_CTX_DAG_OWNER=***
AIRFLOW_CTX_DAG_ID=green_taxi_data_v2
AIRFLOW_CTX_TASK_ID=rm_task
AIRFLOW_CTX_EXECUTION_DATE=2019-10-02T06:00:00+00:00
AIRFLOW_CTX_DAG_RUN_ID=scheduled__2019-10-02T06:00:00+00:00
[2022-09-20 15:32:52,950] {subprocess.py:62} INFO - Tmp dir root location: 
 /tmp
[2022-09-20 15:32:52,951] {subprocess.py:74} INFO - Running command: ['bash', '-c', 'rm /opt/***/green_tripdata_2019-10.parquet']
[2022-09-20 15:32:52,978] {subprocess.py:85} INFO - Output:
[2022-09-20 15:32:52,989] {subprocess.py:93} INFO - Command exited with return code 0
[2022-09-20 15:32:53,114] {taskinstance.py:1277} INFO - Marking task as SUCCESS. dag_id=green_taxi_data_v2, task_id=rm_task, execution_date=20191002T060000, start_date=20220920T153252, end_date=20220920T153253
[2022-09-20 15:32:53,182] {local_task_job.py:154} INFO - Task exited with return code 0
[2022-09-20 15:32:53,254] {local_task_job.py:264} INFO - 0 downstream tasks scheduled from follow-on schedule check
[2022-09-21 01:34:44,702] {taskinstance.py:1032} INFO - Dependencies all met for <TaskInstance: green_taxi_data_v2.rm_task scheduled__2019-10-02T06:00:00+00:00 [queued]>
[2022-09-21 01:34:44,717] {taskinstance.py:1032} INFO - Dependencies all met for <TaskInstance: green_taxi_data_v2.rm_task scheduled__2019-10-02T06:00:00+00:00 [queued]>
[2022-09-21 01:34:44,718] {taskinstance.py:1238} INFO - 
--------------------------------------------------------------------------------
[2022-09-21 01:34:44,718] {taskinstance.py:1239} INFO - Starting attempt 1 of 2
[2022-09-21 01:34:44,718] {taskinstance.py:1240} INFO - 
--------------------------------------------------------------------------------
[2022-09-21 01:34:44,735] {taskinstance.py:1259} INFO - Executing <Task(BashOperator): rm_task> on 2019-10-02 06:00:00+00:00
[2022-09-21 01:34:44,742] {standard_task_runner.py:52} INFO - Started process 27838 to run task
[2022-09-21 01:34:44,749] {standard_task_runner.py:76} INFO - Running: ['***', 'tasks', 'run', 'green_taxi_data_v2', 'rm_task', 'scheduled__2019-10-02T06:00:00+00:00', '--job-id', '285', '--raw', '--subdir', 'DAGS_FOLDER/data_ingestion_gcs_dag.py', '--cfg-path', '/tmp/tmpjvqhs30u', '--error-file', '/tmp/tmppj7rkdz8']
[2022-09-21 01:34:44,750] {standard_task_runner.py:77} INFO - Job 285: Subtask rm_task
[2022-09-21 01:34:44,832] {logging_mixin.py:109} INFO - Running <TaskInstance: green_taxi_data_v2.rm_task scheduled__2019-10-02T06:00:00+00:00 [running]> on host 788dccad41b9
[2022-09-21 01:34:44,880] {warnings.py:110} WARNING - /home/***/.local/lib/python3.7/site-packages/***/utils/context.py:152: AirflowContextDeprecationWarning: Accessing 'execution_date' from the template is deprecated and will be removed in a future version. Please use 'data_interval_start' or 'logical_date' instead.
  warnings.warn(_create_deprecation_warning(key, self._deprecation_replacements[key]))

[2022-09-21 01:34:44,907] {taskinstance.py:1426} INFO - Exporting the following env vars:
AIRFLOW_CTX_DAG_OWNER=***
AIRFLOW_CTX_DAG_ID=green_taxi_data_v2
AIRFLOW_CTX_TASK_ID=rm_task
AIRFLOW_CTX_EXECUTION_DATE=2019-10-02T06:00:00+00:00
AIRFLOW_CTX_DAG_RUN_ID=scheduled__2019-10-02T06:00:00+00:00
[2022-09-21 01:34:44,908] {subprocess.py:62} INFO - Tmp dir root location: 
 /tmp
[2022-09-21 01:34:44,909] {subprocess.py:74} INFO - Running command: ['bash', '-c', 'rm /opt/***/green_tripdata_2019-10.parquet']
[2022-09-21 01:34:44,924] {subprocess.py:85} INFO - Output:
[2022-09-21 01:34:44,931] {subprocess.py:93} INFO - Command exited with return code 0
[2022-09-21 01:34:44,967] {taskinstance.py:1277} INFO - Marking task as SUCCESS. dag_id=green_taxi_data_v2, task_id=rm_task, execution_date=20191002T060000, start_date=20220921T013444, end_date=20220921T013444
[2022-09-21 01:34:45,002] {local_task_job.py:154} INFO - Task exited with return code 0
[2022-09-21 01:34:45,046] {local_task_job.py:264} INFO - 0 downstream tasks scheduled from follow-on schedule check
