[2022-09-17 06:06:24,400] {taskinstance.py:1032} INFO - Dependencies all met for <TaskInstance: yellow_taxi_data_v2.download_dataset_task scheduled__2020-03-02T06:00:00+00:00 [queued]>
[2022-09-17 06:06:24,413] {taskinstance.py:1032} INFO - Dependencies all met for <TaskInstance: yellow_taxi_data_v2.download_dataset_task scheduled__2020-03-02T06:00:00+00:00 [queued]>
[2022-09-17 06:06:24,413] {taskinstance.py:1238} INFO - 
--------------------------------------------------------------------------------
[2022-09-17 06:06:24,413] {taskinstance.py:1239} INFO - Starting attempt 1 of 2
[2022-09-17 06:06:24,413] {taskinstance.py:1240} INFO - 
--------------------------------------------------------------------------------
[2022-09-17 06:06:24,428] {taskinstance.py:1259} INFO - Executing <Task(BashOperator): download_dataset_task> on 2020-03-02 06:00:00+00:00
[2022-09-17 06:06:24,434] {standard_task_runner.py:52} INFO - Started process 5184 to run task
[2022-09-17 06:06:24,441] {standard_task_runner.py:76} INFO - Running: ['***', 'tasks', 'run', 'yellow_taxi_data_v2', 'download_dataset_task', 'scheduled__2020-03-02T06:00:00+00:00', '--job-id', '48', '--raw', '--subdir', 'DAGS_FOLDER/data_ingestion_gcs_dag.py', '--cfg-path', '/tmp/tmp6vs45gse', '--error-file', '/tmp/tmpl24mnaty']
[2022-09-17 06:06:24,442] {standard_task_runner.py:77} INFO - Job 48: Subtask download_dataset_task
[2022-09-17 06:06:24,518] {logging_mixin.py:109} INFO - Running <TaskInstance: yellow_taxi_data_v2.download_dataset_task scheduled__2020-03-02T06:00:00+00:00 [running]> on host 10d063af5ba7
[2022-09-17 06:06:24,581] {warnings.py:110} WARNING - /home/***/.local/lib/python3.7/site-packages/***/utils/context.py:152: AirflowContextDeprecationWarning: Accessing 'execution_date' from the template is deprecated and will be removed in a future version. Please use 'data_interval_start' or 'logical_date' instead.
  warnings.warn(_create_deprecation_warning(key, self._deprecation_replacements[key]))

[2022-09-17 06:06:24,610] {taskinstance.py:1426} INFO - Exporting the following env vars:
AIRFLOW_CTX_DAG_OWNER=***
AIRFLOW_CTX_DAG_ID=yellow_taxi_data_v2
AIRFLOW_CTX_TASK_ID=download_dataset_task
AIRFLOW_CTX_EXECUTION_DATE=2020-03-02T06:00:00+00:00
AIRFLOW_CTX_DAG_RUN_ID=scheduled__2020-03-02T06:00:00+00:00
[2022-09-17 06:06:24,611] {subprocess.py:62} INFO - Tmp dir root location: 
 /tmp
[2022-09-17 06:06:24,612] {subprocess.py:74} INFO - Running command: ['bash', '-c', 'curl -sSLf https://d37ci6vzurychx.cloudfront.net/trip-data/yellow_tripdata_2020-03.parquet > /opt/***/yellow_tripdata_2020-03.parquet']
[2022-09-17 06:06:24,627] {subprocess.py:85} INFO - Output:
[2022-09-17 06:06:28,936] {subprocess.py:93} INFO - Command exited with return code 0
[2022-09-17 06:06:28,977] {taskinstance.py:1277} INFO - Marking task as SUCCESS. dag_id=yellow_taxi_data_v2, task_id=download_dataset_task, execution_date=20200302T060000, start_date=20220917T060624, end_date=20220917T060628
[2022-09-17 06:06:29,042] {local_task_job.py:154} INFO - Task exited with return code 0
[2022-09-17 06:06:29,103] {local_task_job.py:264} INFO - 1 downstream tasks scheduled from follow-on schedule check
[2022-09-20 15:34:12,163] {taskinstance.py:1032} INFO - Dependencies all met for <TaskInstance: yellow_taxi_data_v2.download_dataset_task scheduled__2020-03-02T06:00:00+00:00 [queued]>
[2022-09-20 15:34:12,175] {taskinstance.py:1032} INFO - Dependencies all met for <TaskInstance: yellow_taxi_data_v2.download_dataset_task scheduled__2020-03-02T06:00:00+00:00 [queued]>
[2022-09-20 15:34:12,175] {taskinstance.py:1238} INFO - 
--------------------------------------------------------------------------------
[2022-09-20 15:34:12,175] {taskinstance.py:1239} INFO - Starting attempt 1 of 2
[2022-09-20 15:34:12,175] {taskinstance.py:1240} INFO - 
--------------------------------------------------------------------------------
[2022-09-20 15:34:12,189] {taskinstance.py:1259} INFO - Executing <Task(BashOperator): download_dataset_task> on 2020-03-02 06:00:00+00:00
[2022-09-20 15:34:12,196] {standard_task_runner.py:52} INFO - Started process 773 to run task
[2022-09-20 15:34:12,203] {standard_task_runner.py:76} INFO - Running: ['***', 'tasks', 'run', 'yellow_taxi_data_v2', 'download_dataset_task', 'scheduled__2020-03-02T06:00:00+00:00', '--job-id', '128', '--raw', '--subdir', 'DAGS_FOLDER/data_ingestion_gcs_dag.py', '--cfg-path', '/tmp/tmp5ervlnz_', '--error-file', '/tmp/tmpa32ovjbu']
[2022-09-20 15:34:12,204] {standard_task_runner.py:77} INFO - Job 128: Subtask download_dataset_task
[2022-09-20 15:34:12,285] {logging_mixin.py:109} INFO - Running <TaskInstance: yellow_taxi_data_v2.download_dataset_task scheduled__2020-03-02T06:00:00+00:00 [running]> on host 788dccad41b9
[2022-09-20 15:34:12,333] {warnings.py:110} WARNING - /home/***/.local/lib/python3.7/site-packages/***/utils/context.py:152: AirflowContextDeprecationWarning: Accessing 'execution_date' from the template is deprecated and will be removed in a future version. Please use 'data_interval_start' or 'logical_date' instead.
  warnings.warn(_create_deprecation_warning(key, self._deprecation_replacements[key]))

[2022-09-20 15:34:12,359] {taskinstance.py:1426} INFO - Exporting the following env vars:
AIRFLOW_CTX_DAG_OWNER=***
AIRFLOW_CTX_DAG_ID=yellow_taxi_data_v2
AIRFLOW_CTX_TASK_ID=download_dataset_task
AIRFLOW_CTX_EXECUTION_DATE=2020-03-02T06:00:00+00:00
AIRFLOW_CTX_DAG_RUN_ID=scheduled__2020-03-02T06:00:00+00:00
[2022-09-20 15:34:12,360] {subprocess.py:62} INFO - Tmp dir root location: 
 /tmp
[2022-09-20 15:34:12,361] {subprocess.py:74} INFO - Running command: ['bash', '-c', 'curl -sSLf https://d37ci6vzurychx.cloudfront.net/trip-data/yellow_tripdata_2020-03.parquet > /opt/***/yellow_tripdata_2020-03.parquet']
[2022-09-20 15:34:12,379] {subprocess.py:85} INFO - Output:
[2022-09-20 15:34:17,043] {subprocess.py:93} INFO - Command exited with return code 0
[2022-09-20 15:34:17,090] {taskinstance.py:1277} INFO - Marking task as SUCCESS. dag_id=yellow_taxi_data_v2, task_id=download_dataset_task, execution_date=20200302T060000, start_date=20220920T153412, end_date=20220920T153417
[2022-09-20 15:34:17,142] {local_task_job.py:154} INFO - Task exited with return code 0
[2022-09-20 15:34:17,208] {local_task_job.py:264} INFO - 1 downstream tasks scheduled from follow-on schedule check
[2022-09-21 01:35:07,889] {taskinstance.py:1032} INFO - Dependencies all met for <TaskInstance: yellow_taxi_data_v2.download_dataset_task scheduled__2020-03-02T06:00:00+00:00 [queued]>
[2022-09-21 01:35:07,909] {taskinstance.py:1032} INFO - Dependencies all met for <TaskInstance: yellow_taxi_data_v2.download_dataset_task scheduled__2020-03-02T06:00:00+00:00 [queued]>
[2022-09-21 01:35:07,910] {taskinstance.py:1238} INFO - 
--------------------------------------------------------------------------------
[2022-09-21 01:35:07,912] {taskinstance.py:1239} INFO - Starting attempt 1 of 2
[2022-09-21 01:35:07,914] {taskinstance.py:1240} INFO - 
--------------------------------------------------------------------------------
[2022-09-21 01:35:07,936] {taskinstance.py:1259} INFO - Executing <Task(BashOperator): download_dataset_task> on 2020-03-02 06:00:00+00:00
[2022-09-21 01:35:07,942] {standard_task_runner.py:52} INFO - Started process 27895 to run task
[2022-09-21 01:35:07,948] {standard_task_runner.py:76} INFO - Running: ['***', 'tasks', 'run', 'yellow_taxi_data_v2', 'download_dataset_task', 'scheduled__2020-03-02T06:00:00+00:00', '--job-id', '294', '--raw', '--subdir', 'DAGS_FOLDER/data_ingestion_gcs_dag.py', '--cfg-path', '/tmp/tmpazm63o89', '--error-file', '/tmp/tmpccss1hmo']
[2022-09-21 01:35:07,949] {standard_task_runner.py:77} INFO - Job 294: Subtask download_dataset_task
[2022-09-21 01:35:08,023] {logging_mixin.py:109} INFO - Running <TaskInstance: yellow_taxi_data_v2.download_dataset_task scheduled__2020-03-02T06:00:00+00:00 [running]> on host 788dccad41b9
[2022-09-21 01:35:08,085] {warnings.py:110} WARNING - /home/***/.local/lib/python3.7/site-packages/***/utils/context.py:152: AirflowContextDeprecationWarning: Accessing 'execution_date' from the template is deprecated and will be removed in a future version. Please use 'data_interval_start' or 'logical_date' instead.
  warnings.warn(_create_deprecation_warning(key, self._deprecation_replacements[key]))

[2022-09-21 01:35:08,119] {taskinstance.py:1426} INFO - Exporting the following env vars:
AIRFLOW_CTX_DAG_OWNER=***
AIRFLOW_CTX_DAG_ID=yellow_taxi_data_v2
AIRFLOW_CTX_TASK_ID=download_dataset_task
AIRFLOW_CTX_EXECUTION_DATE=2020-03-02T06:00:00+00:00
AIRFLOW_CTX_DAG_RUN_ID=scheduled__2020-03-02T06:00:00+00:00
[2022-09-21 01:35:08,120] {subprocess.py:62} INFO - Tmp dir root location: 
 /tmp
[2022-09-21 01:35:08,121] {subprocess.py:74} INFO - Running command: ['bash', '-c', 'curl -sSLf https://d37ci6vzurychx.cloudfront.net/trip-data/yellow_tripdata_2020-03.parquet > /opt/***/yellow_tripdata_2020-03.parquet']
[2022-09-21 01:35:08,137] {subprocess.py:85} INFO - Output:
[2022-09-21 01:35:12,525] {subprocess.py:93} INFO - Command exited with return code 0
[2022-09-21 01:35:12,567] {taskinstance.py:1277} INFO - Marking task as SUCCESS. dag_id=yellow_taxi_data_v2, task_id=download_dataset_task, execution_date=20200302T060000, start_date=20220921T013507, end_date=20220921T013512
[2022-09-21 01:35:12,622] {local_task_job.py:154} INFO - Task exited with return code 0
[2022-09-21 01:35:12,690] {local_task_job.py:264} INFO - 1 downstream tasks scheduled from follow-on schedule check
