[2022-09-17 07:14:45,291] {taskinstance.py:1032} INFO - Dependencies all met for <TaskInstance: green_taxi_data_v2.download_dataset_task scheduled__2020-04-02T06:00:00+00:00 [queued]>
[2022-09-17 07:14:45,302] {taskinstance.py:1032} INFO - Dependencies all met for <TaskInstance: green_taxi_data_v2.download_dataset_task scheduled__2020-04-02T06:00:00+00:00 [queued]>
[2022-09-17 07:14:45,303] {taskinstance.py:1238} INFO - 
--------------------------------------------------------------------------------
[2022-09-17 07:14:45,303] {taskinstance.py:1239} INFO - Starting attempt 1 of 2
[2022-09-17 07:14:45,303] {taskinstance.py:1240} INFO - 
--------------------------------------------------------------------------------
[2022-09-17 07:14:45,314] {taskinstance.py:1259} INFO - Executing <Task(BashOperator): download_dataset_task> on 2020-04-02 06:00:00+00:00
[2022-09-17 07:14:45,321] {standard_task_runner.py:52} INFO - Started process 510 to run task
[2022-09-17 07:14:45,327] {standard_task_runner.py:76} INFO - Running: ['***', 'tasks', 'run', 'green_taxi_data_v2', 'download_dataset_task', 'scheduled__2020-04-02T06:00:00+00:00', '--job-id', '163', '--raw', '--subdir', 'DAGS_FOLDER/data_ingestion_gcs_dag.py', '--cfg-path', '/tmp/tmpv_rycu1s', '--error-file', '/tmp/tmpdyhckla6']
[2022-09-17 07:14:45,329] {standard_task_runner.py:77} INFO - Job 163: Subtask download_dataset_task
[2022-09-17 07:14:45,400] {logging_mixin.py:109} INFO - Running <TaskInstance: green_taxi_data_v2.download_dataset_task scheduled__2020-04-02T06:00:00+00:00 [running]> on host ea53df3427ed
[2022-09-17 07:14:45,454] {warnings.py:110} WARNING - /home/***/.local/lib/python3.7/site-packages/***/utils/context.py:152: AirflowContextDeprecationWarning: Accessing 'execution_date' from the template is deprecated and will be removed in a future version. Please use 'data_interval_start' or 'logical_date' instead.
  warnings.warn(_create_deprecation_warning(key, self._deprecation_replacements[key]))

[2022-09-17 07:14:45,480] {taskinstance.py:1426} INFO - Exporting the following env vars:
AIRFLOW_CTX_DAG_OWNER=***
AIRFLOW_CTX_DAG_ID=green_taxi_data_v2
AIRFLOW_CTX_TASK_ID=download_dataset_task
AIRFLOW_CTX_EXECUTION_DATE=2020-04-02T06:00:00+00:00
AIRFLOW_CTX_DAG_RUN_ID=scheduled__2020-04-02T06:00:00+00:00
[2022-09-17 07:14:45,481] {subprocess.py:62} INFO - Tmp dir root location: 
 /tmp
[2022-09-17 07:14:45,482] {subprocess.py:74} INFO - Running command: ['bash', '-c', 'curl -sSLf https://d37ci6vzurychx.cloudfront.net/trip-data/green_tripdata_2020-04.parquet > /opt/***/green_tripdata_2020-04.parquet']
[2022-09-17 07:14:45,495] {subprocess.py:85} INFO - Output:
[2022-09-17 07:14:47,362] {subprocess.py:93} INFO - Command exited with return code 0
[2022-09-17 07:14:47,392] {taskinstance.py:1277} INFO - Marking task as SUCCESS. dag_id=green_taxi_data_v2, task_id=download_dataset_task, execution_date=20200402T060000, start_date=20220917T071445, end_date=20220917T071447
[2022-09-17 07:14:47,428] {local_task_job.py:154} INFO - Task exited with return code 0
[2022-09-17 07:14:47,473] {local_task_job.py:264} INFO - 1 downstream tasks scheduled from follow-on schedule check
[2022-09-20 15:34:26,443] {taskinstance.py:1032} INFO - Dependencies all met for <TaskInstance: green_taxi_data_v2.download_dataset_task scheduled__2020-04-02T06:00:00+00:00 [queued]>
[2022-09-20 15:34:26,460] {taskinstance.py:1032} INFO - Dependencies all met for <TaskInstance: green_taxi_data_v2.download_dataset_task scheduled__2020-04-02T06:00:00+00:00 [queued]>
[2022-09-20 15:34:26,460] {taskinstance.py:1238} INFO - 
--------------------------------------------------------------------------------
[2022-09-20 15:34:26,460] {taskinstance.py:1239} INFO - Starting attempt 1 of 2
[2022-09-20 15:34:26,460] {taskinstance.py:1240} INFO - 
--------------------------------------------------------------------------------
[2022-09-20 15:34:26,479] {taskinstance.py:1259} INFO - Executing <Task(BashOperator): download_dataset_task> on 2020-04-02 06:00:00+00:00
[2022-09-20 15:34:26,487] {standard_task_runner.py:52} INFO - Started process 813 to run task
[2022-09-20 15:34:26,498] {standard_task_runner.py:76} INFO - Running: ['***', 'tasks', 'run', 'green_taxi_data_v2', 'download_dataset_task', 'scheduled__2020-04-02T06:00:00+00:00', '--job-id', '134', '--raw', '--subdir', 'DAGS_FOLDER/data_ingestion_gcs_dag.py', '--cfg-path', '/tmp/tmp_mx2_t41', '--error-file', '/tmp/tmp7lfyykbt']
[2022-09-20 15:34:26,500] {standard_task_runner.py:77} INFO - Job 134: Subtask download_dataset_task
[2022-09-20 15:34:26,611] {logging_mixin.py:109} INFO - Running <TaskInstance: green_taxi_data_v2.download_dataset_task scheduled__2020-04-02T06:00:00+00:00 [running]> on host 788dccad41b9
[2022-09-20 15:34:26,702] {warnings.py:110} WARNING - /home/***/.local/lib/python3.7/site-packages/***/utils/context.py:152: AirflowContextDeprecationWarning: Accessing 'execution_date' from the template is deprecated and will be removed in a future version. Please use 'data_interval_start' or 'logical_date' instead.
  warnings.warn(_create_deprecation_warning(key, self._deprecation_replacements[key]))

[2022-09-20 15:34:26,778] {taskinstance.py:1426} INFO - Exporting the following env vars:
AIRFLOW_CTX_DAG_OWNER=***
AIRFLOW_CTX_DAG_ID=green_taxi_data_v2
AIRFLOW_CTX_TASK_ID=download_dataset_task
AIRFLOW_CTX_EXECUTION_DATE=2020-04-02T06:00:00+00:00
AIRFLOW_CTX_DAG_RUN_ID=scheduled__2020-04-02T06:00:00+00:00
[2022-09-20 15:34:26,779] {subprocess.py:62} INFO - Tmp dir root location: 
 /tmp
[2022-09-20 15:34:26,780] {subprocess.py:74} INFO - Running command: ['bash', '-c', 'curl -sSLf https://d37ci6vzurychx.cloudfront.net/trip-data/green_tripdata_2020-04.parquet > /opt/***/green_tripdata_2020-04.parquet']
[2022-09-20 15:34:26,829] {subprocess.py:85} INFO - Output:
[2022-09-20 15:34:28,309] {subprocess.py:93} INFO - Command exited with return code 0
[2022-09-20 15:34:28,343] {taskinstance.py:1277} INFO - Marking task as SUCCESS. dag_id=green_taxi_data_v2, task_id=download_dataset_task, execution_date=20200402T060000, start_date=20220920T153426, end_date=20220920T153428
[2022-09-20 15:34:28,368] {local_task_job.py:154} INFO - Task exited with return code 0
[2022-09-20 15:34:28,420] {local_task_job.py:264} INFO - 1 downstream tasks scheduled from follow-on schedule check
[2022-09-21 01:36:11,389] {taskinstance.py:1032} INFO - Dependencies all met for <TaskInstance: green_taxi_data_v2.download_dataset_task scheduled__2020-04-02T06:00:00+00:00 [queued]>
[2022-09-21 01:36:11,423] {taskinstance.py:1032} INFO - Dependencies all met for <TaskInstance: green_taxi_data_v2.download_dataset_task scheduled__2020-04-02T06:00:00+00:00 [queued]>
[2022-09-21 01:36:11,423] {taskinstance.py:1238} INFO - 
--------------------------------------------------------------------------------
[2022-09-21 01:36:11,423] {taskinstance.py:1239} INFO - Starting attempt 1 of 2
[2022-09-21 01:36:11,423] {taskinstance.py:1240} INFO - 
--------------------------------------------------------------------------------
[2022-09-21 01:36:11,446] {taskinstance.py:1259} INFO - Executing <Task(BashOperator): download_dataset_task> on 2020-04-02 06:00:00+00:00
[2022-09-21 01:36:11,454] {standard_task_runner.py:52} INFO - Started process 28097 to run task
[2022-09-21 01:36:11,460] {standard_task_runner.py:76} INFO - Running: ['***', 'tasks', 'run', 'green_taxi_data_v2', 'download_dataset_task', 'scheduled__2020-04-02T06:00:00+00:00', '--job-id', '331', '--raw', '--subdir', 'DAGS_FOLDER/data_ingestion_gcs_dag.py', '--cfg-path', '/tmp/tmpixazju13', '--error-file', '/tmp/tmp6vpns8hd']
[2022-09-21 01:36:11,461] {standard_task_runner.py:77} INFO - Job 331: Subtask download_dataset_task
[2022-09-21 01:36:11,546] {logging_mixin.py:109} INFO - Running <TaskInstance: green_taxi_data_v2.download_dataset_task scheduled__2020-04-02T06:00:00+00:00 [running]> on host 788dccad41b9
[2022-09-21 01:36:11,607] {warnings.py:110} WARNING - /home/***/.local/lib/python3.7/site-packages/***/utils/context.py:152: AirflowContextDeprecationWarning: Accessing 'execution_date' from the template is deprecated and will be removed in a future version. Please use 'data_interval_start' or 'logical_date' instead.
  warnings.warn(_create_deprecation_warning(key, self._deprecation_replacements[key]))

[2022-09-21 01:36:11,634] {taskinstance.py:1426} INFO - Exporting the following env vars:
AIRFLOW_CTX_DAG_OWNER=***
AIRFLOW_CTX_DAG_ID=green_taxi_data_v2
AIRFLOW_CTX_TASK_ID=download_dataset_task
AIRFLOW_CTX_EXECUTION_DATE=2020-04-02T06:00:00+00:00
AIRFLOW_CTX_DAG_RUN_ID=scheduled__2020-04-02T06:00:00+00:00
[2022-09-21 01:36:11,636] {subprocess.py:62} INFO - Tmp dir root location: 
 /tmp
[2022-09-21 01:36:11,637] {subprocess.py:74} INFO - Running command: ['bash', '-c', 'curl -sSLf https://d37ci6vzurychx.cloudfront.net/trip-data/green_tripdata_2020-04.parquet > /opt/***/green_tripdata_2020-04.parquet']
[2022-09-21 01:36:11,657] {subprocess.py:85} INFO - Output:
[2022-09-21 01:36:13,164] {subprocess.py:93} INFO - Command exited with return code 0
[2022-09-21 01:36:13,207] {taskinstance.py:1277} INFO - Marking task as SUCCESS. dag_id=green_taxi_data_v2, task_id=download_dataset_task, execution_date=20200402T060000, start_date=20220921T013611, end_date=20220921T013613
[2022-09-21 01:36:13,285] {local_task_job.py:154} INFO - Task exited with return code 0
[2022-09-21 01:36:13,372] {local_task_job.py:264} INFO - 1 downstream tasks scheduled from follow-on schedule check
