[2022-09-17 06:06:16,142] {taskinstance.py:1032} INFO - Dependencies all met for <TaskInstance: yellow_taxi_data_v2.local_to_gcs_task scheduled__2020-01-02T06:00:00+00:00 [queued]>
[2022-09-17 06:06:16,154] {taskinstance.py:1032} INFO - Dependencies all met for <TaskInstance: yellow_taxi_data_v2.local_to_gcs_task scheduled__2020-01-02T06:00:00+00:00 [queued]>
[2022-09-17 06:06:16,154] {taskinstance.py:1238} INFO - 
--------------------------------------------------------------------------------
[2022-09-17 06:06:16,154] {taskinstance.py:1239} INFO - Starting attempt 1 of 2
[2022-09-17 06:06:16,154] {taskinstance.py:1240} INFO - 
--------------------------------------------------------------------------------
[2022-09-17 06:06:16,168] {taskinstance.py:1259} INFO - Executing <Task(PythonOperator): local_to_gcs_task> on 2020-01-02 06:00:00+00:00
[2022-09-17 06:06:16,175] {standard_task_runner.py:52} INFO - Started process 5171 to run task
[2022-09-17 06:06:16,181] {standard_task_runner.py:76} INFO - Running: ['***', 'tasks', 'run', 'yellow_taxi_data_v2', 'local_to_gcs_task', 'scheduled__2020-01-02T06:00:00+00:00', '--job-id', '45', '--raw', '--subdir', 'DAGS_FOLDER/data_ingestion_gcs_dag.py', '--cfg-path', '/tmp/tmpqauj8_7n', '--error-file', '/tmp/tmplp0ln56p']
[2022-09-17 06:06:16,182] {standard_task_runner.py:77} INFO - Job 45: Subtask local_to_gcs_task
[2022-09-17 06:06:16,264] {logging_mixin.py:109} INFO - Running <TaskInstance: yellow_taxi_data_v2.local_to_gcs_task scheduled__2020-01-02T06:00:00+00:00 [running]> on host 10d063af5ba7
[2022-09-17 06:06:16,313] {warnings.py:110} WARNING - /home/***/.local/lib/python3.7/site-packages/***/utils/context.py:152: AirflowContextDeprecationWarning: Accessing 'execution_date' from the template is deprecated and will be removed in a future version. Please use 'data_interval_start' or 'logical_date' instead.
  warnings.warn(_create_deprecation_warning(key, self._deprecation_replacements[key]))

[2022-09-17 06:06:16,338] {taskinstance.py:1426} INFO - Exporting the following env vars:
AIRFLOW_CTX_DAG_OWNER=***
AIRFLOW_CTX_DAG_ID=yellow_taxi_data_v2
AIRFLOW_CTX_TASK_ID=local_to_gcs_task
AIRFLOW_CTX_EXECUTION_DATE=2020-01-02T06:00:00+00:00
AIRFLOW_CTX_DAG_RUN_ID=scheduled__2020-01-02T06:00:00+00:00
[2022-09-17 06:06:19,233] {python.py:175} INFO - Done. Returned value was: None
[2022-09-17 06:06:19,249] {taskinstance.py:1277} INFO - Marking task as SUCCESS. dag_id=yellow_taxi_data_v2, task_id=local_to_gcs_task, execution_date=20200102T060000, start_date=20220917T060616, end_date=20220917T060619
[2022-09-17 06:06:19,290] {local_task_job.py:154} INFO - Task exited with return code 0
[2022-09-17 06:06:19,331] {local_task_job.py:264} INFO - 1 downstream tasks scheduled from follow-on schedule check
[2022-09-20 15:34:05,274] {taskinstance.py:1032} INFO - Dependencies all met for <TaskInstance: yellow_taxi_data_v2.local_to_gcs_task scheduled__2020-01-02T06:00:00+00:00 [queued]>
[2022-09-20 15:34:05,288] {taskinstance.py:1032} INFO - Dependencies all met for <TaskInstance: yellow_taxi_data_v2.local_to_gcs_task scheduled__2020-01-02T06:00:00+00:00 [queued]>
[2022-09-20 15:34:05,288] {taskinstance.py:1238} INFO - 
--------------------------------------------------------------------------------
[2022-09-20 15:34:05,288] {taskinstance.py:1239} INFO - Starting attempt 1 of 2
[2022-09-20 15:34:05,288] {taskinstance.py:1240} INFO - 
--------------------------------------------------------------------------------
[2022-09-20 15:34:05,301] {taskinstance.py:1259} INFO - Executing <Task(PythonOperator): local_to_gcs_task> on 2020-01-02 06:00:00+00:00
[2022-09-20 15:34:05,309] {standard_task_runner.py:52} INFO - Started process 759 to run task
[2022-09-20 15:34:05,315] {standard_task_runner.py:76} INFO - Running: ['***', 'tasks', 'run', 'yellow_taxi_data_v2', 'local_to_gcs_task', 'scheduled__2020-01-02T06:00:00+00:00', '--job-id', '124', '--raw', '--subdir', 'DAGS_FOLDER/data_ingestion_gcs_dag.py', '--cfg-path', '/tmp/tmp9mt02_sq', '--error-file', '/tmp/tmp_e38mf6t']
[2022-09-20 15:34:05,317] {standard_task_runner.py:77} INFO - Job 124: Subtask local_to_gcs_task
[2022-09-20 15:34:05,400] {logging_mixin.py:109} INFO - Running <TaskInstance: yellow_taxi_data_v2.local_to_gcs_task scheduled__2020-01-02T06:00:00+00:00 [running]> on host 788dccad41b9
[2022-09-20 15:34:05,456] {warnings.py:110} WARNING - /home/***/.local/lib/python3.7/site-packages/***/utils/context.py:152: AirflowContextDeprecationWarning: Accessing 'execution_date' from the template is deprecated and will be removed in a future version. Please use 'data_interval_start' or 'logical_date' instead.
  warnings.warn(_create_deprecation_warning(key, self._deprecation_replacements[key]))

[2022-09-20 15:34:05,481] {taskinstance.py:1426} INFO - Exporting the following env vars:
AIRFLOW_CTX_DAG_OWNER=***
AIRFLOW_CTX_DAG_ID=yellow_taxi_data_v2
AIRFLOW_CTX_TASK_ID=local_to_gcs_task
AIRFLOW_CTX_EXECUTION_DATE=2020-01-02T06:00:00+00:00
AIRFLOW_CTX_DAG_RUN_ID=scheduled__2020-01-02T06:00:00+00:00
[2022-09-20 15:34:06,413] {python.py:175} INFO - Done. Returned value was: None
[2022-09-20 15:34:06,426] {taskinstance.py:1277} INFO - Marking task as SUCCESS. dag_id=yellow_taxi_data_v2, task_id=local_to_gcs_task, execution_date=20200102T060000, start_date=20220920T153405, end_date=20220920T153406
[2022-09-20 15:34:06,454] {local_task_job.py:154} INFO - Task exited with return code 0
[2022-09-20 15:34:06,502] {local_task_job.py:264} INFO - 1 downstream tasks scheduled from follow-on schedule check
[2022-09-21 01:34:47,452] {taskinstance.py:1032} INFO - Dependencies all met for <TaskInstance: yellow_taxi_data_v2.local_to_gcs_task scheduled__2020-01-02T06:00:00+00:00 [queued]>
[2022-09-21 01:34:47,467] {taskinstance.py:1032} INFO - Dependencies all met for <TaskInstance: yellow_taxi_data_v2.local_to_gcs_task scheduled__2020-01-02T06:00:00+00:00 [queued]>
[2022-09-21 01:34:47,467] {taskinstance.py:1238} INFO - 
--------------------------------------------------------------------------------
[2022-09-21 01:34:47,468] {taskinstance.py:1239} INFO - Starting attempt 1 of 2
[2022-09-21 01:34:47,468] {taskinstance.py:1240} INFO - 
--------------------------------------------------------------------------------
[2022-09-21 01:34:47,482] {taskinstance.py:1259} INFO - Executing <Task(PythonOperator): local_to_gcs_task> on 2020-01-02 06:00:00+00:00
[2022-09-21 01:34:47,489] {standard_task_runner.py:52} INFO - Started process 27847 to run task
[2022-09-21 01:34:47,496] {standard_task_runner.py:76} INFO - Running: ['***', 'tasks', 'run', 'yellow_taxi_data_v2', 'local_to_gcs_task', 'scheduled__2020-01-02T06:00:00+00:00', '--job-id', '288', '--raw', '--subdir', 'DAGS_FOLDER/data_ingestion_gcs_dag.py', '--cfg-path', '/tmp/tmp87336jwc', '--error-file', '/tmp/tmpu9i78t7s']
[2022-09-21 01:34:47,497] {standard_task_runner.py:77} INFO - Job 288: Subtask local_to_gcs_task
[2022-09-21 01:34:47,578] {logging_mixin.py:109} INFO - Running <TaskInstance: yellow_taxi_data_v2.local_to_gcs_task scheduled__2020-01-02T06:00:00+00:00 [running]> on host 788dccad41b9
[2022-09-21 01:34:47,638] {warnings.py:110} WARNING - /home/***/.local/lib/python3.7/site-packages/***/utils/context.py:152: AirflowContextDeprecationWarning: Accessing 'execution_date' from the template is deprecated and will be removed in a future version. Please use 'data_interval_start' or 'logical_date' instead.
  warnings.warn(_create_deprecation_warning(key, self._deprecation_replacements[key]))

[2022-09-21 01:34:47,661] {taskinstance.py:1426} INFO - Exporting the following env vars:
AIRFLOW_CTX_DAG_OWNER=***
AIRFLOW_CTX_DAG_ID=yellow_taxi_data_v2
AIRFLOW_CTX_TASK_ID=local_to_gcs_task
AIRFLOW_CTX_EXECUTION_DATE=2020-01-02T06:00:00+00:00
AIRFLOW_CTX_DAG_RUN_ID=scheduled__2020-01-02T06:00:00+00:00
[2022-09-21 01:34:48,561] {python.py:175} INFO - Done. Returned value was: None
[2022-09-21 01:34:48,575] {taskinstance.py:1277} INFO - Marking task as SUCCESS. dag_id=yellow_taxi_data_v2, task_id=local_to_gcs_task, execution_date=20200102T060000, start_date=20220921T013447, end_date=20220921T013448
[2022-09-21 01:34:48,634] {local_task_job.py:154} INFO - Task exited with return code 0
[2022-09-21 01:34:48,791] {local_task_job.py:264} INFO - 0 downstream tasks scheduled from follow-on schedule check
