[2022-09-17 07:15:17,737] {taskinstance.py:1032} INFO - Dependencies all met for <TaskInstance: green_taxi_data_v2.local_to_gcs_task scheduled__2020-08-02T06:00:00+00:00 [queued]>
[2022-09-17 07:15:17,754] {taskinstance.py:1032} INFO - Dependencies all met for <TaskInstance: green_taxi_data_v2.local_to_gcs_task scheduled__2020-08-02T06:00:00+00:00 [queued]>
[2022-09-17 07:15:17,754] {taskinstance.py:1238} INFO - 
--------------------------------------------------------------------------------
[2022-09-17 07:15:17,754] {taskinstance.py:1239} INFO - Starting attempt 1 of 2
[2022-09-17 07:15:17,754] {taskinstance.py:1240} INFO - 
--------------------------------------------------------------------------------
[2022-09-17 07:15:17,771] {taskinstance.py:1259} INFO - Executing <Task(PythonOperator): local_to_gcs_task> on 2020-08-02 06:00:00+00:00
[2022-09-17 07:15:17,780] {standard_task_runner.py:52} INFO - Started process 595 to run task
[2022-09-17 07:15:17,788] {standard_task_runner.py:76} INFO - Running: ['***', 'tasks', 'run', 'green_taxi_data_v2', 'local_to_gcs_task', 'scheduled__2020-08-02T06:00:00+00:00', '--job-id', '178', '--raw', '--subdir', 'DAGS_FOLDER/data_ingestion_gcs_dag.py', '--cfg-path', '/tmp/tmpr9zkq5zn', '--error-file', '/tmp/tmp31ijzx9v']
[2022-09-17 07:15:17,789] {standard_task_runner.py:77} INFO - Job 178: Subtask local_to_gcs_task
[2022-09-17 07:15:17,881] {logging_mixin.py:109} INFO - Running <TaskInstance: green_taxi_data_v2.local_to_gcs_task scheduled__2020-08-02T06:00:00+00:00 [running]> on host ea53df3427ed
[2022-09-17 07:15:17,951] {warnings.py:110} WARNING - /home/***/.local/lib/python3.7/site-packages/***/utils/context.py:152: AirflowContextDeprecationWarning: Accessing 'execution_date' from the template is deprecated and will be removed in a future version. Please use 'data_interval_start' or 'logical_date' instead.
  warnings.warn(_create_deprecation_warning(key, self._deprecation_replacements[key]))

[2022-09-17 07:15:17,989] {taskinstance.py:1426} INFO - Exporting the following env vars:
AIRFLOW_CTX_DAG_OWNER=***
AIRFLOW_CTX_DAG_ID=green_taxi_data_v2
AIRFLOW_CTX_TASK_ID=local_to_gcs_task
AIRFLOW_CTX_EXECUTION_DATE=2020-08-02T06:00:00+00:00
AIRFLOW_CTX_DAG_RUN_ID=scheduled__2020-08-02T06:00:00+00:00
[2022-09-17 07:15:19,045] {python.py:175} INFO - Done. Returned value was: None
[2022-09-17 07:15:19,058] {taskinstance.py:1277} INFO - Marking task as SUCCESS. dag_id=green_taxi_data_v2, task_id=local_to_gcs_task, execution_date=20200802T060000, start_date=20220917T071517, end_date=20220917T071519
[2022-09-17 07:15:19,089] {local_task_job.py:154} INFO - Task exited with return code 0
[2022-09-17 07:15:19,131] {local_task_job.py:264} INFO - 1 downstream tasks scheduled from follow-on schedule check
[2022-09-20 15:35:13,719] {taskinstance.py:1032} INFO - Dependencies all met for <TaskInstance: green_taxi_data_v2.local_to_gcs_task scheduled__2020-08-02T06:00:00+00:00 [queued]>
[2022-09-20 15:35:13,742] {taskinstance.py:1032} INFO - Dependencies all met for <TaskInstance: green_taxi_data_v2.local_to_gcs_task scheduled__2020-08-02T06:00:00+00:00 [queued]>
[2022-09-20 15:35:13,742] {taskinstance.py:1238} INFO - 
--------------------------------------------------------------------------------
[2022-09-20 15:35:13,743] {taskinstance.py:1239} INFO - Starting attempt 1 of 2
[2022-09-20 15:35:13,743] {taskinstance.py:1240} INFO - 
--------------------------------------------------------------------------------
[2022-09-20 15:35:13,766] {taskinstance.py:1259} INFO - Executing <Task(PythonOperator): local_to_gcs_task> on 2020-08-02 06:00:00+00:00
[2022-09-20 15:35:13,776] {standard_task_runner.py:52} INFO - Started process 979 to run task
[2022-09-20 15:35:13,791] {standard_task_runner.py:76} INFO - Running: ['***', 'tasks', 'run', 'green_taxi_data_v2', 'local_to_gcs_task', 'scheduled__2020-08-02T06:00:00+00:00', '--job-id', '163', '--raw', '--subdir', 'DAGS_FOLDER/data_ingestion_gcs_dag.py', '--cfg-path', '/tmp/tmprgd_5jhx', '--error-file', '/tmp/tmpm6yoenq0']
[2022-09-20 15:35:13,792] {standard_task_runner.py:77} INFO - Job 163: Subtask local_to_gcs_task
[2022-09-20 15:35:13,896] {logging_mixin.py:109} INFO - Running <TaskInstance: green_taxi_data_v2.local_to_gcs_task scheduled__2020-08-02T06:00:00+00:00 [running]> on host 788dccad41b9
[2022-09-20 15:35:13,976] {warnings.py:110} WARNING - /home/***/.local/lib/python3.7/site-packages/***/utils/context.py:152: AirflowContextDeprecationWarning: Accessing 'execution_date' from the template is deprecated and will be removed in a future version. Please use 'data_interval_start' or 'logical_date' instead.
  warnings.warn(_create_deprecation_warning(key, self._deprecation_replacements[key]))

[2022-09-20 15:35:14,013] {taskinstance.py:1426} INFO - Exporting the following env vars:
AIRFLOW_CTX_DAG_OWNER=***
AIRFLOW_CTX_DAG_ID=green_taxi_data_v2
AIRFLOW_CTX_TASK_ID=local_to_gcs_task
AIRFLOW_CTX_EXECUTION_DATE=2020-08-02T06:00:00+00:00
AIRFLOW_CTX_DAG_RUN_ID=scheduled__2020-08-02T06:00:00+00:00
[2022-09-20 15:35:14,280] {python.py:175} INFO - Done. Returned value was: None
[2022-09-20 15:35:14,303] {taskinstance.py:1277} INFO - Marking task as SUCCESS. dag_id=green_taxi_data_v2, task_id=local_to_gcs_task, execution_date=20200802T060000, start_date=20220920T153513, end_date=20220920T153514
[2022-09-20 15:35:14,358] {local_task_job.py:154} INFO - Task exited with return code 0
[2022-09-20 15:35:14,417] {local_task_job.py:264} INFO - 1 downstream tasks scheduled from follow-on schedule check
[2022-09-21 01:36:43,220] {taskinstance.py:1032} INFO - Dependencies all met for <TaskInstance: green_taxi_data_v2.local_to_gcs_task scheduled__2020-08-02T06:00:00+00:00 [queued]>
[2022-09-21 01:36:43,234] {taskinstance.py:1032} INFO - Dependencies all met for <TaskInstance: green_taxi_data_v2.local_to_gcs_task scheduled__2020-08-02T06:00:00+00:00 [queued]>
[2022-09-21 01:36:43,234] {taskinstance.py:1238} INFO - 
--------------------------------------------------------------------------------
[2022-09-21 01:36:43,234] {taskinstance.py:1239} INFO - Starting attempt 1 of 2
[2022-09-21 01:36:43,234] {taskinstance.py:1240} INFO - 
--------------------------------------------------------------------------------
[2022-09-21 01:36:43,250] {taskinstance.py:1259} INFO - Executing <Task(PythonOperator): local_to_gcs_task> on 2020-08-02 06:00:00+00:00
[2022-09-21 01:36:43,257] {standard_task_runner.py:52} INFO - Started process 28201 to run task
[2022-09-21 01:36:43,263] {standard_task_runner.py:76} INFO - Running: ['***', 'tasks', 'run', 'green_taxi_data_v2', 'local_to_gcs_task', 'scheduled__2020-08-02T06:00:00+00:00', '--job-id', '348', '--raw', '--subdir', 'DAGS_FOLDER/data_ingestion_gcs_dag.py', '--cfg-path', '/tmp/tmp3hv53l6u', '--error-file', '/tmp/tmp5e48xx1m']
[2022-09-21 01:36:43,264] {standard_task_runner.py:77} INFO - Job 348: Subtask local_to_gcs_task
[2022-09-21 01:36:43,343] {logging_mixin.py:109} INFO - Running <TaskInstance: green_taxi_data_v2.local_to_gcs_task scheduled__2020-08-02T06:00:00+00:00 [running]> on host 788dccad41b9
[2022-09-21 01:36:43,414] {warnings.py:110} WARNING - /home/***/.local/lib/python3.7/site-packages/***/utils/context.py:152: AirflowContextDeprecationWarning: Accessing 'execution_date' from the template is deprecated and will be removed in a future version. Please use 'data_interval_start' or 'logical_date' instead.
  warnings.warn(_create_deprecation_warning(key, self._deprecation_replacements[key]))

[2022-09-21 01:36:43,446] {taskinstance.py:1426} INFO - Exporting the following env vars:
AIRFLOW_CTX_DAG_OWNER=***
AIRFLOW_CTX_DAG_ID=green_taxi_data_v2
AIRFLOW_CTX_TASK_ID=local_to_gcs_task
AIRFLOW_CTX_EXECUTION_DATE=2020-08-02T06:00:00+00:00
AIRFLOW_CTX_DAG_RUN_ID=scheduled__2020-08-02T06:00:00+00:00
[2022-09-21 01:36:43,714] {python.py:175} INFO - Done. Returned value was: None
[2022-09-21 01:36:43,738] {taskinstance.py:1277} INFO - Marking task as SUCCESS. dag_id=green_taxi_data_v2, task_id=local_to_gcs_task, execution_date=20200802T060000, start_date=20220921T013643, end_date=20220921T013643
[2022-09-21 01:36:43,807] {local_task_job.py:154} INFO - Task exited with return code 0
[2022-09-21 01:36:44,007] {local_task_job.py:264} INFO - 0 downstream tasks scheduled from follow-on schedule check
