[2022-09-17 06:05:26,418] {taskinstance.py:1032} INFO - Dependencies all met for <TaskInstance: yellow_taxi_data_v2.download_dataset_task scheduled__2019-10-02T06:00:00+00:00 [queued]>
[2022-09-17 06:05:26,435] {taskinstance.py:1032} INFO - Dependencies all met for <TaskInstance: yellow_taxi_data_v2.download_dataset_task scheduled__2019-10-02T06:00:00+00:00 [queued]>
[2022-09-17 06:05:26,435] {taskinstance.py:1238} INFO - 
--------------------------------------------------------------------------------
[2022-09-17 06:05:26,435] {taskinstance.py:1239} INFO - Starting attempt 1 of 2
[2022-09-17 06:05:26,435] {taskinstance.py:1240} INFO - 
--------------------------------------------------------------------------------
[2022-09-17 06:05:26,448] {taskinstance.py:1259} INFO - Executing <Task(BashOperator): download_dataset_task> on 2019-10-02 06:00:00+00:00
[2022-09-17 06:05:26,454] {standard_task_runner.py:52} INFO - Started process 5071 to run task
[2022-09-17 06:05:26,460] {standard_task_runner.py:76} INFO - Running: ['***', 'tasks', 'run', 'yellow_taxi_data_v2', 'download_dataset_task', 'scheduled__2019-10-02T06:00:00+00:00', '--job-id', '31', '--raw', '--subdir', 'DAGS_FOLDER/data_ingestion_gcs_dag.py', '--cfg-path', '/tmp/tmp7d_pa1k5', '--error-file', '/tmp/tmplrziq5zf']
[2022-09-17 06:05:26,461] {standard_task_runner.py:77} INFO - Job 31: Subtask download_dataset_task
[2022-09-17 06:05:26,543] {logging_mixin.py:109} INFO - Running <TaskInstance: yellow_taxi_data_v2.download_dataset_task scheduled__2019-10-02T06:00:00+00:00 [running]> on host 10d063af5ba7
[2022-09-17 06:05:26,604] {warnings.py:110} WARNING - /home/***/.local/lib/python3.7/site-packages/***/utils/context.py:152: AirflowContextDeprecationWarning: Accessing 'execution_date' from the template is deprecated and will be removed in a future version. Please use 'data_interval_start' or 'logical_date' instead.
  warnings.warn(_create_deprecation_warning(key, self._deprecation_replacements[key]))

[2022-09-17 06:05:26,632] {taskinstance.py:1426} INFO - Exporting the following env vars:
AIRFLOW_CTX_DAG_OWNER=***
AIRFLOW_CTX_DAG_ID=yellow_taxi_data_v2
AIRFLOW_CTX_TASK_ID=download_dataset_task
AIRFLOW_CTX_EXECUTION_DATE=2019-10-02T06:00:00+00:00
AIRFLOW_CTX_DAG_RUN_ID=scheduled__2019-10-02T06:00:00+00:00
[2022-09-17 06:05:26,633] {subprocess.py:62} INFO - Tmp dir root location: 
 /tmp
[2022-09-17 06:05:26,634] {subprocess.py:74} INFO - Running command: ['bash', '-c', 'curl -sSLf https://d37ci6vzurychx.cloudfront.net/trip-data/yellow_tripdata_2019-10.parquet > /opt/***/yellow_tripdata_2019-10.parquet']
[2022-09-17 06:05:26,647] {subprocess.py:85} INFO - Output:
[2022-09-17 06:05:34,668] {subprocess.py:93} INFO - Command exited with return code 0
[2022-09-17 06:05:34,698] {taskinstance.py:1277} INFO - Marking task as SUCCESS. dag_id=yellow_taxi_data_v2, task_id=download_dataset_task, execution_date=20191002T060000, start_date=20220917T060526, end_date=20220917T060534
[2022-09-17 06:05:34,735] {local_task_job.py:154} INFO - Task exited with return code 0
[2022-09-17 06:05:34,780] {local_task_job.py:264} INFO - 1 downstream tasks scheduled from follow-on schedule check
[2022-09-20 15:33:03,411] {taskinstance.py:1032} INFO - Dependencies all met for <TaskInstance: yellow_taxi_data_v2.download_dataset_task scheduled__2019-10-02T06:00:00+00:00 [queued]>
[2022-09-20 15:33:03,424] {taskinstance.py:1032} INFO - Dependencies all met for <TaskInstance: yellow_taxi_data_v2.download_dataset_task scheduled__2019-10-02T06:00:00+00:00 [queued]>
[2022-09-20 15:33:03,424] {taskinstance.py:1238} INFO - 
--------------------------------------------------------------------------------
[2022-09-20 15:33:03,424] {taskinstance.py:1239} INFO - Starting attempt 1 of 2
[2022-09-20 15:33:03,424] {taskinstance.py:1240} INFO - 
--------------------------------------------------------------------------------
[2022-09-20 15:33:03,439] {taskinstance.py:1259} INFO - Executing <Task(BashOperator): download_dataset_task> on 2019-10-02 06:00:00+00:00
[2022-09-20 15:33:03,446] {standard_task_runner.py:52} INFO - Started process 594 to run task
[2022-09-20 15:33:03,452] {standard_task_runner.py:76} INFO - Running: ['***', 'tasks', 'run', 'yellow_taxi_data_v2', 'download_dataset_task', 'scheduled__2019-10-02T06:00:00+00:00', '--job-id', '99', '--raw', '--subdir', 'DAGS_FOLDER/data_ingestion_gcs_dag.py', '--cfg-path', '/tmp/tmpaq0c9950', '--error-file', '/tmp/tmpx6gfb6vk']
[2022-09-20 15:33:03,454] {standard_task_runner.py:77} INFO - Job 99: Subtask download_dataset_task
[2022-09-20 15:33:03,536] {logging_mixin.py:109} INFO - Running <TaskInstance: yellow_taxi_data_v2.download_dataset_task scheduled__2019-10-02T06:00:00+00:00 [running]> on host 788dccad41b9
[2022-09-20 15:33:03,602] {warnings.py:110} WARNING - /home/***/.local/lib/python3.7/site-packages/***/utils/context.py:152: AirflowContextDeprecationWarning: Accessing 'execution_date' from the template is deprecated and will be removed in a future version. Please use 'data_interval_start' or 'logical_date' instead.
  warnings.warn(_create_deprecation_warning(key, self._deprecation_replacements[key]))

[2022-09-20 15:33:03,634] {taskinstance.py:1426} INFO - Exporting the following env vars:
AIRFLOW_CTX_DAG_OWNER=***
AIRFLOW_CTX_DAG_ID=yellow_taxi_data_v2
AIRFLOW_CTX_TASK_ID=download_dataset_task
AIRFLOW_CTX_EXECUTION_DATE=2019-10-02T06:00:00+00:00
AIRFLOW_CTX_DAG_RUN_ID=scheduled__2019-10-02T06:00:00+00:00
[2022-09-20 15:33:03,636] {subprocess.py:62} INFO - Tmp dir root location: 
 /tmp
[2022-09-20 15:33:03,637] {subprocess.py:74} INFO - Running command: ['bash', '-c', 'curl -sSLf https://d37ci6vzurychx.cloudfront.net/trip-data/yellow_tripdata_2019-10.parquet > /opt/***/yellow_tripdata_2019-10.parquet']
[2022-09-20 15:33:03,653] {subprocess.py:85} INFO - Output:
[2022-09-20 15:33:13,879] {subprocess.py:93} INFO - Command exited with return code 0
[2022-09-20 15:33:14,064] {taskinstance.py:1277} INFO - Marking task as SUCCESS. dag_id=yellow_taxi_data_v2, task_id=download_dataset_task, execution_date=20191002T060000, start_date=20220920T153303, end_date=20220920T153314
[2022-09-20 15:33:14,108] {local_task_job.py:154} INFO - Task exited with return code 0
[2022-09-20 15:33:14,156] {local_task_job.py:264} INFO - 1 downstream tasks scheduled from follow-on schedule check
[2022-09-21 01:34:13,622] {taskinstance.py:1032} INFO - Dependencies all met for <TaskInstance: yellow_taxi_data_v2.download_dataset_task scheduled__2019-10-02T06:00:00+00:00 [queued]>
[2022-09-21 01:34:13,637] {taskinstance.py:1032} INFO - Dependencies all met for <TaskInstance: yellow_taxi_data_v2.download_dataset_task scheduled__2019-10-02T06:00:00+00:00 [queued]>
[2022-09-21 01:34:13,637] {taskinstance.py:1238} INFO - 
--------------------------------------------------------------------------------
[2022-09-21 01:34:13,637] {taskinstance.py:1239} INFO - Starting attempt 1 of 2
[2022-09-21 01:34:13,637] {taskinstance.py:1240} INFO - 
--------------------------------------------------------------------------------
[2022-09-21 01:34:13,654] {taskinstance.py:1259} INFO - Executing <Task(BashOperator): download_dataset_task> on 2019-10-02 06:00:00+00:00
[2022-09-21 01:34:13,662] {standard_task_runner.py:52} INFO - Started process 27758 to run task
[2022-09-21 01:34:13,677] {standard_task_runner.py:76} INFO - Running: ['***', 'tasks', 'run', 'yellow_taxi_data_v2', 'download_dataset_task', 'scheduled__2019-10-02T06:00:00+00:00', '--job-id', '271', '--raw', '--subdir', 'DAGS_FOLDER/data_ingestion_gcs_dag.py', '--cfg-path', '/tmp/tmpjshd3srt', '--error-file', '/tmp/tmpbhvos372']
[2022-09-21 01:34:13,679] {standard_task_runner.py:77} INFO - Job 271: Subtask download_dataset_task
[2022-09-21 01:34:13,778] {logging_mixin.py:109} INFO - Running <TaskInstance: yellow_taxi_data_v2.download_dataset_task scheduled__2019-10-02T06:00:00+00:00 [running]> on host 788dccad41b9
[2022-09-21 01:34:13,856] {warnings.py:110} WARNING - /home/***/.local/lib/python3.7/site-packages/***/utils/context.py:152: AirflowContextDeprecationWarning: Accessing 'execution_date' from the template is deprecated and will be removed in a future version. Please use 'data_interval_start' or 'logical_date' instead.
  warnings.warn(_create_deprecation_warning(key, self._deprecation_replacements[key]))

[2022-09-21 01:34:13,890] {taskinstance.py:1426} INFO - Exporting the following env vars:
AIRFLOW_CTX_DAG_OWNER=***
AIRFLOW_CTX_DAG_ID=yellow_taxi_data_v2
AIRFLOW_CTX_TASK_ID=download_dataset_task
AIRFLOW_CTX_EXECUTION_DATE=2019-10-02T06:00:00+00:00
AIRFLOW_CTX_DAG_RUN_ID=scheduled__2019-10-02T06:00:00+00:00
[2022-09-21 01:34:13,891] {subprocess.py:62} INFO - Tmp dir root location: 
 /tmp
[2022-09-21 01:34:13,892] {subprocess.py:74} INFO - Running command: ['bash', '-c', 'curl -sSLf https://d37ci6vzurychx.cloudfront.net/trip-data/yellow_tripdata_2019-10.parquet > /opt/***/yellow_tripdata_2019-10.parquet']
[2022-09-21 01:34:13,908] {subprocess.py:85} INFO - Output:
[2022-09-21 01:34:22,039] {subprocess.py:93} INFO - Command exited with return code 0
[2022-09-21 01:34:22,104] {taskinstance.py:1277} INFO - Marking task as SUCCESS. dag_id=yellow_taxi_data_v2, task_id=download_dataset_task, execution_date=20191002T060000, start_date=20220921T013413, end_date=20220921T013422
[2022-09-21 01:34:22,146] {local_task_job.py:154} INFO - Task exited with return code 0
[2022-09-21 01:34:22,251] {local_task_job.py:264} INFO - 1 downstream tasks scheduled from follow-on schedule check
