[2022-09-21 00:00:05,271] {taskinstance.py:1032} INFO - Dependencies all met for <TaskInstance: gcs_2_bq_dag.bq_green_tripdata_external_table_task scheduled__2022-09-20T00:00:00+00:00 [queued]>
[2022-09-21 00:00:05,289] {taskinstance.py:1032} INFO - Dependencies all met for <TaskInstance: gcs_2_bq_dag.bq_green_tripdata_external_table_task scheduled__2022-09-20T00:00:00+00:00 [queued]>
[2022-09-21 00:00:05,289] {taskinstance.py:1238} INFO - 
--------------------------------------------------------------------------------
[2022-09-21 00:00:05,289] {taskinstance.py:1239} INFO - Starting attempt 1 of 2
[2022-09-21 00:00:05,289] {taskinstance.py:1240} INFO - 
--------------------------------------------------------------------------------
[2022-09-21 00:00:05,305] {taskinstance.py:1259} INFO - Executing <Task(BigQueryCreateExternalTableOperator): bq_green_tripdata_external_table_task> on 2022-09-20 00:00:00+00:00
[2022-09-21 00:00:05,314] {standard_task_runner.py:52} INFO - Started process 23325 to run task
[2022-09-21 00:00:05,325] {standard_task_runner.py:76} INFO - Running: ['***', 'tasks', 'run', 'gcs_2_bq_dag', 'bq_green_tripdata_external_table_task', 'scheduled__2022-09-20T00:00:00+00:00', '--job-id', '197', '--raw', '--subdir', 'DAGS_FOLDER/gcs_to_bq_dag.py', '--cfg-path', '/tmp/tmp2m7889yx', '--error-file', '/tmp/tmpn6gidang']
[2022-09-21 00:00:05,327] {standard_task_runner.py:77} INFO - Job 197: Subtask bq_green_tripdata_external_table_task
[2022-09-21 00:00:05,422] {logging_mixin.py:109} INFO - Running <TaskInstance: gcs_2_bq_dag.bq_green_tripdata_external_table_task scheduled__2022-09-20T00:00:00+00:00 [running]> on host 788dccad41b9
[2022-09-21 00:00:05,514] {taskinstance.py:1426} INFO - Exporting the following env vars:
AIRFLOW_CTX_DAG_OWNER=***
AIRFLOW_CTX_DAG_ID=gcs_2_bq_dag
AIRFLOW_CTX_TASK_ID=bq_green_tripdata_external_table_task
AIRFLOW_CTX_EXECUTION_DATE=2022-09-20T00:00:00+00:00
AIRFLOW_CTX_DAG_RUN_ID=scheduled__2022-09-20T00:00:00+00:00
[2022-09-21 00:00:05,516] {crypto.py:82} WARNING - empty cryptography key - values will not be stored encrypted.
[2022-09-21 00:00:06,226] {taskinstance.py:1277} INFO - Marking task as SUCCESS. dag_id=gcs_2_bq_dag, task_id=bq_green_tripdata_external_table_task, execution_date=20220920T000000, start_date=20220921T000005, end_date=20220921T000006
[2022-09-21 00:00:06,263] {local_task_job.py:154} INFO - Task exited with return code 0
[2022-09-21 00:00:06,301] {local_task_job.py:264} INFO - 1 downstream tasks scheduled from follow-on schedule check
[2022-09-21 01:37:20,155] {taskinstance.py:1032} INFO - Dependencies all met for <TaskInstance: gcs_2_bq_dag.bq_green_tripdata_external_table_task scheduled__2022-09-20T00:00:00+00:00 [queued]>
[2022-09-21 01:37:20,172] {taskinstance.py:1032} INFO - Dependencies all met for <TaskInstance: gcs_2_bq_dag.bq_green_tripdata_external_table_task scheduled__2022-09-20T00:00:00+00:00 [queued]>
[2022-09-21 01:37:20,172] {taskinstance.py:1238} INFO - 
--------------------------------------------------------------------------------
[2022-09-21 01:37:20,173] {taskinstance.py:1239} INFO - Starting attempt 1 of 2
[2022-09-21 01:37:20,173] {taskinstance.py:1240} INFO - 
--------------------------------------------------------------------------------
[2022-09-21 01:37:20,189] {taskinstance.py:1259} INFO - Executing <Task(BigQueryCreateExternalTableOperator): bq_green_tripdata_external_table_task> on 2022-09-20 00:00:00+00:00
[2022-09-21 01:37:20,196] {standard_task_runner.py:52} INFO - Started process 28288 to run task
[2022-09-21 01:37:20,202] {standard_task_runner.py:76} INFO - Running: ['***', 'tasks', 'run', 'gcs_2_bq_dag', 'bq_green_tripdata_external_table_task', 'scheduled__2022-09-20T00:00:00+00:00', '--job-id', '365', '--raw', '--subdir', 'DAGS_FOLDER/gcs_to_bq_dag.py', '--cfg-path', '/tmp/tmpwy48het8', '--error-file', '/tmp/tmpc3_jt8kd']
[2022-09-21 01:37:20,203] {standard_task_runner.py:77} INFO - Job 365: Subtask bq_green_tripdata_external_table_task
[2022-09-21 01:37:20,287] {logging_mixin.py:109} INFO - Running <TaskInstance: gcs_2_bq_dag.bq_green_tripdata_external_table_task scheduled__2022-09-20T00:00:00+00:00 [running]> on host 788dccad41b9
[2022-09-21 01:37:20,361] {taskinstance.py:1426} INFO - Exporting the following env vars:
AIRFLOW_CTX_DAG_OWNER=***
AIRFLOW_CTX_DAG_ID=gcs_2_bq_dag
AIRFLOW_CTX_TASK_ID=bq_green_tripdata_external_table_task
AIRFLOW_CTX_EXECUTION_DATE=2022-09-20T00:00:00+00:00
AIRFLOW_CTX_DAG_RUN_ID=scheduled__2022-09-20T00:00:00+00:00
[2022-09-21 01:37:20,364] {crypto.py:82} WARNING - empty cryptography key - values will not be stored encrypted.
[2022-09-21 01:37:21,091] {taskinstance.py:1277} INFO - Marking task as SUCCESS. dag_id=gcs_2_bq_dag, task_id=bq_green_tripdata_external_table_task, execution_date=20220920T000000, start_date=20220921T013720, end_date=20220921T013721
[2022-09-21 01:37:21,140] {local_task_job.py:154} INFO - Task exited with return code 0
[2022-09-21 01:37:21,202] {local_task_job.py:264} INFO - 1 downstream tasks scheduled from follow-on schedule check
