[2022-09-21 02:49:09,333] {taskinstance.py:1032} INFO - Dependencies all met for <TaskInstance: gcs_2_bq_dag.bq_green_tripdata_external_table_task scheduled__2022-09-20T00:00:00+00:00 [queued]>
[2022-09-21 02:49:09,350] {taskinstance.py:1032} INFO - Dependencies all met for <TaskInstance: gcs_2_bq_dag.bq_green_tripdata_external_table_task scheduled__2022-09-20T00:00:00+00:00 [queued]>
[2022-09-21 02:49:09,350] {taskinstance.py:1238} INFO - 
--------------------------------------------------------------------------------
[2022-09-21 02:49:09,351] {taskinstance.py:1239} INFO - Starting attempt 5 of 6
[2022-09-21 02:49:09,351] {taskinstance.py:1240} INFO - 
--------------------------------------------------------------------------------
[2022-09-21 02:49:09,368] {taskinstance.py:1259} INFO - Executing <Task(BigQueryCreateExternalTableOperator): bq_green_tripdata_external_table_task> on 2022-09-20 00:00:00+00:00
[2022-09-21 02:49:09,375] {standard_task_runner.py:52} INFO - Started process 31532 to run task
[2022-09-21 02:49:09,382] {standard_task_runner.py:76} INFO - Running: ['***', 'tasks', 'run', 'gcs_2_bq_dag', 'bq_green_tripdata_external_table_task', 'scheduled__2022-09-20T00:00:00+00:00', '--job-id', '390', '--raw', '--subdir', 'DAGS_FOLDER/gcs_to_bq_dag.py', '--cfg-path', '/tmp/tmpp2mo3uj3', '--error-file', '/tmp/tmpqjaefu39']
[2022-09-21 02:49:09,383] {standard_task_runner.py:77} INFO - Job 390: Subtask bq_green_tripdata_external_table_task
[2022-09-21 02:49:09,470] {logging_mixin.py:109} INFO - Running <TaskInstance: gcs_2_bq_dag.bq_green_tripdata_external_table_task scheduled__2022-09-20T00:00:00+00:00 [running]> on host 788dccad41b9
[2022-09-21 02:49:09,547] {taskinstance.py:1426} INFO - Exporting the following env vars:
AIRFLOW_CTX_DAG_OWNER=***
AIRFLOW_CTX_DAG_ID=gcs_2_bq_dag
AIRFLOW_CTX_TASK_ID=bq_green_tripdata_external_table_task
AIRFLOW_CTX_EXECUTION_DATE=2022-09-20T00:00:00+00:00
AIRFLOW_CTX_DAG_RUN_ID=scheduled__2022-09-20T00:00:00+00:00
[2022-09-21 02:49:09,549] {crypto.py:82} WARNING - empty cryptography key - values will not be stored encrypted.
[2022-09-21 02:49:10,171] {taskinstance.py:1277} INFO - Marking task as SUCCESS. dag_id=gcs_2_bq_dag, task_id=bq_green_tripdata_external_table_task, execution_date=20220920T000000, start_date=20220921T024909, end_date=20220921T024910
[2022-09-21 02:49:10,235] {local_task_job.py:154} INFO - Task exited with return code 0
[2022-09-21 02:49:10,288] {local_task_job.py:264} INFO - 1 downstream tasks scheduled from follow-on schedule check
