[2022-09-17 07:15:11,086] {taskinstance.py:1032} INFO - Dependencies all met for <TaskInstance: green_taxi_data_v2.rm_task scheduled__2020-07-02T06:00:00+00:00 [queued]>
[2022-09-17 07:15:11,101] {taskinstance.py:1032} INFO - Dependencies all met for <TaskInstance: green_taxi_data_v2.rm_task scheduled__2020-07-02T06:00:00+00:00 [queued]>
[2022-09-17 07:15:11,101] {taskinstance.py:1238} INFO - 
--------------------------------------------------------------------------------
[2022-09-17 07:15:11,101] {taskinstance.py:1239} INFO - Starting attempt 1 of 2
[2022-09-17 07:15:11,101] {taskinstance.py:1240} INFO - 
--------------------------------------------------------------------------------
[2022-09-17 07:15:11,118] {taskinstance.py:1259} INFO - Executing <Task(BashOperator): rm_task> on 2020-07-02 06:00:00+00:00
[2022-09-17 07:15:11,126] {standard_task_runner.py:52} INFO - Started process 575 to run task
[2022-09-17 07:15:11,132] {standard_task_runner.py:76} INFO - Running: ['***', 'tasks', 'run', 'green_taxi_data_v2', 'rm_task', 'scheduled__2020-07-02T06:00:00+00:00', '--job-id', '174', '--raw', '--subdir', 'DAGS_FOLDER/data_ingestion_gcs_dag.py', '--cfg-path', '/tmp/tmpjptucl30', '--error-file', '/tmp/tmp9zw4mv5m']
[2022-09-17 07:15:11,133] {standard_task_runner.py:77} INFO - Job 174: Subtask rm_task
[2022-09-17 07:15:11,223] {logging_mixin.py:109} INFO - Running <TaskInstance: green_taxi_data_v2.rm_task scheduled__2020-07-02T06:00:00+00:00 [running]> on host ea53df3427ed
[2022-09-17 07:15:11,289] {warnings.py:110} WARNING - /home/***/.local/lib/python3.7/site-packages/***/utils/context.py:152: AirflowContextDeprecationWarning: Accessing 'execution_date' from the template is deprecated and will be removed in a future version. Please use 'data_interval_start' or 'logical_date' instead.
  warnings.warn(_create_deprecation_warning(key, self._deprecation_replacements[key]))

[2022-09-17 07:15:11,320] {taskinstance.py:1426} INFO - Exporting the following env vars:
AIRFLOW_CTX_DAG_OWNER=***
AIRFLOW_CTX_DAG_ID=green_taxi_data_v2
AIRFLOW_CTX_TASK_ID=rm_task
AIRFLOW_CTX_EXECUTION_DATE=2020-07-02T06:00:00+00:00
AIRFLOW_CTX_DAG_RUN_ID=scheduled__2020-07-02T06:00:00+00:00
[2022-09-17 07:15:11,322] {subprocess.py:62} INFO - Tmp dir root location: 
 /tmp
[2022-09-17 07:15:11,322] {subprocess.py:74} INFO - Running command: ['bash', '-c', 'rm /opt/***/green_tripdata_2020-07.parquet']
[2022-09-17 07:15:11,342] {subprocess.py:85} INFO - Output:
[2022-09-17 07:15:11,350] {subprocess.py:93} INFO - Command exited with return code 0
[2022-09-17 07:15:11,391] {taskinstance.py:1277} INFO - Marking task as SUCCESS. dag_id=green_taxi_data_v2, task_id=rm_task, execution_date=20200702T060000, start_date=20220917T071511, end_date=20220917T071511
[2022-09-17 07:15:11,464] {local_task_job.py:154} INFO - Task exited with return code 0
[2022-09-17 07:15:11,504] {local_task_job.py:264} INFO - 0 downstream tasks scheduled from follow-on schedule check
[2022-09-20 15:35:04,791] {taskinstance.py:1032} INFO - Dependencies all met for <TaskInstance: green_taxi_data_v2.rm_task scheduled__2020-07-02T06:00:00+00:00 [queued]>
[2022-09-20 15:35:04,809] {taskinstance.py:1032} INFO - Dependencies all met for <TaskInstance: green_taxi_data_v2.rm_task scheduled__2020-07-02T06:00:00+00:00 [queued]>
[2022-09-20 15:35:04,810] {taskinstance.py:1238} INFO - 
--------------------------------------------------------------------------------
[2022-09-20 15:35:04,810] {taskinstance.py:1239} INFO - Starting attempt 1 of 2
[2022-09-20 15:35:04,810] {taskinstance.py:1240} INFO - 
--------------------------------------------------------------------------------
[2022-09-20 15:35:04,830] {taskinstance.py:1259} INFO - Executing <Task(BashOperator): rm_task> on 2020-07-02 06:00:00+00:00
[2022-09-20 15:35:04,838] {standard_task_runner.py:52} INFO - Started process 928 to run task
[2022-09-20 15:35:04,846] {standard_task_runner.py:76} INFO - Running: ['***', 'tasks', 'run', 'green_taxi_data_v2', 'rm_task', 'scheduled__2020-07-02T06:00:00+00:00', '--job-id', '154', '--raw', '--subdir', 'DAGS_FOLDER/data_ingestion_gcs_dag.py', '--cfg-path', '/tmp/tmpp9ofag1f', '--error-file', '/tmp/tmpftmplns1']
[2022-09-20 15:35:04,848] {standard_task_runner.py:77} INFO - Job 154: Subtask rm_task
[2022-09-20 15:35:04,940] {logging_mixin.py:109} INFO - Running <TaskInstance: green_taxi_data_v2.rm_task scheduled__2020-07-02T06:00:00+00:00 [running]> on host 788dccad41b9
[2022-09-20 15:35:05,003] {warnings.py:110} WARNING - /home/***/.local/lib/python3.7/site-packages/***/utils/context.py:152: AirflowContextDeprecationWarning: Accessing 'execution_date' from the template is deprecated and will be removed in a future version. Please use 'data_interval_start' or 'logical_date' instead.
  warnings.warn(_create_deprecation_warning(key, self._deprecation_replacements[key]))

[2022-09-20 15:35:05,034] {taskinstance.py:1426} INFO - Exporting the following env vars:
AIRFLOW_CTX_DAG_OWNER=***
AIRFLOW_CTX_DAG_ID=green_taxi_data_v2
AIRFLOW_CTX_TASK_ID=rm_task
AIRFLOW_CTX_EXECUTION_DATE=2020-07-02T06:00:00+00:00
AIRFLOW_CTX_DAG_RUN_ID=scheduled__2020-07-02T06:00:00+00:00
[2022-09-20 15:35:05,036] {subprocess.py:62} INFO - Tmp dir root location: 
 /tmp
[2022-09-20 15:35:05,037] {subprocess.py:74} INFO - Running command: ['bash', '-c', 'rm /opt/***/green_tripdata_2020-07.parquet']
[2022-09-20 15:35:05,056] {subprocess.py:85} INFO - Output:
[2022-09-20 15:35:05,059] {subprocess.py:93} INFO - Command exited with return code 0
[2022-09-20 15:35:05,089] {taskinstance.py:1277} INFO - Marking task as SUCCESS. dag_id=green_taxi_data_v2, task_id=rm_task, execution_date=20200702T060000, start_date=20220920T153504, end_date=20220920T153505
[2022-09-20 15:35:05,144] {local_task_job.py:154} INFO - Task exited with return code 0
[2022-09-20 15:35:05,185] {local_task_job.py:264} INFO - 0 downstream tasks scheduled from follow-on schedule check
[2022-09-21 01:36:27,760] {taskinstance.py:1032} INFO - Dependencies all met for <TaskInstance: green_taxi_data_v2.rm_task scheduled__2020-07-02T06:00:00+00:00 [queued]>
[2022-09-21 01:36:27,778] {taskinstance.py:1032} INFO - Dependencies all met for <TaskInstance: green_taxi_data_v2.rm_task scheduled__2020-07-02T06:00:00+00:00 [queued]>
[2022-09-21 01:36:27,778] {taskinstance.py:1238} INFO - 
--------------------------------------------------------------------------------
[2022-09-21 01:36:27,778] {taskinstance.py:1239} INFO - Starting attempt 1 of 2
[2022-09-21 01:36:27,778] {taskinstance.py:1240} INFO - 
--------------------------------------------------------------------------------
[2022-09-21 01:36:27,793] {taskinstance.py:1259} INFO - Executing <Task(BashOperator): rm_task> on 2020-07-02 06:00:00+00:00
[2022-09-21 01:36:27,801] {standard_task_runner.py:52} INFO - Started process 28166 to run task
[2022-09-21 01:36:27,809] {standard_task_runner.py:76} INFO - Running: ['***', 'tasks', 'run', 'green_taxi_data_v2', 'rm_task', 'scheduled__2020-07-02T06:00:00+00:00', '--job-id', '344', '--raw', '--subdir', 'DAGS_FOLDER/data_ingestion_gcs_dag.py', '--cfg-path', '/tmp/tmp7dubxejp', '--error-file', '/tmp/tmpdeay6v96']
[2022-09-21 01:36:27,811] {standard_task_runner.py:77} INFO - Job 344: Subtask rm_task
[2022-09-21 01:36:27,895] {logging_mixin.py:109} INFO - Running <TaskInstance: green_taxi_data_v2.rm_task scheduled__2020-07-02T06:00:00+00:00 [running]> on host 788dccad41b9
[2022-09-21 01:36:27,952] {warnings.py:110} WARNING - /home/***/.local/lib/python3.7/site-packages/***/utils/context.py:152: AirflowContextDeprecationWarning: Accessing 'execution_date' from the template is deprecated and will be removed in a future version. Please use 'data_interval_start' or 'logical_date' instead.
  warnings.warn(_create_deprecation_warning(key, self._deprecation_replacements[key]))

[2022-09-21 01:36:27,982] {taskinstance.py:1426} INFO - Exporting the following env vars:
AIRFLOW_CTX_DAG_OWNER=***
AIRFLOW_CTX_DAG_ID=green_taxi_data_v2
AIRFLOW_CTX_TASK_ID=rm_task
AIRFLOW_CTX_EXECUTION_DATE=2020-07-02T06:00:00+00:00
AIRFLOW_CTX_DAG_RUN_ID=scheduled__2020-07-02T06:00:00+00:00
[2022-09-21 01:36:27,984] {subprocess.py:62} INFO - Tmp dir root location: 
 /tmp
[2022-09-21 01:36:27,985] {subprocess.py:74} INFO - Running command: ['bash', '-c', 'rm /opt/***/green_tripdata_2020-07.parquet']
[2022-09-21 01:36:28,001] {subprocess.py:85} INFO - Output:
[2022-09-21 01:36:28,008] {subprocess.py:93} INFO - Command exited with return code 0
[2022-09-21 01:36:28,043] {taskinstance.py:1277} INFO - Marking task as SUCCESS. dag_id=green_taxi_data_v2, task_id=rm_task, execution_date=20200702T060000, start_date=20220921T013627, end_date=20220921T013628
[2022-09-21 01:36:28,102] {local_task_job.py:154} INFO - Task exited with return code 0
[2022-09-21 01:36:28,181] {local_task_job.py:264} INFO - 0 downstream tasks scheduled from follow-on schedule check
