[2022-09-17 06:06:31,690] {taskinstance.py:1032} INFO - Dependencies all met for <TaskInstance: yellow_taxi_data_v2.rm_task scheduled__2020-04-02T06:00:00+00:00 [queued]>
[2022-09-17 06:06:31,702] {taskinstance.py:1032} INFO - Dependencies all met for <TaskInstance: yellow_taxi_data_v2.rm_task scheduled__2020-04-02T06:00:00+00:00 [queued]>
[2022-09-17 06:06:31,702] {taskinstance.py:1238} INFO - 
--------------------------------------------------------------------------------
[2022-09-17 06:06:31,702] {taskinstance.py:1239} INFO - Starting attempt 1 of 2
[2022-09-17 06:06:31,702] {taskinstance.py:1240} INFO - 
--------------------------------------------------------------------------------
[2022-09-17 06:06:31,715] {taskinstance.py:1259} INFO - Executing <Task(BashOperator): rm_task> on 2020-04-02 06:00:00+00:00
[2022-09-17 06:06:31,721] {standard_task_runner.py:52} INFO - Started process 5209 to run task
[2022-09-17 06:06:31,729] {standard_task_runner.py:76} INFO - Running: ['***', 'tasks', 'run', 'yellow_taxi_data_v2', 'rm_task', 'scheduled__2020-04-02T06:00:00+00:00', '--job-id', '52', '--raw', '--subdir', 'DAGS_FOLDER/data_ingestion_gcs_dag.py', '--cfg-path', '/tmp/tmpwx5nyoy6', '--error-file', '/tmp/tmpxps4frv3']
[2022-09-17 06:06:31,730] {standard_task_runner.py:77} INFO - Job 52: Subtask rm_task
[2022-09-17 06:06:31,800] {logging_mixin.py:109} INFO - Running <TaskInstance: yellow_taxi_data_v2.rm_task scheduled__2020-04-02T06:00:00+00:00 [running]> on host 10d063af5ba7
[2022-09-17 06:06:31,888] {warnings.py:110} WARNING - /home/***/.local/lib/python3.7/site-packages/***/utils/context.py:152: AirflowContextDeprecationWarning: Accessing 'execution_date' from the template is deprecated and will be removed in a future version. Please use 'data_interval_start' or 'logical_date' instead.
  warnings.warn(_create_deprecation_warning(key, self._deprecation_replacements[key]))

[2022-09-17 06:06:31,916] {taskinstance.py:1426} INFO - Exporting the following env vars:
AIRFLOW_CTX_DAG_OWNER=***
AIRFLOW_CTX_DAG_ID=yellow_taxi_data_v2
AIRFLOW_CTX_TASK_ID=rm_task
AIRFLOW_CTX_EXECUTION_DATE=2020-04-02T06:00:00+00:00
AIRFLOW_CTX_DAG_RUN_ID=scheduled__2020-04-02T06:00:00+00:00
[2022-09-17 06:06:31,917] {subprocess.py:62} INFO - Tmp dir root location: 
 /tmp
[2022-09-17 06:06:31,918] {subprocess.py:74} INFO - Running command: ['bash', '-c', 'rm /opt/***/yellow_tripdata_2020-04.parquet']
[2022-09-17 06:06:31,933] {subprocess.py:85} INFO - Output:
[2022-09-17 06:06:31,941] {subprocess.py:93} INFO - Command exited with return code 0
[2022-09-17 06:06:31,972] {taskinstance.py:1277} INFO - Marking task as SUCCESS. dag_id=yellow_taxi_data_v2, task_id=rm_task, execution_date=20200402T060000, start_date=20220917T060631, end_date=20220917T060631
[2022-09-17 06:06:32,018] {local_task_job.py:154} INFO - Task exited with return code 0
[2022-09-17 06:06:32,056] {local_task_job.py:264} INFO - 0 downstream tasks scheduled from follow-on schedule check
[2022-09-20 15:34:19,076] {taskinstance.py:1032} INFO - Dependencies all met for <TaskInstance: yellow_taxi_data_v2.rm_task scheduled__2020-04-02T06:00:00+00:00 [queued]>
[2022-09-20 15:34:19,088] {taskinstance.py:1032} INFO - Dependencies all met for <TaskInstance: yellow_taxi_data_v2.rm_task scheduled__2020-04-02T06:00:00+00:00 [queued]>
[2022-09-20 15:34:19,088] {taskinstance.py:1238} INFO - 
--------------------------------------------------------------------------------
[2022-09-20 15:34:19,089] {taskinstance.py:1239} INFO - Starting attempt 1 of 2
[2022-09-20 15:34:19,089] {taskinstance.py:1240} INFO - 
--------------------------------------------------------------------------------
[2022-09-20 15:34:19,104] {taskinstance.py:1259} INFO - Executing <Task(BashOperator): rm_task> on 2020-04-02 06:00:00+00:00
[2022-09-20 15:34:19,111] {standard_task_runner.py:52} INFO - Started process 799 to run task
[2022-09-20 15:34:19,116] {standard_task_runner.py:76} INFO - Running: ['***', 'tasks', 'run', 'yellow_taxi_data_v2', 'rm_task', 'scheduled__2020-04-02T06:00:00+00:00', '--job-id', '132', '--raw', '--subdir', 'DAGS_FOLDER/data_ingestion_gcs_dag.py', '--cfg-path', '/tmp/tmpvv15_sl4', '--error-file', '/tmp/tmp7t5ezv9o']
[2022-09-20 15:34:19,117] {standard_task_runner.py:77} INFO - Job 132: Subtask rm_task
[2022-09-20 15:34:19,195] {logging_mixin.py:109} INFO - Running <TaskInstance: yellow_taxi_data_v2.rm_task scheduled__2020-04-02T06:00:00+00:00 [running]> on host 788dccad41b9
[2022-09-20 15:34:19,248] {warnings.py:110} WARNING - /home/***/.local/lib/python3.7/site-packages/***/utils/context.py:152: AirflowContextDeprecationWarning: Accessing 'execution_date' from the template is deprecated and will be removed in a future version. Please use 'data_interval_start' or 'logical_date' instead.
  warnings.warn(_create_deprecation_warning(key, self._deprecation_replacements[key]))

[2022-09-20 15:34:19,277] {taskinstance.py:1426} INFO - Exporting the following env vars:
AIRFLOW_CTX_DAG_OWNER=***
AIRFLOW_CTX_DAG_ID=yellow_taxi_data_v2
AIRFLOW_CTX_TASK_ID=rm_task
AIRFLOW_CTX_EXECUTION_DATE=2020-04-02T06:00:00+00:00
AIRFLOW_CTX_DAG_RUN_ID=scheduled__2020-04-02T06:00:00+00:00
[2022-09-20 15:34:19,278] {subprocess.py:62} INFO - Tmp dir root location: 
 /tmp
[2022-09-20 15:34:19,278] {subprocess.py:74} INFO - Running command: ['bash', '-c', 'rm /opt/***/yellow_tripdata_2020-04.parquet']
[2022-09-20 15:34:19,293] {subprocess.py:85} INFO - Output:
[2022-09-20 15:34:19,298] {subprocess.py:93} INFO - Command exited with return code 0
[2022-09-20 15:34:19,331] {taskinstance.py:1277} INFO - Marking task as SUCCESS. dag_id=yellow_taxi_data_v2, task_id=rm_task, execution_date=20200402T060000, start_date=20220920T153419, end_date=20220920T153419
[2022-09-20 15:34:19,369] {local_task_job.py:154} INFO - Task exited with return code 0
[2022-09-20 15:34:19,411] {local_task_job.py:264} INFO - 0 downstream tasks scheduled from follow-on schedule check
[2022-09-21 01:35:31,317] {taskinstance.py:1032} INFO - Dependencies all met for <TaskInstance: yellow_taxi_data_v2.rm_task scheduled__2020-04-02T06:00:00+00:00 [queued]>
[2022-09-21 01:35:31,331] {taskinstance.py:1032} INFO - Dependencies all met for <TaskInstance: yellow_taxi_data_v2.rm_task scheduled__2020-04-02T06:00:00+00:00 [queued]>
[2022-09-21 01:35:31,331] {taskinstance.py:1238} INFO - 
--------------------------------------------------------------------------------
[2022-09-21 01:35:31,331] {taskinstance.py:1239} INFO - Starting attempt 1 of 2
[2022-09-21 01:35:31,331] {taskinstance.py:1240} INFO - 
--------------------------------------------------------------------------------
[2022-09-21 01:35:31,347] {taskinstance.py:1259} INFO - Executing <Task(BashOperator): rm_task> on 2020-04-02 06:00:00+00:00
[2022-09-21 01:35:31,355] {standard_task_runner.py:52} INFO - Started process 27960 to run task
[2022-09-21 01:35:31,366] {standard_task_runner.py:76} INFO - Running: ['***', 'tasks', 'run', 'yellow_taxi_data_v2', 'rm_task', 'scheduled__2020-04-02T06:00:00+00:00', '--job-id', '308', '--raw', '--subdir', 'DAGS_FOLDER/data_ingestion_gcs_dag.py', '--cfg-path', '/tmp/tmphmykoo0y', '--error-file', '/tmp/tmph6sro6v4']
[2022-09-21 01:35:31,367] {standard_task_runner.py:77} INFO - Job 308: Subtask rm_task
[2022-09-21 01:35:31,459] {logging_mixin.py:109} INFO - Running <TaskInstance: yellow_taxi_data_v2.rm_task scheduled__2020-04-02T06:00:00+00:00 [running]> on host 788dccad41b9
[2022-09-21 01:35:31,511] {warnings.py:110} WARNING - /home/***/.local/lib/python3.7/site-packages/***/utils/context.py:152: AirflowContextDeprecationWarning: Accessing 'execution_date' from the template is deprecated and will be removed in a future version. Please use 'data_interval_start' or 'logical_date' instead.
  warnings.warn(_create_deprecation_warning(key, self._deprecation_replacements[key]))

[2022-09-21 01:35:31,537] {taskinstance.py:1426} INFO - Exporting the following env vars:
AIRFLOW_CTX_DAG_OWNER=***
AIRFLOW_CTX_DAG_ID=yellow_taxi_data_v2
AIRFLOW_CTX_TASK_ID=rm_task
AIRFLOW_CTX_EXECUTION_DATE=2020-04-02T06:00:00+00:00
AIRFLOW_CTX_DAG_RUN_ID=scheduled__2020-04-02T06:00:00+00:00
[2022-09-21 01:35:31,538] {subprocess.py:62} INFO - Tmp dir root location: 
 /tmp
[2022-09-21 01:35:31,539] {subprocess.py:74} INFO - Running command: ['bash', '-c', 'rm /opt/***/yellow_tripdata_2020-04.parquet']
[2022-09-21 01:35:31,553] {subprocess.py:85} INFO - Output:
[2022-09-21 01:35:31,558] {subprocess.py:93} INFO - Command exited with return code 0
[2022-09-21 01:35:31,668] {taskinstance.py:1277} INFO - Marking task as SUCCESS. dag_id=yellow_taxi_data_v2, task_id=rm_task, execution_date=20200402T060000, start_date=20220921T013531, end_date=20220921T013531
[2022-09-21 01:35:31,734] {local_task_job.py:154} INFO - Task exited with return code 0
[2022-09-21 01:35:31,777] {local_task_job.py:264} INFO - 0 downstream tasks scheduled from follow-on schedule check
