[2022-09-17 07:15:20,597] {taskinstance.py:1032} INFO - Dependencies all met for <TaskInstance: green_taxi_data_v2.rm_task scheduled__2020-09-02T06:00:00+00:00 [queued]>
[2022-09-17 07:15:20,609] {taskinstance.py:1032} INFO - Dependencies all met for <TaskInstance: green_taxi_data_v2.rm_task scheduled__2020-09-02T06:00:00+00:00 [queued]>
[2022-09-17 07:15:20,609] {taskinstance.py:1238} INFO - 
--------------------------------------------------------------------------------
[2022-09-17 07:15:20,609] {taskinstance.py:1239} INFO - Starting attempt 1 of 2
[2022-09-17 07:15:20,609] {taskinstance.py:1240} INFO - 
--------------------------------------------------------------------------------
[2022-09-17 07:15:20,625] {taskinstance.py:1259} INFO - Executing <Task(BashOperator): rm_task> on 2020-09-02 06:00:00+00:00
[2022-09-17 07:15:20,631] {standard_task_runner.py:52} INFO - Started process 600 to run task
[2022-09-17 07:15:20,637] {standard_task_runner.py:76} INFO - Running: ['***', 'tasks', 'run', 'green_taxi_data_v2', 'rm_task', 'scheduled__2020-09-02T06:00:00+00:00', '--job-id', '179', '--raw', '--subdir', 'DAGS_FOLDER/data_ingestion_gcs_dag.py', '--cfg-path', '/tmp/tmpqk2vz1u0', '--error-file', '/tmp/tmp65bt98gx']
[2022-09-17 07:15:20,638] {standard_task_runner.py:77} INFO - Job 179: Subtask rm_task
[2022-09-17 07:15:20,721] {logging_mixin.py:109} INFO - Running <TaskInstance: green_taxi_data_v2.rm_task scheduled__2020-09-02T06:00:00+00:00 [running]> on host ea53df3427ed
[2022-09-17 07:15:20,769] {warnings.py:110} WARNING - /home/***/.local/lib/python3.7/site-packages/***/utils/context.py:152: AirflowContextDeprecationWarning: Accessing 'execution_date' from the template is deprecated and will be removed in a future version. Please use 'data_interval_start' or 'logical_date' instead.
  warnings.warn(_create_deprecation_warning(key, self._deprecation_replacements[key]))

[2022-09-17 07:15:20,792] {taskinstance.py:1426} INFO - Exporting the following env vars:
AIRFLOW_CTX_DAG_OWNER=***
AIRFLOW_CTX_DAG_ID=green_taxi_data_v2
AIRFLOW_CTX_TASK_ID=rm_task
AIRFLOW_CTX_EXECUTION_DATE=2020-09-02T06:00:00+00:00
AIRFLOW_CTX_DAG_RUN_ID=scheduled__2020-09-02T06:00:00+00:00
[2022-09-17 07:15:20,793] {subprocess.py:62} INFO - Tmp dir root location: 
 /tmp
[2022-09-17 07:15:20,794] {subprocess.py:74} INFO - Running command: ['bash', '-c', 'rm /opt/***/green_tripdata_2020-09.parquet']
[2022-09-17 07:15:20,809] {subprocess.py:85} INFO - Output:
[2022-09-17 07:15:20,813] {subprocess.py:93} INFO - Command exited with return code 0
[2022-09-17 07:15:20,845] {taskinstance.py:1277} INFO - Marking task as SUCCESS. dag_id=green_taxi_data_v2, task_id=rm_task, execution_date=20200902T060000, start_date=20220917T071520, end_date=20220917T071520
[2022-09-17 07:15:20,889] {local_task_job.py:154} INFO - Task exited with return code 0
[2022-09-17 07:15:20,927] {local_task_job.py:264} INFO - 0 downstream tasks scheduled from follow-on schedule check
[2022-09-20 15:35:16,572] {taskinstance.py:1032} INFO - Dependencies all met for <TaskInstance: green_taxi_data_v2.rm_task scheduled__2020-09-02T06:00:00+00:00 [queued]>
[2022-09-20 15:35:16,589] {taskinstance.py:1032} INFO - Dependencies all met for <TaskInstance: green_taxi_data_v2.rm_task scheduled__2020-09-02T06:00:00+00:00 [queued]>
[2022-09-20 15:35:16,590] {taskinstance.py:1238} INFO - 
--------------------------------------------------------------------------------
[2022-09-20 15:35:16,590] {taskinstance.py:1239} INFO - Starting attempt 1 of 2
[2022-09-20 15:35:16,590] {taskinstance.py:1240} INFO - 
--------------------------------------------------------------------------------
[2022-09-20 15:35:16,610] {taskinstance.py:1259} INFO - Executing <Task(BashOperator): rm_task> on 2020-09-02 06:00:00+00:00
[2022-09-20 15:35:16,620] {standard_task_runner.py:52} INFO - Started process 987 to run task
[2022-09-20 15:35:16,633] {standard_task_runner.py:76} INFO - Running: ['***', 'tasks', 'run', 'green_taxi_data_v2', 'rm_task', 'scheduled__2020-09-02T06:00:00+00:00', '--job-id', '165', '--raw', '--subdir', 'DAGS_FOLDER/data_ingestion_gcs_dag.py', '--cfg-path', '/tmp/tmp2iezfr9x', '--error-file', '/tmp/tmpkm00q1tw']
[2022-09-20 15:35:16,634] {standard_task_runner.py:77} INFO - Job 165: Subtask rm_task
[2022-09-20 15:35:16,744] {logging_mixin.py:109} INFO - Running <TaskInstance: green_taxi_data_v2.rm_task scheduled__2020-09-02T06:00:00+00:00 [running]> on host 788dccad41b9
[2022-09-20 15:35:16,832] {warnings.py:110} WARNING - /home/***/.local/lib/python3.7/site-packages/***/utils/context.py:152: AirflowContextDeprecationWarning: Accessing 'execution_date' from the template is deprecated and will be removed in a future version. Please use 'data_interval_start' or 'logical_date' instead.
  warnings.warn(_create_deprecation_warning(key, self._deprecation_replacements[key]))

[2022-09-20 15:35:16,881] {taskinstance.py:1426} INFO - Exporting the following env vars:
AIRFLOW_CTX_DAG_OWNER=***
AIRFLOW_CTX_DAG_ID=green_taxi_data_v2
AIRFLOW_CTX_TASK_ID=rm_task
AIRFLOW_CTX_EXECUTION_DATE=2020-09-02T06:00:00+00:00
AIRFLOW_CTX_DAG_RUN_ID=scheduled__2020-09-02T06:00:00+00:00
[2022-09-20 15:35:16,883] {subprocess.py:62} INFO - Tmp dir root location: 
 /tmp
[2022-09-20 15:35:16,883] {subprocess.py:74} INFO - Running command: ['bash', '-c', 'rm /opt/***/green_tripdata_2020-09.parquet']
[2022-09-20 15:35:16,905] {subprocess.py:85} INFO - Output:
[2022-09-20 15:35:16,913] {subprocess.py:93} INFO - Command exited with return code 0
[2022-09-20 15:35:16,956] {taskinstance.py:1277} INFO - Marking task as SUCCESS. dag_id=green_taxi_data_v2, task_id=rm_task, execution_date=20200902T060000, start_date=20220920T153516, end_date=20220920T153516
[2022-09-20 15:35:16,999] {local_task_job.py:154} INFO - Task exited with return code 0
[2022-09-20 15:35:17,045] {local_task_job.py:264} INFO - 0 downstream tasks scheduled from follow-on schedule check
[2022-09-21 01:36:46,581] {taskinstance.py:1032} INFO - Dependencies all met for <TaskInstance: green_taxi_data_v2.rm_task scheduled__2020-09-02T06:00:00+00:00 [queued]>
[2022-09-21 01:36:46,598] {taskinstance.py:1032} INFO - Dependencies all met for <TaskInstance: green_taxi_data_v2.rm_task scheduled__2020-09-02T06:00:00+00:00 [queued]>
[2022-09-21 01:36:46,599] {taskinstance.py:1238} INFO - 
--------------------------------------------------------------------------------
[2022-09-21 01:36:46,599] {taskinstance.py:1239} INFO - Starting attempt 1 of 2
[2022-09-21 01:36:46,599] {taskinstance.py:1240} INFO - 
--------------------------------------------------------------------------------
[2022-09-21 01:36:46,613] {taskinstance.py:1259} INFO - Executing <Task(BashOperator): rm_task> on 2020-09-02 06:00:00+00:00
[2022-09-21 01:36:46,619] {standard_task_runner.py:52} INFO - Started process 28214 to run task
[2022-09-21 01:36:46,625] {standard_task_runner.py:76} INFO - Running: ['***', 'tasks', 'run', 'green_taxi_data_v2', 'rm_task', 'scheduled__2020-09-02T06:00:00+00:00', '--job-id', '352', '--raw', '--subdir', 'DAGS_FOLDER/data_ingestion_gcs_dag.py', '--cfg-path', '/tmp/tmp1hhd3nws', '--error-file', '/tmp/tmpsqpyjx_b']
[2022-09-21 01:36:46,626] {standard_task_runner.py:77} INFO - Job 352: Subtask rm_task
[2022-09-21 01:36:46,711] {logging_mixin.py:109} INFO - Running <TaskInstance: green_taxi_data_v2.rm_task scheduled__2020-09-02T06:00:00+00:00 [running]> on host 788dccad41b9
[2022-09-21 01:36:46,764] {warnings.py:110} WARNING - /home/***/.local/lib/python3.7/site-packages/***/utils/context.py:152: AirflowContextDeprecationWarning: Accessing 'execution_date' from the template is deprecated and will be removed in a future version. Please use 'data_interval_start' or 'logical_date' instead.
  warnings.warn(_create_deprecation_warning(key, self._deprecation_replacements[key]))

[2022-09-21 01:36:46,786] {taskinstance.py:1426} INFO - Exporting the following env vars:
AIRFLOW_CTX_DAG_OWNER=***
AIRFLOW_CTX_DAG_ID=green_taxi_data_v2
AIRFLOW_CTX_TASK_ID=rm_task
AIRFLOW_CTX_EXECUTION_DATE=2020-09-02T06:00:00+00:00
AIRFLOW_CTX_DAG_RUN_ID=scheduled__2020-09-02T06:00:00+00:00
[2022-09-21 01:36:46,787] {subprocess.py:62} INFO - Tmp dir root location: 
 /tmp
[2022-09-21 01:36:46,788] {subprocess.py:74} INFO - Running command: ['bash', '-c', 'rm /opt/***/green_tripdata_2020-09.parquet']
[2022-09-21 01:36:46,804] {subprocess.py:85} INFO - Output:
[2022-09-21 01:36:46,807] {subprocess.py:93} INFO - Command exited with return code 0
[2022-09-21 01:36:46,837] {taskinstance.py:1277} INFO - Marking task as SUCCESS. dag_id=green_taxi_data_v2, task_id=rm_task, execution_date=20200902T060000, start_date=20220921T013646, end_date=20220921T013646
[2022-09-21 01:36:46,876] {local_task_job.py:154} INFO - Task exited with return code 0
[2022-09-21 01:36:46,910] {local_task_job.py:264} INFO - 0 downstream tasks scheduled from follow-on schedule check
