[2022-09-17 07:14:33,822] {taskinstance.py:1032} INFO - Dependencies all met for <TaskInstance: green_taxi_data_v2.download_dataset_task scheduled__2020-03-02T06:00:00+00:00 [queued]>
[2022-09-17 07:14:33,842] {taskinstance.py:1032} INFO - Dependencies all met for <TaskInstance: green_taxi_data_v2.download_dataset_task scheduled__2020-03-02T06:00:00+00:00 [queued]>
[2022-09-17 07:14:33,842] {taskinstance.py:1238} INFO - 
--------------------------------------------------------------------------------
[2022-09-17 07:14:33,842] {taskinstance.py:1239} INFO - Starting attempt 1 of 2
[2022-09-17 07:14:33,842] {taskinstance.py:1240} INFO - 
--------------------------------------------------------------------------------
[2022-09-17 07:14:33,862] {taskinstance.py:1259} INFO - Executing <Task(BashOperator): download_dataset_task> on 2020-03-02 06:00:00+00:00
[2022-09-17 07:14:33,889] {standard_task_runner.py:52} INFO - Started process 473 to run task
[2022-09-17 07:14:33,895] {standard_task_runner.py:76} INFO - Running: ['***', 'tasks', 'run', 'green_taxi_data_v2', 'download_dataset_task', 'scheduled__2020-03-02T06:00:00+00:00', '--job-id', '158', '--raw', '--subdir', 'DAGS_FOLDER/data_ingestion_gcs_dag.py', '--cfg-path', '/tmp/tmpya3gzjws', '--error-file', '/tmp/tmpti3w9xvc']
[2022-09-17 07:14:33,896] {standard_task_runner.py:77} INFO - Job 158: Subtask download_dataset_task
[2022-09-17 07:14:33,973] {logging_mixin.py:109} INFO - Running <TaskInstance: green_taxi_data_v2.download_dataset_task scheduled__2020-03-02T06:00:00+00:00 [running]> on host ea53df3427ed
[2022-09-17 07:14:34,020] {warnings.py:110} WARNING - /home/***/.local/lib/python3.7/site-packages/***/utils/context.py:152: AirflowContextDeprecationWarning: Accessing 'execution_date' from the template is deprecated and will be removed in a future version. Please use 'data_interval_start' or 'logical_date' instead.
  warnings.warn(_create_deprecation_warning(key, self._deprecation_replacements[key]))

[2022-09-17 07:14:34,042] {taskinstance.py:1426} INFO - Exporting the following env vars:
AIRFLOW_CTX_DAG_OWNER=***
AIRFLOW_CTX_DAG_ID=green_taxi_data_v2
AIRFLOW_CTX_TASK_ID=download_dataset_task
AIRFLOW_CTX_EXECUTION_DATE=2020-03-02T06:00:00+00:00
AIRFLOW_CTX_DAG_RUN_ID=scheduled__2020-03-02T06:00:00+00:00
[2022-09-17 07:14:34,043] {subprocess.py:62} INFO - Tmp dir root location: 
 /tmp
[2022-09-17 07:14:34,044] {subprocess.py:74} INFO - Running command: ['bash', '-c', 'curl -sSLf https://d37ci6vzurychx.cloudfront.net/trip-data/green_tripdata_2020-03.parquet > /opt/***/green_tripdata_2020-03.parquet']
[2022-09-17 07:14:34,058] {subprocess.py:85} INFO - Output:
[2022-09-17 07:14:37,060] {subprocess.py:93} INFO - Command exited with return code 0
[2022-09-17 07:14:37,098] {taskinstance.py:1277} INFO - Marking task as SUCCESS. dag_id=green_taxi_data_v2, task_id=download_dataset_task, execution_date=20200302T060000, start_date=20220917T071433, end_date=20220917T071437
[2022-09-17 07:14:37,168] {local_task_job.py:154} INFO - Task exited with return code 0
[2022-09-17 07:14:37,227] {local_task_job.py:264} INFO - 1 downstream tasks scheduled from follow-on schedule check
[2022-09-20 15:33:56,070] {taskinstance.py:1032} INFO - Dependencies all met for <TaskInstance: green_taxi_data_v2.download_dataset_task scheduled__2020-03-02T06:00:00+00:00 [queued]>
[2022-09-20 15:33:56,085] {taskinstance.py:1032} INFO - Dependencies all met for <TaskInstance: green_taxi_data_v2.download_dataset_task scheduled__2020-03-02T06:00:00+00:00 [queued]>
[2022-09-20 15:33:56,085] {taskinstance.py:1238} INFO - 
--------------------------------------------------------------------------------
[2022-09-20 15:33:56,086] {taskinstance.py:1239} INFO - Starting attempt 1 of 2
[2022-09-20 15:33:56,086] {taskinstance.py:1240} INFO - 
--------------------------------------------------------------------------------
[2022-09-20 15:33:56,102] {taskinstance.py:1259} INFO - Executing <Task(BashOperator): download_dataset_task> on 2020-03-02 06:00:00+00:00
[2022-09-20 15:33:56,110] {standard_task_runner.py:52} INFO - Started process 724 to run task
[2022-09-20 15:33:56,118] {standard_task_runner.py:76} INFO - Running: ['***', 'tasks', 'run', 'green_taxi_data_v2', 'download_dataset_task', 'scheduled__2020-03-02T06:00:00+00:00', '--job-id', '119', '--raw', '--subdir', 'DAGS_FOLDER/data_ingestion_gcs_dag.py', '--cfg-path', '/tmp/tmpg_6y42kh', '--error-file', '/tmp/tmpk4ur3t0k']
[2022-09-20 15:33:56,120] {standard_task_runner.py:77} INFO - Job 119: Subtask download_dataset_task
[2022-09-20 15:33:56,208] {logging_mixin.py:109} INFO - Running <TaskInstance: green_taxi_data_v2.download_dataset_task scheduled__2020-03-02T06:00:00+00:00 [running]> on host 788dccad41b9
[2022-09-20 15:33:56,270] {warnings.py:110} WARNING - /home/***/.local/lib/python3.7/site-packages/***/utils/context.py:152: AirflowContextDeprecationWarning: Accessing 'execution_date' from the template is deprecated and will be removed in a future version. Please use 'data_interval_start' or 'logical_date' instead.
  warnings.warn(_create_deprecation_warning(key, self._deprecation_replacements[key]))

[2022-09-20 15:33:56,296] {taskinstance.py:1426} INFO - Exporting the following env vars:
AIRFLOW_CTX_DAG_OWNER=***
AIRFLOW_CTX_DAG_ID=green_taxi_data_v2
AIRFLOW_CTX_TASK_ID=download_dataset_task
AIRFLOW_CTX_EXECUTION_DATE=2020-03-02T06:00:00+00:00
AIRFLOW_CTX_DAG_RUN_ID=scheduled__2020-03-02T06:00:00+00:00
[2022-09-20 15:33:56,298] {subprocess.py:62} INFO - Tmp dir root location: 
 /tmp
[2022-09-20 15:33:56,298] {subprocess.py:74} INFO - Running command: ['bash', '-c', 'curl -sSLf https://d37ci6vzurychx.cloudfront.net/trip-data/green_tripdata_2020-03.parquet > /opt/***/green_tripdata_2020-03.parquet']
[2022-09-20 15:33:56,313] {subprocess.py:85} INFO - Output:
[2022-09-20 15:33:58,568] {subprocess.py:93} INFO - Command exited with return code 0
[2022-09-20 15:33:58,599] {taskinstance.py:1277} INFO - Marking task as SUCCESS. dag_id=green_taxi_data_v2, task_id=download_dataset_task, execution_date=20200302T060000, start_date=20220920T153356, end_date=20220920T153358
[2022-09-20 15:33:58,624] {local_task_job.py:154} INFO - Task exited with return code 0
[2022-09-20 15:33:58,673] {local_task_job.py:264} INFO - 1 downstream tasks scheduled from follow-on schedule check
[2022-09-21 01:35:38,614] {taskinstance.py:1032} INFO - Dependencies all met for <TaskInstance: green_taxi_data_v2.download_dataset_task scheduled__2020-03-02T06:00:00+00:00 [queued]>
[2022-09-21 01:35:38,626] {taskinstance.py:1032} INFO - Dependencies all met for <TaskInstance: green_taxi_data_v2.download_dataset_task scheduled__2020-03-02T06:00:00+00:00 [queued]>
[2022-09-21 01:35:38,626] {taskinstance.py:1238} INFO - 
--------------------------------------------------------------------------------
[2022-09-21 01:35:38,626] {taskinstance.py:1239} INFO - Starting attempt 1 of 2
[2022-09-21 01:35:38,626] {taskinstance.py:1240} INFO - 
--------------------------------------------------------------------------------
[2022-09-21 01:35:38,639] {taskinstance.py:1259} INFO - Executing <Task(BashOperator): download_dataset_task> on 2020-03-02 06:00:00+00:00
[2022-09-21 01:35:38,647] {standard_task_runner.py:52} INFO - Started process 27993 to run task
[2022-09-21 01:35:38,652] {standard_task_runner.py:76} INFO - Running: ['***', 'tasks', 'run', 'green_taxi_data_v2', 'download_dataset_task', 'scheduled__2020-03-02T06:00:00+00:00', '--job-id', '312', '--raw', '--subdir', 'DAGS_FOLDER/data_ingestion_gcs_dag.py', '--cfg-path', '/tmp/tmpv06sl1ha', '--error-file', '/tmp/tmpvj7nvy3d']
[2022-09-21 01:35:38,654] {standard_task_runner.py:77} INFO - Job 312: Subtask download_dataset_task
[2022-09-21 01:35:38,729] {logging_mixin.py:109} INFO - Running <TaskInstance: green_taxi_data_v2.download_dataset_task scheduled__2020-03-02T06:00:00+00:00 [running]> on host 788dccad41b9
[2022-09-21 01:35:38,777] {warnings.py:110} WARNING - /home/***/.local/lib/python3.7/site-packages/***/utils/context.py:152: AirflowContextDeprecationWarning: Accessing 'execution_date' from the template is deprecated and will be removed in a future version. Please use 'data_interval_start' or 'logical_date' instead.
  warnings.warn(_create_deprecation_warning(key, self._deprecation_replacements[key]))

[2022-09-21 01:35:38,800] {taskinstance.py:1426} INFO - Exporting the following env vars:
AIRFLOW_CTX_DAG_OWNER=***
AIRFLOW_CTX_DAG_ID=green_taxi_data_v2
AIRFLOW_CTX_TASK_ID=download_dataset_task
AIRFLOW_CTX_EXECUTION_DATE=2020-03-02T06:00:00+00:00
AIRFLOW_CTX_DAG_RUN_ID=scheduled__2020-03-02T06:00:00+00:00
[2022-09-21 01:35:38,801] {subprocess.py:62} INFO - Tmp dir root location: 
 /tmp
[2022-09-21 01:35:38,802] {subprocess.py:74} INFO - Running command: ['bash', '-c', 'curl -sSLf https://d37ci6vzurychx.cloudfront.net/trip-data/green_tripdata_2020-03.parquet > /opt/***/green_tripdata_2020-03.parquet']
[2022-09-21 01:35:38,817] {subprocess.py:85} INFO - Output:
[2022-09-21 01:35:41,242] {subprocess.py:93} INFO - Command exited with return code 0
[2022-09-21 01:35:41,281] {taskinstance.py:1277} INFO - Marking task as SUCCESS. dag_id=green_taxi_data_v2, task_id=download_dataset_task, execution_date=20200302T060000, start_date=20220921T013538, end_date=20220921T013541
[2022-09-21 01:35:41,362] {local_task_job.py:154} INFO - Task exited with return code 0
[2022-09-21 01:35:41,488] {local_task_job.py:264} INFO - 1 downstream tasks scheduled from follow-on schedule check
