[2022-09-17 06:06:56,252] {taskinstance.py:1032} INFO - Dependencies all met for <TaskInstance: yellow_taxi_data_v2.rm_task scheduled__2020-07-02T06:00:00+00:00 [queued]>
[2022-09-17 06:06:56,269] {taskinstance.py:1032} INFO - Dependencies all met for <TaskInstance: yellow_taxi_data_v2.rm_task scheduled__2020-07-02T06:00:00+00:00 [queued]>
[2022-09-17 06:06:56,269] {taskinstance.py:1238} INFO - 
--------------------------------------------------------------------------------
[2022-09-17 06:06:56,270] {taskinstance.py:1239} INFO - Starting attempt 1 of 2
[2022-09-17 06:06:56,270] {taskinstance.py:1240} INFO - 
--------------------------------------------------------------------------------
[2022-09-17 06:06:56,289] {taskinstance.py:1259} INFO - Executing <Task(BashOperator): rm_task> on 2020-07-02 06:00:00+00:00
[2022-09-17 06:06:56,296] {standard_task_runner.py:52} INFO - Started process 5284 to run task
[2022-09-17 06:06:56,303] {standard_task_runner.py:76} INFO - Running: ['***', 'tasks', 'run', 'yellow_taxi_data_v2', 'rm_task', 'scheduled__2020-07-02T06:00:00+00:00', '--job-id', '65', '--raw', '--subdir', 'DAGS_FOLDER/data_ingestion_gcs_dag.py', '--cfg-path', '/tmp/tmp0i5d8e6o', '--error-file', '/tmp/tmptestfwo5']
[2022-09-17 06:06:56,304] {standard_task_runner.py:77} INFO - Job 65: Subtask rm_task
[2022-09-17 06:06:56,417] {logging_mixin.py:109} INFO - Running <TaskInstance: yellow_taxi_data_v2.rm_task scheduled__2020-07-02T06:00:00+00:00 [running]> on host 10d063af5ba7
[2022-09-17 06:06:56,510] {warnings.py:110} WARNING - /home/***/.local/lib/python3.7/site-packages/***/utils/context.py:152: AirflowContextDeprecationWarning: Accessing 'execution_date' from the template is deprecated and will be removed in a future version. Please use 'data_interval_start' or 'logical_date' instead.
  warnings.warn(_create_deprecation_warning(key, self._deprecation_replacements[key]))

[2022-09-17 06:06:56,572] {taskinstance.py:1426} INFO - Exporting the following env vars:
AIRFLOW_CTX_DAG_OWNER=***
AIRFLOW_CTX_DAG_ID=yellow_taxi_data_v2
AIRFLOW_CTX_TASK_ID=rm_task
AIRFLOW_CTX_EXECUTION_DATE=2020-07-02T06:00:00+00:00
AIRFLOW_CTX_DAG_RUN_ID=scheduled__2020-07-02T06:00:00+00:00
[2022-09-17 06:06:56,574] {subprocess.py:62} INFO - Tmp dir root location: 
 /tmp
[2022-09-17 06:06:56,575] {subprocess.py:74} INFO - Running command: ['bash', '-c', 'rm /opt/***/yellow_tripdata_2020-07.parquet']
[2022-09-17 06:06:56,593] {subprocess.py:85} INFO - Output:
[2022-09-17 06:06:56,605] {subprocess.py:93} INFO - Command exited with return code 0
[2022-09-17 06:06:56,678] {taskinstance.py:1277} INFO - Marking task as SUCCESS. dag_id=yellow_taxi_data_v2, task_id=rm_task, execution_date=20200702T060000, start_date=20220917T060656, end_date=20220917T060656
[2022-09-17 06:06:56,722] {local_task_job.py:154} INFO - Task exited with return code 0
[2022-09-17 06:06:56,770] {local_task_job.py:264} INFO - 0 downstream tasks scheduled from follow-on schedule check
[2022-09-20 15:35:07,697] {taskinstance.py:1032} INFO - Dependencies all met for <TaskInstance: yellow_taxi_data_v2.rm_task scheduled__2020-07-02T06:00:00+00:00 [queued]>
[2022-09-20 15:35:07,714] {taskinstance.py:1032} INFO - Dependencies all met for <TaskInstance: yellow_taxi_data_v2.rm_task scheduled__2020-07-02T06:00:00+00:00 [queued]>
[2022-09-20 15:35:07,714] {taskinstance.py:1238} INFO - 
--------------------------------------------------------------------------------
[2022-09-20 15:35:07,714] {taskinstance.py:1239} INFO - Starting attempt 1 of 2
[2022-09-20 15:35:07,714] {taskinstance.py:1240} INFO - 
--------------------------------------------------------------------------------
[2022-09-20 15:35:07,731] {taskinstance.py:1259} INFO - Executing <Task(BashOperator): rm_task> on 2020-07-02 06:00:00+00:00
[2022-09-20 15:35:07,739] {standard_task_runner.py:52} INFO - Started process 937 to run task
[2022-09-20 15:35:07,745] {standard_task_runner.py:76} INFO - Running: ['***', 'tasks', 'run', 'yellow_taxi_data_v2', 'rm_task', 'scheduled__2020-07-02T06:00:00+00:00', '--job-id', '157', '--raw', '--subdir', 'DAGS_FOLDER/data_ingestion_gcs_dag.py', '--cfg-path', '/tmp/tmpxzuk16_p', '--error-file', '/tmp/tmp_w6v7mkx']
[2022-09-20 15:35:07,750] {standard_task_runner.py:77} INFO - Job 157: Subtask rm_task
[2022-09-20 15:35:07,847] {logging_mixin.py:109} INFO - Running <TaskInstance: yellow_taxi_data_v2.rm_task scheduled__2020-07-02T06:00:00+00:00 [running]> on host 788dccad41b9
[2022-09-20 15:35:07,910] {warnings.py:110} WARNING - /home/***/.local/lib/python3.7/site-packages/***/utils/context.py:152: AirflowContextDeprecationWarning: Accessing 'execution_date' from the template is deprecated and will be removed in a future version. Please use 'data_interval_start' or 'logical_date' instead.
  warnings.warn(_create_deprecation_warning(key, self._deprecation_replacements[key]))

[2022-09-20 15:35:07,938] {taskinstance.py:1426} INFO - Exporting the following env vars:
AIRFLOW_CTX_DAG_OWNER=***
AIRFLOW_CTX_DAG_ID=yellow_taxi_data_v2
AIRFLOW_CTX_TASK_ID=rm_task
AIRFLOW_CTX_EXECUTION_DATE=2020-07-02T06:00:00+00:00
AIRFLOW_CTX_DAG_RUN_ID=scheduled__2020-07-02T06:00:00+00:00
[2022-09-20 15:35:07,940] {subprocess.py:62} INFO - Tmp dir root location: 
 /tmp
[2022-09-20 15:35:07,940] {subprocess.py:74} INFO - Running command: ['bash', '-c', 'rm /opt/***/yellow_tripdata_2020-07.parquet']
[2022-09-20 15:35:07,961] {subprocess.py:85} INFO - Output:
[2022-09-20 15:35:07,976] {subprocess.py:93} INFO - Command exited with return code 0
[2022-09-20 15:35:08,163] {taskinstance.py:1277} INFO - Marking task as SUCCESS. dag_id=yellow_taxi_data_v2, task_id=rm_task, execution_date=20200702T060000, start_date=20220920T153507, end_date=20220920T153508
[2022-09-20 15:35:08,243] {local_task_job.py:154} INFO - Task exited with return code 0
[2022-09-20 15:35:08,307] {local_task_job.py:264} INFO - 0 downstream tasks scheduled from follow-on schedule check
[2022-09-21 01:35:45,779] {taskinstance.py:1032} INFO - Dependencies all met for <TaskInstance: yellow_taxi_data_v2.rm_task scheduled__2020-07-02T06:00:00+00:00 [queued]>
[2022-09-21 01:35:45,802] {taskinstance.py:1032} INFO - Dependencies all met for <TaskInstance: yellow_taxi_data_v2.rm_task scheduled__2020-07-02T06:00:00+00:00 [queued]>
[2022-09-21 01:35:45,803] {taskinstance.py:1238} INFO - 
--------------------------------------------------------------------------------
[2022-09-21 01:35:45,803] {taskinstance.py:1239} INFO - Starting attempt 1 of 2
[2022-09-21 01:35:45,803] {taskinstance.py:1240} INFO - 
--------------------------------------------------------------------------------
[2022-09-21 01:35:45,844] {taskinstance.py:1259} INFO - Executing <Task(BashOperator): rm_task> on 2020-07-02 06:00:00+00:00
[2022-09-21 01:35:45,852] {standard_task_runner.py:52} INFO - Started process 28017 to run task
[2022-09-21 01:35:45,865] {standard_task_runner.py:76} INFO - Running: ['***', 'tasks', 'run', 'yellow_taxi_data_v2', 'rm_task', 'scheduled__2020-07-02T06:00:00+00:00', '--job-id', '317', '--raw', '--subdir', 'DAGS_FOLDER/data_ingestion_gcs_dag.py', '--cfg-path', '/tmp/tmpiv_1waor', '--error-file', '/tmp/tmpdujlal68']
[2022-09-21 01:35:45,884] {standard_task_runner.py:77} INFO - Job 317: Subtask rm_task
[2022-09-21 01:35:46,036] {logging_mixin.py:109} INFO - Running <TaskInstance: yellow_taxi_data_v2.rm_task scheduled__2020-07-02T06:00:00+00:00 [running]> on host 788dccad41b9
[2022-09-21 01:35:46,156] {warnings.py:110} WARNING - /home/***/.local/lib/python3.7/site-packages/***/utils/context.py:152: AirflowContextDeprecationWarning: Accessing 'execution_date' from the template is deprecated and will be removed in a future version. Please use 'data_interval_start' or 'logical_date' instead.
  warnings.warn(_create_deprecation_warning(key, self._deprecation_replacements[key]))

[2022-09-21 01:35:46,198] {taskinstance.py:1426} INFO - Exporting the following env vars:
AIRFLOW_CTX_DAG_OWNER=***
AIRFLOW_CTX_DAG_ID=yellow_taxi_data_v2
AIRFLOW_CTX_TASK_ID=rm_task
AIRFLOW_CTX_EXECUTION_DATE=2020-07-02T06:00:00+00:00
AIRFLOW_CTX_DAG_RUN_ID=scheduled__2020-07-02T06:00:00+00:00
[2022-09-21 01:35:46,202] {subprocess.py:62} INFO - Tmp dir root location: 
 /tmp
[2022-09-21 01:35:46,203] {subprocess.py:74} INFO - Running command: ['bash', '-c', 'rm /opt/***/yellow_tripdata_2020-07.parquet']
[2022-09-21 01:35:46,224] {subprocess.py:85} INFO - Output:
[2022-09-21 01:35:46,234] {subprocess.py:93} INFO - Command exited with return code 0
[2022-09-21 01:35:46,275] {taskinstance.py:1277} INFO - Marking task as SUCCESS. dag_id=yellow_taxi_data_v2, task_id=rm_task, execution_date=20200702T060000, start_date=20220921T013545, end_date=20220921T013546
[2022-09-21 01:35:46,341] {local_task_job.py:154} INFO - Task exited with return code 0
[2022-09-21 01:35:46,426] {local_task_job.py:264} INFO - 0 downstream tasks scheduled from follow-on schedule check
