[2022-09-17 06:06:34,090] {taskinstance.py:1032} INFO - Dependencies all met for <TaskInstance: yellow_taxi_data_v2.rm_task scheduled__2020-03-02T06:00:00+00:00 [queued]>
[2022-09-17 06:06:34,102] {taskinstance.py:1032} INFO - Dependencies all met for <TaskInstance: yellow_taxi_data_v2.rm_task scheduled__2020-03-02T06:00:00+00:00 [queued]>
[2022-09-17 06:06:34,102] {taskinstance.py:1238} INFO - 
--------------------------------------------------------------------------------
[2022-09-17 06:06:34,102] {taskinstance.py:1239} INFO - Starting attempt 1 of 2
[2022-09-17 06:06:34,102] {taskinstance.py:1240} INFO - 
--------------------------------------------------------------------------------
[2022-09-17 06:06:34,117] {taskinstance.py:1259} INFO - Executing <Task(BashOperator): rm_task> on 2020-03-02 06:00:00+00:00
[2022-09-17 06:06:34,124] {standard_task_runner.py:52} INFO - Started process 5213 to run task
[2022-09-17 06:06:34,130] {standard_task_runner.py:76} INFO - Running: ['***', 'tasks', 'run', 'yellow_taxi_data_v2', 'rm_task', 'scheduled__2020-03-02T06:00:00+00:00', '--job-id', '53', '--raw', '--subdir', 'DAGS_FOLDER/data_ingestion_gcs_dag.py', '--cfg-path', '/tmp/tmphagdoze9', '--error-file', '/tmp/tmpr2bh4u39']
[2022-09-17 06:06:34,131] {standard_task_runner.py:77} INFO - Job 53: Subtask rm_task
[2022-09-17 06:06:34,204] {logging_mixin.py:109} INFO - Running <TaskInstance: yellow_taxi_data_v2.rm_task scheduled__2020-03-02T06:00:00+00:00 [running]> on host 10d063af5ba7
[2022-09-17 06:06:34,252] {warnings.py:110} WARNING - /home/***/.local/lib/python3.7/site-packages/***/utils/context.py:152: AirflowContextDeprecationWarning: Accessing 'execution_date' from the template is deprecated and will be removed in a future version. Please use 'data_interval_start' or 'logical_date' instead.
  warnings.warn(_create_deprecation_warning(key, self._deprecation_replacements[key]))

[2022-09-17 06:06:34,274] {taskinstance.py:1426} INFO - Exporting the following env vars:
AIRFLOW_CTX_DAG_OWNER=***
AIRFLOW_CTX_DAG_ID=yellow_taxi_data_v2
AIRFLOW_CTX_TASK_ID=rm_task
AIRFLOW_CTX_EXECUTION_DATE=2020-03-02T06:00:00+00:00
AIRFLOW_CTX_DAG_RUN_ID=scheduled__2020-03-02T06:00:00+00:00
[2022-09-17 06:06:34,275] {subprocess.py:62} INFO - Tmp dir root location: 
 /tmp
[2022-09-17 06:06:34,276] {subprocess.py:74} INFO - Running command: ['bash', '-c', 'rm /opt/***/yellow_tripdata_2020-03.parquet']
[2022-09-17 06:06:34,291] {subprocess.py:85} INFO - Output:
[2022-09-17 06:06:34,301] {subprocess.py:93} INFO - Command exited with return code 0
[2022-09-17 06:06:34,337] {taskinstance.py:1277} INFO - Marking task as SUCCESS. dag_id=yellow_taxi_data_v2, task_id=rm_task, execution_date=20200302T060000, start_date=20220917T060634, end_date=20220917T060634
[2022-09-17 06:06:34,382] {local_task_job.py:154} INFO - Task exited with return code 0
[2022-09-17 06:06:34,415] {local_task_job.py:264} INFO - 0 downstream tasks scheduled from follow-on schedule check
[2022-09-20 15:34:21,514] {taskinstance.py:1032} INFO - Dependencies all met for <TaskInstance: yellow_taxi_data_v2.rm_task scheduled__2020-03-02T06:00:00+00:00 [queued]>
[2022-09-20 15:34:21,533] {taskinstance.py:1032} INFO - Dependencies all met for <TaskInstance: yellow_taxi_data_v2.rm_task scheduled__2020-03-02T06:00:00+00:00 [queued]>
[2022-09-20 15:34:21,533] {taskinstance.py:1238} INFO - 
--------------------------------------------------------------------------------
[2022-09-20 15:34:21,533] {taskinstance.py:1239} INFO - Starting attempt 1 of 2
[2022-09-20 15:34:21,534] {taskinstance.py:1240} INFO - 
--------------------------------------------------------------------------------
[2022-09-20 15:34:21,558] {taskinstance.py:1259} INFO - Executing <Task(BashOperator): rm_task> on 2020-03-02 06:00:00+00:00
[2022-09-20 15:34:21,574] {standard_task_runner.py:76} INFO - Running: ['***', 'tasks', 'run', 'yellow_taxi_data_v2', 'rm_task', 'scheduled__2020-03-02T06:00:00+00:00', '--job-id', '133', '--raw', '--subdir', 'DAGS_FOLDER/data_ingestion_gcs_dag.py', '--cfg-path', '/tmp/tmp0x_ah7_p', '--error-file', '/tmp/tmp8gdydlv2']
[2022-09-20 15:34:21,569] {standard_task_runner.py:52} INFO - Started process 803 to run task
[2022-09-20 15:34:21,577] {standard_task_runner.py:77} INFO - Job 133: Subtask rm_task
[2022-09-20 15:34:21,675] {logging_mixin.py:109} INFO - Running <TaskInstance: yellow_taxi_data_v2.rm_task scheduled__2020-03-02T06:00:00+00:00 [running]> on host 788dccad41b9
[2022-09-20 15:34:21,740] {warnings.py:110} WARNING - /home/***/.local/lib/python3.7/site-packages/***/utils/context.py:152: AirflowContextDeprecationWarning: Accessing 'execution_date' from the template is deprecated and will be removed in a future version. Please use 'data_interval_start' or 'logical_date' instead.
  warnings.warn(_create_deprecation_warning(key, self._deprecation_replacements[key]))

[2022-09-20 15:34:21,769] {taskinstance.py:1426} INFO - Exporting the following env vars:
AIRFLOW_CTX_DAG_OWNER=***
AIRFLOW_CTX_DAG_ID=yellow_taxi_data_v2
AIRFLOW_CTX_TASK_ID=rm_task
AIRFLOW_CTX_EXECUTION_DATE=2020-03-02T06:00:00+00:00
AIRFLOW_CTX_DAG_RUN_ID=scheduled__2020-03-02T06:00:00+00:00
[2022-09-20 15:34:21,770] {subprocess.py:62} INFO - Tmp dir root location: 
 /tmp
[2022-09-20 15:34:21,771] {subprocess.py:74} INFO - Running command: ['bash', '-c', 'rm /opt/***/yellow_tripdata_2020-03.parquet']
[2022-09-20 15:34:21,789] {subprocess.py:85} INFO - Output:
[2022-09-20 15:34:21,804] {subprocess.py:93} INFO - Command exited with return code 0
[2022-09-20 15:34:21,839] {taskinstance.py:1277} INFO - Marking task as SUCCESS. dag_id=yellow_taxi_data_v2, task_id=rm_task, execution_date=20200302T060000, start_date=20220920T153421, end_date=20220920T153421
[2022-09-20 15:34:21,879] {local_task_job.py:154} INFO - Task exited with return code 0
[2022-09-20 15:34:21,917] {local_task_job.py:264} INFO - 0 downstream tasks scheduled from follow-on schedule check
[2022-09-21 01:35:16,748] {taskinstance.py:1032} INFO - Dependencies all met for <TaskInstance: yellow_taxi_data_v2.rm_task scheduled__2020-03-02T06:00:00+00:00 [queued]>
[2022-09-21 01:35:16,765] {taskinstance.py:1032} INFO - Dependencies all met for <TaskInstance: yellow_taxi_data_v2.rm_task scheduled__2020-03-02T06:00:00+00:00 [queued]>
[2022-09-21 01:35:16,766] {taskinstance.py:1238} INFO - 
--------------------------------------------------------------------------------
[2022-09-21 01:35:16,766] {taskinstance.py:1239} INFO - Starting attempt 1 of 2
[2022-09-21 01:35:16,766] {taskinstance.py:1240} INFO - 
--------------------------------------------------------------------------------
[2022-09-21 01:35:16,785] {taskinstance.py:1259} INFO - Executing <Task(BashOperator): rm_task> on 2020-03-02 06:00:00+00:00
[2022-09-21 01:35:16,793] {standard_task_runner.py:52} INFO - Started process 27918 to run task
[2022-09-21 01:35:16,799] {standard_task_runner.py:76} INFO - Running: ['***', 'tasks', 'run', 'yellow_taxi_data_v2', 'rm_task', 'scheduled__2020-03-02T06:00:00+00:00', '--job-id', '300', '--raw', '--subdir', 'DAGS_FOLDER/data_ingestion_gcs_dag.py', '--cfg-path', '/tmp/tmp0osd53nj', '--error-file', '/tmp/tmpf4tjzrsv']
[2022-09-21 01:35:16,804] {standard_task_runner.py:77} INFO - Job 300: Subtask rm_task
[2022-09-21 01:35:16,892] {logging_mixin.py:109} INFO - Running <TaskInstance: yellow_taxi_data_v2.rm_task scheduled__2020-03-02T06:00:00+00:00 [running]> on host 788dccad41b9
[2022-09-21 01:35:16,960] {warnings.py:110} WARNING - /home/***/.local/lib/python3.7/site-packages/***/utils/context.py:152: AirflowContextDeprecationWarning: Accessing 'execution_date' from the template is deprecated and will be removed in a future version. Please use 'data_interval_start' or 'logical_date' instead.
  warnings.warn(_create_deprecation_warning(key, self._deprecation_replacements[key]))

[2022-09-21 01:35:17,015] {taskinstance.py:1426} INFO - Exporting the following env vars:
AIRFLOW_CTX_DAG_OWNER=***
AIRFLOW_CTX_DAG_ID=yellow_taxi_data_v2
AIRFLOW_CTX_TASK_ID=rm_task
AIRFLOW_CTX_EXECUTION_DATE=2020-03-02T06:00:00+00:00
AIRFLOW_CTX_DAG_RUN_ID=scheduled__2020-03-02T06:00:00+00:00
[2022-09-21 01:35:17,017] {subprocess.py:62} INFO - Tmp dir root location: 
 /tmp
[2022-09-21 01:35:17,017] {subprocess.py:74} INFO - Running command: ['bash', '-c', 'rm /opt/***/yellow_tripdata_2020-03.parquet']
[2022-09-21 01:35:17,045] {subprocess.py:85} INFO - Output:
[2022-09-21 01:35:17,081] {subprocess.py:93} INFO - Command exited with return code 0
[2022-09-21 01:35:17,143] {taskinstance.py:1277} INFO - Marking task as SUCCESS. dag_id=yellow_taxi_data_v2, task_id=rm_task, execution_date=20200302T060000, start_date=20220921T013516, end_date=20220921T013517
[2022-09-21 01:35:17,198] {local_task_job.py:154} INFO - Task exited with return code 0
[2022-09-21 01:35:17,278] {local_task_job.py:264} INFO - 0 downstream tasks scheduled from follow-on schedule check
