[2022-09-17 07:13:52,769] {taskinstance.py:1032} INFO - Dependencies all met for <TaskInstance: green_taxi_data_v2.local_to_gcs_task scheduled__2019-11-02T06:00:00+00:00 [queued]>
[2022-09-17 07:13:52,784] {taskinstance.py:1032} INFO - Dependencies all met for <TaskInstance: green_taxi_data_v2.local_to_gcs_task scheduled__2019-11-02T06:00:00+00:00 [queued]>
[2022-09-17 07:13:52,784] {taskinstance.py:1238} INFO - 
--------------------------------------------------------------------------------
[2022-09-17 07:13:52,784] {taskinstance.py:1239} INFO - Starting attempt 1 of 2
[2022-09-17 07:13:52,784] {taskinstance.py:1240} INFO - 
--------------------------------------------------------------------------------
[2022-09-17 07:13:52,799] {taskinstance.py:1259} INFO - Executing <Task(PythonOperator): local_to_gcs_task> on 2019-11-02 06:00:00+00:00
[2022-09-17 07:13:52,806] {standard_task_runner.py:52} INFO - Started process 403 to run task
[2022-09-17 07:13:52,810] {standard_task_runner.py:76} INFO - Running: ['***', 'tasks', 'run', 'green_taxi_data_v2', 'local_to_gcs_task', 'scheduled__2019-11-02T06:00:00+00:00', '--job-id', '148', '--raw', '--subdir', 'DAGS_FOLDER/data_ingestion_gcs_dag.py', '--cfg-path', '/tmp/tmp02zwdkt8', '--error-file', '/tmp/tmphfhozi24']
[2022-09-17 07:13:52,812] {standard_task_runner.py:77} INFO - Job 148: Subtask local_to_gcs_task
[2022-09-17 07:13:52,879] {logging_mixin.py:109} INFO - Running <TaskInstance: green_taxi_data_v2.local_to_gcs_task scheduled__2019-11-02T06:00:00+00:00 [running]> on host ea53df3427ed
[2022-09-17 07:13:52,927] {warnings.py:110} WARNING - /home/***/.local/lib/python3.7/site-packages/***/utils/context.py:152: AirflowContextDeprecationWarning: Accessing 'execution_date' from the template is deprecated and will be removed in a future version. Please use 'data_interval_start' or 'logical_date' instead.
  warnings.warn(_create_deprecation_warning(key, self._deprecation_replacements[key]))

[2022-09-17 07:13:52,949] {taskinstance.py:1426} INFO - Exporting the following env vars:
AIRFLOW_CTX_DAG_OWNER=***
AIRFLOW_CTX_DAG_ID=green_taxi_data_v2
AIRFLOW_CTX_TASK_ID=local_to_gcs_task
AIRFLOW_CTX_EXECUTION_DATE=2019-11-02T06:00:00+00:00
AIRFLOW_CTX_DAG_RUN_ID=scheduled__2019-11-02T06:00:00+00:00
[2022-09-17 07:13:54,208] {python.py:175} INFO - Done. Returned value was: None
[2022-09-17 07:13:54,223] {taskinstance.py:1277} INFO - Marking task as SUCCESS. dag_id=green_taxi_data_v2, task_id=local_to_gcs_task, execution_date=20191102T060000, start_date=20220917T071352, end_date=20220917T071354
[2022-09-17 07:13:54,269] {local_task_job.py:154} INFO - Task exited with return code 0
[2022-09-17 07:13:54,309] {local_task_job.py:264} INFO - 1 downstream tasks scheduled from follow-on schedule check
[2022-09-20 15:32:50,104] {taskinstance.py:1032} INFO - Dependencies all met for <TaskInstance: green_taxi_data_v2.local_to_gcs_task scheduled__2019-11-02T06:00:00+00:00 [queued]>
[2022-09-20 15:32:50,132] {taskinstance.py:1032} INFO - Dependencies all met for <TaskInstance: green_taxi_data_v2.local_to_gcs_task scheduled__2019-11-02T06:00:00+00:00 [queued]>
[2022-09-20 15:32:50,133] {taskinstance.py:1238} INFO - 
--------------------------------------------------------------------------------
[2022-09-20 15:32:50,133] {taskinstance.py:1239} INFO - Starting attempt 1 of 2
[2022-09-20 15:32:50,133] {taskinstance.py:1240} INFO - 
--------------------------------------------------------------------------------
[2022-09-20 15:32:50,161] {taskinstance.py:1259} INFO - Executing <Task(PythonOperator): local_to_gcs_task> on 2019-11-02 06:00:00+00:00
[2022-09-20 15:32:50,171] {standard_task_runner.py:52} INFO - Started process 554 to run task
[2022-09-20 15:32:50,178] {standard_task_runner.py:76} INFO - Running: ['***', 'tasks', 'run', 'green_taxi_data_v2', 'local_to_gcs_task', 'scheduled__2019-11-02T06:00:00+00:00', '--job-id', '91', '--raw', '--subdir', 'DAGS_FOLDER/data_ingestion_gcs_dag.py', '--cfg-path', '/tmp/tmpgiebv2hz', '--error-file', '/tmp/tmp3jxy7lwt']
[2022-09-20 15:32:50,186] {standard_task_runner.py:77} INFO - Job 91: Subtask local_to_gcs_task
[2022-09-20 15:32:50,314] {logging_mixin.py:109} INFO - Running <TaskInstance: green_taxi_data_v2.local_to_gcs_task scheduled__2019-11-02T06:00:00+00:00 [running]> on host 788dccad41b9
[2022-09-20 15:32:50,407] {warnings.py:110} WARNING - /home/***/.local/lib/python3.7/site-packages/***/utils/context.py:152: AirflowContextDeprecationWarning: Accessing 'execution_date' from the template is deprecated and will be removed in a future version. Please use 'data_interval_start' or 'logical_date' instead.
  warnings.warn(_create_deprecation_warning(key, self._deprecation_replacements[key]))

[2022-09-20 15:32:50,480] {taskinstance.py:1426} INFO - Exporting the following env vars:
AIRFLOW_CTX_DAG_OWNER=***
AIRFLOW_CTX_DAG_ID=green_taxi_data_v2
AIRFLOW_CTX_TASK_ID=local_to_gcs_task
AIRFLOW_CTX_EXECUTION_DATE=2019-11-02T06:00:00+00:00
AIRFLOW_CTX_DAG_RUN_ID=scheduled__2019-11-02T06:00:00+00:00
[2022-09-20 15:32:50,813] {python.py:175} INFO - Done. Returned value was: None
[2022-09-20 15:32:50,832] {taskinstance.py:1277} INFO - Marking task as SUCCESS. dag_id=green_taxi_data_v2, task_id=local_to_gcs_task, execution_date=20191102T060000, start_date=20220920T153250, end_date=20220920T153250
[2022-09-20 15:32:50,887] {local_task_job.py:154} INFO - Task exited with return code 0
[2022-09-20 15:32:50,963] {local_task_job.py:264} INFO - 1 downstream tasks scheduled from follow-on schedule check
[2022-09-21 01:34:42,401] {taskinstance.py:1032} INFO - Dependencies all met for <TaskInstance: green_taxi_data_v2.local_to_gcs_task scheduled__2019-11-02T06:00:00+00:00 [queued]>
[2022-09-21 01:34:42,417] {taskinstance.py:1032} INFO - Dependencies all met for <TaskInstance: green_taxi_data_v2.local_to_gcs_task scheduled__2019-11-02T06:00:00+00:00 [queued]>
[2022-09-21 01:34:42,418] {taskinstance.py:1238} INFO - 
--------------------------------------------------------------------------------
[2022-09-21 01:34:42,418] {taskinstance.py:1239} INFO - Starting attempt 1 of 2
[2022-09-21 01:34:42,418] {taskinstance.py:1240} INFO - 
--------------------------------------------------------------------------------
[2022-09-21 01:34:42,436] {taskinstance.py:1259} INFO - Executing <Task(PythonOperator): local_to_gcs_task> on 2019-11-02 06:00:00+00:00
[2022-09-21 01:34:42,443] {standard_task_runner.py:52} INFO - Started process 27832 to run task
[2022-09-21 01:34:42,451] {standard_task_runner.py:76} INFO - Running: ['***', 'tasks', 'run', 'green_taxi_data_v2', 'local_to_gcs_task', 'scheduled__2019-11-02T06:00:00+00:00', '--job-id', '283', '--raw', '--subdir', 'DAGS_FOLDER/data_ingestion_gcs_dag.py', '--cfg-path', '/tmp/tmpj5gzuprn', '--error-file', '/tmp/tmpjgg21rzh']
[2022-09-21 01:34:42,453] {standard_task_runner.py:77} INFO - Job 283: Subtask local_to_gcs_task
[2022-09-21 01:34:42,538] {logging_mixin.py:109} INFO - Running <TaskInstance: green_taxi_data_v2.local_to_gcs_task scheduled__2019-11-02T06:00:00+00:00 [running]> on host 788dccad41b9
[2022-09-21 01:34:42,600] {warnings.py:110} WARNING - /home/***/.local/lib/python3.7/site-packages/***/utils/context.py:152: AirflowContextDeprecationWarning: Accessing 'execution_date' from the template is deprecated and will be removed in a future version. Please use 'data_interval_start' or 'logical_date' instead.
  warnings.warn(_create_deprecation_warning(key, self._deprecation_replacements[key]))

[2022-09-21 01:34:42,627] {taskinstance.py:1426} INFO - Exporting the following env vars:
AIRFLOW_CTX_DAG_OWNER=***
AIRFLOW_CTX_DAG_ID=green_taxi_data_v2
AIRFLOW_CTX_TASK_ID=local_to_gcs_task
AIRFLOW_CTX_EXECUTION_DATE=2019-11-02T06:00:00+00:00
AIRFLOW_CTX_DAG_RUN_ID=scheduled__2019-11-02T06:00:00+00:00
[2022-09-21 01:34:42,922] {python.py:175} INFO - Done. Returned value was: None
[2022-09-21 01:34:42,941] {taskinstance.py:1277} INFO - Marking task as SUCCESS. dag_id=green_taxi_data_v2, task_id=local_to_gcs_task, execution_date=20191102T060000, start_date=20220921T013442, end_date=20220921T013442
[2022-09-21 01:34:42,985] {local_task_job.py:154} INFO - Task exited with return code 0
[2022-09-21 01:34:43,037] {local_task_job.py:264} INFO - 1 downstream tasks scheduled from follow-on schedule check
