[2022-09-17 07:14:49,047] {taskinstance.py:1032} INFO - Dependencies all met for <TaskInstance: green_taxi_data_v2.local_to_gcs_task scheduled__2020-04-02T06:00:00+00:00 [queued]>
[2022-09-17 07:14:49,063] {taskinstance.py:1032} INFO - Dependencies all met for <TaskInstance: green_taxi_data_v2.local_to_gcs_task scheduled__2020-04-02T06:00:00+00:00 [queued]>
[2022-09-17 07:14:49,064] {taskinstance.py:1238} INFO - 
--------------------------------------------------------------------------------
[2022-09-17 07:14:49,064] {taskinstance.py:1239} INFO - Starting attempt 1 of 2
[2022-09-17 07:14:49,064] {taskinstance.py:1240} INFO - 
--------------------------------------------------------------------------------
[2022-09-17 07:14:49,080] {taskinstance.py:1259} INFO - Executing <Task(PythonOperator): local_to_gcs_task> on 2020-04-02 06:00:00+00:00
[2022-09-17 07:14:49,089] {standard_task_runner.py:52} INFO - Started process 522 to run task
[2022-09-17 07:14:49,094] {standard_task_runner.py:76} INFO - Running: ['***', 'tasks', 'run', 'green_taxi_data_v2', 'local_to_gcs_task', 'scheduled__2020-04-02T06:00:00+00:00', '--job-id', '165', '--raw', '--subdir', 'DAGS_FOLDER/data_ingestion_gcs_dag.py', '--cfg-path', '/tmp/tmpce4nt9x1', '--error-file', '/tmp/tmp5p8_1s7b']
[2022-09-17 07:14:49,095] {standard_task_runner.py:77} INFO - Job 165: Subtask local_to_gcs_task
[2022-09-17 07:14:49,192] {logging_mixin.py:109} INFO - Running <TaskInstance: green_taxi_data_v2.local_to_gcs_task scheduled__2020-04-02T06:00:00+00:00 [running]> on host ea53df3427ed
[2022-09-17 07:14:49,327] {warnings.py:110} WARNING - /home/***/.local/lib/python3.7/site-packages/***/utils/context.py:152: AirflowContextDeprecationWarning: Accessing 'execution_date' from the template is deprecated and will be removed in a future version. Please use 'data_interval_start' or 'logical_date' instead.
  warnings.warn(_create_deprecation_warning(key, self._deprecation_replacements[key]))

[2022-09-17 07:14:49,407] {taskinstance.py:1426} INFO - Exporting the following env vars:
AIRFLOW_CTX_DAG_OWNER=***
AIRFLOW_CTX_DAG_ID=green_taxi_data_v2
AIRFLOW_CTX_TASK_ID=local_to_gcs_task
AIRFLOW_CTX_EXECUTION_DATE=2020-04-02T06:00:00+00:00
AIRFLOW_CTX_DAG_RUN_ID=scheduled__2020-04-02T06:00:00+00:00
[2022-09-17 07:14:50,843] {python.py:175} INFO - Done. Returned value was: None
[2022-09-17 07:14:50,856] {taskinstance.py:1277} INFO - Marking task as SUCCESS. dag_id=green_taxi_data_v2, task_id=local_to_gcs_task, execution_date=20200402T060000, start_date=20220917T071449, end_date=20220917T071450
[2022-09-17 07:14:50,915] {local_task_job.py:154} INFO - Task exited with return code 0
[2022-09-17 07:14:50,954] {local_task_job.py:264} INFO - 1 downstream tasks scheduled from follow-on schedule check
[2022-09-20 15:34:31,455] {taskinstance.py:1032} INFO - Dependencies all met for <TaskInstance: green_taxi_data_v2.local_to_gcs_task scheduled__2020-04-02T06:00:00+00:00 [queued]>
[2022-09-20 15:34:31,485] {taskinstance.py:1032} INFO - Dependencies all met for <TaskInstance: green_taxi_data_v2.local_to_gcs_task scheduled__2020-04-02T06:00:00+00:00 [queued]>
[2022-09-20 15:34:31,485] {taskinstance.py:1238} INFO - 
--------------------------------------------------------------------------------
[2022-09-20 15:34:31,486] {taskinstance.py:1239} INFO - Starting attempt 1 of 2
[2022-09-20 15:34:31,486] {taskinstance.py:1240} INFO - 
--------------------------------------------------------------------------------
[2022-09-20 15:34:31,530] {taskinstance.py:1259} INFO - Executing <Task(PythonOperator): local_to_gcs_task> on 2020-04-02 06:00:00+00:00
[2022-09-20 15:34:31,539] {standard_task_runner.py:52} INFO - Started process 846 to run task
[2022-09-20 15:34:31,552] {standard_task_runner.py:76} INFO - Running: ['***', 'tasks', 'run', 'green_taxi_data_v2', 'local_to_gcs_task', 'scheduled__2020-04-02T06:00:00+00:00', '--job-id', '138', '--raw', '--subdir', 'DAGS_FOLDER/data_ingestion_gcs_dag.py', '--cfg-path', '/tmp/tmp3cdy3_tp', '--error-file', '/tmp/tmpmw_uzyg6']
[2022-09-20 15:34:31,553] {standard_task_runner.py:77} INFO - Job 138: Subtask local_to_gcs_task
[2022-09-20 15:34:31,693] {logging_mixin.py:109} INFO - Running <TaskInstance: green_taxi_data_v2.local_to_gcs_task scheduled__2020-04-02T06:00:00+00:00 [running]> on host 788dccad41b9
[2022-09-20 15:34:31,814] {warnings.py:110} WARNING - /home/***/.local/lib/python3.7/site-packages/***/utils/context.py:152: AirflowContextDeprecationWarning: Accessing 'execution_date' from the template is deprecated and will be removed in a future version. Please use 'data_interval_start' or 'logical_date' instead.
  warnings.warn(_create_deprecation_warning(key, self._deprecation_replacements[key]))

[2022-09-20 15:34:31,876] {taskinstance.py:1426} INFO - Exporting the following env vars:
AIRFLOW_CTX_DAG_OWNER=***
AIRFLOW_CTX_DAG_ID=green_taxi_data_v2
AIRFLOW_CTX_TASK_ID=local_to_gcs_task
AIRFLOW_CTX_EXECUTION_DATE=2020-04-02T06:00:00+00:00
AIRFLOW_CTX_DAG_RUN_ID=scheduled__2020-04-02T06:00:00+00:00
[2022-09-20 15:34:32,186] {python.py:175} INFO - Done. Returned value was: None
[2022-09-20 15:34:32,237] {taskinstance.py:1277} INFO - Marking task as SUCCESS. dag_id=green_taxi_data_v2, task_id=local_to_gcs_task, execution_date=20200402T060000, start_date=20220920T153431, end_date=20220920T153432
[2022-09-20 15:34:32,303] {local_task_job.py:154} INFO - Task exited with return code 0
[2022-09-20 15:34:32,364] {local_task_job.py:264} INFO - 1 downstream tasks scheduled from follow-on schedule check
[2022-09-21 01:36:15,503] {taskinstance.py:1032} INFO - Dependencies all met for <TaskInstance: green_taxi_data_v2.local_to_gcs_task scheduled__2020-04-02T06:00:00+00:00 [queued]>
[2022-09-21 01:36:15,520] {taskinstance.py:1032} INFO - Dependencies all met for <TaskInstance: green_taxi_data_v2.local_to_gcs_task scheduled__2020-04-02T06:00:00+00:00 [queued]>
[2022-09-21 01:36:15,520] {taskinstance.py:1238} INFO - 
--------------------------------------------------------------------------------
[2022-09-21 01:36:15,521] {taskinstance.py:1239} INFO - Starting attempt 1 of 2
[2022-09-21 01:36:15,521] {taskinstance.py:1240} INFO - 
--------------------------------------------------------------------------------
[2022-09-21 01:36:15,539] {taskinstance.py:1259} INFO - Executing <Task(PythonOperator): local_to_gcs_task> on 2020-04-02 06:00:00+00:00
[2022-09-21 01:36:15,546] {standard_task_runner.py:52} INFO - Started process 28127 to run task
[2022-09-21 01:36:15,555] {standard_task_runner.py:76} INFO - Running: ['***', 'tasks', 'run', 'green_taxi_data_v2', 'local_to_gcs_task', 'scheduled__2020-04-02T06:00:00+00:00', '--job-id', '335', '--raw', '--subdir', 'DAGS_FOLDER/data_ingestion_gcs_dag.py', '--cfg-path', '/tmp/tmpy543_0yt', '--error-file', '/tmp/tmpr8jw52sh']
[2022-09-21 01:36:15,557] {standard_task_runner.py:77} INFO - Job 335: Subtask local_to_gcs_task
[2022-09-21 01:36:15,642] {logging_mixin.py:109} INFO - Running <TaskInstance: green_taxi_data_v2.local_to_gcs_task scheduled__2020-04-02T06:00:00+00:00 [running]> on host 788dccad41b9
[2022-09-21 01:36:15,727] {warnings.py:110} WARNING - /home/***/.local/lib/python3.7/site-packages/***/utils/context.py:152: AirflowContextDeprecationWarning: Accessing 'execution_date' from the template is deprecated and will be removed in a future version. Please use 'data_interval_start' or 'logical_date' instead.
  warnings.warn(_create_deprecation_warning(key, self._deprecation_replacements[key]))

[2022-09-21 01:36:15,761] {taskinstance.py:1426} INFO - Exporting the following env vars:
AIRFLOW_CTX_DAG_OWNER=***
AIRFLOW_CTX_DAG_ID=green_taxi_data_v2
AIRFLOW_CTX_TASK_ID=local_to_gcs_task
AIRFLOW_CTX_EXECUTION_DATE=2020-04-02T06:00:00+00:00
AIRFLOW_CTX_DAG_RUN_ID=scheduled__2020-04-02T06:00:00+00:00
[2022-09-21 01:36:16,005] {python.py:175} INFO - Done. Returned value was: None
[2022-09-21 01:36:16,019] {taskinstance.py:1277} INFO - Marking task as SUCCESS. dag_id=green_taxi_data_v2, task_id=local_to_gcs_task, execution_date=20200402T060000, start_date=20220921T013615, end_date=20220921T013616
[2022-09-21 01:36:16,046] {local_task_job.py:154} INFO - Task exited with return code 0
[2022-09-21 01:36:16,091] {local_task_job.py:264} INFO - 1 downstream tasks scheduled from follow-on schedule check
