[2022-09-21 00:00:02,783] {taskinstance.py:1032} INFO - Dependencies all met for <TaskInstance: gcs_2_bq_dag.move_green_tripdata_files_task scheduled__2022-09-20T00:00:00+00:00 [queued]>
[2022-09-21 00:00:02,802] {taskinstance.py:1032} INFO - Dependencies all met for <TaskInstance: gcs_2_bq_dag.move_green_tripdata_files_task scheduled__2022-09-20T00:00:00+00:00 [queued]>
[2022-09-21 00:00:02,802] {taskinstance.py:1238} INFO - 
--------------------------------------------------------------------------------
[2022-09-21 00:00:02,802] {taskinstance.py:1239} INFO - Starting attempt 1 of 2
[2022-09-21 00:00:02,802] {taskinstance.py:1240} INFO - 
--------------------------------------------------------------------------------
[2022-09-21 00:00:02,820] {taskinstance.py:1259} INFO - Executing <Task(GCSToGCSOperator): move_green_tripdata_files_task> on 2022-09-20 00:00:00+00:00
[2022-09-21 00:00:02,829] {standard_task_runner.py:52} INFO - Started process 23320 to run task
[2022-09-21 00:00:02,844] {standard_task_runner.py:76} INFO - Running: ['***', 'tasks', 'run', 'gcs_2_bq_dag', 'move_green_tripdata_files_task', 'scheduled__2022-09-20T00:00:00+00:00', '--job-id', '196', '--raw', '--subdir', 'DAGS_FOLDER/gcs_to_bq_dag.py', '--cfg-path', '/tmp/tmpszgni9db', '--error-file', '/tmp/tmpci7yq9qe']
[2022-09-21 00:00:02,845] {standard_task_runner.py:77} INFO - Job 196: Subtask move_green_tripdata_files_task
[2022-09-21 00:00:02,977] {logging_mixin.py:109} INFO - Running <TaskInstance: gcs_2_bq_dag.move_green_tripdata_files_task scheduled__2022-09-20T00:00:00+00:00 [running]> on host 788dccad41b9
[2022-09-21 00:00:03,119] {taskinstance.py:1426} INFO - Exporting the following env vars:
AIRFLOW_CTX_DAG_OWNER=***
AIRFLOW_CTX_DAG_ID=gcs_2_bq_dag
AIRFLOW_CTX_TASK_ID=move_green_tripdata_files_task
AIRFLOW_CTX_EXECUTION_DATE=2022-09-20T00:00:00+00:00
AIRFLOW_CTX_DAG_RUN_ID=scheduled__2022-09-20T00:00:00+00:00
[2022-09-21 00:00:03,120] {crypto.py:82} WARNING - empty cryptography key - values will not be stored encrypted.
[2022-09-21 00:00:03,121] {gcs_to_gcs.py:346} INFO - Delimiter ignored because wildcard is in prefix
[2022-09-21 00:00:03,359] {taskinstance.py:1277} INFO - Marking task as SUCCESS. dag_id=gcs_2_bq_dag, task_id=move_green_tripdata_files_task, execution_date=20220920T000000, start_date=20220921T000002, end_date=20220921T000003
[2022-09-21 00:00:03,423] {local_task_job.py:154} INFO - Task exited with return code 0
[2022-09-21 00:00:03,482] {local_task_job.py:264} INFO - 1 downstream tasks scheduled from follow-on schedule check
[2022-09-21 01:37:16,343] {taskinstance.py:1032} INFO - Dependencies all met for <TaskInstance: gcs_2_bq_dag.move_green_tripdata_files_task scheduled__2022-09-20T00:00:00+00:00 [queued]>
[2022-09-21 01:37:16,357] {taskinstance.py:1032} INFO - Dependencies all met for <TaskInstance: gcs_2_bq_dag.move_green_tripdata_files_task scheduled__2022-09-20T00:00:00+00:00 [queued]>
[2022-09-21 01:37:16,357] {taskinstance.py:1238} INFO - 
--------------------------------------------------------------------------------
[2022-09-21 01:37:16,357] {taskinstance.py:1239} INFO - Starting attempt 1 of 2
[2022-09-21 01:37:16,357] {taskinstance.py:1240} INFO - 
--------------------------------------------------------------------------------
[2022-09-21 01:37:16,372] {taskinstance.py:1259} INFO - Executing <Task(GCSToGCSOperator): move_green_tripdata_files_task> on 2022-09-20 00:00:00+00:00
[2022-09-21 01:37:16,379] {standard_task_runner.py:52} INFO - Started process 28282 to run task
[2022-09-21 01:37:16,385] {standard_task_runner.py:76} INFO - Running: ['***', 'tasks', 'run', 'gcs_2_bq_dag', 'move_green_tripdata_files_task', 'scheduled__2022-09-20T00:00:00+00:00', '--job-id', '363', '--raw', '--subdir', 'DAGS_FOLDER/gcs_to_bq_dag.py', '--cfg-path', '/tmp/tmpzysc14tx', '--error-file', '/tmp/tmpnd4f27uw']
[2022-09-21 01:37:16,386] {standard_task_runner.py:77} INFO - Job 363: Subtask move_green_tripdata_files_task
[2022-09-21 01:37:16,465] {logging_mixin.py:109} INFO - Running <TaskInstance: gcs_2_bq_dag.move_green_tripdata_files_task scheduled__2022-09-20T00:00:00+00:00 [running]> on host 788dccad41b9
[2022-09-21 01:37:16,551] {taskinstance.py:1426} INFO - Exporting the following env vars:
AIRFLOW_CTX_DAG_OWNER=***
AIRFLOW_CTX_DAG_ID=gcs_2_bq_dag
AIRFLOW_CTX_TASK_ID=move_green_tripdata_files_task
AIRFLOW_CTX_EXECUTION_DATE=2022-09-20T00:00:00+00:00
AIRFLOW_CTX_DAG_RUN_ID=scheduled__2022-09-20T00:00:00+00:00
[2022-09-21 01:37:16,553] {crypto.py:82} WARNING - empty cryptography key - values will not be stored encrypted.
[2022-09-21 01:37:16,553] {gcs_to_gcs.py:346} INFO - Delimiter ignored because wildcard is in prefix
[2022-09-21 01:37:16,762] {gcs_to_gcs.py:431} INFO - Executing copy of gs://tez-bucket/raw/green_tripdata/2020/green_tripdata_2020-01.parquet to gs://tez-bucket/green/green_tripdata/2020/green_tripdata_2020-01.parquet
[2022-09-21 01:37:16,805] {gcs.py:251} INFO - Total Bytes: 7183298 | Bytes Written: 7183298
[2022-09-21 01:37:16,805] {gcs.py:264} INFO - Object raw/green_tripdata/2020/green_tripdata_2020-01.parquet in bucket tez-bucket rewritten to object green/green_tripdata/2020/green_tripdata_2020-01.parquet in bucket tez-bucket
[2022-09-21 01:37:16,829] {gcs.py:645} INFO - Blob raw/green_tripdata/2020/green_tripdata_2020-01.parquet deleted.
[2022-09-21 01:37:16,829] {gcs_to_gcs.py:431} INFO - Executing copy of gs://tez-bucket/raw/green_tripdata/2020/green_tripdata_2020-07.parquet to gs://tez-bucket/green/green_tripdata/2020/green_tripdata_2020-07.parquet
[2022-09-21 01:37:16,868] {gcs.py:251} INFO - Total Bytes: 1308197 | Bytes Written: 1308197
[2022-09-21 01:37:16,868] {gcs.py:264} INFO - Object raw/green_tripdata/2020/green_tripdata_2020-07.parquet in bucket tez-bucket rewritten to object green/green_tripdata/2020/green_tripdata_2020-07.parquet in bucket tez-bucket
[2022-09-21 01:37:16,894] {gcs.py:645} INFO - Blob raw/green_tripdata/2020/green_tripdata_2020-07.parquet deleted.
[2022-09-21 01:37:16,894] {gcs_to_gcs.py:431} INFO - Executing copy of gs://tez-bucket/raw/green_tripdata/2020/green_tripdata_2020-12.parquet to gs://tez-bucket/green/green_tripdata/2020/green_tripdata_2020-12.parquet
[2022-09-21 01:37:16,929] {gcs.py:251} INFO - Total Bytes: 1458436 | Bytes Written: 1458436
[2022-09-21 01:37:16,929] {gcs.py:264} INFO - Object raw/green_tripdata/2020/green_tripdata_2020-12.parquet in bucket tez-bucket rewritten to object green/green_tripdata/2020/green_tripdata_2020-12.parquet in bucket tez-bucket
[2022-09-21 01:37:16,952] {gcs.py:645} INFO - Blob raw/green_tripdata/2020/green_tripdata_2020-12.parquet deleted.
[2022-09-21 01:37:16,952] {gcs_to_gcs.py:431} INFO - Executing copy of gs://tez-bucket/raw/green_tripdata/2019/green_tripdata_2019-10.parquet to gs://tez-bucket/green/green_tripdata/2019/green_tripdata_2019-10.parquet
[2022-09-21 01:37:16,987] {gcs.py:251} INFO - Total Bytes: 7864969 | Bytes Written: 7864969
[2022-09-21 01:37:16,987] {gcs.py:264} INFO - Object raw/green_tripdata/2019/green_tripdata_2019-10.parquet in bucket tez-bucket rewritten to object green/green_tripdata/2019/green_tripdata_2019-10.parquet in bucket tez-bucket
[2022-09-21 01:37:17,010] {gcs.py:645} INFO - Blob raw/green_tripdata/2019/green_tripdata_2019-10.parquet deleted.
[2022-09-21 01:37:17,010] {gcs_to_gcs.py:431} INFO - Executing copy of gs://tez-bucket/raw/green_tripdata/2019/green_tripdata_2019-03.parquet to gs://tez-bucket/green/green_tripdata/2019/green_tripdata_2019-03.parquet
[2022-09-21 01:37:17,051] {gcs.py:251} INFO - Total Bytes: 10760872 | Bytes Written: 10760872
[2022-09-21 01:37:17,051] {gcs.py:264} INFO - Object raw/green_tripdata/2019/green_tripdata_2019-03.parquet in bucket tez-bucket rewritten to object green/green_tripdata/2019/green_tripdata_2019-03.parquet in bucket tez-bucket
[2022-09-21 01:37:17,076] {gcs.py:645} INFO - Blob raw/green_tripdata/2019/green_tripdata_2019-03.parquet deleted.
[2022-09-21 01:37:17,077] {gcs_to_gcs.py:431} INFO - Executing copy of gs://tez-bucket/raw/green_tripdata/2019/green_tripdata_2019-12.parquet to gs://tez-bucket/green/green_tripdata/2019/green_tripdata_2019-12.parquet
[2022-09-21 01:37:17,112] {gcs.py:251} INFO - Total Bytes: 7523110 | Bytes Written: 7523110
[2022-09-21 01:37:17,112] {gcs.py:264} INFO - Object raw/green_tripdata/2019/green_tripdata_2019-12.parquet in bucket tez-bucket rewritten to object green/green_tripdata/2019/green_tripdata_2019-12.parquet in bucket tez-bucket
[2022-09-21 01:37:17,135] {gcs.py:645} INFO - Blob raw/green_tripdata/2019/green_tripdata_2019-12.parquet deleted.
[2022-09-21 01:37:17,135] {gcs_to_gcs.py:431} INFO - Executing copy of gs://tez-bucket/raw/green_tripdata/2020/green_tripdata_2020-04.parquet to gs://tez-bucket/green/green_tripdata/2020/green_tripdata_2020-04.parquet
[2022-09-21 01:37:17,171] {gcs.py:251} INFO - Total Bytes: 713573 | Bytes Written: 713573
[2022-09-21 01:37:17,171] {gcs.py:264} INFO - Object raw/green_tripdata/2020/green_tripdata_2020-04.parquet in bucket tez-bucket rewritten to object green/green_tripdata/2020/green_tripdata_2020-04.parquet in bucket tez-bucket
[2022-09-21 01:37:17,193] {gcs.py:645} INFO - Blob raw/green_tripdata/2020/green_tripdata_2020-04.parquet deleted.
[2022-09-21 01:37:17,194] {gcs_to_gcs.py:431} INFO - Executing copy of gs://tez-bucket/raw/green_tripdata/2020/green_tripdata_2020-02.parquet to gs://tez-bucket/green/green_tripdata/2020/green_tripdata_2020-02.parquet
[2022-09-21 01:37:17,225] {gcs.py:251} INFO - Total Bytes: 6649395 | Bytes Written: 6649395
[2022-09-21 01:37:17,225] {gcs.py:264} INFO - Object raw/green_tripdata/2020/green_tripdata_2020-02.parquet in bucket tez-bucket rewritten to object green/green_tripdata/2020/green_tripdata_2020-02.parquet in bucket tez-bucket
[2022-09-21 01:37:17,250] {gcs.py:645} INFO - Blob raw/green_tripdata/2020/green_tripdata_2020-02.parquet deleted.
[2022-09-21 01:37:17,250] {gcs_to_gcs.py:431} INFO - Executing copy of gs://tez-bucket/raw/green_tripdata/2020/green_tripdata_2020-09.parquet to gs://tez-bucket/green/green_tripdata/2020/green_tripdata_2020-09.parquet
[2022-09-21 01:37:17,285] {gcs.py:251} INFO - Total Bytes: 1586731 | Bytes Written: 1586731
[2022-09-21 01:37:17,286] {gcs.py:264} INFO - Object raw/green_tripdata/2020/green_tripdata_2020-09.parquet in bucket tez-bucket rewritten to object green/green_tripdata/2020/green_tripdata_2020-09.parquet in bucket tez-bucket
[2022-09-21 01:37:17,309] {gcs.py:645} INFO - Blob raw/green_tripdata/2020/green_tripdata_2020-09.parquet deleted.
[2022-09-21 01:37:17,310] {gcs_to_gcs.py:431} INFO - Executing copy of gs://tez-bucket/raw/green_tripdata/2019/green_tripdata_2019-04.parquet to gs://tez-bucket/green/green_tripdata/2019/green_tripdata_2019-04.parquet
[2022-09-21 01:37:17,343] {gcs.py:251} INFO - Total Bytes: 9412998 | Bytes Written: 9412998
[2022-09-21 01:37:17,344] {gcs.py:264} INFO - Object raw/green_tripdata/2019/green_tripdata_2019-04.parquet in bucket tez-bucket rewritten to object green/green_tripdata/2019/green_tripdata_2019-04.parquet in bucket tez-bucket
[2022-09-21 01:37:17,370] {gcs.py:645} INFO - Blob raw/green_tripdata/2019/green_tripdata_2019-04.parquet deleted.
[2022-09-21 01:37:17,371] {gcs_to_gcs.py:431} INFO - Executing copy of gs://tez-bucket/raw/green_tripdata/2020/green_tripdata_2020-06.parquet to gs://tez-bucket/green/green_tripdata/2020/green_tripdata_2020-06.parquet
[2022-09-21 01:37:17,403] {gcs.py:251} INFO - Total Bytes: 1205174 | Bytes Written: 1205174
[2022-09-21 01:37:17,404] {gcs.py:264} INFO - Object raw/green_tripdata/2020/green_tripdata_2020-06.parquet in bucket tez-bucket rewritten to object green/green_tripdata/2020/green_tripdata_2020-06.parquet in bucket tez-bucket
[2022-09-21 01:37:17,428] {gcs.py:645} INFO - Blob raw/green_tripdata/2020/green_tripdata_2020-06.parquet deleted.
[2022-09-21 01:37:17,429] {gcs_to_gcs.py:431} INFO - Executing copy of gs://tez-bucket/raw/green_tripdata/2019/green_tripdata_2019-08.parquet to gs://tez-bucket/green/green_tripdata/2019/green_tripdata_2019-08.parquet
[2022-09-21 01:37:17,469] {gcs.py:251} INFO - Total Bytes: 7554849 | Bytes Written: 7554849
[2022-09-21 01:37:17,469] {gcs.py:264} INFO - Object raw/green_tripdata/2019/green_tripdata_2019-08.parquet in bucket tez-bucket rewritten to object green/green_tripdata/2019/green_tripdata_2019-08.parquet in bucket tez-bucket
[2022-09-21 01:37:17,491] {gcs.py:645} INFO - Blob raw/green_tripdata/2019/green_tripdata_2019-08.parquet deleted.
[2022-09-21 01:37:17,491] {gcs_to_gcs.py:431} INFO - Executing copy of gs://tez-bucket/raw/green_tripdata/2020/green_tripdata_2020-11.parquet to gs://tez-bucket/green/green_tripdata/2020/green_tripdata_2020-11.parquet
[2022-09-21 01:37:17,524] {gcs.py:251} INFO - Total Bytes: 1616478 | Bytes Written: 1616478
[2022-09-21 01:37:17,524] {gcs.py:264} INFO - Object raw/green_tripdata/2020/green_tripdata_2020-11.parquet in bucket tez-bucket rewritten to object green/green_tripdata/2020/green_tripdata_2020-11.parquet in bucket tez-bucket
[2022-09-21 01:37:17,547] {gcs.py:645} INFO - Blob raw/green_tripdata/2020/green_tripdata_2020-11.parquet deleted.
[2022-09-21 01:37:17,547] {gcs_to_gcs.py:431} INFO - Executing copy of gs://tez-bucket/raw/green_tripdata/2019/green_tripdata_2019-07.parquet to gs://tez-bucket/green/green_tripdata/2019/green_tripdata_2019-07.parquet
[2022-09-21 01:37:17,589] {gcs.py:251} INFO - Total Bytes: 7921122 | Bytes Written: 7921122
[2022-09-21 01:37:17,589] {gcs.py:264} INFO - Object raw/green_tripdata/2019/green_tripdata_2019-07.parquet in bucket tez-bucket rewritten to object green/green_tripdata/2019/green_tripdata_2019-07.parquet in bucket tez-bucket
[2022-09-21 01:37:17,610] {gcs.py:645} INFO - Blob raw/green_tripdata/2019/green_tripdata_2019-07.parquet deleted.
[2022-09-21 01:37:17,610] {gcs_to_gcs.py:431} INFO - Executing copy of gs://tez-bucket/raw/green_tripdata/2019/green_tripdata_2019-11.parquet to gs://tez-bucket/green/green_tripdata/2019/green_tripdata_2019-11.parquet
[2022-09-21 01:37:17,642] {gcs.py:251} INFO - Total Bytes: 7584466 | Bytes Written: 7584466
[2022-09-21 01:37:17,642] {gcs.py:264} INFO - Object raw/green_tripdata/2019/green_tripdata_2019-11.parquet in bucket tez-bucket rewritten to object green/green_tripdata/2019/green_tripdata_2019-11.parquet in bucket tez-bucket
[2022-09-21 01:37:17,665] {gcs.py:645} INFO - Blob raw/green_tripdata/2019/green_tripdata_2019-11.parquet deleted.
[2022-09-21 01:37:17,665] {gcs_to_gcs.py:431} INFO - Executing copy of gs://tez-bucket/raw/green_tripdata/2019/green_tripdata_2019-01.parquet to gs://tez-bucket/green/green_tripdata/2019/green_tripdata_2019-01.parquet
[2022-09-21 01:37:17,696] {gcs.py:251} INFO - Total Bytes: 11071980 | Bytes Written: 11071980
[2022-09-21 01:37:17,696] {gcs.py:264} INFO - Object raw/green_tripdata/2019/green_tripdata_2019-01.parquet in bucket tez-bucket rewritten to object green/green_tripdata/2019/green_tripdata_2019-01.parquet in bucket tez-bucket
[2022-09-21 01:37:17,718] {gcs.py:645} INFO - Blob raw/green_tripdata/2019/green_tripdata_2019-01.parquet deleted.
[2022-09-21 01:37:17,718] {gcs_to_gcs.py:431} INFO - Executing copy of gs://tez-bucket/raw/green_tripdata/2019/green_tripdata_2019-05.parquet to gs://tez-bucket/green/green_tripdata/2019/green_tripdata_2019-05.parquet
[2022-09-21 01:37:17,747] {gcs.py:251} INFO - Total Bytes: 9050672 | Bytes Written: 9050672
[2022-09-21 01:37:17,747] {gcs.py:264} INFO - Object raw/green_tripdata/2019/green_tripdata_2019-05.parquet in bucket tez-bucket rewritten to object green/green_tripdata/2019/green_tripdata_2019-05.parquet in bucket tez-bucket
[2022-09-21 01:37:17,767] {gcs.py:645} INFO - Blob raw/green_tripdata/2019/green_tripdata_2019-05.parquet deleted.
[2022-09-21 01:37:17,767] {gcs_to_gcs.py:431} INFO - Executing copy of gs://tez-bucket/raw/green_tripdata/2020/green_tripdata_2020-05.parquet to gs://tez-bucket/green/green_tripdata/2020/green_tripdata_2020-05.parquet
[2022-09-21 01:37:17,799] {gcs.py:251} INFO - Total Bytes: 1082586 | Bytes Written: 1082586
[2022-09-21 01:37:17,799] {gcs.py:264} INFO - Object raw/green_tripdata/2020/green_tripdata_2020-05.parquet in bucket tez-bucket rewritten to object green/green_tripdata/2020/green_tripdata_2020-05.parquet in bucket tez-bucket
[2022-09-21 01:37:17,822] {gcs.py:645} INFO - Blob raw/green_tripdata/2020/green_tripdata_2020-05.parquet deleted.
[2022-09-21 01:37:17,822] {gcs_to_gcs.py:431} INFO - Executing copy of gs://tez-bucket/raw/green_tripdata/2020/green_tripdata_2020-08.parquet to gs://tez-bucket/green/green_tripdata/2020/green_tripdata_2020-08.parquet
[2022-09-21 01:37:17,863] {gcs.py:251} INFO - Total Bytes: 1503105 | Bytes Written: 1503105
[2022-09-21 01:37:17,863] {gcs.py:264} INFO - Object raw/green_tripdata/2020/green_tripdata_2020-08.parquet in bucket tez-bucket rewritten to object green/green_tripdata/2020/green_tripdata_2020-08.parquet in bucket tez-bucket
[2022-09-21 01:37:17,886] {gcs.py:645} INFO - Blob raw/green_tripdata/2020/green_tripdata_2020-08.parquet deleted.
[2022-09-21 01:37:17,886] {gcs_to_gcs.py:431} INFO - Executing copy of gs://tez-bucket/raw/green_tripdata/2019/green_tripdata_2019-06.parquet to gs://tez-bucket/green/green_tripdata/2019/green_tripdata_2019-06.parquet
[2022-09-21 01:37:17,924] {gcs.py:251} INFO - Total Bytes: 8548670 | Bytes Written: 8548670
[2022-09-21 01:37:17,924] {gcs.py:264} INFO - Object raw/green_tripdata/2019/green_tripdata_2019-06.parquet in bucket tez-bucket rewritten to object green/green_tripdata/2019/green_tripdata_2019-06.parquet in bucket tez-bucket
[2022-09-21 01:37:17,946] {gcs.py:645} INFO - Blob raw/green_tripdata/2019/green_tripdata_2019-06.parquet deleted.
[2022-09-21 01:37:17,947] {gcs_to_gcs.py:431} INFO - Executing copy of gs://tez-bucket/raw/green_tripdata/2019/green_tripdata_2019-02.parquet to gs://tez-bucket/green/green_tripdata/2019/green_tripdata_2019-02.parquet
[2022-09-21 01:37:17,985] {gcs.py:251} INFO - Total Bytes: 10316792 | Bytes Written: 10316792
[2022-09-21 01:37:17,986] {gcs.py:264} INFO - Object raw/green_tripdata/2019/green_tripdata_2019-02.parquet in bucket tez-bucket rewritten to object green/green_tripdata/2019/green_tripdata_2019-02.parquet in bucket tez-bucket
[2022-09-21 01:37:18,012] {gcs.py:645} INFO - Blob raw/green_tripdata/2019/green_tripdata_2019-02.parquet deleted.
[2022-09-21 01:37:18,012] {gcs_to_gcs.py:431} INFO - Executing copy of gs://tez-bucket/raw/green_tripdata/2019/green_tripdata_2019-09.parquet to gs://tez-bucket/green/green_tripdata/2019/green_tripdata_2019-09.parquet
[2022-09-21 01:37:18,053] {gcs.py:251} INFO - Total Bytes: 7692006 | Bytes Written: 7692006
[2022-09-21 01:37:18,053] {gcs.py:264} INFO - Object raw/green_tripdata/2019/green_tripdata_2019-09.parquet in bucket tez-bucket rewritten to object green/green_tripdata/2019/green_tripdata_2019-09.parquet in bucket tez-bucket
[2022-09-21 01:37:18,077] {gcs.py:645} INFO - Blob raw/green_tripdata/2019/green_tripdata_2019-09.parquet deleted.
[2022-09-21 01:37:18,077] {gcs_to_gcs.py:431} INFO - Executing copy of gs://tez-bucket/raw/green_tripdata/2020/green_tripdata_2020-03.parquet to gs://tez-bucket/green/green_tripdata/2020/green_tripdata_2020-03.parquet
[2022-09-21 01:37:18,107] {gcs.py:251} INFO - Total Bytes: 4019591 | Bytes Written: 4019591
[2022-09-21 01:37:18,107] {gcs.py:264} INFO - Object raw/green_tripdata/2020/green_tripdata_2020-03.parquet in bucket tez-bucket rewritten to object green/green_tripdata/2020/green_tripdata_2020-03.parquet in bucket tez-bucket
[2022-09-21 01:37:18,131] {gcs.py:645} INFO - Blob raw/green_tripdata/2020/green_tripdata_2020-03.parquet deleted.
[2022-09-21 01:37:18,131] {gcs_to_gcs.py:431} INFO - Executing copy of gs://tez-bucket/raw/green_tripdata/2020/green_tripdata_2020-10.parquet to gs://tez-bucket/green/green_tripdata/2020/green_tripdata_2020-10.parquet
[2022-09-21 01:37:18,164] {gcs.py:251} INFO - Total Bytes: 1731109 | Bytes Written: 1731109
[2022-09-21 01:37:18,164] {gcs.py:264} INFO - Object raw/green_tripdata/2020/green_tripdata_2020-10.parquet in bucket tez-bucket rewritten to object green/green_tripdata/2020/green_tripdata_2020-10.parquet in bucket tez-bucket
[2022-09-21 01:37:18,187] {gcs.py:645} INFO - Blob raw/green_tripdata/2020/green_tripdata_2020-10.parquet deleted.
[2022-09-21 01:37:18,201] {taskinstance.py:1277} INFO - Marking task as SUCCESS. dag_id=gcs_2_bq_dag, task_id=move_green_tripdata_files_task, execution_date=20220920T000000, start_date=20220921T013716, end_date=20220921T013718
[2022-09-21 01:37:18,244] {local_task_job.py:154} INFO - Task exited with return code 0
[2022-09-21 01:37:18,300] {local_task_job.py:264} INFO - 1 downstream tasks scheduled from follow-on schedule check
