[2022-09-17 07:15:10,974] {taskinstance.py:1032} INFO - Dependencies all met for <TaskInstance: green_taxi_data_v2.rm_task scheduled__2020-06-02T06:00:00+00:00 [queued]>
[2022-09-17 07:15:10,991] {taskinstance.py:1032} INFO - Dependencies all met for <TaskInstance: green_taxi_data_v2.rm_task scheduled__2020-06-02T06:00:00+00:00 [queued]>
[2022-09-17 07:15:10,991] {taskinstance.py:1238} INFO - 
--------------------------------------------------------------------------------
[2022-09-17 07:15:10,991] {taskinstance.py:1239} INFO - Starting attempt 1 of 2
[2022-09-17 07:15:10,991] {taskinstance.py:1240} INFO - 
--------------------------------------------------------------------------------
[2022-09-17 07:15:11,009] {taskinstance.py:1259} INFO - Executing <Task(BashOperator): rm_task> on 2020-06-02 06:00:00+00:00
[2022-09-17 07:15:11,016] {standard_task_runner.py:52} INFO - Started process 574 to run task
[2022-09-17 07:15:11,022] {standard_task_runner.py:76} INFO - Running: ['***', 'tasks', 'run', 'green_taxi_data_v2', 'rm_task', 'scheduled__2020-06-02T06:00:00+00:00', '--job-id', '173', '--raw', '--subdir', 'DAGS_FOLDER/data_ingestion_gcs_dag.py', '--cfg-path', '/tmp/tmpemcm6so2', '--error-file', '/tmp/tmppoz8gz2g']
[2022-09-17 07:15:11,023] {standard_task_runner.py:77} INFO - Job 173: Subtask rm_task
[2022-09-17 07:15:11,120] {logging_mixin.py:109} INFO - Running <TaskInstance: green_taxi_data_v2.rm_task scheduled__2020-06-02T06:00:00+00:00 [running]> on host ea53df3427ed
[2022-09-17 07:15:11,178] {warnings.py:110} WARNING - /home/***/.local/lib/python3.7/site-packages/***/utils/context.py:152: AirflowContextDeprecationWarning: Accessing 'execution_date' from the template is deprecated and will be removed in a future version. Please use 'data_interval_start' or 'logical_date' instead.
  warnings.warn(_create_deprecation_warning(key, self._deprecation_replacements[key]))

[2022-09-17 07:15:11,205] {taskinstance.py:1426} INFO - Exporting the following env vars:
AIRFLOW_CTX_DAG_OWNER=***
AIRFLOW_CTX_DAG_ID=green_taxi_data_v2
AIRFLOW_CTX_TASK_ID=rm_task
AIRFLOW_CTX_EXECUTION_DATE=2020-06-02T06:00:00+00:00
AIRFLOW_CTX_DAG_RUN_ID=scheduled__2020-06-02T06:00:00+00:00
[2022-09-17 07:15:11,206] {subprocess.py:62} INFO - Tmp dir root location: 
 /tmp
[2022-09-17 07:15:11,207] {subprocess.py:74} INFO - Running command: ['bash', '-c', 'rm /opt/***/green_tripdata_2020-06.parquet']
[2022-09-17 07:15:11,230] {subprocess.py:85} INFO - Output:
[2022-09-17 07:15:11,237] {subprocess.py:93} INFO - Command exited with return code 0
[2022-09-17 07:15:11,277] {taskinstance.py:1277} INFO - Marking task as SUCCESS. dag_id=green_taxi_data_v2, task_id=rm_task, execution_date=20200602T060000, start_date=20220917T071510, end_date=20220917T071511
[2022-09-17 07:15:11,320] {local_task_job.py:154} INFO - Task exited with return code 0
[2022-09-17 07:15:11,389] {local_task_job.py:264} INFO - 0 downstream tasks scheduled from follow-on schedule check
[2022-09-20 15:35:05,126] {taskinstance.py:1032} INFO - Dependencies all met for <TaskInstance: green_taxi_data_v2.rm_task scheduled__2020-06-02T06:00:00+00:00 [queued]>
[2022-09-20 15:35:05,138] {taskinstance.py:1032} INFO - Dependencies all met for <TaskInstance: green_taxi_data_v2.rm_task scheduled__2020-06-02T06:00:00+00:00 [queued]>
[2022-09-20 15:35:05,138] {taskinstance.py:1238} INFO - 
--------------------------------------------------------------------------------
[2022-09-20 15:35:05,139] {taskinstance.py:1239} INFO - Starting attempt 1 of 2
[2022-09-20 15:35:05,139] {taskinstance.py:1240} INFO - 
--------------------------------------------------------------------------------
[2022-09-20 15:35:05,153] {taskinstance.py:1259} INFO - Executing <Task(BashOperator): rm_task> on 2020-06-02 06:00:00+00:00
[2022-09-20 15:35:05,159] {standard_task_runner.py:52} INFO - Started process 930 to run task
[2022-09-20 15:35:05,166] {standard_task_runner.py:76} INFO - Running: ['***', 'tasks', 'run', 'green_taxi_data_v2', 'rm_task', 'scheduled__2020-06-02T06:00:00+00:00', '--job-id', '155', '--raw', '--subdir', 'DAGS_FOLDER/data_ingestion_gcs_dag.py', '--cfg-path', '/tmp/tmpeud6a5rc', '--error-file', '/tmp/tmp8vuu69eh']
[2022-09-20 15:35:05,167] {standard_task_runner.py:77} INFO - Job 155: Subtask rm_task
[2022-09-20 15:35:05,252] {logging_mixin.py:109} INFO - Running <TaskInstance: green_taxi_data_v2.rm_task scheduled__2020-06-02T06:00:00+00:00 [running]> on host 788dccad41b9
[2022-09-20 15:35:05,304] {warnings.py:110} WARNING - /home/***/.local/lib/python3.7/site-packages/***/utils/context.py:152: AirflowContextDeprecationWarning: Accessing 'execution_date' from the template is deprecated and will be removed in a future version. Please use 'data_interval_start' or 'logical_date' instead.
  warnings.warn(_create_deprecation_warning(key, self._deprecation_replacements[key]))

[2022-09-20 15:35:05,330] {taskinstance.py:1426} INFO - Exporting the following env vars:
AIRFLOW_CTX_DAG_OWNER=***
AIRFLOW_CTX_DAG_ID=green_taxi_data_v2
AIRFLOW_CTX_TASK_ID=rm_task
AIRFLOW_CTX_EXECUTION_DATE=2020-06-02T06:00:00+00:00
AIRFLOW_CTX_DAG_RUN_ID=scheduled__2020-06-02T06:00:00+00:00
[2022-09-20 15:35:05,331] {subprocess.py:62} INFO - Tmp dir root location: 
 /tmp
[2022-09-20 15:35:05,332] {subprocess.py:74} INFO - Running command: ['bash', '-c', 'rm /opt/***/green_tripdata_2020-06.parquet']
[2022-09-20 15:35:05,349] {subprocess.py:85} INFO - Output:
[2022-09-20 15:35:05,354] {subprocess.py:93} INFO - Command exited with return code 0
[2022-09-20 15:35:05,394] {taskinstance.py:1277} INFO - Marking task as SUCCESS. dag_id=green_taxi_data_v2, task_id=rm_task, execution_date=20200602T060000, start_date=20220920T153505, end_date=20220920T153505
[2022-09-20 15:35:05,459] {local_task_job.py:154} INFO - Task exited with return code 0
[2022-09-20 15:35:05,501] {local_task_job.py:264} INFO - 0 downstream tasks scheduled from follow-on schedule check
[2022-09-21 01:36:27,741] {taskinstance.py:1032} INFO - Dependencies all met for <TaskInstance: green_taxi_data_v2.rm_task scheduled__2020-06-02T06:00:00+00:00 [queued]>
[2022-09-21 01:36:27,756] {taskinstance.py:1032} INFO - Dependencies all met for <TaskInstance: green_taxi_data_v2.rm_task scheduled__2020-06-02T06:00:00+00:00 [queued]>
[2022-09-21 01:36:27,757] {taskinstance.py:1238} INFO - 
--------------------------------------------------------------------------------
[2022-09-21 01:36:27,757] {taskinstance.py:1239} INFO - Starting attempt 1 of 2
[2022-09-21 01:36:27,757] {taskinstance.py:1240} INFO - 
--------------------------------------------------------------------------------
[2022-09-21 01:36:27,773] {taskinstance.py:1259} INFO - Executing <Task(BashOperator): rm_task> on 2020-06-02 06:00:00+00:00
[2022-09-21 01:36:27,781] {standard_task_runner.py:52} INFO - Started process 28165 to run task
[2022-09-21 01:36:27,791] {standard_task_runner.py:76} INFO - Running: ['***', 'tasks', 'run', 'green_taxi_data_v2', 'rm_task', 'scheduled__2020-06-02T06:00:00+00:00', '--job-id', '343', '--raw', '--subdir', 'DAGS_FOLDER/data_ingestion_gcs_dag.py', '--cfg-path', '/tmp/tmp6ah6smq1', '--error-file', '/tmp/tmpjrgu8fd4']
[2022-09-21 01:36:27,792] {standard_task_runner.py:77} INFO - Job 343: Subtask rm_task
[2022-09-21 01:36:27,881] {logging_mixin.py:109} INFO - Running <TaskInstance: green_taxi_data_v2.rm_task scheduled__2020-06-02T06:00:00+00:00 [running]> on host 788dccad41b9
[2022-09-21 01:36:27,947] {warnings.py:110} WARNING - /home/***/.local/lib/python3.7/site-packages/***/utils/context.py:152: AirflowContextDeprecationWarning: Accessing 'execution_date' from the template is deprecated and will be removed in a future version. Please use 'data_interval_start' or 'logical_date' instead.
  warnings.warn(_create_deprecation_warning(key, self._deprecation_replacements[key]))

[2022-09-21 01:36:27,972] {taskinstance.py:1426} INFO - Exporting the following env vars:
AIRFLOW_CTX_DAG_OWNER=***
AIRFLOW_CTX_DAG_ID=green_taxi_data_v2
AIRFLOW_CTX_TASK_ID=rm_task
AIRFLOW_CTX_EXECUTION_DATE=2020-06-02T06:00:00+00:00
AIRFLOW_CTX_DAG_RUN_ID=scheduled__2020-06-02T06:00:00+00:00
[2022-09-21 01:36:27,974] {subprocess.py:62} INFO - Tmp dir root location: 
 /tmp
[2022-09-21 01:36:27,975] {subprocess.py:74} INFO - Running command: ['bash', '-c', 'rm /opt/***/green_tripdata_2020-06.parquet']
[2022-09-21 01:36:27,994] {subprocess.py:85} INFO - Output:
[2022-09-21 01:36:28,000] {subprocess.py:93} INFO - Command exited with return code 0
[2022-09-21 01:36:28,036] {taskinstance.py:1277} INFO - Marking task as SUCCESS. dag_id=green_taxi_data_v2, task_id=rm_task, execution_date=20200602T060000, start_date=20220921T013627, end_date=20220921T013628
[2022-09-21 01:36:28,081] {local_task_job.py:154} INFO - Task exited with return code 0
[2022-09-21 01:36:28,126] {local_task_job.py:264} INFO - 0 downstream tasks scheduled from follow-on schedule check
