[2022-09-17 07:15:13,720] {taskinstance.py:1032} INFO - Dependencies all met for <TaskInstance: green_taxi_data_v2.download_dataset_task scheduled__2020-08-02T06:00:00+00:00 [queued]>
[2022-09-17 07:15:13,737] {taskinstance.py:1032} INFO - Dependencies all met for <TaskInstance: green_taxi_data_v2.download_dataset_task scheduled__2020-08-02T06:00:00+00:00 [queued]>
[2022-09-17 07:15:13,737] {taskinstance.py:1238} INFO - 
--------------------------------------------------------------------------------
[2022-09-17 07:15:13,737] {taskinstance.py:1239} INFO - Starting attempt 1 of 2
[2022-09-17 07:15:13,737] {taskinstance.py:1240} INFO - 
--------------------------------------------------------------------------------
[2022-09-17 07:15:13,755] {taskinstance.py:1259} INFO - Executing <Task(BashOperator): download_dataset_task> on 2020-08-02 06:00:00+00:00
[2022-09-17 07:15:13,763] {standard_task_runner.py:52} INFO - Started process 582 to run task
[2022-09-17 07:15:13,773] {standard_task_runner.py:76} INFO - Running: ['***', 'tasks', 'run', 'green_taxi_data_v2', 'download_dataset_task', 'scheduled__2020-08-02T06:00:00+00:00', '--job-id', '175', '--raw', '--subdir', 'DAGS_FOLDER/data_ingestion_gcs_dag.py', '--cfg-path', '/tmp/tmphtjoiw14', '--error-file', '/tmp/tmpg0g4g8xv']
[2022-09-17 07:15:13,775] {standard_task_runner.py:77} INFO - Job 175: Subtask download_dataset_task
[2022-09-17 07:15:13,862] {logging_mixin.py:109} INFO - Running <TaskInstance: green_taxi_data_v2.download_dataset_task scheduled__2020-08-02T06:00:00+00:00 [running]> on host ea53df3427ed
[2022-09-17 07:15:13,917] {warnings.py:110} WARNING - /home/***/.local/lib/python3.7/site-packages/***/utils/context.py:152: AirflowContextDeprecationWarning: Accessing 'execution_date' from the template is deprecated and will be removed in a future version. Please use 'data_interval_start' or 'logical_date' instead.
  warnings.warn(_create_deprecation_warning(key, self._deprecation_replacements[key]))

[2022-09-17 07:15:13,946] {taskinstance.py:1426} INFO - Exporting the following env vars:
AIRFLOW_CTX_DAG_OWNER=***
AIRFLOW_CTX_DAG_ID=green_taxi_data_v2
AIRFLOW_CTX_TASK_ID=download_dataset_task
AIRFLOW_CTX_EXECUTION_DATE=2020-08-02T06:00:00+00:00
AIRFLOW_CTX_DAG_RUN_ID=scheduled__2020-08-02T06:00:00+00:00
[2022-09-17 07:15:13,948] {subprocess.py:62} INFO - Tmp dir root location: 
 /tmp
[2022-09-17 07:15:13,949] {subprocess.py:74} INFO - Running command: ['bash', '-c', 'curl -sSLf https://d37ci6vzurychx.cloudfront.net/trip-data/green_tripdata_2020-08.parquet > /opt/***/green_tripdata_2020-08.parquet']
[2022-09-17 07:15:13,967] {subprocess.py:85} INFO - Output:
[2022-09-17 07:15:15,561] {subprocess.py:93} INFO - Command exited with return code 0
[2022-09-17 07:15:15,592] {taskinstance.py:1277} INFO - Marking task as SUCCESS. dag_id=green_taxi_data_v2, task_id=download_dataset_task, execution_date=20200802T060000, start_date=20220917T071513, end_date=20220917T071515
[2022-09-17 07:15:15,630] {local_task_job.py:154} INFO - Task exited with return code 0
[2022-09-17 07:15:15,674] {local_task_job.py:264} INFO - 1 downstream tasks scheduled from follow-on schedule check
[2022-09-20 15:35:09,374] {taskinstance.py:1032} INFO - Dependencies all met for <TaskInstance: green_taxi_data_v2.download_dataset_task scheduled__2020-08-02T06:00:00+00:00 [queued]>
[2022-09-20 15:35:09,391] {taskinstance.py:1032} INFO - Dependencies all met for <TaskInstance: green_taxi_data_v2.download_dataset_task scheduled__2020-08-02T06:00:00+00:00 [queued]>
[2022-09-20 15:35:09,391] {taskinstance.py:1238} INFO - 
--------------------------------------------------------------------------------
[2022-09-20 15:35:09,391] {taskinstance.py:1239} INFO - Starting attempt 1 of 2
[2022-09-20 15:35:09,392] {taskinstance.py:1240} INFO - 
--------------------------------------------------------------------------------
[2022-09-20 15:35:09,411] {taskinstance.py:1259} INFO - Executing <Task(BashOperator): download_dataset_task> on 2020-08-02 06:00:00+00:00
[2022-09-20 15:35:09,419] {standard_task_runner.py:52} INFO - Started process 944 to run task
[2022-09-20 15:35:09,425] {standard_task_runner.py:76} INFO - Running: ['***', 'tasks', 'run', 'green_taxi_data_v2', 'download_dataset_task', 'scheduled__2020-08-02T06:00:00+00:00', '--job-id', '158', '--raw', '--subdir', 'DAGS_FOLDER/data_ingestion_gcs_dag.py', '--cfg-path', '/tmp/tmpdqic9rvo', '--error-file', '/tmp/tmpx61xg4uy']
[2022-09-20 15:35:09,426] {standard_task_runner.py:77} INFO - Job 158: Subtask download_dataset_task
[2022-09-20 15:35:09,522] {logging_mixin.py:109} INFO - Running <TaskInstance: green_taxi_data_v2.download_dataset_task scheduled__2020-08-02T06:00:00+00:00 [running]> on host 788dccad41b9
[2022-09-20 15:35:09,589] {warnings.py:110} WARNING - /home/***/.local/lib/python3.7/site-packages/***/utils/context.py:152: AirflowContextDeprecationWarning: Accessing 'execution_date' from the template is deprecated and will be removed in a future version. Please use 'data_interval_start' or 'logical_date' instead.
  warnings.warn(_create_deprecation_warning(key, self._deprecation_replacements[key]))

[2022-09-20 15:35:09,620] {taskinstance.py:1426} INFO - Exporting the following env vars:
AIRFLOW_CTX_DAG_OWNER=***
AIRFLOW_CTX_DAG_ID=green_taxi_data_v2
AIRFLOW_CTX_TASK_ID=download_dataset_task
AIRFLOW_CTX_EXECUTION_DATE=2020-08-02T06:00:00+00:00
AIRFLOW_CTX_DAG_RUN_ID=scheduled__2020-08-02T06:00:00+00:00
[2022-09-20 15:35:09,621] {subprocess.py:62} INFO - Tmp dir root location: 
 /tmp
[2022-09-20 15:35:09,622] {subprocess.py:74} INFO - Running command: ['bash', '-c', 'curl -sSLf https://d37ci6vzurychx.cloudfront.net/trip-data/green_tripdata_2020-08.parquet > /opt/***/green_tripdata_2020-08.parquet']
[2022-09-20 15:35:09,642] {subprocess.py:85} INFO - Output:
[2022-09-20 15:35:11,774] {subprocess.py:93} INFO - Command exited with return code 0
[2022-09-20 15:35:11,860] {taskinstance.py:1277} INFO - Marking task as SUCCESS. dag_id=green_taxi_data_v2, task_id=download_dataset_task, execution_date=20200802T060000, start_date=20220920T153509, end_date=20220920T153511
[2022-09-20 15:35:11,937] {local_task_job.py:154} INFO - Task exited with return code 0
[2022-09-20 15:35:12,075] {local_task_job.py:264} INFO - 1 downstream tasks scheduled from follow-on schedule check
[2022-09-21 01:36:40,148] {taskinstance.py:1032} INFO - Dependencies all met for <TaskInstance: green_taxi_data_v2.download_dataset_task scheduled__2020-08-02T06:00:00+00:00 [queued]>
[2022-09-21 01:36:40,161] {taskinstance.py:1032} INFO - Dependencies all met for <TaskInstance: green_taxi_data_v2.download_dataset_task scheduled__2020-08-02T06:00:00+00:00 [queued]>
[2022-09-21 01:36:40,161] {taskinstance.py:1238} INFO - 
--------------------------------------------------------------------------------
[2022-09-21 01:36:40,161] {taskinstance.py:1239} INFO - Starting attempt 1 of 2
[2022-09-21 01:36:40,161] {taskinstance.py:1240} INFO - 
--------------------------------------------------------------------------------
[2022-09-21 01:36:40,174] {taskinstance.py:1259} INFO - Executing <Task(BashOperator): download_dataset_task> on 2020-08-02 06:00:00+00:00
[2022-09-21 01:36:40,181] {standard_task_runner.py:52} INFO - Started process 28177 to run task
[2022-09-21 01:36:40,188] {standard_task_runner.py:76} INFO - Running: ['***', 'tasks', 'run', 'green_taxi_data_v2', 'download_dataset_task', 'scheduled__2020-08-02T06:00:00+00:00', '--job-id', '345', '--raw', '--subdir', 'DAGS_FOLDER/data_ingestion_gcs_dag.py', '--cfg-path', '/tmp/tmpw59thhni', '--error-file', '/tmp/tmpkbzeu458']
[2022-09-21 01:36:40,190] {standard_task_runner.py:77} INFO - Job 345: Subtask download_dataset_task
[2022-09-21 01:36:40,278] {logging_mixin.py:109} INFO - Running <TaskInstance: green_taxi_data_v2.download_dataset_task scheduled__2020-08-02T06:00:00+00:00 [running]> on host 788dccad41b9
[2022-09-21 01:36:40,334] {warnings.py:110} WARNING - /home/***/.local/lib/python3.7/site-packages/***/utils/context.py:152: AirflowContextDeprecationWarning: Accessing 'execution_date' from the template is deprecated and will be removed in a future version. Please use 'data_interval_start' or 'logical_date' instead.
  warnings.warn(_create_deprecation_warning(key, self._deprecation_replacements[key]))

[2022-09-21 01:36:40,358] {taskinstance.py:1426} INFO - Exporting the following env vars:
AIRFLOW_CTX_DAG_OWNER=***
AIRFLOW_CTX_DAG_ID=green_taxi_data_v2
AIRFLOW_CTX_TASK_ID=download_dataset_task
AIRFLOW_CTX_EXECUTION_DATE=2020-08-02T06:00:00+00:00
AIRFLOW_CTX_DAG_RUN_ID=scheduled__2020-08-02T06:00:00+00:00
[2022-09-21 01:36:40,359] {subprocess.py:62} INFO - Tmp dir root location: 
 /tmp
[2022-09-21 01:36:40,360] {subprocess.py:74} INFO - Running command: ['bash', '-c', 'curl -sSLf https://d37ci6vzurychx.cloudfront.net/trip-data/green_tripdata_2020-08.parquet > /opt/***/green_tripdata_2020-08.parquet']
[2022-09-21 01:36:40,377] {subprocess.py:85} INFO - Output:
[2022-09-21 01:36:41,950] {subprocess.py:93} INFO - Command exited with return code 0
[2022-09-21 01:36:41,983] {taskinstance.py:1277} INFO - Marking task as SUCCESS. dag_id=green_taxi_data_v2, task_id=download_dataset_task, execution_date=20200802T060000, start_date=20220921T013640, end_date=20220921T013641
[2022-09-21 01:36:42,046] {local_task_job.py:154} INFO - Task exited with return code 0
[2022-09-21 01:36:42,171] {local_task_job.py:264} INFO - 0 downstream tasks scheduled from follow-on schedule check
