[2022-09-17 06:07:40,053] {taskinstance.py:1032} INFO - Dependencies all met for <TaskInstance: yellow_taxi_data_v2.rm_task scheduled__2020-10-02T06:00:00+00:00 [queued]>
[2022-09-17 06:07:40,069] {taskinstance.py:1032} INFO - Dependencies all met for <TaskInstance: yellow_taxi_data_v2.rm_task scheduled__2020-10-02T06:00:00+00:00 [queued]>
[2022-09-17 06:07:40,069] {taskinstance.py:1238} INFO - 
--------------------------------------------------------------------------------
[2022-09-17 06:07:40,069] {taskinstance.py:1239} INFO - Starting attempt 1 of 2
[2022-09-17 06:07:40,069] {taskinstance.py:1240} INFO - 
--------------------------------------------------------------------------------
[2022-09-17 06:07:40,084] {taskinstance.py:1259} INFO - Executing <Task(BashOperator): rm_task> on 2020-10-02 06:00:00+00:00
[2022-09-17 06:07:40,091] {standard_task_runner.py:52} INFO - Started process 5337 to run task
[2022-09-17 06:07:40,096] {standard_task_runner.py:76} INFO - Running: ['***', 'tasks', 'run', 'yellow_taxi_data_v2', 'rm_task', 'scheduled__2020-10-02T06:00:00+00:00', '--job-id', '70', '--raw', '--subdir', 'DAGS_FOLDER/data_ingestion_gcs_dag.py', '--cfg-path', '/tmp/tmp5hvd8618', '--error-file', '/tmp/tmpdf4tl5eg']
[2022-09-17 06:07:40,098] {standard_task_runner.py:77} INFO - Job 70: Subtask rm_task
[2022-09-17 06:07:40,173] {logging_mixin.py:109} INFO - Running <TaskInstance: yellow_taxi_data_v2.rm_task scheduled__2020-10-02T06:00:00+00:00 [running]> on host 10d063af5ba7
[2022-09-17 06:07:40,222] {warnings.py:110} WARNING - /home/***/.local/lib/python3.7/site-packages/***/utils/context.py:152: AirflowContextDeprecationWarning: Accessing 'execution_date' from the template is deprecated and will be removed in a future version. Please use 'data_interval_start' or 'logical_date' instead.
  warnings.warn(_create_deprecation_warning(key, self._deprecation_replacements[key]))

[2022-09-17 06:07:40,246] {taskinstance.py:1426} INFO - Exporting the following env vars:
AIRFLOW_CTX_DAG_OWNER=***
AIRFLOW_CTX_DAG_ID=yellow_taxi_data_v2
AIRFLOW_CTX_TASK_ID=rm_task
AIRFLOW_CTX_EXECUTION_DATE=2020-10-02T06:00:00+00:00
AIRFLOW_CTX_DAG_RUN_ID=scheduled__2020-10-02T06:00:00+00:00
[2022-09-17 06:07:40,247] {subprocess.py:62} INFO - Tmp dir root location: 
 /tmp
[2022-09-17 06:07:40,248] {subprocess.py:74} INFO - Running command: ['bash', '-c', 'rm /opt/***/yellow_tripdata_2020-10.parquet']
[2022-09-17 06:07:40,264] {subprocess.py:85} INFO - Output:
[2022-09-17 06:07:40,273] {subprocess.py:93} INFO - Command exited with return code 0
[2022-09-17 06:07:40,303] {taskinstance.py:1277} INFO - Marking task as SUCCESS. dag_id=yellow_taxi_data_v2, task_id=rm_task, execution_date=20201002T060000, start_date=20220917T060740, end_date=20220917T060740
[2022-09-17 06:07:40,348] {local_task_job.py:154} INFO - Task exited with return code 0
[2022-09-17 06:07:40,387] {local_task_job.py:264} INFO - 0 downstream tasks scheduled from follow-on schedule check
[2022-09-20 15:35:20,978] {taskinstance.py:1032} INFO - Dependencies all met for <TaskInstance: yellow_taxi_data_v2.rm_task scheduled__2020-10-02T06:00:00+00:00 [queued]>
[2022-09-20 15:35:20,992] {taskinstance.py:1032} INFO - Dependencies all met for <TaskInstance: yellow_taxi_data_v2.rm_task scheduled__2020-10-02T06:00:00+00:00 [queued]>
[2022-09-20 15:35:20,992] {taskinstance.py:1238} INFO - 
--------------------------------------------------------------------------------
[2022-09-20 15:35:20,993] {taskinstance.py:1239} INFO - Starting attempt 1 of 2
[2022-09-20 15:35:20,993] {taskinstance.py:1240} INFO - 
--------------------------------------------------------------------------------
[2022-09-20 15:35:21,009] {taskinstance.py:1259} INFO - Executing <Task(BashOperator): rm_task> on 2020-10-02 06:00:00+00:00
[2022-09-20 15:35:21,016] {standard_task_runner.py:52} INFO - Started process 1000 to run task
[2022-09-20 15:35:21,022] {standard_task_runner.py:76} INFO - Running: ['***', 'tasks', 'run', 'yellow_taxi_data_v2', 'rm_task', 'scheduled__2020-10-02T06:00:00+00:00', '--job-id', '169', '--raw', '--subdir', 'DAGS_FOLDER/data_ingestion_gcs_dag.py', '--cfg-path', '/tmp/tmp35p96voy', '--error-file', '/tmp/tmps8pa460e']
[2022-09-20 15:35:21,024] {standard_task_runner.py:77} INFO - Job 169: Subtask rm_task
[2022-09-20 15:35:21,107] {logging_mixin.py:109} INFO - Running <TaskInstance: yellow_taxi_data_v2.rm_task scheduled__2020-10-02T06:00:00+00:00 [running]> on host 788dccad41b9
[2022-09-20 15:35:21,165] {warnings.py:110} WARNING - /home/***/.local/lib/python3.7/site-packages/***/utils/context.py:152: AirflowContextDeprecationWarning: Accessing 'execution_date' from the template is deprecated and will be removed in a future version. Please use 'data_interval_start' or 'logical_date' instead.
  warnings.warn(_create_deprecation_warning(key, self._deprecation_replacements[key]))

[2022-09-20 15:35:21,191] {taskinstance.py:1426} INFO - Exporting the following env vars:
AIRFLOW_CTX_DAG_OWNER=***
AIRFLOW_CTX_DAG_ID=yellow_taxi_data_v2
AIRFLOW_CTX_TASK_ID=rm_task
AIRFLOW_CTX_EXECUTION_DATE=2020-10-02T06:00:00+00:00
AIRFLOW_CTX_DAG_RUN_ID=scheduled__2020-10-02T06:00:00+00:00
[2022-09-20 15:35:21,192] {subprocess.py:62} INFO - Tmp dir root location: 
 /tmp
[2022-09-20 15:35:21,193] {subprocess.py:74} INFO - Running command: ['bash', '-c', 'rm /opt/***/yellow_tripdata_2020-10.parquet']
[2022-09-20 15:35:21,209] {subprocess.py:85} INFO - Output:
[2022-09-20 15:35:21,217] {subprocess.py:93} INFO - Command exited with return code 0
[2022-09-20 15:35:21,251] {taskinstance.py:1277} INFO - Marking task as SUCCESS. dag_id=yellow_taxi_data_v2, task_id=rm_task, execution_date=20201002T060000, start_date=20220920T153520, end_date=20220920T153521
[2022-09-20 15:35:21,315] {local_task_job.py:154} INFO - Task exited with return code 0
[2022-09-20 15:35:21,356] {local_task_job.py:264} INFO - 0 downstream tasks scheduled from follow-on schedule check
[2022-09-21 01:36:13,900] {taskinstance.py:1032} INFO - Dependencies all met for <TaskInstance: yellow_taxi_data_v2.rm_task scheduled__2020-10-02T06:00:00+00:00 [queued]>
[2022-09-21 01:36:13,914] {taskinstance.py:1032} INFO - Dependencies all met for <TaskInstance: yellow_taxi_data_v2.rm_task scheduled__2020-10-02T06:00:00+00:00 [queued]>
[2022-09-21 01:36:13,915] {taskinstance.py:1238} INFO - 
--------------------------------------------------------------------------------
[2022-09-21 01:36:13,915] {taskinstance.py:1239} INFO - Starting attempt 1 of 2
[2022-09-21 01:36:13,915] {taskinstance.py:1240} INFO - 
--------------------------------------------------------------------------------
[2022-09-21 01:36:13,928] {taskinstance.py:1259} INFO - Executing <Task(BashOperator): rm_task> on 2020-10-02 06:00:00+00:00
[2022-09-21 01:36:13,935] {standard_task_runner.py:52} INFO - Started process 28118 to run task
[2022-09-21 01:36:13,941] {standard_task_runner.py:76} INFO - Running: ['***', 'tasks', 'run', 'yellow_taxi_data_v2', 'rm_task', 'scheduled__2020-10-02T06:00:00+00:00', '--job-id', '333', '--raw', '--subdir', 'DAGS_FOLDER/data_ingestion_gcs_dag.py', '--cfg-path', '/tmp/tmpjczjlx2_', '--error-file', '/tmp/tmpoj3xskc2']
[2022-09-21 01:36:13,942] {standard_task_runner.py:77} INFO - Job 333: Subtask rm_task
[2022-09-21 01:36:14,035] {logging_mixin.py:109} INFO - Running <TaskInstance: yellow_taxi_data_v2.rm_task scheduled__2020-10-02T06:00:00+00:00 [running]> on host 788dccad41b9
[2022-09-21 01:36:14,090] {warnings.py:110} WARNING - /home/***/.local/lib/python3.7/site-packages/***/utils/context.py:152: AirflowContextDeprecationWarning: Accessing 'execution_date' from the template is deprecated and will be removed in a future version. Please use 'data_interval_start' or 'logical_date' instead.
  warnings.warn(_create_deprecation_warning(key, self._deprecation_replacements[key]))

[2022-09-21 01:36:14,144] {taskinstance.py:1426} INFO - Exporting the following env vars:
AIRFLOW_CTX_DAG_OWNER=***
AIRFLOW_CTX_DAG_ID=yellow_taxi_data_v2
AIRFLOW_CTX_TASK_ID=rm_task
AIRFLOW_CTX_EXECUTION_DATE=2020-10-02T06:00:00+00:00
AIRFLOW_CTX_DAG_RUN_ID=scheduled__2020-10-02T06:00:00+00:00
[2022-09-21 01:36:14,148] {subprocess.py:62} INFO - Tmp dir root location: 
 /tmp
[2022-09-21 01:36:14,149] {subprocess.py:74} INFO - Running command: ['bash', '-c', 'rm /opt/***/yellow_tripdata_2020-10.parquet']
[2022-09-21 01:36:14,169] {subprocess.py:85} INFO - Output:
[2022-09-21 01:36:14,185] {subprocess.py:93} INFO - Command exited with return code 0
[2022-09-21 01:36:14,293] {taskinstance.py:1277} INFO - Marking task as SUCCESS. dag_id=yellow_taxi_data_v2, task_id=rm_task, execution_date=20201002T060000, start_date=20220921T013613, end_date=20220921T013614
[2022-09-21 01:36:14,357] {local_task_job.py:154} INFO - Task exited with return code 0
[2022-09-21 01:36:14,411] {local_task_job.py:264} INFO - 0 downstream tasks scheduled from follow-on schedule check
