[2022-09-17 07:14:49,122] {taskinstance.py:1032} INFO - Dependencies all met for <TaskInstance: green_taxi_data_v2.local_to_gcs_task scheduled__2020-05-02T06:00:00+00:00 [queued]>
[2022-09-17 07:14:49,136] {taskinstance.py:1032} INFO - Dependencies all met for <TaskInstance: green_taxi_data_v2.local_to_gcs_task scheduled__2020-05-02T06:00:00+00:00 [queued]>
[2022-09-17 07:14:49,136] {taskinstance.py:1238} INFO - 
--------------------------------------------------------------------------------
[2022-09-17 07:14:49,136] {taskinstance.py:1239} INFO - Starting attempt 1 of 2
[2022-09-17 07:14:49,136] {taskinstance.py:1240} INFO - 
--------------------------------------------------------------------------------
[2022-09-17 07:14:49,158] {taskinstance.py:1259} INFO - Executing <Task(PythonOperator): local_to_gcs_task> on 2020-05-02 06:00:00+00:00
[2022-09-17 07:14:49,165] {standard_task_runner.py:52} INFO - Started process 523 to run task
[2022-09-17 07:14:49,177] {standard_task_runner.py:76} INFO - Running: ['***', 'tasks', 'run', 'green_taxi_data_v2', 'local_to_gcs_task', 'scheduled__2020-05-02T06:00:00+00:00', '--job-id', '166', '--raw', '--subdir', 'DAGS_FOLDER/data_ingestion_gcs_dag.py', '--cfg-path', '/tmp/tmpb9e2wemf', '--error-file', '/tmp/tmpbts7_k40']
[2022-09-17 07:14:49,179] {standard_task_runner.py:77} INFO - Job 166: Subtask local_to_gcs_task
[2022-09-17 07:14:49,365] {logging_mixin.py:109} INFO - Running <TaskInstance: green_taxi_data_v2.local_to_gcs_task scheduled__2020-05-02T06:00:00+00:00 [running]> on host ea53df3427ed
[2022-09-17 07:14:49,446] {warnings.py:110} WARNING - /home/***/.local/lib/python3.7/site-packages/***/utils/context.py:152: AirflowContextDeprecationWarning: Accessing 'execution_date' from the template is deprecated and will be removed in a future version. Please use 'data_interval_start' or 'logical_date' instead.
  warnings.warn(_create_deprecation_warning(key, self._deprecation_replacements[key]))

[2022-09-17 07:14:49,473] {taskinstance.py:1426} INFO - Exporting the following env vars:
AIRFLOW_CTX_DAG_OWNER=***
AIRFLOW_CTX_DAG_ID=green_taxi_data_v2
AIRFLOW_CTX_TASK_ID=local_to_gcs_task
AIRFLOW_CTX_EXECUTION_DATE=2020-05-02T06:00:00+00:00
AIRFLOW_CTX_DAG_RUN_ID=scheduled__2020-05-02T06:00:00+00:00
[2022-09-17 07:14:50,486] {python.py:175} INFO - Done. Returned value was: None
[2022-09-17 07:14:50,505] {taskinstance.py:1277} INFO - Marking task as SUCCESS. dag_id=green_taxi_data_v2, task_id=local_to_gcs_task, execution_date=20200502T060000, start_date=20220917T071449, end_date=20220917T071450
[2022-09-17 07:14:50,558] {local_task_job.py:154} INFO - Task exited with return code 0
[2022-09-17 07:14:50,597] {local_task_job.py:264} INFO - 1 downstream tasks scheduled from follow-on schedule check
[2022-09-20 15:34:31,691] {taskinstance.py:1032} INFO - Dependencies all met for <TaskInstance: green_taxi_data_v2.local_to_gcs_task scheduled__2020-05-02T06:00:00+00:00 [queued]>
[2022-09-20 15:34:31,746] {taskinstance.py:1032} INFO - Dependencies all met for <TaskInstance: green_taxi_data_v2.local_to_gcs_task scheduled__2020-05-02T06:00:00+00:00 [queued]>
[2022-09-20 15:34:31,746] {taskinstance.py:1238} INFO - 
--------------------------------------------------------------------------------
[2022-09-20 15:34:31,746] {taskinstance.py:1239} INFO - Starting attempt 1 of 2
[2022-09-20 15:34:31,746] {taskinstance.py:1240} INFO - 
--------------------------------------------------------------------------------
[2022-09-20 15:34:31,796] {taskinstance.py:1259} INFO - Executing <Task(PythonOperator): local_to_gcs_task> on 2020-05-02 06:00:00+00:00
[2022-09-20 15:34:31,807] {standard_task_runner.py:52} INFO - Started process 847 to run task
[2022-09-20 15:34:31,820] {standard_task_runner.py:76} INFO - Running: ['***', 'tasks', 'run', 'green_taxi_data_v2', 'local_to_gcs_task', 'scheduled__2020-05-02T06:00:00+00:00', '--job-id', '139', '--raw', '--subdir', 'DAGS_FOLDER/data_ingestion_gcs_dag.py', '--cfg-path', '/tmp/tmp_uc0sqlz', '--error-file', '/tmp/tmpdf312ixf']
[2022-09-20 15:34:31,821] {standard_task_runner.py:77} INFO - Job 139: Subtask local_to_gcs_task
[2022-09-20 15:34:31,958] {logging_mixin.py:109} INFO - Running <TaskInstance: green_taxi_data_v2.local_to_gcs_task scheduled__2020-05-02T06:00:00+00:00 [running]> on host 788dccad41b9
[2022-09-20 15:34:32,075] {warnings.py:110} WARNING - /home/***/.local/lib/python3.7/site-packages/***/utils/context.py:152: AirflowContextDeprecationWarning: Accessing 'execution_date' from the template is deprecated and will be removed in a future version. Please use 'data_interval_start' or 'logical_date' instead.
  warnings.warn(_create_deprecation_warning(key, self._deprecation_replacements[key]))

[2022-09-20 15:34:32,133] {taskinstance.py:1426} INFO - Exporting the following env vars:
AIRFLOW_CTX_DAG_OWNER=***
AIRFLOW_CTX_DAG_ID=green_taxi_data_v2
AIRFLOW_CTX_TASK_ID=local_to_gcs_task
AIRFLOW_CTX_EXECUTION_DATE=2020-05-02T06:00:00+00:00
AIRFLOW_CTX_DAG_RUN_ID=scheduled__2020-05-02T06:00:00+00:00
[2022-09-20 15:34:32,412] {python.py:175} INFO - Done. Returned value was: None
[2022-09-20 15:34:32,444] {taskinstance.py:1277} INFO - Marking task as SUCCESS. dag_id=green_taxi_data_v2, task_id=local_to_gcs_task, execution_date=20200502T060000, start_date=20220920T153431, end_date=20220920T153432
[2022-09-20 15:34:32,481] {local_task_job.py:154} INFO - Task exited with return code 0
[2022-09-20 15:34:32,533] {local_task_job.py:264} INFO - 1 downstream tasks scheduled from follow-on schedule check
[2022-09-21 01:36:15,506] {taskinstance.py:1032} INFO - Dependencies all met for <TaskInstance: green_taxi_data_v2.local_to_gcs_task scheduled__2020-05-02T06:00:00+00:00 [queued]>
[2022-09-21 01:36:15,520] {taskinstance.py:1032} INFO - Dependencies all met for <TaskInstance: green_taxi_data_v2.local_to_gcs_task scheduled__2020-05-02T06:00:00+00:00 [queued]>
[2022-09-21 01:36:15,520] {taskinstance.py:1238} INFO - 
--------------------------------------------------------------------------------
[2022-09-21 01:36:15,520] {taskinstance.py:1239} INFO - Starting attempt 1 of 2
[2022-09-21 01:36:15,521] {taskinstance.py:1240} INFO - 
--------------------------------------------------------------------------------
[2022-09-21 01:36:15,536] {taskinstance.py:1259} INFO - Executing <Task(PythonOperator): local_to_gcs_task> on 2020-05-02 06:00:00+00:00
[2022-09-21 01:36:15,544] {standard_task_runner.py:52} INFO - Started process 28126 to run task
[2022-09-21 01:36:15,550] {standard_task_runner.py:76} INFO - Running: ['***', 'tasks', 'run', 'green_taxi_data_v2', 'local_to_gcs_task', 'scheduled__2020-05-02T06:00:00+00:00', '--job-id', '336', '--raw', '--subdir', 'DAGS_FOLDER/data_ingestion_gcs_dag.py', '--cfg-path', '/tmp/tmph2vo6rp7', '--error-file', '/tmp/tmpnmlcwm9_']
[2022-09-21 01:36:15,552] {standard_task_runner.py:77} INFO - Job 336: Subtask local_to_gcs_task
[2022-09-21 01:36:15,629] {logging_mixin.py:109} INFO - Running <TaskInstance: green_taxi_data_v2.local_to_gcs_task scheduled__2020-05-02T06:00:00+00:00 [running]> on host 788dccad41b9
[2022-09-21 01:36:15,715] {warnings.py:110} WARNING - /home/***/.local/lib/python3.7/site-packages/***/utils/context.py:152: AirflowContextDeprecationWarning: Accessing 'execution_date' from the template is deprecated and will be removed in a future version. Please use 'data_interval_start' or 'logical_date' instead.
  warnings.warn(_create_deprecation_warning(key, self._deprecation_replacements[key]))

[2022-09-21 01:36:15,751] {taskinstance.py:1426} INFO - Exporting the following env vars:
AIRFLOW_CTX_DAG_OWNER=***
AIRFLOW_CTX_DAG_ID=green_taxi_data_v2
AIRFLOW_CTX_TASK_ID=local_to_gcs_task
AIRFLOW_CTX_EXECUTION_DATE=2020-05-02T06:00:00+00:00
AIRFLOW_CTX_DAG_RUN_ID=scheduled__2020-05-02T06:00:00+00:00
[2022-09-21 01:36:16,251] {python.py:175} INFO - Done. Returned value was: None
[2022-09-21 01:36:16,266] {taskinstance.py:1277} INFO - Marking task as SUCCESS. dag_id=green_taxi_data_v2, task_id=local_to_gcs_task, execution_date=20200502T060000, start_date=20220921T013615, end_date=20220921T013616
[2022-09-21 01:36:16,326] {local_task_job.py:154} INFO - Task exited with return code 0
[2022-09-21 01:36:16,394] {local_task_job.py:264} INFO - 0 downstream tasks scheduled from follow-on schedule check
