[2022-09-17 07:13:46,900] {taskinstance.py:1032} INFO - Dependencies all met for <TaskInstance: green_taxi_data_v2.download_dataset_task scheduled__2019-11-02T06:00:00+00:00 [queued]>
[2022-09-17 07:13:46,912] {taskinstance.py:1032} INFO - Dependencies all met for <TaskInstance: green_taxi_data_v2.download_dataset_task scheduled__2019-11-02T06:00:00+00:00 [queued]>
[2022-09-17 07:13:46,912] {taskinstance.py:1238} INFO - 
--------------------------------------------------------------------------------
[2022-09-17 07:13:46,912] {taskinstance.py:1239} INFO - Starting attempt 1 of 2
[2022-09-17 07:13:46,912] {taskinstance.py:1240} INFO - 
--------------------------------------------------------------------------------
[2022-09-17 07:13:46,930] {taskinstance.py:1259} INFO - Executing <Task(BashOperator): download_dataset_task> on 2019-11-02 06:00:00+00:00
[2022-09-17 07:13:46,937] {standard_task_runner.py:52} INFO - Started process 384 to run task
[2022-09-17 07:13:46,949] {standard_task_runner.py:76} INFO - Running: ['***', 'tasks', 'run', 'green_taxi_data_v2', 'download_dataset_task', 'scheduled__2019-11-02T06:00:00+00:00', '--job-id', '146', '--raw', '--subdir', 'DAGS_FOLDER/data_ingestion_gcs_dag.py', '--cfg-path', '/tmp/tmpqrrj128t', '--error-file', '/tmp/tmpta6ldst7']
[2022-09-17 07:13:46,950] {standard_task_runner.py:77} INFO - Job 146: Subtask download_dataset_task
[2022-09-17 07:13:47,046] {logging_mixin.py:109} INFO - Running <TaskInstance: green_taxi_data_v2.download_dataset_task scheduled__2019-11-02T06:00:00+00:00 [running]> on host ea53df3427ed
[2022-09-17 07:13:47,114] {warnings.py:110} WARNING - /home/***/.local/lib/python3.7/site-packages/***/utils/context.py:152: AirflowContextDeprecationWarning: Accessing 'execution_date' from the template is deprecated and will be removed in a future version. Please use 'data_interval_start' or 'logical_date' instead.
  warnings.warn(_create_deprecation_warning(key, self._deprecation_replacements[key]))

[2022-09-17 07:13:47,143] {taskinstance.py:1426} INFO - Exporting the following env vars:
AIRFLOW_CTX_DAG_OWNER=***
AIRFLOW_CTX_DAG_ID=green_taxi_data_v2
AIRFLOW_CTX_TASK_ID=download_dataset_task
AIRFLOW_CTX_EXECUTION_DATE=2019-11-02T06:00:00+00:00
AIRFLOW_CTX_DAG_RUN_ID=scheduled__2019-11-02T06:00:00+00:00
[2022-09-17 07:13:47,144] {subprocess.py:62} INFO - Tmp dir root location: 
 /tmp
[2022-09-17 07:13:47,145] {subprocess.py:74} INFO - Running command: ['bash', '-c', 'curl -sSLf https://d37ci6vzurychx.cloudfront.net/trip-data/green_tripdata_2019-11.parquet > /opt/***/green_tripdata_2019-11.parquet']
[2022-09-17 07:13:47,161] {subprocess.py:85} INFO - Output:
[2022-09-17 07:13:51,177] {subprocess.py:93} INFO - Command exited with return code 0
[2022-09-17 07:13:51,217] {taskinstance.py:1277} INFO - Marking task as SUCCESS. dag_id=green_taxi_data_v2, task_id=download_dataset_task, execution_date=20191102T060000, start_date=20220917T071346, end_date=20220917T071351
[2022-09-17 07:13:51,263] {local_task_job.py:154} INFO - Task exited with return code 0
[2022-09-17 07:13:51,305] {local_task_job.py:264} INFO - 1 downstream tasks scheduled from follow-on schedule check
[2022-09-20 15:32:44,755] {taskinstance.py:1032} INFO - Dependencies all met for <TaskInstance: green_taxi_data_v2.download_dataset_task scheduled__2019-11-02T06:00:00+00:00 [queued]>
[2022-09-20 15:32:44,773] {taskinstance.py:1032} INFO - Dependencies all met for <TaskInstance: green_taxi_data_v2.download_dataset_task scheduled__2019-11-02T06:00:00+00:00 [queued]>
[2022-09-20 15:32:44,773] {taskinstance.py:1238} INFO - 
--------------------------------------------------------------------------------
[2022-09-20 15:32:44,774] {taskinstance.py:1239} INFO - Starting attempt 1 of 2
[2022-09-20 15:32:44,774] {taskinstance.py:1240} INFO - 
--------------------------------------------------------------------------------
[2022-09-20 15:32:44,794] {taskinstance.py:1259} INFO - Executing <Task(BashOperator): download_dataset_task> on 2019-11-02 06:00:00+00:00
[2022-09-20 15:32:44,800] {standard_task_runner.py:52} INFO - Started process 541 to run task
[2022-09-20 15:32:44,806] {standard_task_runner.py:76} INFO - Running: ['***', 'tasks', 'run', 'green_taxi_data_v2', 'download_dataset_task', 'scheduled__2019-11-02T06:00:00+00:00', '--job-id', '88', '--raw', '--subdir', 'DAGS_FOLDER/data_ingestion_gcs_dag.py', '--cfg-path', '/tmp/tmp219vpucr', '--error-file', '/tmp/tmpkbelem2o']
[2022-09-20 15:32:44,807] {standard_task_runner.py:77} INFO - Job 88: Subtask download_dataset_task
[2022-09-20 15:32:44,901] {logging_mixin.py:109} INFO - Running <TaskInstance: green_taxi_data_v2.download_dataset_task scheduled__2019-11-02T06:00:00+00:00 [running]> on host 788dccad41b9
[2022-09-20 15:32:44,954] {warnings.py:110} WARNING - /home/***/.local/lib/python3.7/site-packages/***/utils/context.py:152: AirflowContextDeprecationWarning: Accessing 'execution_date' from the template is deprecated and will be removed in a future version. Please use 'data_interval_start' or 'logical_date' instead.
  warnings.warn(_create_deprecation_warning(key, self._deprecation_replacements[key]))

[2022-09-20 15:32:44,987] {taskinstance.py:1426} INFO - Exporting the following env vars:
AIRFLOW_CTX_DAG_OWNER=***
AIRFLOW_CTX_DAG_ID=green_taxi_data_v2
AIRFLOW_CTX_TASK_ID=download_dataset_task
AIRFLOW_CTX_EXECUTION_DATE=2019-11-02T06:00:00+00:00
AIRFLOW_CTX_DAG_RUN_ID=scheduled__2019-11-02T06:00:00+00:00
[2022-09-20 15:32:44,989] {subprocess.py:62} INFO - Tmp dir root location: 
 /tmp
[2022-09-20 15:32:44,991] {subprocess.py:74} INFO - Running command: ['bash', '-c', 'curl -sSLf https://d37ci6vzurychx.cloudfront.net/trip-data/green_tripdata_2019-11.parquet > /opt/***/green_tripdata_2019-11.parquet']
[2022-09-20 15:32:45,013] {subprocess.py:85} INFO - Output:
[2022-09-20 15:32:47,860] {subprocess.py:93} INFO - Command exited with return code 0
[2022-09-20 15:32:47,910] {taskinstance.py:1277} INFO - Marking task as SUCCESS. dag_id=green_taxi_data_v2, task_id=download_dataset_task, execution_date=20191102T060000, start_date=20220920T153244, end_date=20220920T153247
[2022-09-20 15:32:47,956] {local_task_job.py:154} INFO - Task exited with return code 0
[2022-09-20 15:32:48,196] {local_task_job.py:264} INFO - 0 downstream tasks scheduled from follow-on schedule check
[2022-09-21 01:34:37,261] {taskinstance.py:1032} INFO - Dependencies all met for <TaskInstance: green_taxi_data_v2.download_dataset_task scheduled__2019-11-02T06:00:00+00:00 [queued]>
[2022-09-21 01:34:37,279] {taskinstance.py:1032} INFO - Dependencies all met for <TaskInstance: green_taxi_data_v2.download_dataset_task scheduled__2019-11-02T06:00:00+00:00 [queued]>
[2022-09-21 01:34:37,279] {taskinstance.py:1238} INFO - 
--------------------------------------------------------------------------------
[2022-09-21 01:34:37,279] {taskinstance.py:1239} INFO - Starting attempt 1 of 2
[2022-09-21 01:34:37,279] {taskinstance.py:1240} INFO - 
--------------------------------------------------------------------------------
[2022-09-21 01:34:37,300] {taskinstance.py:1259} INFO - Executing <Task(BashOperator): download_dataset_task> on 2019-11-02 06:00:00+00:00
[2022-09-21 01:34:37,308] {standard_task_runner.py:52} INFO - Started process 27811 to run task
[2022-09-21 01:34:37,319] {standard_task_runner.py:76} INFO - Running: ['***', 'tasks', 'run', 'green_taxi_data_v2', 'download_dataset_task', 'scheduled__2019-11-02T06:00:00+00:00', '--job-id', '281', '--raw', '--subdir', 'DAGS_FOLDER/data_ingestion_gcs_dag.py', '--cfg-path', '/tmp/tmp3d8uzjqi', '--error-file', '/tmp/tmpy2_u03tt']
[2022-09-21 01:34:37,320] {standard_task_runner.py:77} INFO - Job 281: Subtask download_dataset_task
[2022-09-21 01:34:37,413] {logging_mixin.py:109} INFO - Running <TaskInstance: green_taxi_data_v2.download_dataset_task scheduled__2019-11-02T06:00:00+00:00 [running]> on host 788dccad41b9
[2022-09-21 01:34:37,481] {warnings.py:110} WARNING - /home/***/.local/lib/python3.7/site-packages/***/utils/context.py:152: AirflowContextDeprecationWarning: Accessing 'execution_date' from the template is deprecated and will be removed in a future version. Please use 'data_interval_start' or 'logical_date' instead.
  warnings.warn(_create_deprecation_warning(key, self._deprecation_replacements[key]))

[2022-09-21 01:34:37,513] {taskinstance.py:1426} INFO - Exporting the following env vars:
AIRFLOW_CTX_DAG_OWNER=***
AIRFLOW_CTX_DAG_ID=green_taxi_data_v2
AIRFLOW_CTX_TASK_ID=download_dataset_task
AIRFLOW_CTX_EXECUTION_DATE=2019-11-02T06:00:00+00:00
AIRFLOW_CTX_DAG_RUN_ID=scheduled__2019-11-02T06:00:00+00:00
[2022-09-21 01:34:37,514] {subprocess.py:62} INFO - Tmp dir root location: 
 /tmp
[2022-09-21 01:34:37,515] {subprocess.py:74} INFO - Running command: ['bash', '-c', 'curl -sSLf https://d37ci6vzurychx.cloudfront.net/trip-data/green_tripdata_2019-11.parquet > /opt/***/green_tripdata_2019-11.parquet']
[2022-09-21 01:34:37,532] {subprocess.py:85} INFO - Output:
[2022-09-21 01:34:39,650] {subprocess.py:93} INFO - Command exited with return code 0
[2022-09-21 01:34:39,763] {taskinstance.py:1277} INFO - Marking task as SUCCESS. dag_id=green_taxi_data_v2, task_id=download_dataset_task, execution_date=20191102T060000, start_date=20220921T013437, end_date=20220921T013439
[2022-09-21 01:34:39,825] {local_task_job.py:154} INFO - Task exited with return code 0
[2022-09-21 01:34:39,905] {local_task_job.py:264} INFO - 1 downstream tasks scheduled from follow-on schedule check
