[2022-09-17 07:15:35,894] {taskinstance.py:1032} INFO - Dependencies all met for <TaskInstance: green_taxi_data_v2.download_dataset_task scheduled__2020-11-02T06:00:00+00:00 [queued]>
[2022-09-17 07:15:35,910] {taskinstance.py:1032} INFO - Dependencies all met for <TaskInstance: green_taxi_data_v2.download_dataset_task scheduled__2020-11-02T06:00:00+00:00 [queued]>
[2022-09-17 07:15:35,910] {taskinstance.py:1238} INFO - 
--------------------------------------------------------------------------------
[2022-09-17 07:15:35,910] {taskinstance.py:1239} INFO - Starting attempt 1 of 2
[2022-09-17 07:15:35,910] {taskinstance.py:1240} INFO - 
--------------------------------------------------------------------------------
[2022-09-17 07:15:35,928] {taskinstance.py:1259} INFO - Executing <Task(BashOperator): download_dataset_task> on 2020-11-02 06:00:00+00:00
[2022-09-17 07:15:35,934] {standard_task_runner.py:52} INFO - Started process 631 to run task
[2022-09-17 07:15:35,941] {standard_task_runner.py:76} INFO - Running: ['***', 'tasks', 'run', 'green_taxi_data_v2', 'download_dataset_task', 'scheduled__2020-11-02T06:00:00+00:00', '--job-id', '182', '--raw', '--subdir', 'DAGS_FOLDER/data_ingestion_gcs_dag.py', '--cfg-path', '/tmp/tmpddkcylqj', '--error-file', '/tmp/tmpwcq7oiub']
[2022-09-17 07:15:35,942] {standard_task_runner.py:77} INFO - Job 182: Subtask download_dataset_task
[2022-09-17 07:15:36,025] {logging_mixin.py:109} INFO - Running <TaskInstance: green_taxi_data_v2.download_dataset_task scheduled__2020-11-02T06:00:00+00:00 [running]> on host ea53df3427ed
[2022-09-17 07:15:36,072] {warnings.py:110} WARNING - /home/***/.local/lib/python3.7/site-packages/***/utils/context.py:152: AirflowContextDeprecationWarning: Accessing 'execution_date' from the template is deprecated and will be removed in a future version. Please use 'data_interval_start' or 'logical_date' instead.
  warnings.warn(_create_deprecation_warning(key, self._deprecation_replacements[key]))

[2022-09-17 07:15:36,099] {taskinstance.py:1426} INFO - Exporting the following env vars:
AIRFLOW_CTX_DAG_OWNER=***
AIRFLOW_CTX_DAG_ID=green_taxi_data_v2
AIRFLOW_CTX_TASK_ID=download_dataset_task
AIRFLOW_CTX_EXECUTION_DATE=2020-11-02T06:00:00+00:00
AIRFLOW_CTX_DAG_RUN_ID=scheduled__2020-11-02T06:00:00+00:00
[2022-09-17 07:15:36,100] {subprocess.py:62} INFO - Tmp dir root location: 
 /tmp
[2022-09-17 07:15:36,100] {subprocess.py:74} INFO - Running command: ['bash', '-c', 'curl -sSLf https://d37ci6vzurychx.cloudfront.net/trip-data/green_tripdata_2020-11.parquet > /opt/***/green_tripdata_2020-11.parquet']
[2022-09-17 07:15:36,113] {subprocess.py:85} INFO - Output:
[2022-09-17 07:15:38,138] {subprocess.py:93} INFO - Command exited with return code 0
[2022-09-17 07:15:38,176] {taskinstance.py:1277} INFO - Marking task as SUCCESS. dag_id=green_taxi_data_v2, task_id=download_dataset_task, execution_date=20201102T060000, start_date=20220917T071535, end_date=20220917T071538
[2022-09-17 07:15:38,239] {local_task_job.py:154} INFO - Task exited with return code 0
[2022-09-17 07:15:38,292] {local_task_job.py:264} INFO - 1 downstream tasks scheduled from follow-on schedule check
[2022-09-20 15:35:30,158] {taskinstance.py:1032} INFO - Dependencies all met for <TaskInstance: green_taxi_data_v2.download_dataset_task scheduled__2020-11-02T06:00:00+00:00 [queued]>
[2022-09-20 15:35:30,170] {taskinstance.py:1032} INFO - Dependencies all met for <TaskInstance: green_taxi_data_v2.download_dataset_task scheduled__2020-11-02T06:00:00+00:00 [queued]>
[2022-09-20 15:35:30,170] {taskinstance.py:1238} INFO - 
--------------------------------------------------------------------------------
[2022-09-20 15:35:30,171] {taskinstance.py:1239} INFO - Starting attempt 1 of 2
[2022-09-20 15:35:30,171] {taskinstance.py:1240} INFO - 
--------------------------------------------------------------------------------
[2022-09-20 15:35:30,185] {taskinstance.py:1259} INFO - Executing <Task(BashOperator): download_dataset_task> on 2020-11-02 06:00:00+00:00
[2022-09-20 15:35:30,192] {standard_task_runner.py:52} INFO - Started process 1035 to run task
[2022-09-20 15:35:30,198] {standard_task_runner.py:76} INFO - Running: ['***', 'tasks', 'run', 'green_taxi_data_v2', 'download_dataset_task', 'scheduled__2020-11-02T06:00:00+00:00', '--job-id', '174', '--raw', '--subdir', 'DAGS_FOLDER/data_ingestion_gcs_dag.py', '--cfg-path', '/tmp/tmptyw6b8r1', '--error-file', '/tmp/tmpnu08oac2']
[2022-09-20 15:35:30,199] {standard_task_runner.py:77} INFO - Job 174: Subtask download_dataset_task
[2022-09-20 15:35:30,275] {logging_mixin.py:109} INFO - Running <TaskInstance: green_taxi_data_v2.download_dataset_task scheduled__2020-11-02T06:00:00+00:00 [running]> on host 788dccad41b9
[2022-09-20 15:35:30,326] {warnings.py:110} WARNING - /home/***/.local/lib/python3.7/site-packages/***/utils/context.py:152: AirflowContextDeprecationWarning: Accessing 'execution_date' from the template is deprecated and will be removed in a future version. Please use 'data_interval_start' or 'logical_date' instead.
  warnings.warn(_create_deprecation_warning(key, self._deprecation_replacements[key]))

[2022-09-20 15:35:30,356] {taskinstance.py:1426} INFO - Exporting the following env vars:
AIRFLOW_CTX_DAG_OWNER=***
AIRFLOW_CTX_DAG_ID=green_taxi_data_v2
AIRFLOW_CTX_TASK_ID=download_dataset_task
AIRFLOW_CTX_EXECUTION_DATE=2020-11-02T06:00:00+00:00
AIRFLOW_CTX_DAG_RUN_ID=scheduled__2020-11-02T06:00:00+00:00
[2022-09-20 15:35:30,357] {subprocess.py:62} INFO - Tmp dir root location: 
 /tmp
[2022-09-20 15:35:30,358] {subprocess.py:74} INFO - Running command: ['bash', '-c', 'curl -sSLf https://d37ci6vzurychx.cloudfront.net/trip-data/green_tripdata_2020-11.parquet > /opt/***/green_tripdata_2020-11.parquet']
[2022-09-20 15:35:30,376] {subprocess.py:85} INFO - Output:
[2022-09-20 15:35:32,421] {subprocess.py:93} INFO - Command exited with return code 0
[2022-09-20 15:35:32,488] {taskinstance.py:1277} INFO - Marking task as SUCCESS. dag_id=green_taxi_data_v2, task_id=download_dataset_task, execution_date=20201102T060000, start_date=20220920T153530, end_date=20220920T153532
[2022-09-20 15:35:32,587] {local_task_job.py:154} INFO - Task exited with return code 0
[2022-09-20 15:35:32,781] {local_task_job.py:264} INFO - 0 downstream tasks scheduled from follow-on schedule check
[2022-09-21 01:36:49,174] {taskinstance.py:1032} INFO - Dependencies all met for <TaskInstance: green_taxi_data_v2.download_dataset_task scheduled__2020-11-02T06:00:00+00:00 [queued]>
[2022-09-21 01:36:49,190] {taskinstance.py:1032} INFO - Dependencies all met for <TaskInstance: green_taxi_data_v2.download_dataset_task scheduled__2020-11-02T06:00:00+00:00 [queued]>
[2022-09-21 01:36:49,190] {taskinstance.py:1238} INFO - 
--------------------------------------------------------------------------------
[2022-09-21 01:36:49,190] {taskinstance.py:1239} INFO - Starting attempt 1 of 2
[2022-09-21 01:36:49,190] {taskinstance.py:1240} INFO - 
--------------------------------------------------------------------------------
[2022-09-21 01:36:49,207] {taskinstance.py:1259} INFO - Executing <Task(BashOperator): download_dataset_task> on 2020-11-02 06:00:00+00:00
[2022-09-21 01:36:49,214] {standard_task_runner.py:52} INFO - Started process 28225 to run task
[2022-09-21 01:36:49,221] {standard_task_runner.py:76} INFO - Running: ['***', 'tasks', 'run', 'green_taxi_data_v2', 'download_dataset_task', 'scheduled__2020-11-02T06:00:00+00:00', '--job-id', '355', '--raw', '--subdir', 'DAGS_FOLDER/data_ingestion_gcs_dag.py', '--cfg-path', '/tmp/tmpnnfdy0a5', '--error-file', '/tmp/tmpkli6eqvt']
[2022-09-21 01:36:49,222] {standard_task_runner.py:77} INFO - Job 355: Subtask download_dataset_task
[2022-09-21 01:36:49,307] {logging_mixin.py:109} INFO - Running <TaskInstance: green_taxi_data_v2.download_dataset_task scheduled__2020-11-02T06:00:00+00:00 [running]> on host 788dccad41b9
[2022-09-21 01:36:49,362] {warnings.py:110} WARNING - /home/***/.local/lib/python3.7/site-packages/***/utils/context.py:152: AirflowContextDeprecationWarning: Accessing 'execution_date' from the template is deprecated and will be removed in a future version. Please use 'data_interval_start' or 'logical_date' instead.
  warnings.warn(_create_deprecation_warning(key, self._deprecation_replacements[key]))

[2022-09-21 01:36:49,394] {taskinstance.py:1426} INFO - Exporting the following env vars:
AIRFLOW_CTX_DAG_OWNER=***
AIRFLOW_CTX_DAG_ID=green_taxi_data_v2
AIRFLOW_CTX_TASK_ID=download_dataset_task
AIRFLOW_CTX_EXECUTION_DATE=2020-11-02T06:00:00+00:00
AIRFLOW_CTX_DAG_RUN_ID=scheduled__2020-11-02T06:00:00+00:00
[2022-09-21 01:36:49,395] {subprocess.py:62} INFO - Tmp dir root location: 
 /tmp
[2022-09-21 01:36:49,396] {subprocess.py:74} INFO - Running command: ['bash', '-c', 'curl -sSLf https://d37ci6vzurychx.cloudfront.net/trip-data/green_tripdata_2020-11.parquet > /opt/***/green_tripdata_2020-11.parquet']
[2022-09-21 01:36:49,415] {subprocess.py:85} INFO - Output:
[2022-09-21 01:36:51,517] {subprocess.py:93} INFO - Command exited with return code 0
[2022-09-21 01:36:51,559] {taskinstance.py:1277} INFO - Marking task as SUCCESS. dag_id=green_taxi_data_v2, task_id=download_dataset_task, execution_date=20201102T060000, start_date=20220921T013649, end_date=20220921T013651
[2022-09-21 01:36:51,602] {local_task_job.py:154} INFO - Task exited with return code 0
[2022-09-21 01:36:51,694] {local_task_job.py:264} INFO - 1 downstream tasks scheduled from follow-on schedule check
