[2022-09-17 07:13:25,519] {taskinstance.py:1032} INFO - Dependencies all met for <TaskInstance: green_taxi_data_v2.local_to_gcs_task scheduled__2019-07-02T06:00:00+00:00 [queued]>
[2022-09-17 07:13:25,530] {taskinstance.py:1032} INFO - Dependencies all met for <TaskInstance: green_taxi_data_v2.local_to_gcs_task scheduled__2019-07-02T06:00:00+00:00 [queued]>
[2022-09-17 07:13:25,530] {taskinstance.py:1238} INFO - 
--------------------------------------------------------------------------------
[2022-09-17 07:13:25,530] {taskinstance.py:1239} INFO - Starting attempt 1 of 2
[2022-09-17 07:13:25,530] {taskinstance.py:1240} INFO - 
--------------------------------------------------------------------------------
[2022-09-17 07:13:25,542] {taskinstance.py:1259} INFO - Executing <Task(PythonOperator): local_to_gcs_task> on 2019-07-02 06:00:00+00:00
[2022-09-17 07:13:25,548] {standard_task_runner.py:52} INFO - Started process 328 to run task
[2022-09-17 07:13:25,553] {standard_task_runner.py:76} INFO - Running: ['***', 'tasks', 'run', 'green_taxi_data_v2', 'local_to_gcs_task', 'scheduled__2019-07-02T06:00:00+00:00', '--job-id', '135', '--raw', '--subdir', 'DAGS_FOLDER/data_ingestion_gcs_dag.py', '--cfg-path', '/tmp/tmptc977zy3', '--error-file', '/tmp/tmpevpczjlh']
[2022-09-17 07:13:25,554] {standard_task_runner.py:77} INFO - Job 135: Subtask local_to_gcs_task
[2022-09-17 07:13:25,621] {logging_mixin.py:109} INFO - Running <TaskInstance: green_taxi_data_v2.local_to_gcs_task scheduled__2019-07-02T06:00:00+00:00 [running]> on host ea53df3427ed
[2022-09-17 07:13:25,667] {warnings.py:110} WARNING - /home/***/.local/lib/python3.7/site-packages/***/utils/context.py:152: AirflowContextDeprecationWarning: Accessing 'execution_date' from the template is deprecated and will be removed in a future version. Please use 'data_interval_start' or 'logical_date' instead.
  warnings.warn(_create_deprecation_warning(key, self._deprecation_replacements[key]))

[2022-09-17 07:13:25,689] {taskinstance.py:1426} INFO - Exporting the following env vars:
AIRFLOW_CTX_DAG_OWNER=***
AIRFLOW_CTX_DAG_ID=green_taxi_data_v2
AIRFLOW_CTX_TASK_ID=local_to_gcs_task
AIRFLOW_CTX_EXECUTION_DATE=2019-07-02T06:00:00+00:00
AIRFLOW_CTX_DAG_RUN_ID=scheduled__2019-07-02T06:00:00+00:00
[2022-09-17 07:13:26,936] {python.py:175} INFO - Done. Returned value was: None
[2022-09-17 07:13:26,967] {taskinstance.py:1277} INFO - Marking task as SUCCESS. dag_id=green_taxi_data_v2, task_id=local_to_gcs_task, execution_date=20190702T060000, start_date=20220917T071325, end_date=20220917T071326
[2022-09-17 07:13:27,017] {local_task_job.py:154} INFO - Task exited with return code 0
[2022-09-17 07:13:27,066] {local_task_job.py:264} INFO - 1 downstream tasks scheduled from follow-on schedule check
[2022-09-20 15:32:27,433] {taskinstance.py:1032} INFO - Dependencies all met for <TaskInstance: green_taxi_data_v2.local_to_gcs_task scheduled__2019-07-02T06:00:00+00:00 [queued]>
[2022-09-20 15:32:27,445] {taskinstance.py:1032} INFO - Dependencies all met for <TaskInstance: green_taxi_data_v2.local_to_gcs_task scheduled__2019-07-02T06:00:00+00:00 [queued]>
[2022-09-20 15:32:27,446] {taskinstance.py:1238} INFO - 
--------------------------------------------------------------------------------
[2022-09-20 15:32:27,446] {taskinstance.py:1239} INFO - Starting attempt 1 of 2
[2022-09-20 15:32:27,446] {taskinstance.py:1240} INFO - 
--------------------------------------------------------------------------------
[2022-09-20 15:32:27,458] {taskinstance.py:1259} INFO - Executing <Task(PythonOperator): local_to_gcs_task> on 2019-07-02 06:00:00+00:00
[2022-09-20 15:32:27,466] {standard_task_runner.py:52} INFO - Started process 478 to run task
[2022-09-20 15:32:27,470] {standard_task_runner.py:76} INFO - Running: ['***', 'tasks', 'run', 'green_taxi_data_v2', 'local_to_gcs_task', 'scheduled__2019-07-02T06:00:00+00:00', '--job-id', '76', '--raw', '--subdir', 'DAGS_FOLDER/data_ingestion_gcs_dag.py', '--cfg-path', '/tmp/tmp6tnr_17u', '--error-file', '/tmp/tmpswt7i2zm']
[2022-09-20 15:32:27,471] {standard_task_runner.py:77} INFO - Job 76: Subtask local_to_gcs_task
[2022-09-20 15:32:27,545] {logging_mixin.py:109} INFO - Running <TaskInstance: green_taxi_data_v2.local_to_gcs_task scheduled__2019-07-02T06:00:00+00:00 [running]> on host 788dccad41b9
[2022-09-20 15:32:27,594] {warnings.py:110} WARNING - /home/***/.local/lib/python3.7/site-packages/***/utils/context.py:152: AirflowContextDeprecationWarning: Accessing 'execution_date' from the template is deprecated and will be removed in a future version. Please use 'data_interval_start' or 'logical_date' instead.
  warnings.warn(_create_deprecation_warning(key, self._deprecation_replacements[key]))

[2022-09-20 15:32:27,618] {taskinstance.py:1426} INFO - Exporting the following env vars:
AIRFLOW_CTX_DAG_OWNER=***
AIRFLOW_CTX_DAG_ID=green_taxi_data_v2
AIRFLOW_CTX_TASK_ID=local_to_gcs_task
AIRFLOW_CTX_EXECUTION_DATE=2019-07-02T06:00:00+00:00
AIRFLOW_CTX_DAG_RUN_ID=scheduled__2019-07-02T06:00:00+00:00
[2022-09-20 15:32:27,916] {python.py:175} INFO - Done. Returned value was: None
[2022-09-20 15:32:27,932] {taskinstance.py:1277} INFO - Marking task as SUCCESS. dag_id=green_taxi_data_v2, task_id=local_to_gcs_task, execution_date=20190702T060000, start_date=20220920T153227, end_date=20220920T153227
[2022-09-20 15:32:27,964] {local_task_job.py:154} INFO - Task exited with return code 0
[2022-09-20 15:32:28,003] {local_task_job.py:264} INFO - 1 downstream tasks scheduled from follow-on schedule check
[2022-09-21 01:33:50,353] {taskinstance.py:1032} INFO - Dependencies all met for <TaskInstance: green_taxi_data_v2.local_to_gcs_task scheduled__2019-07-02T06:00:00+00:00 [queued]>
[2022-09-21 01:33:50,375] {taskinstance.py:1032} INFO - Dependencies all met for <TaskInstance: green_taxi_data_v2.local_to_gcs_task scheduled__2019-07-02T06:00:00+00:00 [queued]>
[2022-09-21 01:33:50,375] {taskinstance.py:1238} INFO - 
--------------------------------------------------------------------------------
[2022-09-21 01:33:50,375] {taskinstance.py:1239} INFO - Starting attempt 1 of 2
[2022-09-21 01:33:50,375] {taskinstance.py:1240} INFO - 
--------------------------------------------------------------------------------
[2022-09-21 01:33:50,402] {taskinstance.py:1259} INFO - Executing <Task(PythonOperator): local_to_gcs_task> on 2019-07-02 06:00:00+00:00
[2022-09-21 01:33:50,416] {standard_task_runner.py:52} INFO - Started process 27679 to run task
[2022-09-21 01:33:50,428] {standard_task_runner.py:76} INFO - Running: ['***', 'tasks', 'run', 'green_taxi_data_v2', 'local_to_gcs_task', 'scheduled__2019-07-02T06:00:00+00:00', '--job-id', '257', '--raw', '--subdir', 'DAGS_FOLDER/data_ingestion_gcs_dag.py', '--cfg-path', '/tmp/tmp2325xxkc', '--error-file', '/tmp/tmps00gyvex']
[2022-09-21 01:33:50,429] {standard_task_runner.py:77} INFO - Job 257: Subtask local_to_gcs_task
[2022-09-21 01:33:50,535] {logging_mixin.py:109} INFO - Running <TaskInstance: green_taxi_data_v2.local_to_gcs_task scheduled__2019-07-02T06:00:00+00:00 [running]> on host 788dccad41b9
[2022-09-21 01:33:50,626] {warnings.py:110} WARNING - /home/***/.local/lib/python3.7/site-packages/***/utils/context.py:152: AirflowContextDeprecationWarning: Accessing 'execution_date' from the template is deprecated and will be removed in a future version. Please use 'data_interval_start' or 'logical_date' instead.
  warnings.warn(_create_deprecation_warning(key, self._deprecation_replacements[key]))

[2022-09-21 01:33:50,661] {taskinstance.py:1426} INFO - Exporting the following env vars:
AIRFLOW_CTX_DAG_OWNER=***
AIRFLOW_CTX_DAG_ID=green_taxi_data_v2
AIRFLOW_CTX_TASK_ID=local_to_gcs_task
AIRFLOW_CTX_EXECUTION_DATE=2019-07-02T06:00:00+00:00
AIRFLOW_CTX_DAG_RUN_ID=scheduled__2019-07-02T06:00:00+00:00
[2022-09-21 01:33:50,977] {python.py:175} INFO - Done. Returned value was: None
[2022-09-21 01:33:50,997] {taskinstance.py:1277} INFO - Marking task as SUCCESS. dag_id=green_taxi_data_v2, task_id=local_to_gcs_task, execution_date=20190702T060000, start_date=20220921T013350, end_date=20220921T013350
[2022-09-21 01:33:51,057] {local_task_job.py:154} INFO - Task exited with return code 0
[2022-09-21 01:33:51,170] {local_task_job.py:264} INFO - 1 downstream tasks scheduled from follow-on schedule check
