[2022-09-17 07:14:37,679] {taskinstance.py:1032} INFO - Dependencies all met for <TaskInstance: green_taxi_data_v2.local_to_gcs_task scheduled__2020-02-02T06:00:00+00:00 [queued]>
[2022-09-17 07:14:37,692] {taskinstance.py:1032} INFO - Dependencies all met for <TaskInstance: green_taxi_data_v2.local_to_gcs_task scheduled__2020-02-02T06:00:00+00:00 [queued]>
[2022-09-17 07:14:37,692] {taskinstance.py:1238} INFO - 
--------------------------------------------------------------------------------
[2022-09-17 07:14:37,692] {taskinstance.py:1239} INFO - Starting attempt 1 of 2
[2022-09-17 07:14:37,692] {taskinstance.py:1240} INFO - 
--------------------------------------------------------------------------------
[2022-09-17 07:14:37,708] {taskinstance.py:1259} INFO - Executing <Task(PythonOperator): local_to_gcs_task> on 2020-02-02 06:00:00+00:00
[2022-09-17 07:14:37,714] {standard_task_runner.py:52} INFO - Started process 482 to run task
[2022-09-17 07:14:37,720] {standard_task_runner.py:76} INFO - Running: ['***', 'tasks', 'run', 'green_taxi_data_v2', 'local_to_gcs_task', 'scheduled__2020-02-02T06:00:00+00:00', '--job-id', '159', '--raw', '--subdir', 'DAGS_FOLDER/data_ingestion_gcs_dag.py', '--cfg-path', '/tmp/tmpjosspojj', '--error-file', '/tmp/tmpxds1pize']
[2022-09-17 07:14:37,722] {standard_task_runner.py:77} INFO - Job 159: Subtask local_to_gcs_task
[2022-09-17 07:14:37,795] {logging_mixin.py:109} INFO - Running <TaskInstance: green_taxi_data_v2.local_to_gcs_task scheduled__2020-02-02T06:00:00+00:00 [running]> on host ea53df3427ed
[2022-09-17 07:14:37,847] {warnings.py:110} WARNING - /home/***/.local/lib/python3.7/site-packages/***/utils/context.py:152: AirflowContextDeprecationWarning: Accessing 'execution_date' from the template is deprecated and will be removed in a future version. Please use 'data_interval_start' or 'logical_date' instead.
  warnings.warn(_create_deprecation_warning(key, self._deprecation_replacements[key]))

[2022-09-17 07:14:37,872] {taskinstance.py:1426} INFO - Exporting the following env vars:
AIRFLOW_CTX_DAG_OWNER=***
AIRFLOW_CTX_DAG_ID=green_taxi_data_v2
AIRFLOW_CTX_TASK_ID=local_to_gcs_task
AIRFLOW_CTX_EXECUTION_DATE=2020-02-02T06:00:00+00:00
AIRFLOW_CTX_DAG_RUN_ID=scheduled__2020-02-02T06:00:00+00:00
[2022-09-17 07:14:39,192] {python.py:175} INFO - Done. Returned value was: None
[2022-09-17 07:14:39,210] {taskinstance.py:1277} INFO - Marking task as SUCCESS. dag_id=green_taxi_data_v2, task_id=local_to_gcs_task, execution_date=20200202T060000, start_date=20220917T071437, end_date=20220917T071439
[2022-09-17 07:14:39,261] {local_task_job.py:154} INFO - Task exited with return code 0
[2022-09-17 07:14:39,363] {local_task_job.py:264} INFO - 0 downstream tasks scheduled from follow-on schedule check
[2022-09-20 15:34:00,591] {taskinstance.py:1032} INFO - Dependencies all met for <TaskInstance: green_taxi_data_v2.local_to_gcs_task scheduled__2020-02-02T06:00:00+00:00 [queued]>
[2022-09-20 15:34:00,620] {taskinstance.py:1032} INFO - Dependencies all met for <TaskInstance: green_taxi_data_v2.local_to_gcs_task scheduled__2020-02-02T06:00:00+00:00 [queued]>
[2022-09-20 15:34:00,621] {taskinstance.py:1238} INFO - 
--------------------------------------------------------------------------------
[2022-09-20 15:34:00,621] {taskinstance.py:1239} INFO - Starting attempt 1 of 2
[2022-09-20 15:34:00,621] {taskinstance.py:1240} INFO - 
--------------------------------------------------------------------------------
[2022-09-20 15:34:00,644] {taskinstance.py:1259} INFO - Executing <Task(PythonOperator): local_to_gcs_task> on 2020-02-02 06:00:00+00:00
[2022-09-20 15:34:00,676] {standard_task_runner.py:52} INFO - Started process 746 to run task
[2022-09-20 15:34:00,694] {standard_task_runner.py:76} INFO - Running: ['***', 'tasks', 'run', 'green_taxi_data_v2', 'local_to_gcs_task', 'scheduled__2020-02-02T06:00:00+00:00', '--job-id', '121', '--raw', '--subdir', 'DAGS_FOLDER/data_ingestion_gcs_dag.py', '--cfg-path', '/tmp/tmpxxvrza37', '--error-file', '/tmp/tmp9j19wdqw']
[2022-09-20 15:34:00,698] {standard_task_runner.py:77} INFO - Job 121: Subtask local_to_gcs_task
[2022-09-20 15:34:00,908] {logging_mixin.py:109} INFO - Running <TaskInstance: green_taxi_data_v2.local_to_gcs_task scheduled__2020-02-02T06:00:00+00:00 [running]> on host 788dccad41b9
[2022-09-20 15:34:01,007] {warnings.py:110} WARNING - /home/***/.local/lib/python3.7/site-packages/***/utils/context.py:152: AirflowContextDeprecationWarning: Accessing 'execution_date' from the template is deprecated and will be removed in a future version. Please use 'data_interval_start' or 'logical_date' instead.
  warnings.warn(_create_deprecation_warning(key, self._deprecation_replacements[key]))

[2022-09-20 15:34:01,041] {taskinstance.py:1426} INFO - Exporting the following env vars:
AIRFLOW_CTX_DAG_OWNER=***
AIRFLOW_CTX_DAG_ID=green_taxi_data_v2
AIRFLOW_CTX_TASK_ID=local_to_gcs_task
AIRFLOW_CTX_EXECUTION_DATE=2020-02-02T06:00:00+00:00
AIRFLOW_CTX_DAG_RUN_ID=scheduled__2020-02-02T06:00:00+00:00
[2022-09-20 15:34:01,421] {python.py:175} INFO - Done. Returned value was: None
[2022-09-20 15:34:01,439] {taskinstance.py:1277} INFO - Marking task as SUCCESS. dag_id=green_taxi_data_v2, task_id=local_to_gcs_task, execution_date=20200202T060000, start_date=20220920T153400, end_date=20220920T153401
[2022-09-20 15:34:01,488] {local_task_job.py:154} INFO - Task exited with return code 0
[2022-09-20 15:34:01,542] {local_task_job.py:264} INFO - 1 downstream tasks scheduled from follow-on schedule check
[2022-09-21 01:35:43,542] {taskinstance.py:1032} INFO - Dependencies all met for <TaskInstance: green_taxi_data_v2.local_to_gcs_task scheduled__2020-02-02T06:00:00+00:00 [queued]>
[2022-09-21 01:35:43,559] {taskinstance.py:1032} INFO - Dependencies all met for <TaskInstance: green_taxi_data_v2.local_to_gcs_task scheduled__2020-02-02T06:00:00+00:00 [queued]>
[2022-09-21 01:35:43,559] {taskinstance.py:1238} INFO - 
--------------------------------------------------------------------------------
[2022-09-21 01:35:43,560] {taskinstance.py:1239} INFO - Starting attempt 1 of 2
[2022-09-21 01:35:43,560] {taskinstance.py:1240} INFO - 
--------------------------------------------------------------------------------
[2022-09-21 01:35:43,579] {taskinstance.py:1259} INFO - Executing <Task(PythonOperator): local_to_gcs_task> on 2020-02-02 06:00:00+00:00
[2022-09-21 01:35:43,586] {standard_task_runner.py:52} INFO - Started process 28008 to run task
[2022-09-21 01:35:43,598] {standard_task_runner.py:76} INFO - Running: ['***', 'tasks', 'run', 'green_taxi_data_v2', 'local_to_gcs_task', 'scheduled__2020-02-02T06:00:00+00:00', '--job-id', '316', '--raw', '--subdir', 'DAGS_FOLDER/data_ingestion_gcs_dag.py', '--cfg-path', '/tmp/tmp0_g1di25', '--error-file', '/tmp/tmpyd8iim3g']
[2022-09-21 01:35:43,600] {standard_task_runner.py:77} INFO - Job 316: Subtask local_to_gcs_task
[2022-09-21 01:35:43,708] {logging_mixin.py:109} INFO - Running <TaskInstance: green_taxi_data_v2.local_to_gcs_task scheduled__2020-02-02T06:00:00+00:00 [running]> on host 788dccad41b9
[2022-09-21 01:35:43,790] {warnings.py:110} WARNING - /home/***/.local/lib/python3.7/site-packages/***/utils/context.py:152: AirflowContextDeprecationWarning: Accessing 'execution_date' from the template is deprecated and will be removed in a future version. Please use 'data_interval_start' or 'logical_date' instead.
  warnings.warn(_create_deprecation_warning(key, self._deprecation_replacements[key]))

[2022-09-21 01:35:43,842] {taskinstance.py:1426} INFO - Exporting the following env vars:
AIRFLOW_CTX_DAG_OWNER=***
AIRFLOW_CTX_DAG_ID=green_taxi_data_v2
AIRFLOW_CTX_TASK_ID=local_to_gcs_task
AIRFLOW_CTX_EXECUTION_DATE=2020-02-02T06:00:00+00:00
AIRFLOW_CTX_DAG_RUN_ID=scheduled__2020-02-02T06:00:00+00:00
[2022-09-21 01:35:44,216] {python.py:175} INFO - Done. Returned value was: None
[2022-09-21 01:35:44,244] {taskinstance.py:1277} INFO - Marking task as SUCCESS. dag_id=green_taxi_data_v2, task_id=local_to_gcs_task, execution_date=20200202T060000, start_date=20220921T013543, end_date=20220921T013544
[2022-09-21 01:35:44,342] {local_task_job.py:154} INFO - Task exited with return code 0
[2022-09-21 01:35:44,547] {local_task_job.py:264} INFO - 0 downstream tasks scheduled from follow-on schedule check
