[2022-09-17 07:15:39,608] {taskinstance.py:1032} INFO - Dependencies all met for <TaskInstance: green_taxi_data_v2.local_to_gcs_task scheduled__2020-10-02T06:00:00+00:00 [queued]>
[2022-09-17 07:15:39,619] {taskinstance.py:1032} INFO - Dependencies all met for <TaskInstance: green_taxi_data_v2.local_to_gcs_task scheduled__2020-10-02T06:00:00+00:00 [queued]>
[2022-09-17 07:15:39,619] {taskinstance.py:1238} INFO - 
--------------------------------------------------------------------------------
[2022-09-17 07:15:39,620] {taskinstance.py:1239} INFO - Starting attempt 1 of 2
[2022-09-17 07:15:39,620] {taskinstance.py:1240} INFO - 
--------------------------------------------------------------------------------
[2022-09-17 07:15:39,633] {taskinstance.py:1259} INFO - Executing <Task(PythonOperator): local_to_gcs_task> on 2020-10-02 06:00:00+00:00
[2022-09-17 07:15:39,641] {standard_task_runner.py:52} INFO - Started process 641 to run task
[2022-09-17 07:15:39,646] {standard_task_runner.py:76} INFO - Running: ['***', 'tasks', 'run', 'green_taxi_data_v2', 'local_to_gcs_task', 'scheduled__2020-10-02T06:00:00+00:00', '--job-id', '184', '--raw', '--subdir', 'DAGS_FOLDER/data_ingestion_gcs_dag.py', '--cfg-path', '/tmp/tmp8ke21n4p', '--error-file', '/tmp/tmpe1tuh6zh']
[2022-09-17 07:15:39,648] {standard_task_runner.py:77} INFO - Job 184: Subtask local_to_gcs_task
[2022-09-17 07:15:39,728] {logging_mixin.py:109} INFO - Running <TaskInstance: green_taxi_data_v2.local_to_gcs_task scheduled__2020-10-02T06:00:00+00:00 [running]> on host ea53df3427ed
[2022-09-17 07:15:39,775] {warnings.py:110} WARNING - /home/***/.local/lib/python3.7/site-packages/***/utils/context.py:152: AirflowContextDeprecationWarning: Accessing 'execution_date' from the template is deprecated and will be removed in a future version. Please use 'data_interval_start' or 'logical_date' instead.
  warnings.warn(_create_deprecation_warning(key, self._deprecation_replacements[key]))

[2022-09-17 07:15:39,800] {taskinstance.py:1426} INFO - Exporting the following env vars:
AIRFLOW_CTX_DAG_OWNER=***
AIRFLOW_CTX_DAG_ID=green_taxi_data_v2
AIRFLOW_CTX_TASK_ID=local_to_gcs_task
AIRFLOW_CTX_EXECUTION_DATE=2020-10-02T06:00:00+00:00
AIRFLOW_CTX_DAG_RUN_ID=scheduled__2020-10-02T06:00:00+00:00
[2022-09-17 07:15:41,177] {python.py:175} INFO - Done. Returned value was: None
[2022-09-17 07:15:41,194] {taskinstance.py:1277} INFO - Marking task as SUCCESS. dag_id=green_taxi_data_v2, task_id=local_to_gcs_task, execution_date=20201002T060000, start_date=20220917T071539, end_date=20220917T071541
[2022-09-17 07:15:41,232] {local_task_job.py:154} INFO - Task exited with return code 0
[2022-09-17 07:15:41,287] {local_task_job.py:264} INFO - 1 downstream tasks scheduled from follow-on schedule check
[2022-09-20 15:35:34,081] {taskinstance.py:1032} INFO - Dependencies all met for <TaskInstance: green_taxi_data_v2.local_to_gcs_task scheduled__2020-10-02T06:00:00+00:00 [queued]>
[2022-09-20 15:35:34,123] {taskinstance.py:1032} INFO - Dependencies all met for <TaskInstance: green_taxi_data_v2.local_to_gcs_task scheduled__2020-10-02T06:00:00+00:00 [queued]>
[2022-09-20 15:35:34,124] {taskinstance.py:1238} INFO - 
--------------------------------------------------------------------------------
[2022-09-20 15:35:34,124] {taskinstance.py:1239} INFO - Starting attempt 1 of 2
[2022-09-20 15:35:34,124] {taskinstance.py:1240} INFO - 
--------------------------------------------------------------------------------
[2022-09-20 15:35:34,180] {taskinstance.py:1259} INFO - Executing <Task(PythonOperator): local_to_gcs_task> on 2020-10-02 06:00:00+00:00
[2022-09-20 15:35:34,189] {standard_task_runner.py:52} INFO - Started process 1051 to run task
[2022-09-20 15:35:34,211] {standard_task_runner.py:76} INFO - Running: ['***', 'tasks', 'run', 'green_taxi_data_v2', 'local_to_gcs_task', 'scheduled__2020-10-02T06:00:00+00:00', '--job-id', '177', '--raw', '--subdir', 'DAGS_FOLDER/data_ingestion_gcs_dag.py', '--cfg-path', '/tmp/tmpn4s4ii5g', '--error-file', '/tmp/tmpkxtu6lod']
[2022-09-20 15:35:34,221] {standard_task_runner.py:77} INFO - Job 177: Subtask local_to_gcs_task
[2022-09-20 15:35:34,379] {logging_mixin.py:109} INFO - Running <TaskInstance: green_taxi_data_v2.local_to_gcs_task scheduled__2020-10-02T06:00:00+00:00 [running]> on host 788dccad41b9
[2022-09-20 15:35:34,517] {warnings.py:110} WARNING - /home/***/.local/lib/python3.7/site-packages/***/utils/context.py:152: AirflowContextDeprecationWarning: Accessing 'execution_date' from the template is deprecated and will be removed in a future version. Please use 'data_interval_start' or 'logical_date' instead.
  warnings.warn(_create_deprecation_warning(key, self._deprecation_replacements[key]))

[2022-09-20 15:35:34,566] {taskinstance.py:1426} INFO - Exporting the following env vars:
AIRFLOW_CTX_DAG_OWNER=***
AIRFLOW_CTX_DAG_ID=green_taxi_data_v2
AIRFLOW_CTX_TASK_ID=local_to_gcs_task
AIRFLOW_CTX_EXECUTION_DATE=2020-10-02T06:00:00+00:00
AIRFLOW_CTX_DAG_RUN_ID=scheduled__2020-10-02T06:00:00+00:00
[2022-09-20 15:35:34,880] {python.py:175} INFO - Done. Returned value was: None
[2022-09-20 15:35:34,901] {taskinstance.py:1277} INFO - Marking task as SUCCESS. dag_id=green_taxi_data_v2, task_id=local_to_gcs_task, execution_date=20201002T060000, start_date=20220920T153534, end_date=20220920T153534
[2022-09-20 15:35:34,951] {local_task_job.py:154} INFO - Task exited with return code 0
[2022-09-20 15:35:35,010] {local_task_job.py:264} INFO - 1 downstream tasks scheduled from follow-on schedule check
[2022-09-21 01:36:52,353] {taskinstance.py:1032} INFO - Dependencies all met for <TaskInstance: green_taxi_data_v2.local_to_gcs_task scheduled__2020-10-02T06:00:00+00:00 [queued]>
[2022-09-21 01:36:52,366] {taskinstance.py:1032} INFO - Dependencies all met for <TaskInstance: green_taxi_data_v2.local_to_gcs_task scheduled__2020-10-02T06:00:00+00:00 [queued]>
[2022-09-21 01:36:52,366] {taskinstance.py:1238} INFO - 
--------------------------------------------------------------------------------
[2022-09-21 01:36:52,366] {taskinstance.py:1239} INFO - Starting attempt 1 of 2
[2022-09-21 01:36:52,366] {taskinstance.py:1240} INFO - 
--------------------------------------------------------------------------------
[2022-09-21 01:36:52,380] {taskinstance.py:1259} INFO - Executing <Task(PythonOperator): local_to_gcs_task> on 2020-10-02 06:00:00+00:00
[2022-09-21 01:36:52,386] {standard_task_runner.py:52} INFO - Started process 28236 to run task
[2022-09-21 01:36:52,392] {standard_task_runner.py:76} INFO - Running: ['***', 'tasks', 'run', 'green_taxi_data_v2', 'local_to_gcs_task', 'scheduled__2020-10-02T06:00:00+00:00', '--job-id', '356', '--raw', '--subdir', 'DAGS_FOLDER/data_ingestion_gcs_dag.py', '--cfg-path', '/tmp/tmperhrp7uv', '--error-file', '/tmp/tmptnshrexo']
[2022-09-21 01:36:52,393] {standard_task_runner.py:77} INFO - Job 356: Subtask local_to_gcs_task
[2022-09-21 01:36:52,471] {logging_mixin.py:109} INFO - Running <TaskInstance: green_taxi_data_v2.local_to_gcs_task scheduled__2020-10-02T06:00:00+00:00 [running]> on host 788dccad41b9
[2022-09-21 01:36:52,522] {warnings.py:110} WARNING - /home/***/.local/lib/python3.7/site-packages/***/utils/context.py:152: AirflowContextDeprecationWarning: Accessing 'execution_date' from the template is deprecated and will be removed in a future version. Please use 'data_interval_start' or 'logical_date' instead.
  warnings.warn(_create_deprecation_warning(key, self._deprecation_replacements[key]))

[2022-09-21 01:36:52,552] {taskinstance.py:1426} INFO - Exporting the following env vars:
AIRFLOW_CTX_DAG_OWNER=***
AIRFLOW_CTX_DAG_ID=green_taxi_data_v2
AIRFLOW_CTX_TASK_ID=local_to_gcs_task
AIRFLOW_CTX_EXECUTION_DATE=2020-10-02T06:00:00+00:00
AIRFLOW_CTX_DAG_RUN_ID=scheduled__2020-10-02T06:00:00+00:00
[2022-09-21 01:36:52,786] {python.py:175} INFO - Done. Returned value was: None
[2022-09-21 01:36:52,801] {taskinstance.py:1277} INFO - Marking task as SUCCESS. dag_id=green_taxi_data_v2, task_id=local_to_gcs_task, execution_date=20201002T060000, start_date=20220921T013652, end_date=20220921T013652
[2022-09-21 01:36:52,845] {local_task_job.py:154} INFO - Task exited with return code 0
[2022-09-21 01:36:52,884] {local_task_job.py:264} INFO - 1 downstream tasks scheduled from follow-on schedule check
