[2022-09-17 07:13:50,751] {taskinstance.py:1032} INFO - Dependencies all met for <TaskInstance: green_taxi_data_v2.local_to_gcs_task scheduled__2019-10-02T06:00:00+00:00 [queued]>
[2022-09-17 07:13:50,768] {taskinstance.py:1032} INFO - Dependencies all met for <TaskInstance: green_taxi_data_v2.local_to_gcs_task scheduled__2019-10-02T06:00:00+00:00 [queued]>
[2022-09-17 07:13:50,769] {taskinstance.py:1238} INFO - 
--------------------------------------------------------------------------------
[2022-09-17 07:13:50,769] {taskinstance.py:1239} INFO - Starting attempt 1 of 2
[2022-09-17 07:13:50,769] {taskinstance.py:1240} INFO - 
--------------------------------------------------------------------------------
[2022-09-17 07:13:50,786] {taskinstance.py:1259} INFO - Executing <Task(PythonOperator): local_to_gcs_task> on 2019-10-02 06:00:00+00:00
[2022-09-17 07:13:50,793] {standard_task_runner.py:52} INFO - Started process 400 to run task
[2022-09-17 07:13:50,800] {standard_task_runner.py:76} INFO - Running: ['***', 'tasks', 'run', 'green_taxi_data_v2', 'local_to_gcs_task', 'scheduled__2019-10-02T06:00:00+00:00', '--job-id', '147', '--raw', '--subdir', 'DAGS_FOLDER/data_ingestion_gcs_dag.py', '--cfg-path', '/tmp/tmpw2q_6bs5', '--error-file', '/tmp/tmpkc9fdeb5']
[2022-09-17 07:13:50,802] {standard_task_runner.py:77} INFO - Job 147: Subtask local_to_gcs_task
[2022-09-17 07:13:50,887] {logging_mixin.py:109} INFO - Running <TaskInstance: green_taxi_data_v2.local_to_gcs_task scheduled__2019-10-02T06:00:00+00:00 [running]> on host ea53df3427ed
[2022-09-17 07:13:50,944] {warnings.py:110} WARNING - /home/***/.local/lib/python3.7/site-packages/***/utils/context.py:152: AirflowContextDeprecationWarning: Accessing 'execution_date' from the template is deprecated and will be removed in a future version. Please use 'data_interval_start' or 'logical_date' instead.
  warnings.warn(_create_deprecation_warning(key, self._deprecation_replacements[key]))

[2022-09-17 07:13:50,969] {taskinstance.py:1426} INFO - Exporting the following env vars:
AIRFLOW_CTX_DAG_OWNER=***
AIRFLOW_CTX_DAG_ID=green_taxi_data_v2
AIRFLOW_CTX_TASK_ID=local_to_gcs_task
AIRFLOW_CTX_EXECUTION_DATE=2019-10-02T06:00:00+00:00
AIRFLOW_CTX_DAG_RUN_ID=scheduled__2019-10-02T06:00:00+00:00
[2022-09-17 07:13:52,553] {python.py:175} INFO - Done. Returned value was: None
[2022-09-17 07:13:52,567] {taskinstance.py:1277} INFO - Marking task as SUCCESS. dag_id=green_taxi_data_v2, task_id=local_to_gcs_task, execution_date=20191002T060000, start_date=20220917T071350, end_date=20220917T071352
[2022-09-17 07:13:52,616] {local_task_job.py:154} INFO - Task exited with return code 0
[2022-09-17 07:13:52,666] {local_task_job.py:264} INFO - 1 downstream tasks scheduled from follow-on schedule check
[2022-09-20 15:32:49,454] {taskinstance.py:1032} INFO - Dependencies all met for <TaskInstance: green_taxi_data_v2.local_to_gcs_task scheduled__2019-10-02T06:00:00+00:00 [queued]>
[2022-09-20 15:32:49,476] {taskinstance.py:1032} INFO - Dependencies all met for <TaskInstance: green_taxi_data_v2.local_to_gcs_task scheduled__2019-10-02T06:00:00+00:00 [queued]>
[2022-09-20 15:32:49,476] {taskinstance.py:1238} INFO - 
--------------------------------------------------------------------------------
[2022-09-20 15:32:49,477] {taskinstance.py:1239} INFO - Starting attempt 1 of 2
[2022-09-20 15:32:49,477] {taskinstance.py:1240} INFO - 
--------------------------------------------------------------------------------
[2022-09-20 15:32:49,503] {taskinstance.py:1259} INFO - Executing <Task(PythonOperator): local_to_gcs_task> on 2019-10-02 06:00:00+00:00
[2022-09-20 15:32:49,514] {standard_task_runner.py:52} INFO - Started process 553 to run task
[2022-09-20 15:32:49,528] {standard_task_runner.py:76} INFO - Running: ['***', 'tasks', 'run', 'green_taxi_data_v2', 'local_to_gcs_task', 'scheduled__2019-10-02T06:00:00+00:00', '--job-id', '90', '--raw', '--subdir', 'DAGS_FOLDER/data_ingestion_gcs_dag.py', '--cfg-path', '/tmp/tmp84xj75q4', '--error-file', '/tmp/tmp7hwx0ilq']
[2022-09-20 15:32:49,530] {standard_task_runner.py:77} INFO - Job 90: Subtask local_to_gcs_task
[2022-09-20 15:32:49,719] {logging_mixin.py:109} INFO - Running <TaskInstance: green_taxi_data_v2.local_to_gcs_task scheduled__2019-10-02T06:00:00+00:00 [running]> on host 788dccad41b9
[2022-09-20 15:32:49,838] {warnings.py:110} WARNING - /home/***/.local/lib/python3.7/site-packages/***/utils/context.py:152: AirflowContextDeprecationWarning: Accessing 'execution_date' from the template is deprecated and will be removed in a future version. Please use 'data_interval_start' or 'logical_date' instead.
  warnings.warn(_create_deprecation_warning(key, self._deprecation_replacements[key]))

[2022-09-20 15:32:49,892] {taskinstance.py:1426} INFO - Exporting the following env vars:
AIRFLOW_CTX_DAG_OWNER=***
AIRFLOW_CTX_DAG_ID=green_taxi_data_v2
AIRFLOW_CTX_TASK_ID=local_to_gcs_task
AIRFLOW_CTX_EXECUTION_DATE=2019-10-02T06:00:00+00:00
AIRFLOW_CTX_DAG_RUN_ID=scheduled__2019-10-02T06:00:00+00:00
[2022-09-20 15:32:50,255] {python.py:175} INFO - Done. Returned value was: None
[2022-09-20 15:32:50,276] {taskinstance.py:1277} INFO - Marking task as SUCCESS. dag_id=green_taxi_data_v2, task_id=local_to_gcs_task, execution_date=20191002T060000, start_date=20220920T153249, end_date=20220920T153250
[2022-09-20 15:32:50,346] {local_task_job.py:154} INFO - Task exited with return code 0
[2022-09-20 15:32:50,453] {local_task_job.py:264} INFO - 1 downstream tasks scheduled from follow-on schedule check
[2022-09-21 01:34:42,400] {taskinstance.py:1032} INFO - Dependencies all met for <TaskInstance: green_taxi_data_v2.local_to_gcs_task scheduled__2019-10-02T06:00:00+00:00 [queued]>
[2022-09-21 01:34:42,416] {taskinstance.py:1032} INFO - Dependencies all met for <TaskInstance: green_taxi_data_v2.local_to_gcs_task scheduled__2019-10-02T06:00:00+00:00 [queued]>
[2022-09-21 01:34:42,416] {taskinstance.py:1238} INFO - 
--------------------------------------------------------------------------------
[2022-09-21 01:34:42,416] {taskinstance.py:1239} INFO - Starting attempt 1 of 2
[2022-09-21 01:34:42,417] {taskinstance.py:1240} INFO - 
--------------------------------------------------------------------------------
[2022-09-21 01:34:42,434] {taskinstance.py:1259} INFO - Executing <Task(PythonOperator): local_to_gcs_task> on 2019-10-02 06:00:00+00:00
[2022-09-21 01:34:42,445] {standard_task_runner.py:52} INFO - Started process 27833 to run task
[2022-09-21 01:34:42,452] {standard_task_runner.py:76} INFO - Running: ['***', 'tasks', 'run', 'green_taxi_data_v2', 'local_to_gcs_task', 'scheduled__2019-10-02T06:00:00+00:00', '--job-id', '284', '--raw', '--subdir', 'DAGS_FOLDER/data_ingestion_gcs_dag.py', '--cfg-path', '/tmp/tmp4jz9hl1p', '--error-file', '/tmp/tmpr3cfl3bn']
[2022-09-21 01:34:42,454] {standard_task_runner.py:77} INFO - Job 284: Subtask local_to_gcs_task
[2022-09-21 01:34:42,549] {logging_mixin.py:109} INFO - Running <TaskInstance: green_taxi_data_v2.local_to_gcs_task scheduled__2019-10-02T06:00:00+00:00 [running]> on host 788dccad41b9
[2022-09-21 01:34:42,614] {warnings.py:110} WARNING - /home/***/.local/lib/python3.7/site-packages/***/utils/context.py:152: AirflowContextDeprecationWarning: Accessing 'execution_date' from the template is deprecated and will be removed in a future version. Please use 'data_interval_start' or 'logical_date' instead.
  warnings.warn(_create_deprecation_warning(key, self._deprecation_replacements[key]))

[2022-09-21 01:34:42,644] {taskinstance.py:1426} INFO - Exporting the following env vars:
AIRFLOW_CTX_DAG_OWNER=***
AIRFLOW_CTX_DAG_ID=green_taxi_data_v2
AIRFLOW_CTX_TASK_ID=local_to_gcs_task
AIRFLOW_CTX_EXECUTION_DATE=2019-10-02T06:00:00+00:00
AIRFLOW_CTX_DAG_RUN_ID=scheduled__2019-10-02T06:00:00+00:00
[2022-09-21 01:34:42,964] {python.py:175} INFO - Done. Returned value was: None
[2022-09-21 01:34:42,978] {taskinstance.py:1277} INFO - Marking task as SUCCESS. dag_id=green_taxi_data_v2, task_id=local_to_gcs_task, execution_date=20191002T060000, start_date=20220921T013442, end_date=20220921T013442
[2022-09-21 01:34:43,025] {local_task_job.py:154} INFO - Task exited with return code 0
[2022-09-21 01:34:43,096] {local_task_job.py:264} INFO - 1 downstream tasks scheduled from follow-on schedule check
