[2022-09-17 06:08:01,340] {taskinstance.py:1032} INFO - Dependencies all met for <TaskInstance: yellow_taxi_data_v2.download_dataset_task scheduled__2020-12-02T06:00:00+00:00 [queued]>
[2022-09-17 06:08:01,354] {taskinstance.py:1032} INFO - Dependencies all met for <TaskInstance: yellow_taxi_data_v2.download_dataset_task scheduled__2020-12-02T06:00:00+00:00 [queued]>
[2022-09-17 06:08:01,354] {taskinstance.py:1238} INFO - 
--------------------------------------------------------------------------------
[2022-09-17 06:08:01,354] {taskinstance.py:1239} INFO - Starting attempt 1 of 2
[2022-09-17 06:08:01,355] {taskinstance.py:1240} INFO - 
--------------------------------------------------------------------------------
[2022-09-17 06:08:01,368] {taskinstance.py:1259} INFO - Executing <Task(BashOperator): download_dataset_task> on 2020-12-02 06:00:00+00:00
[2022-09-17 06:08:01,375] {standard_task_runner.py:52} INFO - Started process 5368 to run task
[2022-09-17 06:08:01,381] {standard_task_runner.py:76} INFO - Running: ['***', 'tasks', 'run', 'yellow_taxi_data_v2', 'download_dataset_task', 'scheduled__2020-12-02T06:00:00+00:00', '--job-id', '73', '--raw', '--subdir', 'DAGS_FOLDER/data_ingestion_gcs_dag.py', '--cfg-path', '/tmp/tmpy9jj1yeq', '--error-file', '/tmp/tmpewm9dd15']
[2022-09-17 06:08:01,382] {standard_task_runner.py:77} INFO - Job 73: Subtask download_dataset_task
[2022-09-17 06:08:01,448] {logging_mixin.py:109} INFO - Running <TaskInstance: yellow_taxi_data_v2.download_dataset_task scheduled__2020-12-02T06:00:00+00:00 [running]> on host 10d063af5ba7
[2022-09-17 06:08:01,494] {warnings.py:110} WARNING - /home/***/.local/lib/python3.7/site-packages/***/utils/context.py:152: AirflowContextDeprecationWarning: Accessing 'execution_date' from the template is deprecated and will be removed in a future version. Please use 'data_interval_start' or 'logical_date' instead.
  warnings.warn(_create_deprecation_warning(key, self._deprecation_replacements[key]))

[2022-09-17 06:08:01,516] {taskinstance.py:1426} INFO - Exporting the following env vars:
AIRFLOW_CTX_DAG_OWNER=***
AIRFLOW_CTX_DAG_ID=yellow_taxi_data_v2
AIRFLOW_CTX_TASK_ID=download_dataset_task
AIRFLOW_CTX_EXECUTION_DATE=2020-12-02T06:00:00+00:00
AIRFLOW_CTX_DAG_RUN_ID=scheduled__2020-12-02T06:00:00+00:00
[2022-09-17 06:08:01,518] {subprocess.py:62} INFO - Tmp dir root location: 
 /tmp
[2022-09-17 06:08:01,518] {subprocess.py:74} INFO - Running command: ['bash', '-c', 'curl -sSLf https://d37ci6vzurychx.cloudfront.net/trip-data/yellow_tripdata_2020-12.parquet > /opt/***/yellow_tripdata_2020-12.parquet']
[2022-09-17 06:08:01,531] {subprocess.py:85} INFO - Output:
[2022-09-17 06:08:04,592] {subprocess.py:93} INFO - Command exited with return code 0
[2022-09-17 06:08:04,623] {taskinstance.py:1277} INFO - Marking task as SUCCESS. dag_id=yellow_taxi_data_v2, task_id=download_dataset_task, execution_date=20201202T060000, start_date=20220917T060801, end_date=20220917T060804
[2022-09-17 06:08:04,654] {local_task_job.py:154} INFO - Task exited with return code 0
[2022-09-17 06:08:04,698] {local_task_job.py:264} INFO - 1 downstream tasks scheduled from follow-on schedule check
[2022-09-20 15:35:23,827] {taskinstance.py:1032} INFO - Dependencies all met for <TaskInstance: yellow_taxi_data_v2.download_dataset_task scheduled__2020-12-02T06:00:00+00:00 [queued]>
[2022-09-20 15:35:23,842] {taskinstance.py:1032} INFO - Dependencies all met for <TaskInstance: yellow_taxi_data_v2.download_dataset_task scheduled__2020-12-02T06:00:00+00:00 [queued]>
[2022-09-20 15:35:23,843] {taskinstance.py:1238} INFO - 
--------------------------------------------------------------------------------
[2022-09-20 15:35:23,843] {taskinstance.py:1239} INFO - Starting attempt 1 of 2
[2022-09-20 15:35:23,843] {taskinstance.py:1240} INFO - 
--------------------------------------------------------------------------------
[2022-09-20 15:35:23,857] {taskinstance.py:1259} INFO - Executing <Task(BashOperator): download_dataset_task> on 2020-12-02 06:00:00+00:00
[2022-09-20 15:35:23,864] {standard_task_runner.py:52} INFO - Started process 1010 to run task
[2022-09-20 15:35:23,868] {standard_task_runner.py:76} INFO - Running: ['***', 'tasks', 'run', 'yellow_taxi_data_v2', 'download_dataset_task', 'scheduled__2020-12-02T06:00:00+00:00', '--job-id', '171', '--raw', '--subdir', 'DAGS_FOLDER/data_ingestion_gcs_dag.py', '--cfg-path', '/tmp/tmpjc3bhw5u', '--error-file', '/tmp/tmpqooprt0s']
[2022-09-20 15:35:23,869] {standard_task_runner.py:77} INFO - Job 171: Subtask download_dataset_task
[2022-09-20 15:35:23,938] {logging_mixin.py:109} INFO - Running <TaskInstance: yellow_taxi_data_v2.download_dataset_task scheduled__2020-12-02T06:00:00+00:00 [running]> on host 788dccad41b9
[2022-09-20 15:35:23,988] {warnings.py:110} WARNING - /home/***/.local/lib/python3.7/site-packages/***/utils/context.py:152: AirflowContextDeprecationWarning: Accessing 'execution_date' from the template is deprecated and will be removed in a future version. Please use 'data_interval_start' or 'logical_date' instead.
  warnings.warn(_create_deprecation_warning(key, self._deprecation_replacements[key]))

[2022-09-20 15:35:24,013] {taskinstance.py:1426} INFO - Exporting the following env vars:
AIRFLOW_CTX_DAG_OWNER=***
AIRFLOW_CTX_DAG_ID=yellow_taxi_data_v2
AIRFLOW_CTX_TASK_ID=download_dataset_task
AIRFLOW_CTX_EXECUTION_DATE=2020-12-02T06:00:00+00:00
AIRFLOW_CTX_DAG_RUN_ID=scheduled__2020-12-02T06:00:00+00:00
[2022-09-20 15:35:24,014] {subprocess.py:62} INFO - Tmp dir root location: 
 /tmp
[2022-09-20 15:35:24,015] {subprocess.py:74} INFO - Running command: ['bash', '-c', 'curl -sSLf https://d37ci6vzurychx.cloudfront.net/trip-data/yellow_tripdata_2020-12.parquet > /opt/***/yellow_tripdata_2020-12.parquet']
[2022-09-20 15:35:24,029] {subprocess.py:85} INFO - Output:
[2022-09-20 15:35:29,089] {subprocess.py:93} INFO - Command exited with return code 0
[2022-09-20 15:35:29,308] {taskinstance.py:1277} INFO - Marking task as SUCCESS. dag_id=yellow_taxi_data_v2, task_id=download_dataset_task, execution_date=20201202T060000, start_date=20220920T153523, end_date=20220920T153529
[2022-09-20 15:35:29,371] {local_task_job.py:154} INFO - Task exited with return code 0
[2022-09-20 15:35:29,454] {local_task_job.py:264} INFO - 1 downstream tasks scheduled from follow-on schedule check
[2022-09-21 01:36:40,228] {taskinstance.py:1032} INFO - Dependencies all met for <TaskInstance: yellow_taxi_data_v2.download_dataset_task scheduled__2020-12-02T06:00:00+00:00 [queued]>
[2022-09-21 01:36:40,244] {taskinstance.py:1032} INFO - Dependencies all met for <TaskInstance: yellow_taxi_data_v2.download_dataset_task scheduled__2020-12-02T06:00:00+00:00 [queued]>
[2022-09-21 01:36:40,244] {taskinstance.py:1238} INFO - 
--------------------------------------------------------------------------------
[2022-09-21 01:36:40,245] {taskinstance.py:1239} INFO - Starting attempt 1 of 2
[2022-09-21 01:36:40,245] {taskinstance.py:1240} INFO - 
--------------------------------------------------------------------------------
[2022-09-21 01:36:40,260] {taskinstance.py:1259} INFO - Executing <Task(BashOperator): download_dataset_task> on 2020-12-02 06:00:00+00:00
[2022-09-21 01:36:40,268] {standard_task_runner.py:52} INFO - Started process 28178 to run task
[2022-09-21 01:36:40,274] {standard_task_runner.py:76} INFO - Running: ['***', 'tasks', 'run', 'yellow_taxi_data_v2', 'download_dataset_task', 'scheduled__2020-12-02T06:00:00+00:00', '--job-id', '346', '--raw', '--subdir', 'DAGS_FOLDER/data_ingestion_gcs_dag.py', '--cfg-path', '/tmp/tmpxa1tmq59', '--error-file', '/tmp/tmp8shuh8av']
[2022-09-21 01:36:40,276] {standard_task_runner.py:77} INFO - Job 346: Subtask download_dataset_task
[2022-09-21 01:36:40,363] {logging_mixin.py:109} INFO - Running <TaskInstance: yellow_taxi_data_v2.download_dataset_task scheduled__2020-12-02T06:00:00+00:00 [running]> on host 788dccad41b9
[2022-09-21 01:36:40,422] {warnings.py:110} WARNING - /home/***/.local/lib/python3.7/site-packages/***/utils/context.py:152: AirflowContextDeprecationWarning: Accessing 'execution_date' from the template is deprecated and will be removed in a future version. Please use 'data_interval_start' or 'logical_date' instead.
  warnings.warn(_create_deprecation_warning(key, self._deprecation_replacements[key]))

[2022-09-21 01:36:40,447] {taskinstance.py:1426} INFO - Exporting the following env vars:
AIRFLOW_CTX_DAG_OWNER=***
AIRFLOW_CTX_DAG_ID=yellow_taxi_data_v2
AIRFLOW_CTX_TASK_ID=download_dataset_task
AIRFLOW_CTX_EXECUTION_DATE=2020-12-02T06:00:00+00:00
AIRFLOW_CTX_DAG_RUN_ID=scheduled__2020-12-02T06:00:00+00:00
[2022-09-21 01:36:40,448] {subprocess.py:62} INFO - Tmp dir root location: 
 /tmp
[2022-09-21 01:36:40,449] {subprocess.py:74} INFO - Running command: ['bash', '-c', 'curl -sSLf https://d37ci6vzurychx.cloudfront.net/trip-data/yellow_tripdata_2020-12.parquet > /opt/***/yellow_tripdata_2020-12.parquet']
[2022-09-21 01:36:40,465] {subprocess.py:85} INFO - Output:
[2022-09-21 01:36:43,538] {subprocess.py:93} INFO - Command exited with return code 0
[2022-09-21 01:36:43,712] {taskinstance.py:1277} INFO - Marking task as SUCCESS. dag_id=yellow_taxi_data_v2, task_id=download_dataset_task, execution_date=20201202T060000, start_date=20220921T013640, end_date=20220921T013643
[2022-09-21 01:36:43,749] {local_task_job.py:154} INFO - Task exited with return code 0
[2022-09-21 01:36:43,832] {local_task_job.py:264} INFO - 1 downstream tasks scheduled from follow-on schedule check
