[2022-09-17 06:06:52,423] {taskinstance.py:1032} INFO - Dependencies all met for <TaskInstance: yellow_taxi_data_v2.local_to_gcs_task scheduled__2020-08-02T06:00:00+00:00 [queued]>
[2022-09-17 06:06:52,437] {taskinstance.py:1032} INFO - Dependencies all met for <TaskInstance: yellow_taxi_data_v2.local_to_gcs_task scheduled__2020-08-02T06:00:00+00:00 [queued]>
[2022-09-17 06:06:52,437] {taskinstance.py:1238} INFO - 
--------------------------------------------------------------------------------
[2022-09-17 06:06:52,437] {taskinstance.py:1239} INFO - Starting attempt 1 of 2
[2022-09-17 06:06:52,437] {taskinstance.py:1240} INFO - 
--------------------------------------------------------------------------------
[2022-09-17 06:06:52,458] {taskinstance.py:1259} INFO - Executing <Task(PythonOperator): local_to_gcs_task> on 2020-08-02 06:00:00+00:00
[2022-09-17 06:06:52,465] {standard_task_runner.py:52} INFO - Started process 5278 to run task
[2022-09-17 06:06:52,474] {standard_task_runner.py:76} INFO - Running: ['***', 'tasks', 'run', 'yellow_taxi_data_v2', 'local_to_gcs_task', 'scheduled__2020-08-02T06:00:00+00:00', '--job-id', '63', '--raw', '--subdir', 'DAGS_FOLDER/data_ingestion_gcs_dag.py', '--cfg-path', '/tmp/tmpa8jn2_yv', '--error-file', '/tmp/tmpn240xujg']
[2022-09-17 06:06:52,476] {standard_task_runner.py:77} INFO - Job 63: Subtask local_to_gcs_task
[2022-09-17 06:06:52,635] {logging_mixin.py:109} INFO - Running <TaskInstance: yellow_taxi_data_v2.local_to_gcs_task scheduled__2020-08-02T06:00:00+00:00 [running]> on host 10d063af5ba7
[2022-09-17 06:06:52,697] {warnings.py:110} WARNING - /home/***/.local/lib/python3.7/site-packages/***/utils/context.py:152: AirflowContextDeprecationWarning: Accessing 'execution_date' from the template is deprecated and will be removed in a future version. Please use 'data_interval_start' or 'logical_date' instead.
  warnings.warn(_create_deprecation_warning(key, self._deprecation_replacements[key]))

[2022-09-17 06:06:52,723] {taskinstance.py:1426} INFO - Exporting the following env vars:
AIRFLOW_CTX_DAG_OWNER=***
AIRFLOW_CTX_DAG_ID=yellow_taxi_data_v2
AIRFLOW_CTX_TASK_ID=local_to_gcs_task
AIRFLOW_CTX_EXECUTION_DATE=2020-08-02T06:00:00+00:00
AIRFLOW_CTX_DAG_RUN_ID=scheduled__2020-08-02T06:00:00+00:00
[2022-09-17 06:06:54,518] {python.py:175} INFO - Done. Returned value was: None
[2022-09-17 06:06:54,537] {taskinstance.py:1277} INFO - Marking task as SUCCESS. dag_id=yellow_taxi_data_v2, task_id=local_to_gcs_task, execution_date=20200802T060000, start_date=20220917T060652, end_date=20220917T060654
[2022-09-17 06:06:54,564] {local_task_job.py:154} INFO - Task exited with return code 0
[2022-09-17 06:06:54,619] {local_task_job.py:264} INFO - 1 downstream tasks scheduled from follow-on schedule check
[2022-09-20 15:35:04,750] {taskinstance.py:1032} INFO - Dependencies all met for <TaskInstance: yellow_taxi_data_v2.local_to_gcs_task scheduled__2020-08-02T06:00:00+00:00 [queued]>
[2022-09-20 15:35:04,766] {taskinstance.py:1032} INFO - Dependencies all met for <TaskInstance: yellow_taxi_data_v2.local_to_gcs_task scheduled__2020-08-02T06:00:00+00:00 [queued]>
[2022-09-20 15:35:04,767] {taskinstance.py:1238} INFO - 
--------------------------------------------------------------------------------
[2022-09-20 15:35:04,767] {taskinstance.py:1239} INFO - Starting attempt 1 of 2
[2022-09-20 15:35:04,767] {taskinstance.py:1240} INFO - 
--------------------------------------------------------------------------------
[2022-09-20 15:35:04,785] {taskinstance.py:1259} INFO - Executing <Task(PythonOperator): local_to_gcs_task> on 2020-08-02 06:00:00+00:00
[2022-09-20 15:35:04,793] {standard_task_runner.py:52} INFO - Started process 927 to run task
[2022-09-20 15:35:04,800] {standard_task_runner.py:76} INFO - Running: ['***', 'tasks', 'run', 'yellow_taxi_data_v2', 'local_to_gcs_task', 'scheduled__2020-08-02T06:00:00+00:00', '--job-id', '153', '--raw', '--subdir', 'DAGS_FOLDER/data_ingestion_gcs_dag.py', '--cfg-path', '/tmp/tmpxwny5hrs', '--error-file', '/tmp/tmppodw7qjt']
[2022-09-20 15:35:04,801] {standard_task_runner.py:77} INFO - Job 153: Subtask local_to_gcs_task
[2022-09-20 15:35:04,897] {logging_mixin.py:109} INFO - Running <TaskInstance: yellow_taxi_data_v2.local_to_gcs_task scheduled__2020-08-02T06:00:00+00:00 [running]> on host 788dccad41b9
[2022-09-20 15:35:04,962] {warnings.py:110} WARNING - /home/***/.local/lib/python3.7/site-packages/***/utils/context.py:152: AirflowContextDeprecationWarning: Accessing 'execution_date' from the template is deprecated and will be removed in a future version. Please use 'data_interval_start' or 'logical_date' instead.
  warnings.warn(_create_deprecation_warning(key, self._deprecation_replacements[key]))

[2022-09-20 15:35:04,991] {taskinstance.py:1426} INFO - Exporting the following env vars:
AIRFLOW_CTX_DAG_OWNER=***
AIRFLOW_CTX_DAG_ID=yellow_taxi_data_v2
AIRFLOW_CTX_TASK_ID=local_to_gcs_task
AIRFLOW_CTX_EXECUTION_DATE=2020-08-02T06:00:00+00:00
AIRFLOW_CTX_DAG_RUN_ID=scheduled__2020-08-02T06:00:00+00:00
[2022-09-20 15:35:05,588] {python.py:175} INFO - Done. Returned value was: None
[2022-09-20 15:35:05,601] {taskinstance.py:1277} INFO - Marking task as SUCCESS. dag_id=yellow_taxi_data_v2, task_id=local_to_gcs_task, execution_date=20200802T060000, start_date=20220920T153504, end_date=20220920T153505
[2022-09-20 15:35:05,660] {local_task_job.py:154} INFO - Task exited with return code 0
[2022-09-20 15:35:05,698] {local_task_job.py:264} INFO - 1 downstream tasks scheduled from follow-on schedule check
[2022-09-21 01:35:54,549] {taskinstance.py:1032} INFO - Dependencies all met for <TaskInstance: yellow_taxi_data_v2.local_to_gcs_task scheduled__2020-08-02T06:00:00+00:00 [queued]>
[2022-09-21 01:35:54,561] {taskinstance.py:1032} INFO - Dependencies all met for <TaskInstance: yellow_taxi_data_v2.local_to_gcs_task scheduled__2020-08-02T06:00:00+00:00 [queued]>
[2022-09-21 01:35:54,562] {taskinstance.py:1238} INFO - 
--------------------------------------------------------------------------------
[2022-09-21 01:35:54,562] {taskinstance.py:1239} INFO - Starting attempt 1 of 2
[2022-09-21 01:35:54,562] {taskinstance.py:1240} INFO - 
--------------------------------------------------------------------------------
[2022-09-21 01:35:54,575] {taskinstance.py:1259} INFO - Executing <Task(PythonOperator): local_to_gcs_task> on 2020-08-02 06:00:00+00:00
[2022-09-21 01:35:54,583] {standard_task_runner.py:52} INFO - Started process 28053 to run task
[2022-09-21 01:35:54,589] {standard_task_runner.py:76} INFO - Running: ['***', 'tasks', 'run', 'yellow_taxi_data_v2', 'local_to_gcs_task', 'scheduled__2020-08-02T06:00:00+00:00', '--job-id', '323', '--raw', '--subdir', 'DAGS_FOLDER/data_ingestion_gcs_dag.py', '--cfg-path', '/tmp/tmprd3j2sl4', '--error-file', '/tmp/tmpoqe46n3n']
[2022-09-21 01:35:54,591] {standard_task_runner.py:77} INFO - Job 323: Subtask local_to_gcs_task
[2022-09-21 01:35:54,685] {logging_mixin.py:109} INFO - Running <TaskInstance: yellow_taxi_data_v2.local_to_gcs_task scheduled__2020-08-02T06:00:00+00:00 [running]> on host 788dccad41b9
[2022-09-21 01:35:54,746] {warnings.py:110} WARNING - /home/***/.local/lib/python3.7/site-packages/***/utils/context.py:152: AirflowContextDeprecationWarning: Accessing 'execution_date' from the template is deprecated and will be removed in a future version. Please use 'data_interval_start' or 'logical_date' instead.
  warnings.warn(_create_deprecation_warning(key, self._deprecation_replacements[key]))

[2022-09-21 01:35:54,777] {taskinstance.py:1426} INFO - Exporting the following env vars:
AIRFLOW_CTX_DAG_OWNER=***
AIRFLOW_CTX_DAG_ID=yellow_taxi_data_v2
AIRFLOW_CTX_TASK_ID=local_to_gcs_task
AIRFLOW_CTX_EXECUTION_DATE=2020-08-02T06:00:00+00:00
AIRFLOW_CTX_DAG_RUN_ID=scheduled__2020-08-02T06:00:00+00:00
[2022-09-21 01:35:55,375] {python.py:175} INFO - Done. Returned value was: None
[2022-09-21 01:35:55,389] {taskinstance.py:1277} INFO - Marking task as SUCCESS. dag_id=yellow_taxi_data_v2, task_id=local_to_gcs_task, execution_date=20200802T060000, start_date=20220921T013554, end_date=20220921T013555
[2022-09-21 01:35:55,447] {local_task_job.py:154} INFO - Task exited with return code 0
[2022-09-21 01:35:55,496] {local_task_job.py:264} INFO - 1 downstream tasks scheduled from follow-on schedule check
