[2022-09-21 02:42:59,301] {taskinstance.py:1032} INFO - Dependencies all met for <TaskInstance: gcs_2_bq_dag.bq_create_yellow_tripdata_partitioned_table_task scheduled__2022-09-20T00:00:00+00:00 [queued]>
[2022-09-21 02:42:59,313] {taskinstance.py:1032} INFO - Dependencies all met for <TaskInstance: gcs_2_bq_dag.bq_create_yellow_tripdata_partitioned_table_task scheduled__2022-09-20T00:00:00+00:00 [queued]>
[2022-09-21 02:42:59,313] {taskinstance.py:1238} INFO - 
--------------------------------------------------------------------------------
[2022-09-21 02:42:59,313] {taskinstance.py:1239} INFO - Starting attempt 3 of 4
[2022-09-21 02:42:59,313] {taskinstance.py:1240} INFO - 
--------------------------------------------------------------------------------
[2022-09-21 02:42:59,328] {taskinstance.py:1259} INFO - Executing <Task(BigQueryInsertJobOperator): bq_create_yellow_tripdata_partitioned_table_task> on 2022-09-20 00:00:00+00:00
[2022-09-21 02:42:59,336] {standard_task_runner.py:52} INFO - Started process 31218 to run task
[2022-09-21 02:42:59,340] {standard_task_runner.py:76} INFO - Running: ['***', 'tasks', 'run', 'gcs_2_bq_dag', 'bq_create_yellow_tripdata_partitioned_table_task', 'scheduled__2022-09-20T00:00:00+00:00', '--job-id', '377', '--raw', '--subdir', 'DAGS_FOLDER/gcs_to_bq_dag.py', '--cfg-path', '/tmp/tmpvkbnrsln', '--error-file', '/tmp/tmpbnvalgck']
[2022-09-21 02:42:59,342] {standard_task_runner.py:77} INFO - Job 377: Subtask bq_create_yellow_tripdata_partitioned_table_task
[2022-09-21 02:42:59,417] {logging_mixin.py:109} INFO - Running <TaskInstance: gcs_2_bq_dag.bq_create_yellow_tripdata_partitioned_table_task scheduled__2022-09-20T00:00:00+00:00 [running]> on host 788dccad41b9
[2022-09-21 02:42:59,484] {taskinstance.py:1426} INFO - Exporting the following env vars:
AIRFLOW_CTX_DAG_OWNER=***
AIRFLOW_CTX_DAG_ID=gcs_2_bq_dag
AIRFLOW_CTX_TASK_ID=bq_create_yellow_tripdata_partitioned_table_task
AIRFLOW_CTX_EXECUTION_DATE=2022-09-20T00:00:00+00:00
AIRFLOW_CTX_DAG_RUN_ID=scheduled__2022-09-20T00:00:00+00:00
[2022-09-21 02:42:59,486] {crypto.py:82} WARNING - empty cryptography key - values will not be stored encrypted.
[2022-09-21 02:42:59,487] {warnings.py:110} WARNING - /home/***/.local/lib/python3.7/site-packages/***/utils/context.py:152: AirflowContextDeprecationWarning: Accessing 'execution_date' from the template is deprecated and will be removed in a future version. Please use 'data_interval_start' or 'logical_date' instead.
  warnings.warn(_create_deprecation_warning(key, self._deprecation_replacements[key]))

[2022-09-21 02:42:59,494] {bigquery.py:1637} INFO - Inserting job ***_gcs_2_bq_dag_bq_create_yellow_tripdata_partitioned_table_task_2022_09_20T00_00_00_00_00_d025d40956159f668b909fa74ce38e18
[2022-09-21 02:43:22,017] {taskinstance.py:1277} INFO - Marking task as SUCCESS. dag_id=gcs_2_bq_dag, task_id=bq_create_yellow_tripdata_partitioned_table_task, execution_date=20220920T000000, start_date=20220921T024259, end_date=20220921T024322
[2022-09-21 02:43:22,049] {local_task_job.py:154} INFO - Task exited with return code 0
[2022-09-21 02:43:22,080] {local_task_job.py:264} INFO - 0 downstream tasks scheduled from follow-on schedule check
