[2022-09-17 06:06:24,602] {taskinstance.py:1032} INFO - Dependencies all met for <TaskInstance: yellow_taxi_data_v2.download_dataset_task scheduled__2020-04-02T06:00:00+00:00 [queued]>
[2022-09-17 06:06:24,617] {taskinstance.py:1032} INFO - Dependencies all met for <TaskInstance: yellow_taxi_data_v2.download_dataset_task scheduled__2020-04-02T06:00:00+00:00 [queued]>
[2022-09-17 06:06:24,618] {taskinstance.py:1238} INFO - 
--------------------------------------------------------------------------------
[2022-09-17 06:06:24,618] {taskinstance.py:1239} INFO - Starting attempt 1 of 2
[2022-09-17 06:06:24,618] {taskinstance.py:1240} INFO - 
--------------------------------------------------------------------------------
[2022-09-17 06:06:24,631] {taskinstance.py:1259} INFO - Executing <Task(BashOperator): download_dataset_task> on 2020-04-02 06:00:00+00:00
[2022-09-17 06:06:24,637] {standard_task_runner.py:52} INFO - Started process 5187 to run task
[2022-09-17 06:06:24,642] {standard_task_runner.py:76} INFO - Running: ['***', 'tasks', 'run', 'yellow_taxi_data_v2', 'download_dataset_task', 'scheduled__2020-04-02T06:00:00+00:00', '--job-id', '49', '--raw', '--subdir', 'DAGS_FOLDER/data_ingestion_gcs_dag.py', '--cfg-path', '/tmp/tmpftwn6oga', '--error-file', '/tmp/tmpoiz7tj_i']
[2022-09-17 06:06:24,643] {standard_task_runner.py:77} INFO - Job 49: Subtask download_dataset_task
[2022-09-17 06:06:24,725] {logging_mixin.py:109} INFO - Running <TaskInstance: yellow_taxi_data_v2.download_dataset_task scheduled__2020-04-02T06:00:00+00:00 [running]> on host 10d063af5ba7
[2022-09-17 06:06:24,778] {warnings.py:110} WARNING - /home/***/.local/lib/python3.7/site-packages/***/utils/context.py:152: AirflowContextDeprecationWarning: Accessing 'execution_date' from the template is deprecated and will be removed in a future version. Please use 'data_interval_start' or 'logical_date' instead.
  warnings.warn(_create_deprecation_warning(key, self._deprecation_replacements[key]))

[2022-09-17 06:06:24,802] {taskinstance.py:1426} INFO - Exporting the following env vars:
AIRFLOW_CTX_DAG_OWNER=***
AIRFLOW_CTX_DAG_ID=yellow_taxi_data_v2
AIRFLOW_CTX_TASK_ID=download_dataset_task
AIRFLOW_CTX_EXECUTION_DATE=2020-04-02T06:00:00+00:00
AIRFLOW_CTX_DAG_RUN_ID=scheduled__2020-04-02T06:00:00+00:00
[2022-09-17 06:06:24,803] {subprocess.py:62} INFO - Tmp dir root location: 
 /tmp
[2022-09-17 06:06:24,804] {subprocess.py:74} INFO - Running command: ['bash', '-c', 'curl -sSLf https://d37ci6vzurychx.cloudfront.net/trip-data/yellow_tripdata_2020-04.parquet > /opt/***/yellow_tripdata_2020-04.parquet']
[2022-09-17 06:06:24,819] {subprocess.py:85} INFO - Output:
[2022-09-17 06:06:27,491] {subprocess.py:93} INFO - Command exited with return code 0
[2022-09-17 06:06:27,529] {taskinstance.py:1277} INFO - Marking task as SUCCESS. dag_id=yellow_taxi_data_v2, task_id=download_dataset_task, execution_date=20200402T060000, start_date=20220917T060624, end_date=20220917T060627
[2022-09-17 06:06:27,585] {local_task_job.py:154} INFO - Task exited with return code 0
[2022-09-17 06:06:27,628] {local_task_job.py:264} INFO - 1 downstream tasks scheduled from follow-on schedule check
[2022-09-20 15:34:12,378] {taskinstance.py:1032} INFO - Dependencies all met for <TaskInstance: yellow_taxi_data_v2.download_dataset_task scheduled__2020-04-02T06:00:00+00:00 [queued]>
[2022-09-20 15:34:12,391] {taskinstance.py:1032} INFO - Dependencies all met for <TaskInstance: yellow_taxi_data_v2.download_dataset_task scheduled__2020-04-02T06:00:00+00:00 [queued]>
[2022-09-20 15:34:12,391] {taskinstance.py:1238} INFO - 
--------------------------------------------------------------------------------
[2022-09-20 15:34:12,391] {taskinstance.py:1239} INFO - Starting attempt 1 of 2
[2022-09-20 15:34:12,391] {taskinstance.py:1240} INFO - 
--------------------------------------------------------------------------------
[2022-09-20 15:34:12,405] {taskinstance.py:1259} INFO - Executing <Task(BashOperator): download_dataset_task> on 2020-04-02 06:00:00+00:00
[2022-09-20 15:34:12,412] {standard_task_runner.py:52} INFO - Started process 777 to run task
[2022-09-20 15:34:12,416] {standard_task_runner.py:76} INFO - Running: ['***', 'tasks', 'run', 'yellow_taxi_data_v2', 'download_dataset_task', 'scheduled__2020-04-02T06:00:00+00:00', '--job-id', '129', '--raw', '--subdir', 'DAGS_FOLDER/data_ingestion_gcs_dag.py', '--cfg-path', '/tmp/tmpkjy1c8jv', '--error-file', '/tmp/tmpkxan9h36']
[2022-09-20 15:34:12,418] {standard_task_runner.py:77} INFO - Job 129: Subtask download_dataset_task
[2022-09-20 15:34:12,487] {logging_mixin.py:109} INFO - Running <TaskInstance: yellow_taxi_data_v2.download_dataset_task scheduled__2020-04-02T06:00:00+00:00 [running]> on host 788dccad41b9
[2022-09-20 15:34:12,536] {warnings.py:110} WARNING - /home/***/.local/lib/python3.7/site-packages/***/utils/context.py:152: AirflowContextDeprecationWarning: Accessing 'execution_date' from the template is deprecated and will be removed in a future version. Please use 'data_interval_start' or 'logical_date' instead.
  warnings.warn(_create_deprecation_warning(key, self._deprecation_replacements[key]))

[2022-09-20 15:34:12,559] {taskinstance.py:1426} INFO - Exporting the following env vars:
AIRFLOW_CTX_DAG_OWNER=***
AIRFLOW_CTX_DAG_ID=yellow_taxi_data_v2
AIRFLOW_CTX_TASK_ID=download_dataset_task
AIRFLOW_CTX_EXECUTION_DATE=2020-04-02T06:00:00+00:00
AIRFLOW_CTX_DAG_RUN_ID=scheduled__2020-04-02T06:00:00+00:00
[2022-09-20 15:34:12,560] {subprocess.py:62} INFO - Tmp dir root location: 
 /tmp
[2022-09-20 15:34:12,561] {subprocess.py:74} INFO - Running command: ['bash', '-c', 'curl -sSLf https://d37ci6vzurychx.cloudfront.net/trip-data/yellow_tripdata_2020-04.parquet > /opt/***/yellow_tripdata_2020-04.parquet']
[2022-09-20 15:34:12,575] {subprocess.py:85} INFO - Output:
[2022-09-20 15:34:14,878] {subprocess.py:93} INFO - Command exited with return code 0
[2022-09-20 15:34:14,920] {taskinstance.py:1277} INFO - Marking task as SUCCESS. dag_id=yellow_taxi_data_v2, task_id=download_dataset_task, execution_date=20200402T060000, start_date=20220920T153412, end_date=20220920T153414
[2022-09-20 15:34:14,960] {local_task_job.py:154} INFO - Task exited with return code 0
[2022-09-20 15:34:15,022] {local_task_job.py:264} INFO - 1 downstream tasks scheduled from follow-on schedule check
[2022-09-21 01:35:23,984] {taskinstance.py:1032} INFO - Dependencies all met for <TaskInstance: yellow_taxi_data_v2.download_dataset_task scheduled__2020-04-02T06:00:00+00:00 [queued]>
[2022-09-21 01:35:23,996] {taskinstance.py:1032} INFO - Dependencies all met for <TaskInstance: yellow_taxi_data_v2.download_dataset_task scheduled__2020-04-02T06:00:00+00:00 [queued]>
[2022-09-21 01:35:23,996] {taskinstance.py:1238} INFO - 
--------------------------------------------------------------------------------
[2022-09-21 01:35:23,996] {taskinstance.py:1239} INFO - Starting attempt 1 of 2
[2022-09-21 01:35:23,996] {taskinstance.py:1240} INFO - 
--------------------------------------------------------------------------------
[2022-09-21 01:35:24,009] {taskinstance.py:1259} INFO - Executing <Task(BashOperator): download_dataset_task> on 2020-04-02 06:00:00+00:00
[2022-09-21 01:35:24,016] {standard_task_runner.py:52} INFO - Started process 27941 to run task
[2022-09-21 01:35:24,022] {standard_task_runner.py:76} INFO - Running: ['***', 'tasks', 'run', 'yellow_taxi_data_v2', 'download_dataset_task', 'scheduled__2020-04-02T06:00:00+00:00', '--job-id', '303', '--raw', '--subdir', 'DAGS_FOLDER/data_ingestion_gcs_dag.py', '--cfg-path', '/tmp/tmp4y05a4h1', '--error-file', '/tmp/tmp02ae_cj0']
[2022-09-21 01:35:24,023] {standard_task_runner.py:77} INFO - Job 303: Subtask download_dataset_task
[2022-09-21 01:35:24,089] {logging_mixin.py:109} INFO - Running <TaskInstance: yellow_taxi_data_v2.download_dataset_task scheduled__2020-04-02T06:00:00+00:00 [running]> on host 788dccad41b9
[2022-09-21 01:35:24,133] {warnings.py:110} WARNING - /home/***/.local/lib/python3.7/site-packages/***/utils/context.py:152: AirflowContextDeprecationWarning: Accessing 'execution_date' from the template is deprecated and will be removed in a future version. Please use 'data_interval_start' or 'logical_date' instead.
  warnings.warn(_create_deprecation_warning(key, self._deprecation_replacements[key]))

[2022-09-21 01:35:24,160] {taskinstance.py:1426} INFO - Exporting the following env vars:
AIRFLOW_CTX_DAG_OWNER=***
AIRFLOW_CTX_DAG_ID=yellow_taxi_data_v2
AIRFLOW_CTX_TASK_ID=download_dataset_task
AIRFLOW_CTX_EXECUTION_DATE=2020-04-02T06:00:00+00:00
AIRFLOW_CTX_DAG_RUN_ID=scheduled__2020-04-02T06:00:00+00:00
[2022-09-21 01:35:24,162] {subprocess.py:62} INFO - Tmp dir root location: 
 /tmp
[2022-09-21 01:35:24,163] {subprocess.py:74} INFO - Running command: ['bash', '-c', 'curl -sSLf https://d37ci6vzurychx.cloudfront.net/trip-data/yellow_tripdata_2020-04.parquet > /opt/***/yellow_tripdata_2020-04.parquet']
[2022-09-21 01:35:24,208] {subprocess.py:85} INFO - Output:
[2022-09-21 01:35:26,120] {subprocess.py:93} INFO - Command exited with return code 0
[2022-09-21 01:35:26,150] {taskinstance.py:1277} INFO - Marking task as SUCCESS. dag_id=yellow_taxi_data_v2, task_id=download_dataset_task, execution_date=20200402T060000, start_date=20220921T013523, end_date=20220921T013526
[2022-09-21 01:35:26,202] {local_task_job.py:154} INFO - Task exited with return code 0
[2022-09-21 01:35:26,253] {local_task_job.py:264} INFO - 1 downstream tasks scheduled from follow-on schedule check
